#
# There is insufficient memory for the Java Runtime Environment to continue.
# Native memory allocation (mmap) failed to map 119537664 bytes for Failed to commit area from 0x0000000091b00000 to 0x0000000098d00000 of length 119537664.
# Possible reasons:
#   The system is out of physical RAM or swap space
#   The process is running with CompressedOops enabled, and the Java Heap may be blocking the growth of the native heap
# Possible solutions:
#   Reduce memory load on the system
#   Increase physical memory or swap space
#   Check if swap backing store is full
#   Decrease Java heap size (-Xmx/-Xms)
#   Decrease number of Java threads
#   Decrease Java thread stack sizes (-Xss)
#   Set larger code cache with -XX:ReservedCodeCacheSize=
#   JVM is running with Unscaled Compressed Oops mode in which the Java heap is
#     placed in the first 4GB address space. The Java Heap base address is the
#     maximum limit for the native heap growth. Please use -XX:HeapBaseMinAddress
#     to set the Java Heap base and to place the Java Heap above 4GB virtual address.
# This output file may be truncated or incomplete.
#
#  Out of Memory Error (./src/hotspot/os/windows/os_windows.cpp:3303), pid=8696, tid=17824
#
# JRE version: OpenJDK Runtime Environment (11.0.8+10) (build 11.0.8+10-b944.6842174)
# Java VM: OpenJDK 64-Bit Server VM (11.0.8+10-b944.6842174, mixed mode, tiered, compressed oops, g1 gc, windows-amd64)
# No core dump will be written. Minidumps are not enabled by default on client versions of Windows
#

---------------  S U M M A R Y ------------

Command Line: --add-opens=java.base/java.util=ALL-UNNAMED --add-opens=java.base/java.lang=ALL-UNNAMED --add-opens=java.base/java.lang.invoke=ALL-UNNAMED --add-opens=java.prefs/java.util.prefs=ALL-UNNAMED -Xmx2048m -Dfile.encoding=windows-1252 -Duser.country=US -Duser.language=en -Duser.variant org.gradle.launcher.daemon.bootstrap.GradleDaemon 6.1.1

Host: Intel(R) Core(TM) i5-8250U CPU @ 1.60GHz, 8 cores, 7G,  Windows 10 , 64 bit Build 19041 (10.0.19041.1023)
Time: Thu Jul  8 03:48:07 2021 Egypt Standard Time elapsed time: 466 seconds (0d 0h 7m 46s)

---------------  T H R E A D  ---------------

Current thread (0x0000027a45d8b800):  VMThread "VM Thread" [stack: 0x000000f058100000,0x000000f058200000] [id=17824]

Stack: [0x000000f058100000,0x000000f058200000]
[error occurred during error reporting (printing stack bounds), id 0xc0000005, EXCEPTION_ACCESS_VIOLATION (0xc0000005) at pc=0x0000027a2ec60dad]

Native frames: (J=compiled Java code, j=interpreted, Vv=VM code, C=native code)
V  [jvm.dll+0x5de50a]
V  [jvm.dll+0x7122f5]
V  [jvm.dll+0x71384d]
V  [jvm.dll+0x713e65]
V  [jvm.dll+0x713e1b]
V  [jvm.dll+0x5dd958]
V  [jvm.dll+0x5de0f8]
C  [ntdll.dll+0xa217f]
C  [ntdll.dll+0x51454]
C  [ntdll.dll+0xa0cae]
C  0x0000027a2ec60dad

VM_Operation (0x000000f05b2f8f00): G1CollectForAllocation, mode: safepoint, requested by thread 0x0000027a501f8800


---------------  P R O C E S S  ---------------

Threads class SMR info:
_java_thread_list=0x0000027a48d802b0, length=57, elements={
0x0000027a2b2da800, 0x0000027a45d8e000, 0x0000027a45d92800, 0x0000027a45dbb800,
0x0000027a45dbd000, 0x0000027a45dbf000, 0x0000027a45dc3800, 0x0000027a45dc4800,
0x0000027a4686a000, 0x0000027a4687f000, 0x0000027a48825000, 0x0000027a46acc800,
0x0000027a47940800, 0x0000027a4860f800, 0x0000027a48610800, 0x0000027a4860f000,
0x0000027a48611000, 0x0000027a49431800, 0x0000027a4942d000, 0x0000027a4942b800,
0x0000027a49432000, 0x0000027a4942c800, 0x0000027a49433000, 0x0000027a4942e000,
0x0000027a49438800, 0x0000027a49437000, 0x0000027a4943a800, 0x0000027a49434800,
0x0000027a49435800, 0x0000027a501ef800, 0x0000027a501f1000, 0x0000027a501f2000,
0x0000027a501f3800, 0x0000027a501f2800, 0x0000027a501ee000, 0x0000027a501ee800,
0x0000027a501f5000, 0x0000027a501f6000, 0x0000027a501f0800, 0x0000027a501fa000,
0x0000027a501f7800, 0x0000027a501f8800, 0x0000027a501f9800, 0x0000027a501fb000,
0x0000027a501fc800, 0x0000027a501fb800, 0x0000027a501f7000, 0x0000027a4860b800,
0x0000027a4860c800, 0x0000027a4860e000, 0x0000027a5aa8f000, 0x0000027a5aa94000,
0x0000027a5aa91800, 0x0000027a5aa90800, 0x0000027a5aa93000, 0x0000027a5aa90000,
0x0000027a5aa92800
}

Java Threads: ( => current thread )
  0x0000027a2b2da800 JavaThread "main" [_thread_blocked, id=18352, stack(0x000000f057b00000,0x000000f057c00000)]
  0x0000027a45d8e000 JavaThread "Reference Handler" daemon [_thread_blocked, id=896, stack(0x000000f058200000,0x000000f058300000)]
  0x0000027a45d92800 JavaThread "Finalizer" daemon [_thread_blocked, id=11388, stack(0x000000f058300000,0x000000f058400000)]
  0x0000027a45dbb800 JavaThread "Signal Dispatcher" daemon [_thread_blocked, id=17596, stack(0x000000f058400000,0x000000f058500000)]
  0x0000027a45dbd000 JavaThread "Attach Listener" daemon [_thread_blocked, id=16448, stack(0x000000f058500000,0x000000f058600000)]
  0x0000027a45dbf000 JavaThread "C2 CompilerThread0" daemon [_thread_in_native, id=19296, stack(0x000000f058600000,0x000000f058700000)]
  0x0000027a45dc3800 JavaThread "C1 CompilerThread0" daemon [_thread_blocked, id=9656, stack(0x000000f058700000,0x000000f058800000)]
  0x0000027a45dc4800 JavaThread "Sweeper thread" daemon [_thread_blocked, id=8684, stack(0x000000f058800000,0x000000f058900000)]
  0x0000027a4686a000 JavaThread "Common-Cleaner" daemon [_thread_blocked, id=12244, stack(0x000000f058900000,0x000000f058a00000)]
  0x0000027a4687f000 JavaThread "Service Thread" daemon [_thread_blocked, id=1164, stack(0x000000f058a00000,0x000000f058b00000)]
  0x0000027a48825000 JavaThread "Daemon health stats" [_thread_blocked, id=17464, stack(0x000000f058f00000,0x000000f059000000)]
  0x0000027a46acc800 JavaThread "Incoming local TCP Connector on port 49313" [_thread_in_native, id=10596, stack(0x000000f058c00000,0x000000f058d00000)]
  0x0000027a47940800 JavaThread "Daemon periodic checks" [_thread_blocked, id=5800, stack(0x000000f059000000,0x000000f059100000)]
  0x0000027a4860f800 JavaThread "Cache worker for journal cache (C:\Users\Tayba\.gradle\caches\journal-1)" [_thread_blocked, id=18884, stack(0x000000f059900000,0x000000f059a00000)]
  0x0000027a48610800 JavaThread "File lock request listener" [_thread_in_native, id=11912, stack(0x000000f059a00000,0x000000f059b00000)]
  0x0000027a4860f000 JavaThread "Cache worker for file hash cache (C:\Users\Tayba\.gradle\caches\6.1.1\fileHashes)" [_thread_blocked, id=15072, stack(0x000000f05a000000,0x000000f05a100000)]
  0x0000027a48611000 JavaThread "Cache worker for execution history cache (C:\Users\Tayba\.gradle\caches\6.1.1\executionHistory)" [_thread_blocked, id=14480, stack(0x000000f05a500000,0x000000f05a600000)]
  0x0000027a49431800 JavaThread "Daemon Thread 4" [_thread_blocked, id=16596, stack(0x000000f057800000,0x000000f057900000)]
  0x0000027a4942d000 JavaThread "Handler for socket connection from /127.0.0.1:49313 to /127.0.0.1:64193" [_thread_in_native, id=10212, stack(0x000000f057900000,0x000000f057a00000)]
  0x0000027a4942b800 JavaThread "Cancel handler" [_thread_blocked, id=16632, stack(0x000000f057a00000,0x000000f057b00000)]
  0x0000027a49432000 JavaThread "Daemon worker Thread 4" [_thread_blocked, id=16920, stack(0x000000f059100000,0x000000f059200000)]
  0x0000027a4942c800 JavaThread "Asynchronous log dispatcher for DefaultDaemonConnection: socket connection from /127.0.0.1:49313 to /127.0.0.1:64193" [_thread_blocked, id=10476, stack(0x000000f059200000,0x000000f059300000)]
  0x0000027a49433000 JavaThread "Stdin handler" [_thread_blocked, id=8604, stack(0x000000f059300000,0x000000f059400000)]
  0x0000027a4942e000 JavaThread "Thread-88" [_thread_blocked, id=15332, stack(0x000000f059400000,0x000000f059500000)]
  0x0000027a49438800 JavaThread "Cache worker for checksums cache (C:\Users\Tayba\AndroidStudioProjects\newfitnessApp\.gradle\checksums)" [_thread_blocked, id=888, stack(0x000000f059500000,0x000000f059600000)]
  0x0000027a49437000 JavaThread "Cache worker for file hash cache (C:\Users\Tayba\AndroidStudioProjects\newfitnessApp\.gradle\6.1.1\fileHashes)" [_thread_blocked, id=14612, stack(0x000000f059600000,0x000000f059700000)]
  0x0000027a4943a800 JavaThread "Cache worker for cache directory md-supplier (C:\Users\Tayba\.gradle\caches\6.1.1\md-supplier)" [_thread_blocked, id=15772, stack(0x000000f059700000,0x000000f059800000)]
  0x0000027a49434800 JavaThread "Cache worker for cache directory md-rule (C:\Users\Tayba\.gradle\caches\6.1.1\md-rule)" [_thread_blocked, id=15744, stack(0x000000f059800000,0x000000f059900000)]
  0x0000027a49435800 JavaThread "Build operations" [_thread_blocked, id=4116, stack(0x000000f05a200000,0x000000f05a300000)]
  0x0000027a501ef800 JavaThread "Build operations Thread 2" [_thread_blocked, id=3844, stack(0x000000f05a300000,0x000000f05a400000)]
  0x0000027a501f1000 JavaThread "Build operations Thread 3" [_thread_blocked, id=7212, stack(0x000000f05a400000,0x000000f05a500000)]
  0x0000027a501f2000 JavaThread "Build operations Thread 4" [_thread_blocked, id=15664, stack(0x000000f05a600000,0x000000f05a700000)]
  0x0000027a501f3800 JavaThread "Build operations Thread 5" [_thread_blocked, id=7996, stack(0x000000f05a700000,0x000000f05a800000)]
  0x0000027a501f2800 JavaThread "Build operations Thread 6" [_thread_blocked, id=16572, stack(0x000000f05a800000,0x000000f05a900000)]
  0x0000027a501ee000 JavaThread "Build operations Thread 7" [_thread_blocked, id=14144, stack(0x000000f05a900000,0x000000f05aa00000)]
  0x0000027a501ee800 JavaThread "Build operations Thread 8" [_thread_blocked, id=14668, stack(0x000000f05aa00000,0x000000f05ab00000)]
  0x0000027a501f5000 JavaThread "Cache worker for Build Output Cleanup Cache (C:\Users\Tayba\AndroidStudioProjects\newfitnessApp\.gradle\buildOutputCleanup)" [_thread_blocked, id=12148, stack(0x000000f05ac00000,0x000000f05ad00000)]
  0x0000027a501f6000 JavaThread "Memory manager" [_thread_blocked, id=18912, stack(0x000000f05ad00000,0x000000f05ae00000)]
  0x0000027a501f0800 JavaThread "Cache worker for file content cache (C:\Users\Tayba\.gradle\caches\6.1.1\fileContent)" [_thread_blocked, id=15268, stack(0x000000f05ae00000,0x000000f05af00000)]
  0x0000027a501fa000 JavaThread "Cache worker for file content cache (C:\Users\Tayba\AndroidStudioProjects\newfitnessApp\.gradle\6.1.1\fileContent)" [_thread_blocked, id=7340, stack(0x000000f05af00000,0x000000f05b000000)]
  0x0000027a501f7800 JavaThread "Execution worker for ':'" [_thread_blocked, id=6920, stack(0x000000f05b100000,0x000000f05b200000)]
  0x0000027a501f8800 JavaThread "Execution worker for ':' Thread 2" [_thread_blocked, id=7740, stack(0x000000f05b200000,0x000000f05b300000)]
  0x0000027a501f9800 JavaThread "Execution worker for ':' Thread 3" [_thread_blocked, id=8240, stack(0x000000f05b300000,0x000000f05b400000)]
  0x0000027a501fb000 JavaThread "Execution worker for ':' Thread 4" [_thread_blocked, id=15884, stack(0x000000f05b400000,0x000000f05b500000)]
  0x0000027a501fc800 JavaThread "Execution worker for ':' Thread 5" [_thread_blocked, id=4840, stack(0x000000f05b500000,0x000000f05b600000)]
  0x0000027a501fb800 JavaThread "Execution worker for ':' Thread 6" [_thread_blocked, id=15796, stack(0x000000f05b600000,0x000000f05b700000)]
  0x0000027a501f7000 JavaThread "Execution worker for ':' Thread 7" [_thread_blocked, id=14368, stack(0x000000f05b700000,0x000000f05b800000)]
  0x0000027a4860b800 JavaThread "Cache worker for execution history cache (C:\Users\Tayba\AndroidStudioProjects\newfitnessApp\.gradle\6.1.1\executionHistory)" [_thread_blocked, id=12948, stack(0x000000f05b800000,0x000000f05b900000)]
  0x0000027a4860c800 JavaThread "pool-8-thread-1" [_thread_blocked, id=12864, stack(0x000000f05ab00000,0x000000f05ac00000)]
  0x0000027a4860e000 JavaThread "stderr" [_thread_in_native, id=14896, stack(0x000000f05bb00000,0x000000f05bc00000)]
  0x0000027a5aa8f000 JavaThread "stdout" [_thread_in_native, id=16412, stack(0x000000f05bc00000,0x000000f05bd00000)]
  0x0000027a5aa94000 JavaThread "stderr" [_thread_in_native, id=16580, stack(0x000000f05bd00000,0x000000f05be00000)]
  0x0000027a5aa91800 JavaThread "stdout" [_thread_in_native, id=17060, stack(0x000000f05be00000,0x000000f05bf00000)]
  0x0000027a5aa90800 JavaThread "stderr" [_thread_blocked, id=14424, stack(0x000000f05bf00000,0x000000f05c000000)]
  0x0000027a5aa93000 JavaThread "stdout" [_thread_in_native, id=10900, stack(0x000000f05c000000,0x000000f05c100000)]
  0x0000027a5aa90000 JavaThread "C2 CompilerThread1" daemon [_thread_blocked, id=18888, stack(0x000000f05b000000,0x000000f05b100000)]
  0x0000027a5aa92800 JavaThread "C2 CompilerThread2" daemon [_thread_in_native, id=15016, stack(0x000000f05ba00000,0x000000f05bb00000)]

Other Threads:
=>0x0000027a45d8b800 VMThread "VM Thread" [stack: 0x000000f058100000,0x000000f058200000] [id=17824]
  0x0000027a4686b000 WatcherThread [stack: 0x000000f058b00000,0x000000f058c00000] [id=9148]
  0x0000027a2b2f1800 GCTaskThread "GC Thread#0" [stack: 0x000000f057c00000,0x000000f057d00000] [id=9928]
  0x0000027a47307000 GCTaskThread "GC Thread#1" [stack: 0x000000f058d00000,0x000000f058e00000] [id=15552]
  0x0000027a471a8800 GCTaskThread "GC Thread#2" [stack: 0x000000f058e00000,0x000000f058f00000] [id=5764]
  0x0000027a47c98800 GCTaskThread "GC Thread#3" [stack: 0x000000f059b00000,0x000000f059c00000] [id=960]
  0x0000027a4818e800 GCTaskThread "GC Thread#4" [stack: 0x000000f059c00000,0x000000f059d00000] [id=14824]
  0x0000027a4787b000 GCTaskThread "GC Thread#5" [stack: 0x000000f059d00000,0x000000f059e00000] [id=15928]
  0x0000027a47a61800 GCTaskThread "GC Thread#6" [stack: 0x000000f059e00000,0x000000f059f00000] [id=2544]
  0x0000027a4785c000 GCTaskThread "GC Thread#7" [stack: 0x000000f059f00000,0x000000f05a000000] [id=16308]
  0x0000027a2b323800 ConcurrentGCThread "G1 Main Marker" [stack: 0x000000f057d00000,0x000000f057e00000] [id=11636]
  0x0000027a2b326000 ConcurrentGCThread "G1 Conc#0" [stack: 0x000000f057e00000,0x000000f057f00000] [id=4136]
  0x0000027a46c98000 ConcurrentGCThread "G1 Conc#1" [stack: 0x000000f05a100000,0x000000f05a200000] [id=13604]
  0x0000027a45be0800 ConcurrentGCThread "G1 Refine#0" [stack: 0x000000f057f00000,0x000000f058000000] [id=13828]
  0x0000027a45be1800 ConcurrentGCThread "G1 Young RemSet Sampling" [stack: 0x000000f058000000,0x000000f058100000] [id=15564]

Threads with active compile tasks:
C2 CompilerThread0 466580 17970 %     4       com.android.tools.r8.ir.regalloc.a::a @ 974 (3993 bytes)
C1 CompilerThread0 466581 19017       2       com.android.tools.r8.code.a0::a (44 bytes)
C2 CompilerThread1 466581 18781       4       com.android.tools.r8.ir.conversion.o::a (366 bytes)
C2 CompilerThread2 466581 18401       4       com.android.tools.r8.ir.conversion.o::a (270 bytes)

VM state:at safepoint (normal execution)

VM Mutex/Monitor currently owned by a thread:  ([mutex/lock_event])
[0x0000027a2b2d75f0] Threads_lock - owner thread: 0x0000027a45d8b800
[0x0000027a2b2d7950] Heap_lock - owner thread: 0x0000027a501f8800

Heap address: 0x0000000080000000, size: 2048 MB, Compressed Oops mode: 32-bit
Narrow klass base: 0x0000000000000000, Narrow klass shift: 3
Compressed class space size: 1073741824 Address: 0x0000000100000000

Heap:
 garbage-first heap   total 406528K, used 137816K [0x0000000080000000, 0x0000000100000000)
  region size 1024K, 9 young (9216K), 9 survivors (9216K)
 Metaspace       used 128765K, capacity 132760K, committed 133032K, reserved 1165312K
  class space    used 15814K, capacity 17086K, committed 17152K, reserved 1048576K
Heap Regions: E=young(eden), S=young(survivor), O=old, HS=humongous(starts), HC=humongous(continues), CS=collection set, F=free, A=archive, TAMS=top-at-mark-start (previous, next)
|   0|0x0000000080000000, 0x0000000080100000, 0x0000000080100000|100%| O|  |TAMS 0x0000000080100000, 0x0000000080000000| Untracked 
|   1|0x0000000080100000, 0x0000000080200000, 0x0000000080200000|100%| O|  |TAMS 0x0000000080200000, 0x0000000080100000| Untracked 
|   2|0x0000000080200000, 0x0000000080300000, 0x0000000080300000|100%| O|  |TAMS 0x0000000080300000, 0x0000000080200000| Untracked 
|   3|0x0000000080300000, 0x0000000080400000, 0x0000000080400000|100%|HS|  |TAMS 0x0000000080400000, 0x0000000080300000| Complete 
|   4|0x0000000080400000, 0x0000000080500000, 0x0000000080500000|100%|HC|  |TAMS 0x0000000080500000, 0x0000000080400000| Complete 
|   5|0x0000000080500000, 0x0000000080600000, 0x0000000080600000|100%|HC|  |TAMS 0x0000000080600000, 0x0000000080500000| Complete 
|   6|0x0000000080600000, 0x0000000080700000, 0x0000000080700000|100%| O|  |TAMS 0x0000000080700000, 0x0000000080600000| Untracked 
|   7|0x0000000080700000, 0x0000000080800000, 0x0000000080800000|100%| O|  |TAMS 0x0000000080800000, 0x0000000080700000| Untracked 
|   8|0x0000000080800000, 0x0000000080900000, 0x0000000080900000|100%| O|  |TAMS 0x0000000080900000, 0x0000000080800000| Untracked 
|   9|0x0000000080900000, 0x0000000080a00000, 0x0000000080a00000|100%| O|  |TAMS 0x0000000080a00000, 0x0000000080900000| Untracked 
|  10|0x0000000080a00000, 0x0000000080b00000, 0x0000000080b00000|100%| O|  |TAMS 0x0000000080b00000, 0x0000000080a00000| Untracked 
|  11|0x0000000080b00000, 0x0000000080c00000, 0x0000000080c00000|100%| O|  |TAMS 0x0000000080c00000, 0x0000000080b00000| Untracked 
|  12|0x0000000080c00000, 0x0000000080d00000, 0x0000000080d00000|100%| O|  |TAMS 0x0000000080d00000, 0x0000000080c00000| Untracked 
|  13|0x0000000080d00000, 0x0000000080e00000, 0x0000000080e00000|100%| O|  |TAMS 0x0000000080e00000, 0x0000000080d00000| Untracked 
|  14|0x0000000080e00000, 0x0000000080f00000, 0x0000000080f00000|100%| O|  |TAMS 0x0000000080f00000, 0x0000000080e00000| Untracked 
|  15|0x0000000080f00000, 0x0000000081000000, 0x0000000081000000|100%| O|  |TAMS 0x0000000081000000, 0x0000000080f00000| Untracked 
|  16|0x0000000081000000, 0x0000000081100000, 0x0000000081100000|100%|HS|  |TAMS 0x0000000081100000, 0x0000000081000000| Complete 
|  17|0x0000000081100000, 0x0000000081200000, 0x0000000081200000|100%|HC|  |TAMS 0x0000000081200000, 0x0000000081100000| Complete 
|  18|0x0000000081200000, 0x0000000081300000, 0x0000000081300000|100%|HS|  |TAMS 0x0000000081300000, 0x0000000081200000| Complete 
|  19|0x0000000081300000, 0x0000000081400000, 0x0000000081400000|100%|HC|  |TAMS 0x0000000081400000, 0x0000000081300000| Complete 
|  20|0x0000000081400000, 0x0000000081500000, 0x0000000081500000|100%|HC|  |TAMS 0x0000000081500000, 0x0000000081400000| Complete 
|  21|0x0000000081500000, 0x0000000081600000, 0x0000000081600000|100%|HS|  |TAMS 0x0000000081600000, 0x0000000081500000| Complete 
|  22|0x0000000081600000, 0x0000000081700000, 0x0000000081700000|100%|HC|  |TAMS 0x0000000081700000, 0x0000000081600000| Complete 
|  23|0x0000000081700000, 0x0000000081800000, 0x0000000081800000|100%|HC|  |TAMS 0x0000000081800000, 0x0000000081700000| Complete 
|  24|0x0000000081800000, 0x0000000081900000, 0x0000000081900000|100%|HC|  |TAMS 0x0000000081900000, 0x0000000081800000| Complete 
|  25|0x0000000081900000, 0x0000000081a00000, 0x0000000081a00000|100%| O|  |TAMS 0x0000000081a00000, 0x0000000081900000| Untracked 
|  26|0x0000000081a00000, 0x0000000081b00000, 0x0000000081b00000|100%| O|  |TAMS 0x0000000081b00000, 0x0000000081a00000| Untracked 
|  27|0x0000000081b00000, 0x0000000081c00000, 0x0000000081c00000|100%| O|  |TAMS 0x0000000081c00000, 0x0000000081b00000| Untracked 
|  28|0x0000000081c00000, 0x0000000081d00000, 0x0000000081d00000|100%| O|  |TAMS 0x0000000081d00000, 0x0000000081c00000| Untracked 
|  29|0x0000000081d00000, 0x0000000081e00000, 0x0000000081e00000|100%| O|  |TAMS 0x0000000081e00000, 0x0000000081d00000| Untracked 
|  30|0x0000000081e00000, 0x0000000081f00000, 0x0000000081f00000|100%| O|  |TAMS 0x0000000081f00000, 0x0000000081e00000| Untracked 
|  31|0x0000000081f00000, 0x0000000082000000, 0x0000000082000000|100%| O|  |TAMS 0x0000000082000000, 0x0000000081f00000| Untracked 
|  32|0x0000000082000000, 0x0000000082100000, 0x0000000082100000|100%| O|  |TAMS 0x0000000082100000, 0x0000000082000000| Untracked 
|  33|0x0000000082100000, 0x0000000082200000, 0x0000000082200000|100%| O|  |TAMS 0x0000000082200000, 0x0000000082100000| Untracked 
|  34|0x0000000082200000, 0x0000000082300000, 0x0000000082300000|100%| O|  |TAMS 0x0000000082300000, 0x0000000082200000| Untracked 
|  35|0x0000000082300000, 0x0000000082400000, 0x0000000082400000|100%| O|  |TAMS 0x0000000082400000, 0x0000000082300000| Untracked 
|  36|0x0000000082400000, 0x0000000082500000, 0x0000000082500000|100%| O|  |TAMS 0x0000000082500000, 0x0000000082400000| Untracked 
|  37|0x0000000082500000, 0x0000000082600000, 0x0000000082600000|100%| O|  |TAMS 0x0000000082600000, 0x0000000082500000| Untracked 
|  38|0x0000000082600000, 0x0000000082700000, 0x0000000082700000|100%| O|  |TAMS 0x0000000082700000, 0x0000000082600000| Untracked 
|  39|0x0000000082700000, 0x0000000082800000, 0x0000000082800000|100%| O|  |TAMS 0x0000000082800000, 0x0000000082700000| Untracked 
|  40|0x0000000082800000, 0x0000000082900000, 0x0000000082900000|100%| O|  |TAMS 0x0000000082900000, 0x0000000082800000| Untracked 
|  41|0x0000000082900000, 0x0000000082a00000, 0x0000000082a00000|100%| O|  |TAMS 0x0000000082a00000, 0x0000000082900000| Untracked 
|  42|0x0000000082a00000, 0x0000000082b00000, 0x0000000082b00000|100%| O|  |TAMS 0x0000000082b00000, 0x0000000082a00000| Untracked 
|  43|0x0000000082b00000, 0x0000000082c00000, 0x0000000082c00000|100%| O|  |TAMS 0x0000000082c00000, 0x0000000082b00000| Untracked 
|  44|0x0000000082c00000, 0x0000000082d00000, 0x0000000082d00000|100%| O|  |TAMS 0x0000000082d00000, 0x0000000082c00000| Untracked 
|  45|0x0000000082d00000, 0x0000000082e00000, 0x0000000082e00000|100%| O|  |TAMS 0x0000000082e00000, 0x0000000082d00000| Untracked 
|  46|0x0000000082e00000, 0x0000000082f00000, 0x0000000082f00000|100%| O|  |TAMS 0x0000000082f00000, 0x0000000082e00000| Untracked 
|  47|0x0000000082f00000, 0x0000000083000000, 0x0000000083000000|100%| O|  |TAMS 0x0000000083000000, 0x0000000082f00000| Untracked 
|  48|0x0000000083000000, 0x0000000083100000, 0x0000000083100000|100%| O|  |TAMS 0x0000000083100000, 0x0000000083000000| Untracked 
|  49|0x0000000083100000, 0x0000000083200000, 0x0000000083200000|100%| O|  |TAMS 0x0000000083100000, 0x0000000083100000| Untracked 
|  50|0x0000000083200000, 0x0000000083300000, 0x0000000083300000|100%| O|  |TAMS 0x0000000083200000, 0x0000000083200000| Untracked 
|  51|0x0000000083300000, 0x0000000083400000, 0x0000000083400000|100%| O|  |TAMS 0x0000000083400000, 0x0000000083300000| Untracked 
|  52|0x0000000083400000, 0x0000000083500000, 0x0000000083500000|100%| O|  |TAMS 0x0000000083400000, 0x0000000083400000| Untracked 
|  53|0x0000000083500000, 0x0000000083600000, 0x0000000083600000|100%| O|  |TAMS 0x0000000083500000, 0x0000000083500000| Untracked 
|  54|0x0000000083600000, 0x0000000083700000, 0x0000000083700000|100%| O|  |TAMS 0x0000000083700000, 0x0000000083600000| Untracked 
|  55|0x0000000083700000, 0x0000000083800000, 0x0000000083800000|100%| O|  |TAMS 0x0000000083800000, 0x0000000083700000| Untracked 
|  56|0x0000000083800000, 0x0000000083900000, 0x0000000083900000|100%| O|  |TAMS 0x0000000083900000, 0x0000000083800000| Untracked 
|  57|0x0000000083900000, 0x0000000083a00000, 0x0000000083a00000|100%| O|  |TAMS 0x0000000083a00000, 0x0000000083900000| Untracked 
|  58|0x0000000083a00000, 0x0000000083b00000, 0x0000000083b00000|100%| O|  |TAMS 0x0000000083b00000, 0x0000000083a00000| Untracked 
|  59|0x0000000083b00000, 0x0000000083c00000, 0x0000000083c00000|100%| O|  |TAMS 0x0000000083c00000, 0x0000000083b00000| Untracked 
|  60|0x0000000083c00000, 0x0000000083d00000, 0x0000000083d00000|100%| O|  |TAMS 0x0000000083d00000, 0x0000000083c00000| Untracked 
|  61|0x0000000083d00000, 0x0000000083e00000, 0x0000000083e00000|100%| O|  |TAMS 0x0000000083e00000, 0x0000000083d00000| Untracked 
|  62|0x0000000083e00000, 0x0000000083f00000, 0x0000000083f00000|100%| O|  |TAMS 0x0000000083f00000, 0x0000000083e00000| Untracked 
|  63|0x0000000083f00000, 0x0000000084000000, 0x0000000084000000|100%| O|  |TAMS 0x0000000084000000, 0x0000000083f00000| Untracked 
|  64|0x0000000084000000, 0x0000000084100000, 0x0000000084100000|100%| O|  |TAMS 0x0000000084100000, 0x0000000084000000| Untracked 
|  65|0x0000000084100000, 0x0000000084200000, 0x0000000084200000|100%| O|  |TAMS 0x0000000084200000, 0x0000000084100000| Untracked 
|  66|0x0000000084200000, 0x0000000084300000, 0x0000000084300000|100%| O|  |TAMS 0x0000000084300000, 0x0000000084200000| Untracked 
|  67|0x0000000084300000, 0x0000000084400000, 0x0000000084400000|100%|HS|  |TAMS 0x0000000084400000, 0x0000000084300000| Complete 
|  68|0x0000000084400000, 0x0000000084500000, 0x0000000084500000|100%|HC|  |TAMS 0x0000000084500000, 0x0000000084400000| Complete 
|  69|0x0000000084500000, 0x0000000084600000, 0x0000000084600000|100%|HC|  |TAMS 0x0000000084600000, 0x0000000084500000| Complete 
|  70|0x0000000084600000, 0x0000000084700000, 0x0000000084700000|100%|HS|  |TAMS 0x0000000084700000, 0x0000000084600000| Complete 
|  71|0x0000000084700000, 0x0000000084800000, 0x0000000084800000|100%|HC|  |TAMS 0x0000000084800000, 0x0000000084700000| Complete 
|  72|0x0000000084800000, 0x0000000084900000, 0x0000000084900000|100%| O|  |TAMS 0x0000000084900000, 0x0000000084800000| Untracked 
|  73|0x0000000084900000, 0x0000000084a00000, 0x0000000084a00000|100%| O|  |TAMS 0x0000000084900000, 0x0000000084900000| Untracked 
|  74|0x0000000084a00000, 0x0000000084b00000, 0x0000000084b00000|100%| O|  |TAMS 0x0000000084b00000, 0x0000000084a00000| Untracked 
|  75|0x0000000084b00000, 0x0000000084c00000, 0x0000000084c00000|100%| O|  |TAMS 0x0000000084c00000, 0x0000000084b00000| Untracked 
|  76|0x0000000084c00000, 0x0000000084d00000, 0x0000000084d00000|100%| O|  |TAMS 0x0000000084d00000, 0x0000000084c00000| Untracked 
|  77|0x0000000084d00000, 0x0000000084e00000, 0x0000000084e00000|100%| O|  |TAMS 0x0000000084d00000, 0x0000000084d00000| Untracked 
|  78|0x0000000084e00000, 0x0000000084f00000, 0x0000000084f00000|100%| O|  |TAMS 0x0000000084e00000, 0x0000000084e00000| Untracked 
|  79|0x0000000084f00000, 0x0000000085000000, 0x0000000085000000|100%| O|  |TAMS 0x0000000085000000, 0x0000000084f00000| Untracked 
|  80|0x0000000085000000, 0x0000000085100000, 0x0000000085100000|100%| O|  |TAMS 0x0000000085000000, 0x0000000085000000| Untracked 
|  81|0x0000000085100000, 0x0000000085200000, 0x0000000085200000|100%| O|  |TAMS 0x0000000085200000, 0x0000000085100000| Untracked 
|  82|0x0000000085200000, 0x0000000085300000, 0x0000000085300000|100%| O|  |TAMS 0x0000000085300000, 0x0000000085200000| Untracked 
|  83|0x0000000085300000, 0x0000000085400000, 0x0000000085400000|100%| O|  |TAMS 0x0000000085400000, 0x0000000085300000| Untracked 
|  84|0x0000000085400000, 0x0000000085500000, 0x0000000085500000|100%| O|  |TAMS 0x0000000085500000, 0x0000000085400000| Untracked 
|  85|0x0000000085500000, 0x0000000085600000, 0x0000000085600000|100%| O|  |TAMS 0x0000000085600000, 0x0000000085500000| Untracked 
|  86|0x0000000085600000, 0x0000000085700000, 0x0000000085700000|100%| O|  |TAMS 0x0000000085700000, 0x0000000085600000| Untracked 
|  87|0x0000000085700000, 0x0000000085800000, 0x0000000085800000|100%| O|  |TAMS 0x0000000085800000, 0x0000000085700000| Untracked 
|  88|0x0000000085800000, 0x0000000085900000, 0x0000000085900000|100%| O|  |TAMS 0x0000000085900000, 0x0000000085800000| Untracked 
|  89|0x0000000085900000, 0x0000000085a00000, 0x0000000085a00000|100%| O|  |TAMS 0x0000000085a00000, 0x0000000085900000| Untracked 
|  90|0x0000000085a00000, 0x0000000085b00000, 0x0000000085b00000|100%| O|  |TAMS 0x0000000085b00000, 0x0000000085a00000| Untracked 
|  91|0x0000000085b00000, 0x0000000085c00000, 0x0000000085c00000|100%| O|  |TAMS 0x0000000085c00000, 0x0000000085b00000| Untracked 
|  92|0x0000000085c00000, 0x0000000085d00000, 0x0000000085d00000|100%| O|  |TAMS 0x0000000085d00000, 0x0000000085c00000| Untracked 
|  93|0x0000000085d00000, 0x0000000085e00000, 0x0000000085e00000|100%| O|  |TAMS 0x0000000085d00000, 0x0000000085d00000| Untracked 
|  94|0x0000000085e00000, 0x0000000085f00000, 0x0000000085f00000|100%| O|  |TAMS 0x0000000085e00000, 0x0000000085e00000| Untracked 
|  95|0x0000000085f00000, 0x0000000086000000, 0x0000000086000000|100%| O|  |TAMS 0x0000000086000000, 0x0000000085f00000| Untracked 
|  96|0x0000000086000000, 0x0000000086100000, 0x0000000086100000|100%| O|  |TAMS 0x0000000086100000, 0x0000000086000000| Untracked 
|  97|0x0000000086100000, 0x0000000086200000, 0x0000000086200000|100%| O|  |TAMS 0x0000000086200000, 0x0000000086100000| Untracked 
|  98|0x0000000086200000, 0x0000000086300000, 0x0000000086300000|100%| O|  |TAMS 0x0000000086300000, 0x0000000086200000| Untracked 
|  99|0x0000000086300000, 0x0000000086400000, 0x0000000086400000|100%| O|  |TAMS 0x0000000086400000, 0x0000000086300000| Untracked 
| 100|0x0000000086400000, 0x0000000086500000, 0x0000000086500000|100%| O|  |TAMS 0x0000000086400000, 0x0000000086400000| Untracked 
| 101|0x0000000086500000, 0x0000000086600000, 0x0000000086600000|100%| O|  |TAMS 0x0000000086500000, 0x0000000086500000| Untracked 
| 102|0x0000000086600000, 0x0000000086700000, 0x0000000086700000|100%| O|  |TAMS 0x0000000086600000, 0x0000000086600000| Untracked 
| 103|0x0000000086700000, 0x0000000086800000, 0x0000000086800000|100%| O|  |TAMS 0x0000000086715000, 0x0000000086700000| Untracked 
| 104|0x0000000086800000, 0x0000000086900000, 0x0000000086900000|100%| O|  |TAMS 0x0000000086800000, 0x0000000086800000| Untracked 
| 105|0x0000000086900000, 0x0000000086a00000, 0x0000000086a00000|100%| O|  |TAMS 0x0000000086900000, 0x0000000086900000| Untracked 
| 106|0x0000000086a00000, 0x0000000086b00000, 0x0000000086b00000|100%| O|  |TAMS 0x0000000086a00000, 0x0000000086a00000| Untracked 
| 107|0x0000000086b00000, 0x0000000086c00000, 0x0000000086c00000|100%| O|  |TAMS 0x0000000086b00000, 0x0000000086b00000| Untracked 
| 108|0x0000000086c00000, 0x0000000086d00000, 0x0000000086d00000|100%| O|  |TAMS 0x0000000086c00000, 0x0000000086c00000| Untracked 
| 109|0x0000000086d00000, 0x0000000086e00000, 0x0000000086e00000|100%| O|  |TAMS 0x0000000086d00000, 0x0000000086d00000| Untracked 
| 110|0x0000000086e00000, 0x0000000086f00000, 0x0000000086f00000|100%| O|  |TAMS 0x0000000086e00000, 0x0000000086e00000| Untracked 
| 111|0x0000000086f00000, 0x0000000087000000, 0x0000000087000000|100%| O|  |TAMS 0x0000000086f00000, 0x0000000086f00000| Untracked 
| 112|0x0000000087000000, 0x0000000087100000, 0x0000000087100000|100%| O|  |TAMS 0x0000000087000000, 0x0000000087000000| Untracked 
| 113|0x0000000087100000, 0x0000000087200000, 0x0000000087200000|100%| O|  |TAMS 0x0000000087100000, 0x0000000087100000| Untracked 
| 114|0x0000000087200000, 0x0000000087300000, 0x0000000087300000|100%| O|  |TAMS 0x0000000087200000, 0x0000000087200000| Untracked 
| 115|0x0000000087300000, 0x0000000087400000, 0x0000000087400000|100%| O|  |TAMS 0x0000000087300000, 0x0000000087300000| Untracked 
| 116|0x0000000087400000, 0x0000000087500000, 0x0000000087500000|100%| O|  |TAMS 0x0000000087400000, 0x0000000087400000| Untracked 
| 117|0x0000000087500000, 0x0000000087600000, 0x0000000087600000|100%| O|  |TAMS 0x0000000087500000, 0x0000000087500000| Untracked 
| 118|0x0000000087600000, 0x0000000087700000, 0x0000000087700000|100%| O|  |TAMS 0x0000000087600000, 0x0000000087600000| Untracked 
| 119|0x0000000087700000, 0x0000000087800000, 0x0000000087800000|100%| O|  |TAMS 0x0000000087700000, 0x0000000087700000| Untracked 
| 120|0x0000000087800000, 0x0000000087900000, 0x0000000087900000|100%| O|  |TAMS 0x0000000087800000, 0x0000000087800000| Untracked 
| 121|0x0000000087900000, 0x0000000087a00000, 0x0000000087a00000|100%| O|  |TAMS 0x0000000087900000, 0x0000000087900000| Untracked 
| 122|0x0000000087a00000, 0x0000000087b00000, 0x0000000087b00000|100%| O|  |TAMS 0x0000000087a00000, 0x0000000087a00000| Untracked 
| 123|0x0000000087b00000, 0x0000000087c00000, 0x0000000087c00000|100%| O|  |TAMS 0x0000000087b00000, 0x0000000087b00000| Untracked 
| 124|0x0000000087c00000, 0x0000000087d00000, 0x0000000087d00000|100%| O|  |TAMS 0x0000000087c00000, 0x0000000087c00000| Untracked 
| 125|0x0000000087d00000, 0x0000000087decc00, 0x0000000087e00000| 92%| O|  |TAMS 0x0000000087d00000, 0x0000000087d00000| Untracked 
| 126|0x0000000087e00000, 0x0000000087e00000, 0x0000000087f00000|  0%| F|  |TAMS 0x0000000087e00000, 0x0000000087e00000| Untracked 
| 127|0x0000000087f00000, 0x0000000087f00000, 0x0000000088000000|  0%| F|  |TAMS 0x0000000087f00000, 0x0000000087f00000| Untracked 
| 128|0x0000000088000000, 0x0000000088000000, 0x0000000088100000|  0%| F|  |TAMS 0x0000000088000000, 0x0000000088000000| Untracked 
| 129|0x0000000088100000, 0x0000000088100000, 0x0000000088200000|  0%| F|  |TAMS 0x0000000088100000, 0x0000000088100000| Untracked 
| 130|0x0000000088200000, 0x0000000088200000, 0x0000000088300000|  0%| F|  |TAMS 0x0000000088200000, 0x0000000088200000| Untracked 
| 131|0x0000000088300000, 0x0000000088300000, 0x0000000088400000|  0%| F|  |TAMS 0x0000000088300000, 0x0000000088300000| Untracked 
| 132|0x0000000088400000, 0x0000000088400000, 0x0000000088500000|  0%| F|  |TAMS 0x0000000088400000, 0x0000000088400000| Untracked 
| 133|0x0000000088500000, 0x0000000088500000, 0x0000000088600000|  0%| F|  |TAMS 0x0000000088500000, 0x0000000088500000| Untracked 
| 134|0x0000000088600000, 0x0000000088600000, 0x0000000088700000|  0%| F|  |TAMS 0x0000000088600000, 0x0000000088600000| Untracked 
| 135|0x0000000088700000, 0x0000000088700000, 0x0000000088800000|  0%| F|  |TAMS 0x0000000088700000, 0x0000000088700000| Untracked 
| 136|0x0000000088800000, 0x0000000088800000, 0x0000000088900000|  0%| F|  |TAMS 0x0000000088800000, 0x0000000088800000| Untracked 
| 137|0x0000000088900000, 0x0000000088900000, 0x0000000088a00000|  0%| F|  |TAMS 0x0000000088900000, 0x0000000088900000| Untracked 
| 138|0x0000000088a00000, 0x0000000088a00000, 0x0000000088b00000|  0%| F|  |TAMS 0x0000000088a00000, 0x0000000088a00000| Untracked 
| 139|0x0000000088b00000, 0x0000000088b00000, 0x0000000088c00000|  0%| F|  |TAMS 0x0000000088b00000, 0x0000000088b00000| Untracked 
| 140|0x0000000088c00000, 0x0000000088c00000, 0x0000000088d00000|  0%| F|  |TAMS 0x0000000088c00000, 0x0000000088c00000| Untracked 
| 141|0x0000000088d00000, 0x0000000088d00000, 0x0000000088e00000|  0%| F|  |TAMS 0x0000000088d00000, 0x0000000088d00000| Untracked 
| 142|0x0000000088e00000, 0x0000000088e00000, 0x0000000088f00000|  0%| F|  |TAMS 0x0000000088e00000, 0x0000000088e00000| Untracked 
| 143|0x0000000088f00000, 0x0000000088f00000, 0x0000000089000000|  0%| F|  |TAMS 0x0000000088f00000, 0x0000000088f00000| Untracked 
| 144|0x0000000089000000, 0x0000000089000000, 0x0000000089100000|  0%| F|  |TAMS 0x0000000089000000, 0x0000000089000000| Untracked 
| 145|0x0000000089100000, 0x0000000089100000, 0x0000000089200000|  0%| F|  |TAMS 0x0000000089100000, 0x0000000089100000| Untracked 
| 146|0x0000000089200000, 0x0000000089200000, 0x0000000089300000|  0%| F|  |TAMS 0x0000000089200000, 0x0000000089200000| Untracked 
| 147|0x0000000089300000, 0x0000000089300000, 0x0000000089400000|  0%| F|  |TAMS 0x0000000089300000, 0x0000000089300000| Untracked 
| 148|0x0000000089400000, 0x0000000089400000, 0x0000000089500000|  0%| F|  |TAMS 0x0000000089400000, 0x0000000089400000| Untracked 
| 149|0x0000000089500000, 0x0000000089500000, 0x0000000089600000|  0%| F|  |TAMS 0x0000000089500000, 0x0000000089500000| Untracked 
| 150|0x0000000089600000, 0x0000000089600000, 0x0000000089700000|  0%| F|  |TAMS 0x0000000089600000, 0x0000000089600000| Untracked 
| 151|0x0000000089700000, 0x0000000089700000, 0x0000000089800000|  0%| F|  |TAMS 0x0000000089700000, 0x0000000089700000| Untracked 
| 152|0x0000000089800000, 0x0000000089800000, 0x0000000089900000|  0%| F|  |TAMS 0x0000000089800000, 0x0000000089800000| Untracked 
| 153|0x0000000089900000, 0x0000000089900000, 0x0000000089a00000|  0%| F|  |TAMS 0x0000000089900000, 0x0000000089900000| Untracked 
| 154|0x0000000089a00000, 0x0000000089a00000, 0x0000000089b00000|  0%| F|  |TAMS 0x0000000089a00000, 0x0000000089a00000| Untracked 
| 155|0x0000000089b00000, 0x0000000089b00000, 0x0000000089c00000|  0%| F|  |TAMS 0x0000000089b00000, 0x0000000089b00000| Untracked 
| 156|0x0000000089c00000, 0x0000000089c00000, 0x0000000089d00000|  0%| F|  |TAMS 0x0000000089c00000, 0x0000000089c00000| Untracked 
| 157|0x0000000089d00000, 0x0000000089d00000, 0x0000000089e00000|  0%| F|  |TAMS 0x0000000089d00000, 0x0000000089d00000| Untracked 
| 158|0x0000000089e00000, 0x0000000089e00000, 0x0000000089f00000|  0%| F|  |TAMS 0x0000000089e00000, 0x0000000089e00000| Untracked 
| 159|0x0000000089f00000, 0x0000000089f00000, 0x000000008a000000|  0%| F|  |TAMS 0x0000000089f00000, 0x0000000089f00000| Untracked 
| 160|0x000000008a000000, 0x000000008a000000, 0x000000008a100000|  0%| F|  |TAMS 0x000000008a000000, 0x000000008a000000| Untracked 
| 161|0x000000008a100000, 0x000000008a1a95a0, 0x000000008a200000| 66%| S|CS|TAMS 0x000000008a100000, 0x000000008a100000| Complete 
| 162|0x000000008a200000, 0x000000008a300000, 0x000000008a300000|100%| S|CS|TAMS 0x000000008a200000, 0x000000008a200000| Complete 
| 163|0x000000008a300000, 0x000000008a400000, 0x000000008a400000|100%| S|CS|TAMS 0x000000008a300000, 0x000000008a300000| Complete 
| 164|0x000000008a400000, 0x000000008a500000, 0x000000008a500000|100%| S|CS|TAMS 0x000000008a400000, 0x000000008a400000| Complete 
| 165|0x000000008a500000, 0x000000008a600000, 0x000000008a600000|100%| S|CS|TAMS 0x000000008a500000, 0x000000008a500000| Complete 
| 166|0x000000008a600000, 0x000000008a700000, 0x000000008a700000|100%| S|CS|TAMS 0x000000008a600000, 0x000000008a600000| Complete 
| 167|0x000000008a700000, 0x000000008a800000, 0x000000008a800000|100%| S|CS|TAMS 0x000000008a700000, 0x000000008a700000| Complete 
| 168|0x000000008a800000, 0x000000008a900000, 0x000000008a900000|100%| S|CS|TAMS 0x000000008a800000, 0x000000008a800000| Complete 
| 169|0x000000008a900000, 0x000000008aa00000, 0x000000008aa00000|100%| S|CS|TAMS 0x000000008a900000, 0x000000008a900000| Complete 
| 170|0x000000008aa00000, 0x000000008aa00000, 0x000000008ab00000|  0%| F|  |TAMS 0x000000008aa00000, 0x000000008aa00000| Untracked 
| 171|0x000000008ab00000, 0x000000008ab00000, 0x000000008ac00000|  0%| F|  |TAMS 0x000000008ab00000, 0x000000008ab00000| Untracked 
| 172|0x000000008ac00000, 0x000000008ac00000, 0x000000008ad00000|  0%| F|  |TAMS 0x000000008ac00000, 0x000000008ac00000| Untracked 
| 173|0x000000008ad00000, 0x000000008ad00000, 0x000000008ae00000|  0%| F|  |TAMS 0x000000008ad00000, 0x000000008ad00000| Untracked 
| 174|0x000000008ae00000, 0x000000008ae00000, 0x000000008af00000|  0%| F|  |TAMS 0x000000008ae00000, 0x000000008ae00000| Untracked 
| 175|0x000000008af00000, 0x000000008af00000, 0x000000008b000000|  0%| F|  |TAMS 0x000000008af00000, 0x000000008af00000| Untracked 
| 176|0x000000008b000000, 0x000000008b000000, 0x000000008b100000|  0%| F|  |TAMS 0x000000008b000000, 0x000000008b000000| Untracked 
| 177|0x000000008b100000, 0x000000008b100000, 0x000000008b200000|  0%| F|  |TAMS 0x000000008b100000, 0x000000008b100000| Untracked 
| 178|0x000000008b200000, 0x000000008b200000, 0x000000008b300000|  0%| F|  |TAMS 0x000000008b200000, 0x000000008b200000| Untracked 
| 179|0x000000008b300000, 0x000000008b300000, 0x000000008b400000|  0%| F|  |TAMS 0x000000008b300000, 0x000000008b300000| Untracked 
| 180|0x000000008b400000, 0x000000008b400000, 0x000000008b500000|  0%| F|  |TAMS 0x000000008b400000, 0x000000008b400000| Untracked 
| 181|0x000000008b500000, 0x000000008b500000, 0x000000008b600000|  0%| F|  |TAMS 0x000000008b500000, 0x000000008b500000| Untracked 
| 182|0x000000008b600000, 0x000000008b600000, 0x000000008b700000|  0%| F|  |TAMS 0x000000008b600000, 0x000000008b600000| Untracked 
| 183|0x000000008b700000, 0x000000008b700000, 0x000000008b800000|  0%| F|  |TAMS 0x000000008b700000, 0x000000008b700000| Untracked 
| 184|0x000000008b800000, 0x000000008b800000, 0x000000008b900000|  0%| F|  |TAMS 0x000000008b800000, 0x000000008b800000| Untracked 
| 185|0x000000008b900000, 0x000000008b900000, 0x000000008ba00000|  0%| F|  |TAMS 0x000000008b900000, 0x000000008b900000| Untracked 
| 186|0x000000008ba00000, 0x000000008ba00000, 0x000000008bb00000|  0%| F|  |TAMS 0x000000008ba00000, 0x000000008ba00000| Untracked 
| 187|0x000000008bb00000, 0x000000008bb00000, 0x000000008bc00000|  0%| F|  |TAMS 0x000000008bb00000, 0x000000008bb00000| Untracked 
| 188|0x000000008bc00000, 0x000000008bc00000, 0x000000008bd00000|  0%| F|  |TAMS 0x000000008bc00000, 0x000000008bc00000| Untracked 
| 189|0x000000008bd00000, 0x000000008bd00000, 0x000000008be00000|  0%| F|  |TAMS 0x000000008bd00000, 0x000000008bd00000| Untracked 
| 190|0x000000008be00000, 0x000000008be00000, 0x000000008bf00000|  0%| F|  |TAMS 0x000000008be00000, 0x000000008be00000| Untracked 
| 191|0x000000008bf00000, 0x000000008bf00000, 0x000000008c000000|  0%| F|  |TAMS 0x000000008bf00000, 0x000000008bf00000| Untracked 
| 192|0x000000008c000000, 0x000000008c000000, 0x000000008c100000|  0%| F|  |TAMS 0x000000008c000000, 0x000000008c000000| Untracked 
| 193|0x000000008c100000, 0x000000008c100000, 0x000000008c200000|  0%| F|  |TAMS 0x000000008c100000, 0x000000008c100000| Untracked 
| 194|0x000000008c200000, 0x000000008c200000, 0x000000008c300000|  0%| F|  |TAMS 0x000000008c200000, 0x000000008c200000| Untracked 
| 195|0x000000008c300000, 0x000000008c300000, 0x000000008c400000|  0%| F|  |TAMS 0x000000008c300000, 0x000000008c300000| Untracked 
| 196|0x000000008c400000, 0x000000008c400000, 0x000000008c500000|  0%| F|  |TAMS 0x000000008c400000, 0x000000008c400000| Untracked 
| 197|0x000000008c500000, 0x000000008c500000, 0x000000008c600000|  0%| F|  |TAMS 0x000000008c500000, 0x000000008c500000| Untracked 
| 198|0x000000008c600000, 0x000000008c600000, 0x000000008c700000|  0%| F|  |TAMS 0x000000008c600000, 0x000000008c600000| Untracked 
| 199|0x000000008c700000, 0x000000008c700000, 0x000000008c800000|  0%| F|  |TAMS 0x000000008c700000, 0x000000008c700000| Untracked 
| 200|0x000000008c800000, 0x000000008c800000, 0x000000008c900000|  0%| F|  |TAMS 0x000000008c800000, 0x000000008c800000| Untracked 
| 201|0x000000008c900000, 0x000000008c900000, 0x000000008ca00000|  0%| F|  |TAMS 0x000000008c900000, 0x000000008c900000| Untracked 
| 202|0x000000008ca00000, 0x000000008ca00000, 0x000000008cb00000|  0%| F|  |TAMS 0x000000008ca00000, 0x000000008ca00000| Untracked 
| 203|0x000000008cb00000, 0x000000008cb00000, 0x000000008cc00000|  0%| F|  |TAMS 0x000000008cb00000, 0x000000008cb00000| Untracked 
| 204|0x000000008cc00000, 0x000000008cc00000, 0x000000008cd00000|  0%| F|  |TAMS 0x000000008cc00000, 0x000000008cc00000| Untracked 
| 205|0x000000008cd00000, 0x000000008cd00000, 0x000000008ce00000|  0%| F|  |TAMS 0x000000008cd00000, 0x000000008cd00000| Untracked 
| 206|0x000000008ce00000, 0x000000008ce00000, 0x000000008cf00000|  0%| F|  |TAMS 0x000000008ce00000, 0x000000008ce00000| Untracked 
| 207|0x000000008cf00000, 0x000000008cf00000, 0x000000008d000000|  0%| F|  |TAMS 0x000000008cf00000, 0x000000008cf00000| Untracked 
| 208|0x000000008d000000, 0x000000008d000000, 0x000000008d100000|  0%| F|  |TAMS 0x000000008d000000, 0x000000008d000000| Untracked 
| 209|0x000000008d100000, 0x000000008d100000, 0x000000008d200000|  0%| F|  |TAMS 0x000000008d100000, 0x000000008d100000| Untracked 
| 210|0x000000008d200000, 0x000000008d200000, 0x000000008d300000|  0%| F|  |TAMS 0x000000008d200000, 0x000000008d200000| Untracked 
| 211|0x000000008d300000, 0x000000008d300000, 0x000000008d400000|  0%| F|  |TAMS 0x000000008d300000, 0x000000008d300000| Untracked 
| 212|0x000000008d400000, 0x000000008d400000, 0x000000008d500000|  0%| F|  |TAMS 0x000000008d400000, 0x000000008d400000| Untracked 
| 213|0x000000008d500000, 0x000000008d500000, 0x000000008d600000|  0%| F|  |TAMS 0x000000008d500000, 0x000000008d500000| Untracked 
| 214|0x000000008d600000, 0x000000008d600000, 0x000000008d700000|  0%| F|  |TAMS 0x000000008d600000, 0x000000008d600000| Untracked 
| 215|0x000000008d700000, 0x000000008d700000, 0x000000008d800000|  0%| F|  |TAMS 0x000000008d700000, 0x000000008d700000| Untracked 
| 216|0x000000008d800000, 0x000000008d800000, 0x000000008d900000|  0%| F|  |TAMS 0x000000008d800000, 0x000000008d800000| Untracked 
| 217|0x000000008d900000, 0x000000008d900000, 0x000000008da00000|  0%| F|  |TAMS 0x000000008d900000, 0x000000008d900000| Untracked 
| 218|0x000000008da00000, 0x000000008da00000, 0x000000008db00000|  0%| F|  |TAMS 0x000000008da00000, 0x000000008da00000| Untracked 
| 219|0x000000008db00000, 0x000000008db00000, 0x000000008dc00000|  0%| F|  |TAMS 0x000000008db00000, 0x000000008db00000| Untracked 
| 220|0x000000008dc00000, 0x000000008dc00000, 0x000000008dd00000|  0%| F|  |TAMS 0x000000008dc00000, 0x000000008dc00000| Untracked 
| 221|0x000000008dd00000, 0x000000008dd00000, 0x000000008de00000|  0%| F|  |TAMS 0x000000008dd00000, 0x000000008dd00000| Untracked 
| 222|0x000000008de00000, 0x000000008de00000, 0x000000008df00000|  0%| F|  |TAMS 0x000000008de00000, 0x000000008de00000| Untracked 
| 223|0x000000008df00000, 0x000000008df00000, 0x000000008e000000|  0%| F|  |TAMS 0x000000008df00000, 0x000000008df00000| Untracked 
| 224|0x000000008e000000, 0x000000008e000000, 0x000000008e100000|  0%| F|  |TAMS 0x000000008e000000, 0x000000008e000000| Untracked 
| 225|0x000000008e100000, 0x000000008e100000, 0x000000008e200000|  0%| F|  |TAMS 0x000000008e100000, 0x000000008e100000| Untracked 
| 226|0x000000008e200000, 0x000000008e200000, 0x000000008e300000|  0%| F|  |TAMS 0x000000008e200000, 0x000000008e200000| Untracked 
| 227|0x000000008e300000, 0x000000008e300000, 0x000000008e400000|  0%| F|  |TAMS 0x000000008e300000, 0x000000008e300000| Untracked 
| 228|0x000000008e400000, 0x000000008e400000, 0x000000008e500000|  0%| F|  |TAMS 0x000000008e400000, 0x000000008e400000| Untracked 
| 229|0x000000008e500000, 0x000000008e500000, 0x000000008e600000|  0%| F|  |TAMS 0x000000008e500000, 0x000000008e500000| Untracked 
| 230|0x000000008e600000, 0x000000008e600000, 0x000000008e700000|  0%| F|  |TAMS 0x000000008e600000, 0x000000008e600000| Untracked 
| 231|0x000000008e700000, 0x000000008e700000, 0x000000008e800000|  0%| F|  |TAMS 0x000000008e700000, 0x000000008e700000| Untracked 
| 232|0x000000008e800000, 0x000000008e800000, 0x000000008e900000|  0%| F|  |TAMS 0x000000008e800000, 0x000000008e800000| Untracked 
| 233|0x000000008e900000, 0x000000008e900000, 0x000000008ea00000|  0%| F|  |TAMS 0x000000008e900000, 0x000000008e900000| Untracked 
| 234|0x000000008ea00000, 0x000000008ea00000, 0x000000008eb00000|  0%| F|  |TAMS 0x000000008ea00000, 0x000000008ea00000| Untracked 
| 235|0x000000008eb00000, 0x000000008eb00000, 0x000000008ec00000|  0%| F|  |TAMS 0x000000008eb00000, 0x000000008eb00000| Untracked 
| 236|0x000000008ec00000, 0x000000008ec00000, 0x000000008ed00000|  0%| F|  |TAMS 0x000000008ec00000, 0x000000008ec00000| Untracked 
| 237|0x000000008ed00000, 0x000000008ed00000, 0x000000008ee00000|  0%| F|  |TAMS 0x000000008ed00000, 0x000000008ed00000| Untracked 
| 238|0x000000008ee00000, 0x000000008ee00000, 0x000000008ef00000|  0%| F|  |TAMS 0x000000008ee00000, 0x000000008ee00000| Untracked 
| 239|0x000000008ef00000, 0x000000008ef00000, 0x000000008f000000|  0%| F|  |TAMS 0x000000008ef00000, 0x000000008ef00000| Untracked 
| 240|0x000000008f000000, 0x000000008f000000, 0x000000008f100000|  0%| F|  |TAMS 0x000000008f000000, 0x000000008f000000| Untracked 
| 241|0x000000008f100000, 0x000000008f100000, 0x000000008f200000|  0%| F|  |TAMS 0x000000008f100000, 0x000000008f100000| Untracked 
| 242|0x000000008f200000, 0x000000008f200000, 0x000000008f300000|  0%| F|  |TAMS 0x000000008f200000, 0x000000008f200000| Untracked 
| 243|0x000000008f300000, 0x000000008f300000, 0x000000008f400000|  0%| F|  |TAMS 0x000000008f300000, 0x000000008f300000| Untracked 
| 244|0x000000008f400000, 0x000000008f400000, 0x000000008f500000|  0%| F|  |TAMS 0x000000008f400000, 0x000000008f400000| Untracked 
| 245|0x000000008f500000, 0x000000008f500000, 0x000000008f600000|  0%| F|  |TAMS 0x000000008f500000, 0x000000008f500000| Untracked 
| 246|0x000000008f600000, 0x000000008f600000, 0x000000008f700000|  0%| F|  |TAMS 0x000000008f600000, 0x000000008f600000| Untracked 
| 247|0x000000008f700000, 0x000000008f700000, 0x000000008f800000|  0%| F|  |TAMS 0x000000008f700000, 0x000000008f700000| Untracked 
| 248|0x000000008f800000, 0x000000008f800000, 0x000000008f900000|  0%| F|  |TAMS 0x000000008f800000, 0x000000008f800000| Untracked 
| 249|0x000000008f900000, 0x000000008f900000, 0x000000008fa00000|  0%| F|  |TAMS 0x000000008f900000, 0x000000008f900000| Untracked 
| 250|0x000000008fa00000, 0x000000008fa00000, 0x000000008fb00000|  0%| F|  |TAMS 0x000000008fa00000, 0x000000008fa00000| Untracked 
| 251|0x000000008fb00000, 0x000000008fb00000, 0x000000008fc00000|  0%| F|  |TAMS 0x000000008fb00000, 0x000000008fb00000| Untracked 
| 252|0x000000008fc00000, 0x000000008fc00000, 0x000000008fd00000|  0%| F|  |TAMS 0x000000008fc00000, 0x000000008fc00000| Untracked 
| 253|0x000000008fd00000, 0x000000008fd00000, 0x000000008fe00000|  0%| F|  |TAMS 0x000000008fd00000, 0x000000008fd00000| Untracked 
| 254|0x000000008fe00000, 0x000000008fe00000, 0x000000008ff00000|  0%| F|  |TAMS 0x000000008fe00000, 0x000000008fe00000| Untracked 
| 255|0x000000008ff00000, 0x000000008ff00000, 0x0000000090000000|  0%| F|  |TAMS 0x000000008ff00000, 0x000000008ff00000| Untracked 
| 256|0x0000000090000000, 0x0000000090000000, 0x0000000090100000|  0%| F|  |TAMS 0x0000000090000000, 0x0000000090000000| Untracked 
| 257|0x0000000090100000, 0x0000000090100000, 0x0000000090200000|  0%| F|  |TAMS 0x0000000090100000, 0x0000000090100000| Untracked 
| 258|0x0000000090200000, 0x0000000090200000, 0x0000000090300000|  0%| F|  |TAMS 0x0000000090200000, 0x0000000090200000| Untracked 
| 259|0x0000000090300000, 0x0000000090300000, 0x0000000090400000|  0%| F|  |TAMS 0x0000000090300000, 0x0000000090300000| Untracked 
| 260|0x0000000090400000, 0x0000000090400000, 0x0000000090500000|  0%| F|  |TAMS 0x0000000090400000, 0x0000000090400000| Untracked 
| 261|0x0000000090500000, 0x0000000090500000, 0x0000000090600000|  0%| F|  |TAMS 0x0000000090500000, 0x0000000090500000| Untracked 
| 262|0x0000000090600000, 0x0000000090600000, 0x0000000090700000|  0%| F|  |TAMS 0x0000000090600000, 0x0000000090600000| Untracked 
| 263|0x0000000090700000, 0x0000000090700000, 0x0000000090800000|  0%| F|  |TAMS 0x0000000090700000, 0x0000000090700000| Untracked 
| 264|0x0000000090800000, 0x0000000090800000, 0x0000000090900000|  0%| F|  |TAMS 0x0000000090800000, 0x0000000090800000| Untracked 
| 265|0x0000000090900000, 0x0000000090900000, 0x0000000090a00000|  0%| F|  |TAMS 0x0000000090900000, 0x0000000090900000| Untracked 
| 266|0x0000000090a00000, 0x0000000090a00000, 0x0000000090b00000|  0%| F|  |TAMS 0x0000000090a00000, 0x0000000090a00000| Untracked 
| 267|0x0000000090b00000, 0x0000000090b00000, 0x0000000090c00000|  0%| F|  |TAMS 0x0000000090b00000, 0x0000000090b00000| Untracked 
| 268|0x0000000090c00000, 0x0000000090c00000, 0x0000000090d00000|  0%| F|  |TAMS 0x0000000090c00000, 0x0000000090c00000| Untracked 
| 269|0x0000000090d00000, 0x0000000090d00000, 0x0000000090e00000|  0%| F|  |TAMS 0x0000000090d00000, 0x0000000090d00000| Untracked 
| 270|0x0000000090e00000, 0x0000000090e00000, 0x0000000090f00000|  0%| F|  |TAMS 0x0000000090e00000, 0x0000000090e00000| Untracked 
| 271|0x0000000090f00000, 0x0000000090f00000, 0x0000000091000000|  0%| F|  |TAMS 0x0000000090f00000, 0x0000000090f00000| Untracked 
| 272|0x0000000091000000, 0x0000000091000000, 0x0000000091100000|  0%| F|  |TAMS 0x0000000091000000, 0x0000000091000000| Untracked 
| 273|0x0000000091100000, 0x0000000091100000, 0x0000000091200000|  0%| F|  |TAMS 0x0000000091100000, 0x0000000091100000| Untracked 
| 274|0x0000000091200000, 0x0000000091200000, 0x0000000091300000|  0%| F|  |TAMS 0x0000000091200000, 0x0000000091200000| Untracked 
| 275|0x0000000091300000, 0x0000000091300000, 0x0000000091400000|  0%| F|  |TAMS 0x0000000091300000, 0x0000000091300000| Untracked 
| 276|0x0000000091400000, 0x0000000091400000, 0x0000000091500000|  0%| F|  |TAMS 0x0000000091400000, 0x0000000091400000| Untracked 
| 277|0x0000000091500000, 0x0000000091500000, 0x0000000091600000|  0%| F|  |TAMS 0x0000000091500000, 0x0000000091500000| Untracked 
| 278|0x0000000091600000, 0x0000000091600000, 0x0000000091700000|  0%| F|  |TAMS 0x0000000091600000, 0x0000000091600000| Untracked 
| 279|0x0000000091700000, 0x0000000091700000, 0x0000000091800000|  0%| F|  |TAMS 0x0000000091700000, 0x0000000091700000| Untracked 
| 280|0x0000000091800000, 0x0000000091800000, 0x0000000091900000|  0%| F|  |TAMS 0x0000000091800000, 0x0000000091800000| Untracked 
| 281|0x0000000091900000, 0x0000000091900000, 0x0000000091a00000|  0%| F|  |TAMS 0x0000000091900000, 0x0000000091900000| Untracked 
| 282|0x0000000091a00000, 0x0000000091a00000, 0x0000000091b00000|  0%| F|  |TAMS 0x0000000091a00000, 0x0000000091a00000| Untracked 

Card table byte_map: [0x0000027a3eac0000,0x0000027a3eec0000] _byte_map_base: 0x0000027a3e6c0000

Marking Bits (Prev, Next): (CMBitMap*) 0x0000027a2b31a9c8, (CMBitMap*) 0x0000027a2b31aa00
 Prev Bits: [0x0000027a3f2c0000, 0x0000027a412c0000)
 Next Bits: [0x0000027a412c0000, 0x0000027a432c0000)

Polling page: 0x0000027a29a60000

Metaspace:

Usage:
  Non-class:    112.96 MB capacity,   110.30 MB ( 98%) used,     2.28 MB (  2%) free+waste,   383.81 KB ( <1%) overhead. 
      Class:     16.69 MB capacity,    15.44 MB ( 93%) used,     1.08 MB (  6%) free+waste,   170.25 KB ( <1%) overhead. 
       Both:    129.65 MB capacity,   125.75 MB ( 97%) used,     3.36 MB (  3%) free+waste,   554.06 KB ( <1%) overhead. 

Virtual space:
  Non-class space:      114.00 MB reserved,     113.16 MB (>99%) committed 
      Class space:        1.00 GB reserved,      16.75 MB (  2%) committed 
             Both:        1.11 GB reserved,     129.91 MB ( 11%) committed 

Chunk freelists:
   Non-Class:  14.00 KB
       Class:  2.00 KB
        Both:  16.00 KB

MaxMetaspaceSize: 17179869184.00 GB
CompressedClassSpaceSize: 1.00 GB

CodeHeap 'non-profiled nmethods': size=120000Kb used=9746Kb max_used=9746Kb free=110253Kb
 bounds [0x0000027a36730000, 0x0000027a370c0000, 0x0000027a3dc60000]
CodeHeap 'profiled nmethods': size=120000Kb used=40254Kb max_used=40254Kb free=79745Kb
 bounds [0x0000027a2f200000, 0x0000027a31970000, 0x0000027a36730000]
CodeHeap 'non-nmethods': size=5760Kb used=2358Kb max_used=2440Kb free=3401Kb
 bounds [0x0000027a2ec60000, 0x0000027a2eed0000, 0x0000027a2f200000]
 total_blobs=17838 nmethods=16860 adapters=888
 compilation: enabled
              stopped_count=0, restarted_count=0
 full_count=0

Compilation events (20 events):
Event: 466.523 Thread 0x0000027a45dc3800 nmethod 19006 0x0000027a3195b190 code [0x0000027a3195b340, 0x0000027a3195b4f8]
Event: 466.524 Thread 0x0000027a45dc3800 19007       2       com.android.tools.r8.graph.v::<init> (302 bytes)
Event: 466.526 Thread 0x0000027a45dc3800 nmethod 19007 0x0000027a3195b590 code [0x0000027a3195b860, 0x0000027a3195c478]
Event: 466.526 Thread 0x0000027a45dc3800 19010   !   2       com.android.tools.r8.graph.b0::c (22 bytes)
Event: 466.528 Thread 0x0000027a45dc3800 nmethod 19010 0x0000027a3195ca10 code [0x0000027a3195cc40, 0x0000027a3195d3c8]
Event: 466.528 Thread 0x0000027a45dc3800 19008       2       com.android.tools.r8.graph.b0$$Lambda$1337/0x0000000101097c40::test (8 bytes)
Event: 466.528 Thread 0x0000027a45dc3800 nmethod 19008 0x0000027a3195d810 code [0x0000027a3195d9c0, 0x0000027a3195db38]
Event: 466.528 Thread 0x0000027a45dc3800 19009       2       com.android.tools.r8.graph.S::n (10 bytes)
Event: 466.529 Thread 0x0000027a45dc3800 nmethod 19009 0x0000027a3195dc90 code [0x0000027a3195de40, 0x0000027a3195df58]
Event: 466.529 Thread 0x0000027a45dc3800 19011       2       com.android.tools.r8.graph.b0::h0 (50 bytes)
Event: 466.532 Thread 0x0000027a45dc3800 nmethod 19011 0x0000027a3195e090 code [0x0000027a3195e400, 0x0000027a3195f518]
Event: 466.532 Thread 0x0000027a45dc3800 19012       2       com.android.tools.r8.graph.H0::a (17 bytes)
Event: 466.532 Thread 0x0000027a45dc3800 nmethod 19012 0x0000027a31960190 code [0x0000027a31960340, 0x0000027a31960468]
Event: 466.532 Thread 0x0000027a45dc3800 19013       3       com.android.tools.r8.dex.l::a (111 bytes)
Event: 466.535 Thread 0x0000027a45dc3800 nmethod 19013 0x0000027a31960510 code [0x0000027a31960880, 0x0000027a31961b08]
Event: 466.535 Thread 0x0000027a45dc3800 19014       1       com.android.tools.r8.code.E2::m (2 bytes)
Event: 466.535 Thread 0x0000027a45dc3800 nmethod 19014 0x0000027a370b4710 code [0x0000027a370b48c0, 0x0000027a370b4978]
Event: 466.535 Thread 0x0000027a45dc3800 19016       2       com.android.tools.r8.code.J1::j (8 bytes)
Event: 466.535 Thread 0x0000027a45dc3800 nmethod 19016 0x0000027a31962310 code [0x0000027a319624c0, 0x0000027a319625f8]
Event: 466.535 Thread 0x0000027a45dc3800 19017       2       com.android.tools.r8.code.a0::a (44 bytes)

GC Heap History (20 events):
Event: 464.208 GC heap after
{Heap after GC invocations=65 (full 0):
 garbage-first heap   total 195584K, used 123885K [0x0000000080000000, 0x0000000100000000)
  region size 1024K, 3 young (3072K), 3 survivors (3072K)
 Metaspace       used 127945K, capacity 131900K, committed 132008K, reserved 1165312K
  class space    used 15809K, capacity 17080K, committed 17152K, reserved 1048576K
}
Event: 464.375 GC heap before
{Heap before GC invocations=65 (full 0):
 garbage-first heap   total 195584K, used 167917K [0x0000000080000000, 0x0000000100000000)
  region size 1024K, 47 young (48128K), 3 survivors (3072K)
 Metaspace       used 128083K, capacity 132033K, committed 132264K, reserved 1165312K
  class space    used 15809K, capacity 17080K, committed 17152K, reserved 1048576K
}
Event: 464.378 GC heap after
{Heap after GC invocations=66 (full 0):
 garbage-first heap   total 195584K, used 124963K [0x0000000080000000, 0x0000000100000000)
  region size 1024K, 4 young (4096K), 4 survivors (4096K)
 Metaspace       used 128083K, capacity 132033K, committed 132264K, reserved 1165312K
  class space    used 15809K, capacity 17080K, committed 17152K, reserved 1048576K
}
Event: 464.526 GC heap before
{Heap before GC invocations=66 (full 0):
 garbage-first heap   total 195584K, used 168995K [0x0000000080000000, 0x0000000100000000)
  region size 1024K, 47 young (48128K), 4 survivors (4096K)
 Metaspace       used 128195K, capacity 132165K, committed 132264K, reserved 1165312K
  class space    used 15809K, capacity 17080K, committed 17152K, reserved 1048576K
}
Event: 464.534 GC heap after
{Heap after GC invocations=67 (full 0):
 garbage-first heap   total 235520K, used 126379K [0x0000000080000000, 0x0000000100000000)
  region size 1024K, 5 young (5120K), 5 survivors (5120K)
 Metaspace       used 128195K, capacity 132165K, committed 132264K, reserved 1165312K
  class space    used 15809K, capacity 17080K, committed 17152K, reserved 1048576K
}
Event: 464.743 GC heap before
{Heap before GC invocations=67 (full 0):
 garbage-first heap   total 235520K, used 193963K [0x0000000080000000, 0x0000000100000000)
  region size 1024K, 71 young (72704K), 5 survivors (5120K)
 Metaspace       used 128279K, capacity 132234K, committed 132520K, reserved 1165312K
  class space    used 15809K, capacity 17080K, committed 17152K, reserved 1048576K
}
Event: 464.749 GC heap after
{Heap after GC invocations=68 (full 0):
 garbage-first heap   total 235520K, used 126567K [0x0000000080000000, 0x0000000100000000)
  region size 1024K, 5 young (5120K), 5 survivors (5120K)
 Metaspace       used 128279K, capacity 132234K, committed 132520K, reserved 1165312K
  class space    used 15809K, capacity 17080K, committed 17152K, reserved 1048576K
}
Event: 464.924 GC heap before
{Heap before GC invocations=68 (full 0):
 garbage-first heap   total 235520K, used 194151K [0x0000000080000000, 0x0000000100000000)
  region size 1024K, 72 young (73728K), 5 survivors (5120K)
 Metaspace       used 128329K, capacity 132307K, committed 132520K, reserved 1165312K
  class space    used 15810K, capacity 17081K, committed 17152K, reserved 1048576K
}
Event: 464.931 GC heap after
{Heap after GC invocations=69 (full 0):
 garbage-first heap   total 235520K, used 126523K [0x0000000080000000, 0x0000000100000000)
  region size 1024K, 5 young (5120K), 5 survivors (5120K)
 Metaspace       used 128329K, capacity 132307K, committed 132520K, reserved 1165312K
  class space    used 15810K, capacity 17081K, committed 17152K, reserved 1048576K
}
Event: 465.124 GC heap before
{Heap before GC invocations=69 (full 0):
 garbage-first heap   total 235520K, used 196155K [0x0000000080000000, 0x0000000100000000)
  region size 1024K, 74 young (75776K), 5 survivors (5120K)
 Metaspace       used 128392K, capacity 132317K, committed 132520K, reserved 1165312K
  class space    used 15810K, capacity 17081K, committed 17152K, reserved 1048576K
}
Event: 465.132 GC heap after
{Heap after GC invocations=70 (full 0):
 garbage-first heap   total 235520K, used 128822K [0x0000000080000000, 0x0000000100000000)
  region size 1024K, 7 young (7168K), 7 survivors (7168K)
 Metaspace       used 128392K, capacity 132317K, committed 132520K, reserved 1165312K
  class space    used 15810K, capacity 17081K, committed 17152K, reserved 1048576K
}
Event: 465.285 GC heap before
{Heap before GC invocations=70 (full 0):
 garbage-first heap   total 235520K, used 197430K [0x0000000080000000, 0x0000000100000000)
  region size 1024K, 75 young (76800K), 7 survivors (7168K)
 Metaspace       used 128436K, capacity 132396K, committed 132520K, reserved 1165312K
  class space    used 15811K, capacity 17083K, committed 17152K, reserved 1048576K
}
Event: 465.294 GC heap after
{Heap after GC invocations=71 (full 0):
 garbage-first heap   total 289792K, used 129583K [0x0000000080000000, 0x0000000100000000)
  region size 1024K, 7 young (7168K), 7 survivors (7168K)
 Metaspace       used 128436K, capacity 132396K, committed 132520K, reserved 1165312K
  class space    used 15811K, capacity 17083K, committed 17152K, reserved 1048576K
}
Event: 465.601 GC heap before
{Heap before GC invocations=71 (full 0):
 garbage-first heap   total 289792K, used 234031K [0x0000000080000000, 0x0000000100000000)
  region size 1024K, 109 young (111616K), 7 survivors (7168K)
 Metaspace       used 128496K, capacity 132467K, committed 132776K, reserved 1165312K
  class space    used 15811K, capacity 17084K, committed 17152K, reserved 1048576K
}
Event: 465.609 GC heap after
{Heap after GC invocations=72 (full 0):
 garbage-first heap   total 289792K, used 131683K [0x0000000080000000, 0x0000000100000000)
  region size 1024K, 9 young (9216K), 9 survivors (9216K)
 Metaspace       used 128496K, capacity 132467K, committed 132776K, reserved 1165312K
  class space    used 15811K, capacity 17084K, committed 17152K, reserved 1048576K
}
Event: 465.895 GC heap before
{Heap before GC invocations=72 (full 0):
 garbage-first heap   total 289792K, used 239203K [0x0000000080000000, 0x0000000100000000)
  region size 1024K, 115 young (117760K), 9 survivors (9216K)
 Metaspace       used 128590K, capacity 132543K, committed 132776K, reserved 1165312K
  class space    used 15811K, capacity 17084K, committed 17152K, reserved 1048576K
}
Event: 465.908 GC heap after
{Heap after GC invocations=73 (full 0):
 garbage-first heap   total 289792K, used 135046K [0x0000000080000000, 0x0000000100000000)
  region size 1024K, 12 young (12288K), 12 survivors (12288K)
 Metaspace       used 128590K, capacity 132543K, committed 132776K, reserved 1165312K
  class space    used 15811K, capacity 17084K, committed 17152K, reserved 1048576K
}
Event: 466.222 GC heap before
{Heap before GC invocations=73 (full 0):
 garbage-first heap   total 289792K, used 241542K [0x0000000080000000, 0x0000000100000000)
  region size 1024K, 116 young (118784K), 12 survivors (12288K)
 Metaspace       used 128670K, capacity 132620K, committed 132776K, reserved 1165312K
  class space    used 15814K, capacity 17086K, committed 17152K, reserved 1048576K
}
Event: 466.238 GC heap after
{Heap after GC invocations=74 (full 0):
 garbage-first heap   total 289792K, used 136038K [0x0000000080000000, 0x0000000100000000)
  region size 1024K, 7 young (7168K), 7 survivors (7168K)
 Metaspace       used 128670K, capacity 132620K, committed 132776K, reserved 1165312K
  class space    used 15814K, capacity 17086K, committed 17152K, reserved 1048576K
}
Event: 466.536 GC heap before
{Heap before GC invocations=74 (full 0):
 garbage-first heap   total 289792K, used 243558K [0x0000000080000000, 0x0000000100000000)
  region size 1024K, 113 young (115712K), 7 survivors (7168K)
 Metaspace       used 128765K, capacity 132760K, committed 133032K, reserved 1165312K
  class space    used 15814K, capacity 17086K, committed 17152K, reserved 1048576K
}

Deoptimization events (20 events):
Event: 466.297 Thread 0x0000027a501f7800 DEOPT PACKING pc=0x0000027a31171e5b sp=0x000000f05b1f9460
Event: 466.297 Thread 0x0000027a501f7800 DEOPT UNPACKING pc=0x0000027a2ec872ce sp=0x000000f05b1f8a88 mode 0
Event: 466.335 Thread 0x0000027a501fb000 DEOPT PACKING pc=0x0000027a3161aed3 sp=0x000000f05b4f9ad0
Event: 466.335 Thread 0x0000027a501fb000 DEOPT UNPACKING pc=0x0000027a2ec872ce sp=0x000000f05b4f9000 mode 0
Event: 466.415 Thread 0x0000027a49432000 DEOPT PACKING pc=0x0000027a3165767f sp=0x000000f0591f7ce0
Event: 466.415 Thread 0x0000027a49432000 DEOPT UNPACKING pc=0x0000027a2ec872ce sp=0x000000f0591f7280 mode 0
Event: 466.436 Thread 0x0000027a501f8800 DEOPT PACKING pc=0x0000027a31171e5b sp=0x000000f05b2f96e0
Event: 466.436 Thread 0x0000027a501f8800 DEOPT UNPACKING pc=0x0000027a2ec872ce sp=0x000000f05b2f8d08 mode 0
Event: 466.438 Thread 0x0000027a501f8800 DEOPT PACKING pc=0x0000027a314d8a53 sp=0x000000f05b2f9920
Event: 466.438 Thread 0x0000027a501f8800 DEOPT UNPACKING pc=0x0000027a2ec872ce sp=0x000000f05b2f90a8 mode 0
Event: 466.438 Thread 0x0000027a501fc800 DEOPT PACKING pc=0x0000027a31080182 sp=0x000000f05b5f94a0
Event: 466.438 Thread 0x0000027a501fc800 DEOPT UNPACKING pc=0x0000027a2ec872ce sp=0x000000f05b5f8c30 mode 0
Event: 466.473 Thread 0x0000027a501fb000 Uncommon trap: trap_request=0xffffff4d fr.pc=0x0000027a3707c06c relative=0x000000000000040c
Event: 466.473 Thread 0x0000027a501fb000 Uncommon trap: reason=unstable_if action=reinterpret pc=0x0000027a3707c06c method=com.android.tools.r8.u.b.o1.a(Lcom/android/tools/r8/graph/f0;)Lcom/android/tools/r8/u/b/o1; @ 12 c2
Event: 466.473 Thread 0x0000027a501fb000 DEOPT PACKING pc=0x0000027a3707c06c sp=0x000000f05b4f9640
Event: 466.473 Thread 0x0000027a501fb000 DEOPT UNPACKING pc=0x0000027a2ec874af sp=0x000000f05b4f9520 mode 2
Event: 466.476 Thread 0x0000027a501fc800 DEOPT PACKING pc=0x0000027a31171e5b sp=0x000000f05b5f95d0
Event: 466.476 Thread 0x0000027a501fc800 DEOPT UNPACKING pc=0x0000027a2ec872ce sp=0x000000f05b5f8bf8 mode 0
Event: 466.516 Thread 0x0000027a49432000 DEOPT PACKING pc=0x0000027a315ae863 sp=0x000000f0591f7890
Event: 466.516 Thread 0x0000027a49432000 DEOPT UNPACKING pc=0x0000027a2ec872ce sp=0x000000f0591f6d30 mode 0

Classes redefined (0 events):
No events

Internal exceptions (20 events):
Event: 463.789 Thread 0x0000027a501f7800 Exception <a 'sun/nio/fs/WindowsException'{0x000000008a3475f8}> (0x000000008a3475f8) thrown at [./src/hotspot/share/prims/jni.cpp, line 615]
Event: 464.029 Thread 0x0000027a501fb800 Exception <a 'sun/nio/fs/WindowsException'{0x000000008be068b0}> (0x000000008be068b0) thrown at [./src/hotspot/share/prims/jni.cpp, line 615]
Event: 464.352 Thread 0x0000027a501fb800 Exception <a 'sun/nio/fs/WindowsException'{0x0000000089cdab30}> (0x0000000089cdab30) thrown at [./src/hotspot/share/prims/jni.cpp, line 615]
Event: 464.352 Thread 0x0000027a501f9800 Exception <a 'sun/nio/fs/WindowsException'{0x0000000089b0e578}> (0x0000000089b0e578) thrown at [./src/hotspot/share/prims/jni.cpp, line 615]
Event: 464.369 Thread 0x0000027a501f7800 Exception <a 'sun/nio/fs/WindowsException'{0x00000000895f35f8}> (0x00000000895f35f8) thrown at [./src/hotspot/share/prims/jni.cpp, line 615]
Event: 464.538 Thread 0x0000027a501fb000 Exception <a 'sun/nio/fs/WindowsException'{0x000000008e57cba0}> (0x000000008e57cba0) thrown at [./src/hotspot/share/prims/jni.cpp, line 615]
Event: 464.643 Thread 0x0000027a501f9800 Exception <a 'sun/nio/fs/WindowsException'{0x000000008c47a838}> (0x000000008c47a838) thrown at [./src/hotspot/share/prims/jni.cpp, line 615]
Event: 464.983 Thread 0x0000027a501f7800 Exception <a 'sun/nio/fs/WindowsException'{0x000000008dd18940}> (0x000000008dd18940) thrown at [./src/hotspot/share/prims/jni.cpp, line 615]
Event: 464.994 Thread 0x0000027a501fb800 Exception <a 'sun/nio/fs/WindowsException'{0x000000008db25cd0}> (0x000000008db25cd0) thrown at [./src/hotspot/share/prims/jni.cpp, line 615]
Event: 464.999 Thread 0x0000027a501f9800 Exception <a 'sun/nio/fs/WindowsException'{0x000000008d669b18}> (0x000000008d669b18) thrown at [./src/hotspot/share/prims/jni.cpp, line 615]
Event: 465.341 Thread 0x0000027a501f7800 Exception <a 'sun/nio/fs/WindowsException'{0x0000000090f76ec0}> (0x0000000090f76ec0) thrown at [./src/hotspot/share/prims/jni.cpp, line 615]
Event: 465.343 Thread 0x0000027a501fb800 Exception <a 'sun/nio/fs/WindowsException'{0x0000000090fee0b0}> (0x0000000090fee0b0) thrown at [./src/hotspot/share/prims/jni.cpp, line 615]
Event: 465.405 Thread 0x0000027a501fb000 Exception <a 'sun/nio/fs/WindowsException'{0x000000008fc9a4a0}> (0x000000008fc9a4a0) thrown at [./src/hotspot/share/prims/jni.cpp, line 615]
Event: 465.773 Thread 0x0000027a501f9800 Exception <a 'sun/nio/fs/WindowsException'{0x000000008e5825b0}> (0x000000008e5825b0) thrown at [./src/hotspot/share/prims/jni.cpp, line 615]
Event: 465.888 Thread 0x0000027a501f7800 Exception <a 'sun/nio/fs/WindowsException'{0x000000008b69e508}> (0x000000008b69e508) thrown at [./src/hotspot/share/prims/jni.cpp, line 615]
Event: 466.206 Thread 0x0000027a501fb800 Exception <a 'sun/nio/fs/WindowsException'{0x000000008b9a8e58}> (0x000000008b9a8e58) thrown at [./src/hotspot/share/prims/jni.cpp, line 615]
Event: 466.261 Thread 0x0000027a501f7800 Exception <a 'sun/nio/fs/WindowsException'{0x000000009165dc08}> (0x000000009165dc08) thrown at [./src/hotspot/share/prims/jni.cpp, line 615]
Event: 466.365 Thread 0x0000027a501f7800 Exception <a 'sun/nio/fs/WindowsException'{0x000000008f21aa58}> (0x000000008f21aa58) thrown at [./src/hotspot/share/prims/jni.cpp, line 615]
Event: 466.368 Thread 0x0000027a501f9800 Exception <a 'sun/nio/fs/WindowsException'{0x000000008f41ac08}> (0x000000008f41ac08) thrown at [./src/hotspot/share/prims/jni.cpp, line 615]
Event: 466.462 Thread 0x0000027a501f9800 Exception <a 'sun/nio/fs/WindowsException'{0x000000008ccc7f58}> (0x000000008ccc7f58) thrown at [./src/hotspot/share/prims/jni.cpp, line 615]

Events (20 events):
Event: 464.951 Executing VM operation: ICBufferFull done
Event: 465.123 Executing VM operation: G1CollectForAllocation
Event: 465.133 Executing VM operation: G1CollectForAllocation done
Event: 465.285 Executing VM operation: G1CollectForAllocation
Event: 465.294 Executing VM operation: G1CollectForAllocation done
Event: 465.364 loading class com/android/tools/r8/graph/u0$d
Event: 465.364 loading class com/android/tools/r8/graph/u0$d done
Event: 465.600 Executing VM operation: G1CollectForAllocation
Event: 465.609 Executing VM operation: G1CollectForAllocation done
Event: 465.894 Executing VM operation: G1CollectForAllocation
Event: 465.909 Executing VM operation: G1CollectForAllocation done
Event: 466.211 loading class com/android/tools/r8/ir/optimize/h0
Event: 466.211 loading class com/android/tools/r8/ir/optimize/h0 done
Event: 466.212 loading class java/util/function/IntPredicate
Event: 466.212 loading class java/util/function/IntPredicate done
Event: 466.213 loading class com/android/tools/r8/v/a/a/a/f/x0
Event: 466.213 loading class com/android/tools/r8/v/a/a/a/f/x0 done
Event: 466.222 Executing VM operation: G1CollectForAllocation
Event: 466.238 Executing VM operation: G1CollectForAllocation done
Event: 466.535 Executing VM operation: G1CollectForAllocation


Dynamic libraries:
0x00007ff638110000 - 0x00007ff63811a000 	C:\Program Files\Android\Android Studio1\jre\bin\java.exe
0x00007ffda6f50000 - 0x00007ffda7145000 	C:\WINDOWS\SYSTEM32\ntdll.dll
0x00007ffda5300000 - 0x00007ffda53bd000 	C:\WINDOWS\System32\KERNEL32.DLL
0x00007ffda4c90000 - 0x00007ffda4f58000 	C:\WINDOWS\System32\KERNELBASE.dll
0x00007ffda4ae0000 - 0x00007ffda4be0000 	C:\WINDOWS\System32\ucrtbase.dll
0x00007ffd9d630000 - 0x00007ffd9d649000 	C:\Program Files\Android\Android Studio1\jre\bin\jli.dll
0x00007ffda6220000 - 0x00007ffda63c0000 	C:\WINDOWS\System32\USER32.dll
0x00007ffda49e0000 - 0x00007ffda4a02000 	C:\WINDOWS\System32\win32u.dll
0x00007ffda50e0000 - 0x00007ffda510a000 	C:\WINDOWS\System32\GDI32.dll
0x00007ffda4690000 - 0x00007ffda479b000 	C:\WINDOWS\System32\gdi32full.dll
0x00007ffda4a40000 - 0x00007ffda4add000 	C:\WINDOWS\System32\msvcp_win.dll
0x00007ffd8ef00000 - 0x00007ffd8f19a000 	C:\WINDOWS\WinSxS\amd64_microsoft.windows.common-controls_6595b64144ccf1df_6.0.19041.1052_none_60b8f8fd71f5e8cb\COMCTL32.dll
0x00007ffda6e70000 - 0x00007ffda6f0e000 	C:\WINDOWS\System32\msvcrt.dll
0x00007ffd9c950000 - 0x00007ffd9c967000 	C:\Program Files\Android\Android Studio1\jre\bin\VCRUNTIME140.dll
0x00007ffda5bd0000 - 0x00007ffda5c00000 	C:\WINDOWS\System32\IMM32.DLL
0x00007ffd717d0000 - 0x00007ffd7186d000 	C:\Program Files\Android\Android Studio1\jre\bin\msvcp140.dll
0x00007ffd58db0000 - 0x00007ffd5986c000 	C:\Program Files\Android\Android Studio1\jre\bin\server\jvm.dll
0x00007ffda63c0000 - 0x00007ffda646c000 	C:\WINDOWS\System32\ADVAPI32.dll
0x00007ffda4fc0000 - 0x00007ffda505b000 	C:\WINDOWS\System32\sechost.dll
0x00007ffda5830000 - 0x00007ffda595b000 	C:\WINDOWS\System32\RPCRT4.dll
0x00007ffda6e50000 - 0x00007ffda6e58000 	C:\WINDOWS\System32\PSAPI.DLL
0x00007ffda19e0000 - 0x00007ffda19e9000 	C:\WINDOWS\SYSTEM32\WSOCK32.dll
0x00007ffda59e0000 - 0x00007ffda5a4b000 	C:\WINDOWS\System32\WS2_32.dll
0x00007ffda4310000 - 0x00007ffda431a000 	C:\WINDOWS\SYSTEM32\VERSION.dll
0x00007ffd936e0000 - 0x00007ffd93707000 	C:\WINDOWS\SYSTEM32\WINMM.dll
0x00007ffda2570000 - 0x00007ffda2582000 	C:\WINDOWS\SYSTEM32\kernel.appcore.dll
0x00007ffd9f1e0000 - 0x00007ffd9f1f1000 	C:\Program Files\Android\Android Studio1\jre\bin\verify.dll
0x00007ffd8c330000 - 0x00007ffd8c514000 	C:\WINDOWS\SYSTEM32\DBGHELP.DLL
0x00007ffd8bf90000 - 0x00007ffd8bfbc000 	C:\WINDOWS\SYSTEM32\dbgcore.DLL
0x00007ffda4950000 - 0x00007ffda49d3000 	C:\WINDOWS\System32\bcryptPrimitives.dll
0x00007ffd9e0e0000 - 0x00007ffd9e109000 	C:\Program Files\Android\Android Studio1\jre\bin\java.dll
0x00007ffd9e0d0000 - 0x00007ffd9e0db000 	C:\Program Files\Android\Android Studio1\jre\bin\jimage.dll
0x00007ffd9d610000 - 0x00007ffd9d628000 	C:\Program Files\Android\Android Studio1\jre\bin\zip.dll
0x00007ffda6470000 - 0x00007ffda6baf000 	C:\WINDOWS\System32\SHELL32.dll
0x00007ffda2770000 - 0x00007ffda2f00000 	C:\WINDOWS\SYSTEM32\windows.storage.dll
0x00007ffda5c60000 - 0x00007ffda5fb5000 	C:\WINDOWS\System32\combase.dll
0x00007ffda3fc0000 - 0x00007ffda3fec000 	C:\WINDOWS\SYSTEM32\Wldp.dll
0x00007ffda5fc0000 - 0x00007ffda606e000 	C:\WINDOWS\System32\SHCORE.dll
0x00007ffda6df0000 - 0x00007ffda6e45000 	C:\WINDOWS\System32\shlwapi.dll
0x00007ffda45d0000 - 0x00007ffda45ef000 	C:\WINDOWS\SYSTEM32\profapi.dll
0x00007ffd9d5f0000 - 0x00007ffd9d60a000 	C:\Program Files\Android\Android Studio1\jre\bin\net.dll
0x00007ffd99e40000 - 0x00007ffd99f4b000 	C:\WINDOWS\SYSTEM32\WINHTTP.dll
0x00007ffda3d30000 - 0x00007ffda3d9a000 	C:\WINDOWS\system32\mswsock.dll
0x00007ffd9d2b0000 - 0x00007ffd9d2c4000 	C:\Program Files\Android\Android Studio1\jre\bin\nio.dll
0x00007ffd9c7f0000 - 0x00007ffd9c816000 	C:\Users\Tayba\.gradle\native\31\windows-amd64\native-platform.dll
0x00007ffd9d5e0000 - 0x00007ffd9d5ea000 	C:\Program Files\Android\Android Studio1\jre\bin\management.dll
0x00007ffd9d2a0000 - 0x00007ffd9d2ac000 	C:\Program Files\Android\Android Studio1\jre\bin\management_ext.dll
0x00007ffda3f00000 - 0x00007ffda3f18000 	C:\WINDOWS\SYSTEM32\CRYPTSP.dll
0x00007ffda36d0000 - 0x00007ffda3704000 	C:\WINDOWS\system32\rsaenh.dll
0x00007ffda4a10000 - 0x00007ffda4a37000 	C:\WINDOWS\System32\bcrypt.dll
0x00007ffda4550000 - 0x00007ffda457e000 	C:\WINDOWS\SYSTEM32\USERENV.dll
0x00007ffda3f20000 - 0x00007ffda3f2c000 	C:\WINDOWS\SYSTEM32\CRYPTBASE.dll
0x00007ffda3a20000 - 0x00007ffda3a5b000 	C:\WINDOWS\SYSTEM32\IPHLPAPI.DLL
0x00007ffda6e60000 - 0x00007ffda6e68000 	C:\WINDOWS\System32\NSI.dll
0x00007ffd9d8d0000 - 0x00007ffd9d8e7000 	C:\WINDOWS\SYSTEM32\dhcpcsvc6.DLL
0x00007ffd9d5c0000 - 0x00007ffd9d5dd000 	C:\WINDOWS\SYSTEM32\dhcpcsvc.DLL
0x00007ffda3a60000 - 0x00007ffda3b2c000 	C:\WINDOWS\SYSTEM32\DNSAPI.dll
0x00007ffd9c240000 - 0x00007ffd9c267000 	C:\Program Files\Android\Android Studio1\jre\bin\sunec.dll
0x00007ffd9ab30000 - 0x00007ffd9ab3a000 	C:\Windows\System32\rasadhlp.dll
0x00007ffd93450000 - 0x00007ffd934cf000 	C:\WINDOWS\System32\fwpuclnt.dll
0x00007ffda1fe0000 - 0x00007ffda2070000 	C:\WINDOWS\system32\apphelp.dll

dbghelp: loaded successfully - version: 4.0.5 - missing functions: none
symbol engine: initialized successfully - sym options: 0x614 - pdb path: .;C:\Program Files\Android\Android Studio1\jre\bin;C:\WINDOWS\SYSTEM32;C:\WINDOWS\WinSxS\amd64_microsoft.windows.common-controls_6595b64144ccf1df_6.0.19041.1052_none_60b8f8fd71f5e8cb;C:\Program Files\Android\Android Studio1\jre\bin\server;C:\Users\Tayba\.gradle\native\31\windows-amd64

VM Arguments:
jvm_args: --add-opens=java.base/java.util=ALL-UNNAMED --add-opens=java.base/java.lang=ALL-UNNAMED --add-opens=java.base/java.lang.invoke=ALL-UNNAMED --add-opens=java.prefs/java.util.prefs=ALL-UNNAMED -Xmx2048m -Dfile.encoding=windows-1252 -Duser.country=US -Duser.language=en -Duser.variant 
java_command: org.gradle.launcher.daemon.bootstrap.GradleDaemon 6.1.1
java_class_path (initial): C:\Users\Tayba\.gradle\wrapper\dists\gradle-6.1.1-all\cfmwm155h49vnt3hynmlrsdst\gradle-6.1.1\lib\gradle-launcher-6.1.1.jar
Launcher Type: SUN_STANDARD

[Global flags]
     intx CICompilerCount                          = 4                                         {product} {ergonomic}
     uint ConcGCThreads                            = 2                                         {product} {ergonomic}
     uint G1ConcRefinementThreads                  = 8                                         {product} {ergonomic}
   size_t G1HeapRegionSize                         = 1048576                                   {product} {ergonomic}
    uintx GCDrainStackTargetSize                   = 64                                        {product} {ergonomic}
   size_t InitialHeapSize                          = 134217728                                 {product} {ergonomic}
   size_t MarkStackSize                            = 4194304                                   {product} {ergonomic}
   size_t MaxHeapSize                              = 2147483648                                {product} {command line}
   size_t MaxNewSize                               = 1287651328                                {product} {ergonomic}
   size_t MinHeapDeltaBytes                        = 1048576                                   {product} {ergonomic}
    uintx NonNMethodCodeHeapSize                   = 5836300                                {pd product} {ergonomic}
    uintx NonProfiledCodeHeapSize                  = 122910970                              {pd product} {ergonomic}
    uintx ProfiledCodeHeapSize                     = 122910970                              {pd product} {ergonomic}
    uintx ReservedCodeCacheSize                    = 251658240                              {pd product} {ergonomic}
     bool SegmentedCodeCache                       = true                                      {product} {ergonomic}
     bool UseCompressedClassPointers               = true                                 {lp64_product} {ergonomic}
     bool UseCompressedOops                        = true                                 {lp64_product} {ergonomic}
     bool UseG1GC                                  = true                                      {product} {ergonomic}
     bool UseLargePagesIndividualAllocation        = false                                  {pd product} {ergonomic}

Logging:
Log output configuration:
 #0: stdout all=warning uptime,level,tags
 #1: stderr all=off uptime,level,tags

Environment Variables:
PATH=F:\app\Tayba\product\11.2.0\client_1;F:\app\Tayba\product\11.2.0\client_1\bin;F:\app\Tayba\product\11.2.0\dbhome_1\bin;C:\WINDOWS\system32;C:\WINDOWS;C:\WINDOWS\System32\Wbem;C:\WINDOWS\System32\WindowsPowerShell\v1.0\;C:\WINDOWS\System32\OpenSSH\;C:\Program Files\dotnet\;C:\Program Files (x86)\dotnet\;C:\Program Files (x86)\Rational\Common;%USERPROFILE%\AppData\Local\Microsoft\WindowsApps;
USERNAME=Tayba
LD_LIBRARY_PATH=C:\Oracle\Middleware\Oracle_FRHome2\lib
OS=Windows_NT
PROCESSOR_IDENTIFIER=Intel64 Family 6 Model 142 Stepping 10, GenuineIntel



---------------  S Y S T E M  ---------------

OS: Windows 10 , 64 bit Build 19041 (10.0.19041.1023)
OS uptime: 10 days 9:05 hours

CPU:total 8 (initial active 8) (4 cores per cpu, 2 threads per core) family 6 model 142 stepping 10, cmov, cx8, fxsr, mmx, sse, sse2, sse3, ssse3, sse4.1, sse4.2, popcnt, avx, avx2, aes, clmul, erms, 3dnowpref, lzcnt, ht, tsc, tscinvbit, bmi1, bmi2, adx, fma

Memory: 4k page, system-wide physical 8101M (1471M free)
TotalPageFile size 9601M (AvailPageFile size 39M)
current process WorkingSet (physical memory assigned to process): 686M, peak: 686M
current process commit charge ("private bytes"): 725M, peak: 835M

vm_info: OpenJDK 64-Bit Server VM (11.0.8+10-b944.6842174) for windows-amd64 JRE (11.0.8+10-b944.6842174), built on Sep 19 2020 01:11:42 by "builder" with MS VC++ 14.0 (VS2015)

END.
