#
# There is insufficient memory for the Java Runtime Environment to continue.
# Native memory allocation (malloc) failed to allocate 1550896 bytes for Chunk::new
# Possible reasons:
#   The system is out of physical RAM or swap space
#   The process is running with CompressedOops enabled, and the Java Heap may be blocking the growth of the native heap
# Possible solutions:
#   Reduce memory load on the system
#   Increase physical memory or swap space
#   Check if swap backing store is full
#   Decrease Java heap size (-Xmx/-Xms)
#   Decrease number of Java threads
#   Decrease Java thread stack sizes (-Xss)
#   Set larger code cache with -XX:ReservedCodeCacheSize=
#   JVM is running with Unscaled Compressed Oops mode in which the Java heap is
#     placed in the first 4GB address space. The Java Heap base address is the
#     maximum limit for the native heap growth. Please use -XX:HeapBaseMinAddress
#     to set the Java Heap base and to place the Java Heap above 4GB virtual address.
# This output file may be truncated or incomplete.
#
#  Out of Memory Error (./src/hotspot/share/memory/arena.cpp:197), pid=19120, tid=17744
#
# JRE version: OpenJDK Runtime Environment (11.0.8+10) (build 11.0.8+10-b944.6842174)
# Java VM: OpenJDK 64-Bit Server VM (11.0.8+10-b944.6842174, mixed mode, tiered, compressed oops, g1 gc, windows-amd64)
# No core dump will be written. Minidumps are not enabled by default on client versions of Windows
#

---------------  S U M M A R Y ------------

Command Line: --add-opens=java.base/java.util=ALL-UNNAMED --add-opens=java.base/java.lang=ALL-UNNAMED --add-opens=java.base/java.lang.invoke=ALL-UNNAMED --add-opens=java.prefs/java.util.prefs=ALL-UNNAMED -Xmx2048m -Dfile.encoding=windows-1252 -Duser.country=US -Duser.language=en -Duser.variant org.gradle.launcher.daemon.bootstrap.GradleDaemon 6.1.1

Host: Intel(R) Core(TM) i5-8250U CPU @ 1.60GHz, 8 cores, 7G,  Windows 10 , 64 bit Build 19041 (10.0.19041.1023)
Time: Thu Jul  8 03:51:52 2021 Egypt Standard Time elapsed time: 23 seconds (0d 0h 0m 23s)

---------------  T H R E A D  ---------------

Current thread (0x000001ec7fb79000):  JavaThread "C2 CompilerThread0" daemon [_thread_in_native, id=17744, stack(0x0000000468e00000,0x0000000468f00000)]


Current CompileTask:
C2:  23157 11509       4       com.android.tools.r8.ir.conversion.o::a (1157 bytes)

Stack: [0x0000000468e00000,0x0000000468f00000]
Native frames: (J=compiled Java code, j=interpreted, Vv=VM code, C=native code)
V  [jvm.dll+0x5de50a]
V  [jvm.dll+0x7122f5]
V  [jvm.dll+0x71384d]
V  [jvm.dll+0x713f03]
V  [jvm.dll+0x23e728]
V  [jvm.dll+0xb899c]
V  [jvm.dll+0xb8e9c]
V  [jvm.dll+0x2b20e4]
V  [jvm.dll+0x502098]
V  [jvm.dll+0x1ff393]
V  [jvm.dll+0x1f917c]
V  [jvm.dll+0x1f685f]
V  [jvm.dll+0x17f32c]
V  [jvm.dll+0x205047]
V  [jvm.dll+0x203891]
V  [jvm.dll+0x6dad3f]
V  [jvm.dll+0x6d3895]
V  [jvm.dll+0x5dd4a6]
C  [ucrtbase.dll+0x21bb2]
C  [KERNEL32.DLL+0x17034]
C  [ntdll.dll+0x52651]


---------------  P R O C E S S  ---------------

Threads class SMR info:
_java_thread_list=0x000001ec06ad1930, length=53, elements={
0x000001ec64eef800, 0x000001ec7f1f3000, 0x000001ec7f1f6000, 0x000001ec7fb74000,
0x000001ec7fb75000, 0x000001ec7fb79000, 0x000001ec7fb7c000, 0x000001ec7fb7d000,
0x000001ec7fcc3800, 0x000001ec7fcd6800, 0x000001ec01bdd000, 0x000001ec01788000,
0x000001ec0090a000, 0x000001ec00e7d000, 0x000001ec00e4a000, 0x000001ec00e7f800,
0x000001ec013f8800, 0x000001ec01151000, 0x000001ec01152000, 0x000001ec012af000,
0x000001ec01d0f000, 0x000001ec01d0b800, 0x000001ec01d0d800, 0x000001ec01d0c800,
0x000001ec01d10000, 0x000001ec01d0a000, 0x000001ec01d10800, 0x000001ec01d0e000,
0x000001ec02792800, 0x000001ec02796000, 0x000001ec02794800, 0x000001ec02795000,
0x000001ec02790000, 0x000001ec02796800, 0x000001ec02791000, 0x000001ec02797800,
0x000001ec0279c800, 0x000001ec01f63800, 0x000001ec02998000, 0x000001ec0279b800,
0x000001ec02799000, 0x000001ec0279d800, 0x000001ec0279e000, 0x000001ec02798800,
0x000001ec0279f000, 0x000001ec0279a000, 0x000001ec0279b000, 0x000001ec04b91800,
0x000001ec04b92800, 0x000001ec04b90800, 0x000001ec04b93000, 0x000001ec04b94000,
0x000001ec04b90000
}

Java Threads: ( => current thread )
  0x000001ec64eef800 JavaThread "main" [_thread_blocked, id=15980, stack(0x0000000468300000,0x0000000468400000)]
  0x000001ec7f1f3000 JavaThread "Reference Handler" daemon [_thread_blocked, id=18088, stack(0x0000000468a00000,0x0000000468b00000)]
  0x000001ec7f1f6000 JavaThread "Finalizer" daemon [_thread_blocked, id=8864, stack(0x0000000468b00000,0x0000000468c00000)]
  0x000001ec7fb74000 JavaThread "Signal Dispatcher" daemon [_thread_blocked, id=3696, stack(0x0000000468c00000,0x0000000468d00000)]
  0x000001ec7fb75000 JavaThread "Attach Listener" daemon [_thread_blocked, id=1612, stack(0x0000000468d00000,0x0000000468e00000)]
=>0x000001ec7fb79000 JavaThread "C2 CompilerThread0" daemon [_thread_in_native, id=17744, stack(0x0000000468e00000,0x0000000468f00000)]
  0x000001ec7fb7c000 JavaThread "C1 CompilerThread0" daemon [_thread_in_native, id=14184, stack(0x0000000468f00000,0x0000000469000000)]
  0x000001ec7fb7d000 JavaThread "Sweeper thread" daemon [_thread_blocked, id=10824, stack(0x0000000469000000,0x0000000469100000)]
  0x000001ec7fcc3800 JavaThread "Common-Cleaner" daemon [_thread_blocked, id=7984, stack(0x0000000469100000,0x0000000469200000)]
  0x000001ec7fcd6800 JavaThread "Service Thread" daemon [_thread_blocked, id=15076, stack(0x0000000469200000,0x0000000469300000)]
  0x000001ec01bdd000 JavaThread "Daemon health stats" [_thread_blocked, id=16248, stack(0x0000000469700000,0x0000000469800000)]
  0x000001ec01788000 JavaThread "Incoming local TCP Connector on port 64333" [_thread_in_native, id=17960, stack(0x0000000469400000,0x0000000469500000)]
  0x000001ec0090a000 JavaThread "Daemon periodic checks" [_thread_blocked, id=13492, stack(0x0000000469800000,0x0000000469900000)]
  0x000001ec00e7d000 JavaThread "Daemon" [_thread_blocked, id=12604, stack(0x0000000469900000,0x0000000469a00000)]
  0x000001ec00e4a000 JavaThread "Handler for socket connection from /127.0.0.1:64333 to /127.0.0.1:64334" [_thread_in_native, id=9524, stack(0x0000000469a00000,0x0000000469b00000)]
  0x000001ec00e7f800 JavaThread "Cancel handler" [_thread_blocked, id=3296, stack(0x0000000469b00000,0x0000000469c00000)]
  0x000001ec013f8800 JavaThread "Daemon worker" [_thread_blocked, id=10516, stack(0x0000000469c00000,0x0000000469d00000)]
  0x000001ec01151000 JavaThread "Asynchronous log dispatcher for DefaultDaemonConnection: socket connection from /127.0.0.1:64333 to /127.0.0.1:64334" [_thread_blocked, id=13568, stack(0x0000000469d00000,0x0000000469e00000)]
  0x000001ec01152000 JavaThread "Stdin handler" [_thread_blocked, id=15684, stack(0x0000000469e00000,0x0000000469f00000)]
  0x000001ec012af000 JavaThread "Thread-8" [_thread_blocked, id=14712, stack(0x0000000469f00000,0x000000046a000000)]
  0x000001ec01d0f000 JavaThread "Cache worker for journal cache (C:\Users\Tayba\.gradle\caches\journal-1)" [_thread_blocked, id=18460, stack(0x000000046a000000,0x000000046a100000)]
  0x000001ec01d0b800 JavaThread "File lock request listener" [_thread_in_native, id=9996, stack(0x000000046a100000,0x000000046a200000)]
  0x000001ec01d0d800 JavaThread "Cache worker for file hash cache (C:\Users\Tayba\.gradle\caches\6.1.1\fileHashes)" [_thread_blocked, id=17844, stack(0x000000046a700000,0x000000046a800000)]
  0x000001ec01d0c800 JavaThread "Cache worker for checksums cache (C:\Users\Tayba\AndroidStudioProjects\newfitnessApp\.gradle\checksums)" [_thread_blocked, id=8712, stack(0x000000046aa00000,0x000000046ab00000)]
  0x000001ec01d10000 JavaThread "Cache worker for file hash cache (C:\Users\Tayba\AndroidStudioProjects\newfitnessApp\.gradle\6.1.1\fileHashes)" [_thread_blocked, id=11156, stack(0x000000046ab00000,0x000000046ac00000)]
  0x000001ec01d0a000 JavaThread "Cache worker for cache directory md-supplier (C:\Users\Tayba\.gradle\caches\6.1.1\md-supplier)" [_thread_blocked, id=15000, stack(0x000000046ac00000,0x000000046ad00000)]
  0x000001ec01d10800 JavaThread "Cache worker for cache directory md-rule (C:\Users\Tayba\.gradle\caches\6.1.1\md-rule)" [_thread_blocked, id=14588, stack(0x000000046ad00000,0x000000046ae00000)]
  0x000001ec01d0e000 JavaThread "Cache worker for execution history cache (C:\Users\Tayba\.gradle\caches\6.1.1\executionHistory)" [_thread_blocked, id=10172, stack(0x000000046ae00000,0x000000046af00000)]
  0x000001ec02792800 JavaThread "Build operations" [_thread_blocked, id=684, stack(0x000000046b000000,0x000000046b100000)]
  0x000001ec02796000 JavaThread "Build operations Thread 2" [_thread_blocked, id=9244, stack(0x000000046b100000,0x000000046b200000)]
  0x000001ec02794800 JavaThread "Build operations Thread 3" [_thread_blocked, id=10840, stack(0x000000046b200000,0x000000046b300000)]
  0x000001ec02795000 JavaThread "Build operations Thread 4" [_thread_blocked, id=552, stack(0x000000046b300000,0x000000046b400000)]
  0x000001ec02790000 JavaThread "Build operations Thread 5" [_thread_blocked, id=2536, stack(0x000000046b400000,0x000000046b500000)]
  0x000001ec02796800 JavaThread "Build operations Thread 6" [_thread_blocked, id=14540, stack(0x000000046b500000,0x000000046b600000)]
  0x000001ec02791000 JavaThread "Build operations Thread 7" [_thread_blocked, id=12908, stack(0x000000046b600000,0x000000046b700000)]
  0x000001ec02797800 JavaThread "Build operations Thread 8" [_thread_blocked, id=13856, stack(0x000000046b700000,0x000000046b800000)]
  0x000001ec0279c800 JavaThread "Cache worker for Build Output Cleanup Cache (C:\Users\Tayba\AndroidStudioProjects\newfitnessApp\.gradle\buildOutputCleanup)" [_thread_blocked, id=16200, stack(0x000000046a900000,0x000000046aa00000)]
  0x000001ec01f63800 JavaThread "C2 CompilerThread1" daemon [_thread_in_native, id=2748, stack(0x000000046af00000,0x000000046b000000)]
  0x000001ec02998000 JavaThread "C2 CompilerThread2" daemon [_thread_in_native, id=11752, stack(0x000000046b800000,0x000000046b900000)]
  0x000001ec0279b800 JavaThread "Memory manager" [_thread_blocked, id=9980, stack(0x000000046b900000,0x000000046ba00000)]
  0x000001ec02799000 JavaThread "Cache worker for file content cache (C:\Users\Tayba\.gradle\caches\6.1.1\fileContent)" [_thread_blocked, id=11392, stack(0x000000046ba00000,0x000000046bb00000)]
  0x000001ec0279d800 JavaThread "Cache worker for file content cache (C:\Users\Tayba\AndroidStudioProjects\newfitnessApp\.gradle\6.1.1\fileContent)" [_thread_blocked, id=9684, stack(0x000000046bb00000,0x000000046bc00000)]
  0x000001ec0279e000 JavaThread "Execution worker for ':'" [_thread_blocked, id=16168, stack(0x000000046bc00000,0x000000046bd00000)]
  0x000001ec02798800 JavaThread "Execution worker for ':' Thread 2" [_thread_in_Java, id=17092, stack(0x000000046bd00000,0x000000046be00000)]
  0x000001ec0279f000 JavaThread "Execution worker for ':' Thread 3" [_thread_blocked, id=19316, stack(0x000000046be00000,0x000000046bf00000)]
  0x000001ec0279a000 JavaThread "Execution worker for ':' Thread 4" [_thread_in_Java, id=18520, stack(0x000000046bf00000,0x000000046c000000)]
  0x000001ec0279b000 JavaThread "Execution worker for ':' Thread 5" [_thread_blocked, id=10016, stack(0x000000046c000000,0x000000046c100000)]
  0x000001ec04b91800 JavaThread "Execution worker for ':' Thread 6" [_thread_in_Java, id=19052, stack(0x000000046c100000,0x000000046c200000)]
  0x000001ec04b92800 JavaThread "Execution worker for ':' Thread 7" [_thread_in_Java, id=12000, stack(0x000000046c200000,0x000000046c300000)]
  0x000001ec04b90800 JavaThread "Cache worker for execution history cache (C:\Users\Tayba\AndroidStudioProjects\newfitnessApp\.gradle\6.1.1\executionHistory)" [_thread_blocked, id=9700, stack(0x000000046c300000,0x000000046c400000)]
  0x000001ec04b93000 JavaThread "pool-2-thread-1" [_thread_blocked, id=1404, stack(0x000000046c400000,0x000000046c500000)]
  0x000001ec04b94000 JavaThread "stderr" [_thread_in_native, id=8072, stack(0x000000046c500000,0x000000046c600000)]
  0x000001ec04b90000 JavaThread "stdout" [_thread_in_native, id=1160, stack(0x000000046c600000,0x000000046c700000)]

Other Threads:
  0x000001ec7f1ef000 VMThread "VM Thread" [stack: 0x0000000468900000,0x0000000468a00000] [id=10072]
  0x000001ec7fd12000 WatcherThread [stack: 0x0000000469300000,0x0000000469400000] [id=9968]
  0x000001ec64f01800 GCTaskThread "GC Thread#0" [stack: 0x0000000468400000,0x0000000468500000] [id=12512]
  0x000001ec00646800 GCTaskThread "GC Thread#1" [stack: 0x0000000469500000,0x0000000469600000] [id=5352]
  0x000001ec00896000 GCTaskThread "GC Thread#2" [stack: 0x0000000469600000,0x0000000469700000] [id=8784]
  0x000001ec00467800 GCTaskThread "GC Thread#3" [stack: 0x000000046a200000,0x000000046a300000] [id=17576]
  0x000001ec0100a800 GCTaskThread "GC Thread#4" [stack: 0x000000046a300000,0x000000046a400000] [id=2336]
  0x000001ec01613800 GCTaskThread "GC Thread#5" [stack: 0x000000046a400000,0x000000046a500000] [id=18428]
  0x000001ec01cb2800 GCTaskThread "GC Thread#6" [stack: 0x000000046a500000,0x000000046a600000] [id=4296]
  0x000001ec01cda800 GCTaskThread "GC Thread#7" [stack: 0x000000046a600000,0x000000046a700000] [id=12100]
  0x000001ec64f32800 ConcurrentGCThread "G1 Main Marker" [stack: 0x0000000468500000,0x0000000468600000] [id=6968]
  0x000001ec64f34800 ConcurrentGCThread "G1 Conc#0" [stack: 0x0000000468600000,0x0000000468700000] [id=9724]
  0x000001ec015f2000 ConcurrentGCThread "G1 Conc#1" [stack: 0x000000046a800000,0x000000046a900000] [id=11408]
  0x000001ec64fc9000 ConcurrentGCThread "G1 Refine#0" [stack: 0x0000000468700000,0x0000000468800000] [id=8304]
  0x000001ec7f040800 ConcurrentGCThread "G1 Young RemSet Sampling" [stack: 0x0000000468800000,0x0000000468900000] [id=16748]

Threads with active compile tasks:
C2 CompilerThread0  23272 11509       4       com.android.tools.r8.ir.conversion.o::a (1157 bytes)
C1 CompilerThread0  23272 12298       3       com.android.tools.r8.ir.optimize.l::a (681 bytes)
C2 CompilerThread1  23272 12094       4       com.android.tools.r8.ir.optimize.l::m (763 bytes)
C2 CompilerThread2  23272 11098 %     4       com.android.tools.r8.ir.regalloc.a::a @ 2151 (3993 bytes)

VM state:not at safepoint (normal execution)

VM Mutex/Monitor currently owned by a thread:  ([mutex/lock_event])
[0x000001ec64eeab20] CodeCache_lock - owner thread: 0x000001ec7fb7c000
[0x000001ec64eeb8f0] Compile_lock - owner thread: 0x000001ec7fb7c000
[0x000001ec64eec310] MethodCompileQueue_lock - owner thread: 0x000001ec7fb7c000

Heap address: 0x0000000080000000, size: 2048 MB, Compressed Oops mode: 32-bit
Narrow klass base: 0x0000000000000000, Narrow klass shift: 3
Compressed class space size: 1073741824 Address: 0x0000000100000000

Heap:
 garbage-first heap   total 273408K, used 199817K [0x0000000080000000, 0x0000000100000000)
  region size 1024K, 100 young (102400K), 8 survivors (8192K)
 Metaspace       used 82629K, capacity 84825K, committed 85148K, reserved 1122304K
  class space    used 10675K, capacity 11483K, committed 11596K, reserved 1048576K
Heap Regions: E=young(eden), S=young(survivor), O=old, HS=humongous(starts), HC=humongous(continues), CS=collection set, F=free, A=archive, TAMS=top-at-mark-start (previous, next)
|   0|0x0000000080000000, 0x0000000080100000, 0x0000000080100000|100%| O|  |TAMS 0x0000000080100000, 0x0000000080000000| Untracked 
|   1|0x0000000080100000, 0x0000000080200000, 0x0000000080200000|100%| O|  |TAMS 0x0000000080200000, 0x0000000080100000| Untracked 
|   2|0x0000000080200000, 0x0000000080300000, 0x0000000080300000|100%| O|  |TAMS 0x0000000080300000, 0x0000000080200000| Untracked 
|   3|0x0000000080300000, 0x0000000080400000, 0x0000000080400000|100%|HS|  |TAMS 0x0000000080400000, 0x0000000080300000| Complete 
|   4|0x0000000080400000, 0x0000000080500000, 0x0000000080500000|100%|HC|  |TAMS 0x0000000080500000, 0x0000000080400000| Complete 
|   5|0x0000000080500000, 0x0000000080600000, 0x0000000080600000|100%|HC|  |TAMS 0x0000000080600000, 0x0000000080500000| Complete 
|   6|0x0000000080600000, 0x0000000080700000, 0x0000000080700000|100%| O|  |TAMS 0x0000000080700000, 0x0000000080600000| Untracked 
|   7|0x0000000080700000, 0x0000000080800000, 0x0000000080800000|100%| O|  |TAMS 0x0000000080800000, 0x0000000080700000| Untracked 
|   8|0x0000000080800000, 0x0000000080900000, 0x0000000080900000|100%| O|  |TAMS 0x0000000080900000, 0x0000000080800000| Untracked 
|   9|0x0000000080900000, 0x0000000080a00000, 0x0000000080a00000|100%| O|  |TAMS 0x0000000080a00000, 0x0000000080900000| Untracked 
|  10|0x0000000080a00000, 0x0000000080b00000, 0x0000000080b00000|100%| O|  |TAMS 0x0000000080b00000, 0x0000000080a00000| Untracked 
|  11|0x0000000080b00000, 0x0000000080c00000, 0x0000000080c00000|100%| O|  |TAMS 0x0000000080c00000, 0x0000000080b00000| Untracked 
|  12|0x0000000080c00000, 0x0000000080d00000, 0x0000000080d00000|100%| O|  |TAMS 0x0000000080d00000, 0x0000000080c00000| Untracked 
|  13|0x0000000080d00000, 0x0000000080e00000, 0x0000000080e00000|100%| O|  |TAMS 0x0000000080e00000, 0x0000000080d00000| Untracked 
|  14|0x0000000080e00000, 0x0000000080f00000, 0x0000000080f00000|100%| O|  |TAMS 0x0000000080f00000, 0x0000000080e00000| Untracked 
|  15|0x0000000080f00000, 0x0000000081000000, 0x0000000081000000|100%|HS|  |TAMS 0x0000000081000000, 0x0000000080f00000| Complete 
|  16|0x0000000081000000, 0x0000000081100000, 0x0000000081100000|100%|HC|  |TAMS 0x0000000081100000, 0x0000000081000000| Complete 
|  17|0x0000000081100000, 0x0000000081200000, 0x0000000081200000|100%|HS|  |TAMS 0x0000000081200000, 0x0000000081100000| Complete 
|  18|0x0000000081200000, 0x0000000081300000, 0x0000000081300000|100%|HC|  |TAMS 0x0000000081300000, 0x0000000081200000| Complete 
|  19|0x0000000081300000, 0x0000000081400000, 0x0000000081400000|100%|HC|  |TAMS 0x0000000081400000, 0x0000000081300000| Complete 
|  20|0x0000000081400000, 0x0000000081500000, 0x0000000081500000|100%|HS|  |TAMS 0x0000000081500000, 0x0000000081400000| Complete 
|  21|0x0000000081500000, 0x0000000081600000, 0x0000000081600000|100%|HC|  |TAMS 0x0000000081600000, 0x0000000081500000| Complete 
|  22|0x0000000081600000, 0x0000000081700000, 0x0000000081700000|100%|HC|  |TAMS 0x0000000081700000, 0x0000000081600000| Complete 
|  23|0x0000000081700000, 0x0000000081800000, 0x0000000081800000|100%|HC|  |TAMS 0x0000000081800000, 0x0000000081700000| Complete 
|  24|0x0000000081800000, 0x0000000081900000, 0x0000000081900000|100%|HS|  |TAMS 0x0000000081900000, 0x0000000081800000| Complete 
|  25|0x0000000081900000, 0x0000000081a00000, 0x0000000081a00000|100%|HC|  |TAMS 0x0000000081a00000, 0x0000000081900000| Complete 
|  26|0x0000000081a00000, 0x0000000081b00000, 0x0000000081b00000|100%|HC|  |TAMS 0x0000000081b00000, 0x0000000081a00000| Complete 
|  27|0x0000000081b00000, 0x0000000081c00000, 0x0000000081c00000|100%| O|  |TAMS 0x0000000081c00000, 0x0000000081b00000| Untracked 
|  28|0x0000000081c00000, 0x0000000081d00000, 0x0000000081d00000|100%| O|  |TAMS 0x0000000081d00000, 0x0000000081c00000| Untracked 
|  29|0x0000000081d00000, 0x0000000081e00000, 0x0000000081e00000|100%| O|  |TAMS 0x0000000081e00000, 0x0000000081d00000| Untracked 
|  30|0x0000000081e00000, 0x0000000081f00000, 0x0000000081f00000|100%| O|  |TAMS 0x0000000081f00000, 0x0000000081e00000| Untracked 
|  31|0x0000000081f00000, 0x0000000082000000, 0x0000000082000000|100%| O|  |TAMS 0x0000000082000000, 0x0000000081f00000| Untracked 
|  32|0x0000000082000000, 0x0000000082100000, 0x0000000082100000|100%|HS|  |TAMS 0x0000000082100000, 0x0000000082000000| Complete 
|  33|0x0000000082100000, 0x0000000082200000, 0x0000000082200000|100%|HC|  |TAMS 0x0000000082200000, 0x0000000082100000| Complete 
|  34|0x0000000082200000, 0x0000000082300000, 0x0000000082300000|100%| O|  |TAMS 0x0000000082300000, 0x0000000082200000| Untracked 
|  35|0x0000000082300000, 0x0000000082400000, 0x0000000082400000|100%| O|  |TAMS 0x0000000082400000, 0x0000000082300000| Untracked 
|  36|0x0000000082400000, 0x0000000082500000, 0x0000000082500000|100%| O|  |TAMS 0x0000000082500000, 0x0000000082400000| Untracked 
|  37|0x0000000082500000, 0x0000000082600000, 0x0000000082600000|100%| O|  |TAMS 0x0000000082600000, 0x0000000082500000| Untracked 
|  38|0x0000000082600000, 0x0000000082700000, 0x0000000082700000|100%| O|  |TAMS 0x0000000082700000, 0x0000000082600000| Untracked 
|  39|0x0000000082700000, 0x0000000082800000, 0x0000000082800000|100%| O|  |TAMS 0x0000000082800000, 0x0000000082700000| Untracked 
|  40|0x0000000082800000, 0x0000000082900000, 0x0000000082900000|100%| O|  |TAMS 0x0000000082900000, 0x0000000082800000| Untracked 
|  41|0x0000000082900000, 0x0000000082a00000, 0x0000000082a00000|100%| O|  |TAMS 0x0000000082a00000, 0x0000000082900000| Untracked 
|  42|0x0000000082a00000, 0x0000000082b00000, 0x0000000082b00000|100%| O|  |TAMS 0x0000000082b00000, 0x0000000082a00000| Untracked 
|  43|0x0000000082b00000, 0x0000000082c00000, 0x0000000082c00000|100%| O|  |TAMS 0x0000000082c00000, 0x0000000082b00000| Untracked 
|  44|0x0000000082c00000, 0x0000000082d00000, 0x0000000082d00000|100%| O|  |TAMS 0x0000000082d00000, 0x0000000082c00000| Untracked 
|  45|0x0000000082d00000, 0x0000000082e00000, 0x0000000082e00000|100%| O|  |TAMS 0x0000000082e00000, 0x0000000082d00000| Untracked 
|  46|0x0000000082e00000, 0x0000000082f00000, 0x0000000082f00000|100%| O|  |TAMS 0x0000000082f00000, 0x0000000082e00000| Untracked 
|  47|0x0000000082f00000, 0x0000000083000000, 0x0000000083000000|100%| O|  |TAMS 0x0000000083000000, 0x0000000082f00000| Untracked 
|  48|0x0000000083000000, 0x0000000083100000, 0x0000000083100000|100%| O|  |TAMS 0x0000000083100000, 0x0000000083000000| Untracked 
|  49|0x0000000083100000, 0x0000000083200000, 0x0000000083200000|100%| O|  |TAMS 0x0000000083200000, 0x0000000083100000| Untracked 
|  50|0x0000000083200000, 0x0000000083300000, 0x0000000083300000|100%| O|  |TAMS 0x0000000083300000, 0x0000000083200000| Untracked 
|  51|0x0000000083300000, 0x0000000083400000, 0x0000000083400000|100%| O|  |TAMS 0x0000000083400000, 0x0000000083300000| Untracked 
|  52|0x0000000083400000, 0x0000000083500000, 0x0000000083500000|100%| O|  |TAMS 0x0000000083500000, 0x0000000083400000| Untracked 
|  53|0x0000000083500000, 0x0000000083600000, 0x0000000083600000|100%| O|  |TAMS 0x0000000083600000, 0x0000000083500000| Untracked 
|  54|0x0000000083600000, 0x0000000083700000, 0x0000000083700000|100%| O|  |TAMS 0x0000000083700000, 0x0000000083600000| Untracked 
|  55|0x0000000083700000, 0x0000000083800000, 0x0000000083800000|100%| O|  |TAMS 0x0000000083800000, 0x0000000083700000| Untracked 
|  56|0x0000000083800000, 0x0000000083900000, 0x0000000083900000|100%| O|  |TAMS 0x0000000083900000, 0x0000000083800000| Untracked 
|  57|0x0000000083900000, 0x0000000083a00000, 0x0000000083a00000|100%| O|  |TAMS 0x0000000083a00000, 0x0000000083900000| Untracked 
|  58|0x0000000083a00000, 0x0000000083b00000, 0x0000000083b00000|100%| O|  |TAMS 0x0000000083b00000, 0x0000000083a00000| Untracked 
|  59|0x0000000083b00000, 0x0000000083c00000, 0x0000000083c00000|100%| O|  |TAMS 0x0000000083c00000, 0x0000000083b00000| Untracked 
|  60|0x0000000083c00000, 0x0000000083d00000, 0x0000000083d00000|100%| O|  |TAMS 0x0000000083d00000, 0x0000000083c00000| Untracked 
|  61|0x0000000083d00000, 0x0000000083e00000, 0x0000000083e00000|100%| O|  |TAMS 0x0000000083e00000, 0x0000000083d00000| Untracked 
|  62|0x0000000083e00000, 0x0000000083f00000, 0x0000000083f00000|100%| O|  |TAMS 0x0000000083f00000, 0x0000000083e00000| Untracked 
|  63|0x0000000083f00000, 0x0000000084000000, 0x0000000084000000|100%| O|  |TAMS 0x0000000084000000, 0x0000000083f00000| Untracked 
|  64|0x0000000084000000, 0x0000000084100000, 0x0000000084100000|100%| O|  |TAMS 0x0000000084100000, 0x0000000084000000| Untracked 
|  65|0x0000000084100000, 0x0000000084200000, 0x0000000084200000|100%| O|  |TAMS 0x0000000084200000, 0x0000000084100000| Untracked 
|  66|0x0000000084200000, 0x0000000084300000, 0x0000000084300000|100%| O|  |TAMS 0x0000000084300000, 0x0000000084200000| Untracked 
|  67|0x0000000084300000, 0x0000000084400000, 0x0000000084400000|100%| O|  |TAMS 0x0000000084400000, 0x0000000084300000| Untracked 
|  68|0x0000000084400000, 0x0000000084500000, 0x0000000084500000|100%| O|  |TAMS 0x0000000084500000, 0x0000000084400000| Untracked 
|  69|0x0000000084500000, 0x0000000084600000, 0x0000000084600000|100%| O|  |TAMS 0x0000000084600000, 0x0000000084500000| Untracked 
|  70|0x0000000084600000, 0x0000000084700000, 0x0000000084700000|100%| O|  |TAMS 0x0000000084700000, 0x0000000084600000| Untracked 
|  71|0x0000000084700000, 0x0000000084800000, 0x0000000084800000|100%| O|  |TAMS 0x0000000084800000, 0x0000000084700000| Untracked 
|  72|0x0000000084800000, 0x0000000084900000, 0x0000000084900000|100%| O|  |TAMS 0x0000000084900000, 0x0000000084800000| Untracked 
|  73|0x0000000084900000, 0x0000000084a00000, 0x0000000084a00000|100%| O|  |TAMS 0x0000000084a00000, 0x0000000084900000| Untracked 
|  74|0x0000000084a00000, 0x0000000084b00000, 0x0000000084b00000|100%| O|  |TAMS 0x0000000084b00000, 0x0000000084a00000| Untracked 
|  75|0x0000000084b00000, 0x0000000084c00000, 0x0000000084c00000|100%| O|  |TAMS 0x0000000084c00000, 0x0000000084b00000| Untracked 
|  76|0x0000000084c00000, 0x0000000084d00000, 0x0000000084d00000|100%| O|  |TAMS 0x0000000084d00000, 0x0000000084c00000| Untracked 
|  77|0x0000000084d00000, 0x0000000084e00000, 0x0000000084e00000|100%| O|  |TAMS 0x0000000084e00000, 0x0000000084d00000| Untracked 
|  78|0x0000000084e00000, 0x0000000084f00000, 0x0000000084f00000|100%| O|  |TAMS 0x0000000084f00000, 0x0000000084e00000| Untracked 
|  79|0x0000000084f00000, 0x0000000085000000, 0x0000000085000000|100%| O|  |TAMS 0x0000000085000000, 0x0000000084f00000| Untracked 
|  80|0x0000000085000000, 0x0000000085100000, 0x0000000085100000|100%| O|  |TAMS 0x0000000085100000, 0x0000000085000000| Untracked 
|  81|0x0000000085100000, 0x0000000085200000, 0x0000000085200000|100%| O|  |TAMS 0x0000000085200000, 0x0000000085100000| Untracked 
|  82|0x0000000085200000, 0x0000000085300000, 0x0000000085300000|100%| O|  |TAMS 0x0000000085300000, 0x0000000085200000| Untracked 
|  83|0x0000000085300000, 0x0000000085400000, 0x0000000085400000|100%| O|  |TAMS 0x0000000085400000, 0x0000000085300000| Untracked 
|  84|0x0000000085400000, 0x0000000085500000, 0x0000000085500000|100%| O|  |TAMS 0x0000000085500000, 0x0000000085400000| Untracked 
|  85|0x0000000085500000, 0x0000000085600000, 0x0000000085600000|100%| O|  |TAMS 0x0000000085600000, 0x0000000085500000| Untracked 
|  86|0x0000000085600000, 0x0000000085700000, 0x0000000085700000|100%| O|  |TAMS 0x0000000085700000, 0x0000000085600000| Untracked 
|  87|0x0000000085700000, 0x0000000085800000, 0x0000000085800000|100%| O|  |TAMS 0x0000000085800000, 0x0000000085700000| Untracked 
|  88|0x0000000085800000, 0x0000000085900000, 0x0000000085900000|100%| O|  |TAMS 0x0000000085900000, 0x0000000085800000| Untracked 
|  89|0x0000000085900000, 0x0000000085a00000, 0x0000000085a00000|100%| O|  |TAMS 0x0000000085a00000, 0x0000000085900000| Untracked 
|  90|0x0000000085a00000, 0x0000000085b00000, 0x0000000085b00000|100%| O|  |TAMS 0x0000000085b00000, 0x0000000085a00000| Untracked 
|  91|0x0000000085b00000, 0x0000000085c00000, 0x0000000085c00000|100%| O|  |TAMS 0x0000000085c00000, 0x0000000085b00000| Untracked 
|  92|0x0000000085c00000, 0x0000000085d00000, 0x0000000085d00000|100%| O|  |TAMS 0x0000000085d00000, 0x0000000085c00000| Untracked 
|  93|0x0000000085d00000, 0x0000000085e00000, 0x0000000085e00000|100%| O|  |TAMS 0x0000000085e00000, 0x0000000085d00000| Untracked 
|  94|0x0000000085e00000, 0x0000000085f00000, 0x0000000085f00000|100%| O|  |TAMS 0x0000000085f00000, 0x0000000085e00000| Untracked 
|  95|0x0000000085f00000, 0x0000000086000000, 0x0000000086000000|100%| O|  |TAMS 0x0000000085f7a400, 0x0000000085f00000| Untracked 
|  96|0x0000000086000000, 0x00000000860fdc00, 0x0000000086100000| 99%| O|  |TAMS 0x0000000086000000, 0x0000000086000000| Untracked 
|  97|0x0000000086100000, 0x0000000086100000, 0x0000000086200000|  0%| F|  |TAMS 0x0000000086100000, 0x0000000086100000| Untracked 
|  98|0x0000000086200000, 0x0000000086200000, 0x0000000086300000|  0%| F|  |TAMS 0x0000000086200000, 0x0000000086200000| Untracked 
|  99|0x0000000086300000, 0x0000000086300000, 0x0000000086400000|  0%| F|  |TAMS 0x0000000086300000, 0x0000000086300000| Untracked 
| 100|0x0000000086400000, 0x0000000086400000, 0x0000000086500000|  0%| F|  |TAMS 0x0000000086400000, 0x0000000086400000| Untracked 
| 101|0x0000000086500000, 0x0000000086500000, 0x0000000086600000|  0%| F|  |TAMS 0x0000000086500000, 0x0000000086500000| Untracked 
| 102|0x0000000086600000, 0x0000000086600000, 0x0000000086700000|  0%| F|  |TAMS 0x0000000086600000, 0x0000000086600000| Untracked 
| 103|0x0000000086700000, 0x0000000086700000, 0x0000000086800000|  0%| F|  |TAMS 0x0000000086700000, 0x0000000086700000| Untracked 
| 104|0x0000000086800000, 0x0000000086800000, 0x0000000086900000|  0%| F|  |TAMS 0x0000000086800000, 0x0000000086800000| Untracked 
| 105|0x0000000086900000, 0x0000000086900000, 0x0000000086a00000|  0%| F|  |TAMS 0x0000000086900000, 0x0000000086900000| Untracked 
| 106|0x0000000086a00000, 0x0000000086a00000, 0x0000000086b00000|  0%| F|  |TAMS 0x0000000086a00000, 0x0000000086a00000| Untracked 
| 107|0x0000000086b00000, 0x0000000086b00000, 0x0000000086c00000|  0%| F|  |TAMS 0x0000000086b00000, 0x0000000086b00000| Untracked 
| 108|0x0000000086c00000, 0x0000000086c00000, 0x0000000086d00000|  0%| F|  |TAMS 0x0000000086c00000, 0x0000000086c00000| Untracked 
| 109|0x0000000086d00000, 0x0000000086d00000, 0x0000000086e00000|  0%| F|  |TAMS 0x0000000086d00000, 0x0000000086d00000| Untracked 
| 110|0x0000000086e00000, 0x0000000086e00000, 0x0000000086f00000|  0%| F|  |TAMS 0x0000000086e00000, 0x0000000086e00000| Untracked 
| 111|0x0000000086f00000, 0x0000000086f00000, 0x0000000087000000|  0%| F|  |TAMS 0x0000000086f00000, 0x0000000086f00000| Untracked 
| 112|0x0000000087000000, 0x0000000087000000, 0x0000000087100000|  0%| F|  |TAMS 0x0000000087000000, 0x0000000087000000| Untracked 
| 113|0x0000000087100000, 0x0000000087100000, 0x0000000087200000|  0%| F|  |TAMS 0x0000000087100000, 0x0000000087100000| Untracked 
| 114|0x0000000087200000, 0x0000000087200000, 0x0000000087300000|  0%| F|  |TAMS 0x0000000087200000, 0x0000000087200000| Untracked 
| 115|0x0000000087300000, 0x0000000087300000, 0x0000000087400000|  0%| F|  |TAMS 0x0000000087300000, 0x0000000087300000| Untracked 
| 116|0x0000000087400000, 0x0000000087400000, 0x0000000087500000|  0%| F|  |TAMS 0x0000000087400000, 0x0000000087400000| Untracked 
| 117|0x0000000087500000, 0x0000000087500000, 0x0000000087600000|  0%| F|  |TAMS 0x0000000087500000, 0x0000000087500000| Untracked 
| 118|0x0000000087600000, 0x0000000087600000, 0x0000000087700000|  0%| F|  |TAMS 0x0000000087600000, 0x0000000087600000| Untracked 
| 119|0x0000000087700000, 0x0000000087700000, 0x0000000087800000|  0%| F|  |TAMS 0x0000000087700000, 0x0000000087700000| Untracked 
| 120|0x0000000087800000, 0x0000000087800000, 0x0000000087900000|  0%| F|  |TAMS 0x0000000087800000, 0x0000000087800000| Untracked 
| 121|0x0000000087900000, 0x0000000087900000, 0x0000000087a00000|  0%| F|  |TAMS 0x0000000087900000, 0x0000000087900000| Untracked 
| 122|0x0000000087a00000, 0x0000000087a00000, 0x0000000087b00000|  0%| F|  |TAMS 0x0000000087a00000, 0x0000000087a00000| Untracked 
| 123|0x0000000087b00000, 0x0000000087b00000, 0x0000000087c00000|  0%| F|  |TAMS 0x0000000087b00000, 0x0000000087b00000| Untracked 
| 124|0x0000000087c00000, 0x0000000087c00000, 0x0000000087d00000|  0%| F|  |TAMS 0x0000000087c00000, 0x0000000087c00000| Untracked 
| 125|0x0000000087d00000, 0x0000000087d00000, 0x0000000087e00000|  0%| F|  |TAMS 0x0000000087d00000, 0x0000000087d00000| Untracked 
| 126|0x0000000087e00000, 0x0000000087e00000, 0x0000000087f00000|  0%| F|  |TAMS 0x0000000087e00000, 0x0000000087e00000| Untracked 
| 127|0x0000000087f00000, 0x0000000087f00000, 0x0000000088000000|  0%| F|  |TAMS 0x0000000087f00000, 0x0000000087f00000| Untracked 
| 128|0x0000000088000000, 0x0000000088000000, 0x0000000088100000|  0%| F|  |TAMS 0x0000000088000000, 0x0000000088000000| Untracked 
| 129|0x0000000088100000, 0x0000000088100000, 0x0000000088200000|  0%| F|  |TAMS 0x0000000088100000, 0x0000000088100000| Untracked 
| 130|0x0000000088200000, 0x0000000088224bc0, 0x0000000088300000| 14%| S|CS|TAMS 0x0000000088200000, 0x0000000088200000| Complete 
| 131|0x0000000088300000, 0x0000000088400000, 0x0000000088400000|100%| S|CS|TAMS 0x0000000088300000, 0x0000000088300000| Complete 
| 132|0x0000000088400000, 0x0000000088500000, 0x0000000088500000|100%| S|CS|TAMS 0x0000000088400000, 0x0000000088400000| Complete 
| 133|0x0000000088500000, 0x0000000088600000, 0x0000000088600000|100%| S|CS|TAMS 0x0000000088500000, 0x0000000088500000| Complete 
| 134|0x0000000088600000, 0x0000000088700000, 0x0000000088700000|100%| S|CS|TAMS 0x0000000088600000, 0x0000000088600000| Complete 
| 135|0x0000000088700000, 0x0000000088800000, 0x0000000088800000|100%| S|CS|TAMS 0x0000000088700000, 0x0000000088700000| Complete 
| 136|0x0000000088800000, 0x0000000088900000, 0x0000000088900000|100%| S|CS|TAMS 0x0000000088800000, 0x0000000088800000| Complete 
| 137|0x0000000088900000, 0x0000000088a00000, 0x0000000088a00000|100%| S|CS|TAMS 0x0000000088900000, 0x0000000088900000| Complete 
| 138|0x0000000088a00000, 0x0000000088a00000, 0x0000000088b00000|  0%| F|  |TAMS 0x0000000088a00000, 0x0000000088a00000| Untracked 
| 139|0x0000000088b00000, 0x0000000088b00000, 0x0000000088c00000|  0%| F|  |TAMS 0x0000000088b00000, 0x0000000088b00000| Untracked 
| 140|0x0000000088c00000, 0x0000000088c00000, 0x0000000088d00000|  0%| F|  |TAMS 0x0000000088c00000, 0x0000000088c00000| Untracked 
| 141|0x0000000088d00000, 0x0000000088d00000, 0x0000000088e00000|  0%| F|  |TAMS 0x0000000088d00000, 0x0000000088d00000| Untracked 
| 142|0x0000000088e00000, 0x0000000088e00000, 0x0000000088f00000|  0%| F|  |TAMS 0x0000000088e00000, 0x0000000088e00000| Untracked 
| 143|0x0000000088f00000, 0x0000000088f00000, 0x0000000089000000|  0%| F|  |TAMS 0x0000000088f00000, 0x0000000088f00000| Untracked 
| 144|0x0000000089000000, 0x0000000089000000, 0x0000000089100000|  0%| F|  |TAMS 0x0000000089000000, 0x0000000089000000| Untracked 
| 145|0x0000000089100000, 0x0000000089100000, 0x0000000089200000|  0%| F|  |TAMS 0x0000000089100000, 0x0000000089100000| Untracked 
| 146|0x0000000089200000, 0x0000000089200000, 0x0000000089300000|  0%| F|  |TAMS 0x0000000089200000, 0x0000000089200000| Untracked 
| 147|0x0000000089300000, 0x0000000089300000, 0x0000000089400000|  0%| F|  |TAMS 0x0000000089300000, 0x0000000089300000| Untracked 
| 148|0x0000000089400000, 0x0000000089400000, 0x0000000089500000|  0%| F|  |TAMS 0x0000000089400000, 0x0000000089400000| Untracked 
| 149|0x0000000089500000, 0x0000000089500000, 0x0000000089600000|  0%| F|  |TAMS 0x0000000089500000, 0x0000000089500000| Untracked 
| 150|0x0000000089600000, 0x0000000089600000, 0x0000000089700000|  0%| F|  |TAMS 0x0000000089600000, 0x0000000089600000| Untracked 
| 151|0x0000000089700000, 0x0000000089700000, 0x0000000089800000|  0%| F|  |TAMS 0x0000000089700000, 0x0000000089700000| Untracked 
| 152|0x0000000089800000, 0x0000000089800000, 0x0000000089900000|  0%| F|  |TAMS 0x0000000089800000, 0x0000000089800000| Untracked 
| 153|0x0000000089900000, 0x0000000089900000, 0x0000000089a00000|  0%| F|  |TAMS 0x0000000089900000, 0x0000000089900000| Untracked 
| 154|0x0000000089a00000, 0x0000000089a00000, 0x0000000089b00000|  0%| F|  |TAMS 0x0000000089a00000, 0x0000000089a00000| Untracked 
| 155|0x0000000089b00000, 0x0000000089b00000, 0x0000000089c00000|  0%| F|  |TAMS 0x0000000089b00000, 0x0000000089b00000| Untracked 
| 156|0x0000000089c00000, 0x0000000089c00000, 0x0000000089d00000|  0%| F|  |TAMS 0x0000000089c00000, 0x0000000089c00000| Untracked 
| 157|0x0000000089d00000, 0x0000000089d00000, 0x0000000089e00000|  0%| F|  |TAMS 0x0000000089d00000, 0x0000000089d00000| Untracked 
| 158|0x0000000089e00000, 0x0000000089e00000, 0x0000000089f00000|  0%| F|  |TAMS 0x0000000089e00000, 0x0000000089e00000| Untracked 
| 159|0x0000000089f00000, 0x0000000089f00000, 0x000000008a000000|  0%| F|  |TAMS 0x0000000089f00000, 0x0000000089f00000| Untracked 
| 160|0x000000008a000000, 0x000000008a000000, 0x000000008a100000|  0%| F|  |TAMS 0x000000008a000000, 0x000000008a000000| Untracked 
| 161|0x000000008a100000, 0x000000008a100000, 0x000000008a200000|  0%| F|  |TAMS 0x000000008a100000, 0x000000008a100000| Untracked 
| 162|0x000000008a200000, 0x000000008a200000, 0x000000008a300000|  0%| F|  |TAMS 0x000000008a200000, 0x000000008a200000| Untracked 
| 163|0x000000008a300000, 0x000000008a300000, 0x000000008a400000|  0%| F|  |TAMS 0x000000008a300000, 0x000000008a300000| Untracked 
| 164|0x000000008a400000, 0x000000008a400000, 0x000000008a500000|  0%| F|  |TAMS 0x000000008a400000, 0x000000008a400000| Untracked 
| 165|0x000000008a500000, 0x000000008a500000, 0x000000008a600000|  0%| F|  |TAMS 0x000000008a500000, 0x000000008a500000| Untracked 
| 166|0x000000008a600000, 0x000000008a600000, 0x000000008a700000|  0%| F|  |TAMS 0x000000008a600000, 0x000000008a600000| Untracked 
| 167|0x000000008a700000, 0x000000008a700000, 0x000000008a800000|  0%| F|  |TAMS 0x000000008a700000, 0x000000008a700000| Untracked 
| 168|0x000000008a800000, 0x000000008a800000, 0x000000008a900000|  0%| F|  |TAMS 0x000000008a800000, 0x000000008a800000| Untracked 
| 169|0x000000008a900000, 0x000000008a900000, 0x000000008aa00000|  0%| F|  |TAMS 0x000000008a900000, 0x000000008a900000| Untracked 
| 170|0x000000008aa00000, 0x000000008aa73230, 0x000000008ab00000| 44%| E|  |TAMS 0x000000008aa00000, 0x000000008aa00000| Complete 
| 171|0x000000008ab00000, 0x000000008ac00000, 0x000000008ac00000|100%| E|CS|TAMS 0x000000008ab00000, 0x000000008ab00000| Complete 
| 172|0x000000008ac00000, 0x000000008ad00000, 0x000000008ad00000|100%| E|CS|TAMS 0x000000008ac00000, 0x000000008ac00000| Complete 
| 173|0x000000008ad00000, 0x000000008ae00000, 0x000000008ae00000|100%| E|CS|TAMS 0x000000008ad00000, 0x000000008ad00000| Complete 
| 174|0x000000008ae00000, 0x000000008af00000, 0x000000008af00000|100%| E|CS|TAMS 0x000000008ae00000, 0x000000008ae00000| Complete 
| 175|0x000000008af00000, 0x000000008b000000, 0x000000008b000000|100%| E|CS|TAMS 0x000000008af00000, 0x000000008af00000| Complete 
| 176|0x000000008b000000, 0x000000008b100000, 0x000000008b100000|100%| E|CS|TAMS 0x000000008b000000, 0x000000008b000000| Complete 
| 177|0x000000008b100000, 0x000000008b200000, 0x000000008b200000|100%| E|CS|TAMS 0x000000008b100000, 0x000000008b100000| Complete 
| 178|0x000000008b200000, 0x000000008b300000, 0x000000008b300000|100%| E|CS|TAMS 0x000000008b200000, 0x000000008b200000| Complete 
| 179|0x000000008b300000, 0x000000008b400000, 0x000000008b400000|100%| E|CS|TAMS 0x000000008b300000, 0x000000008b300000| Complete 
| 180|0x000000008b400000, 0x000000008b500000, 0x000000008b500000|100%| E|CS|TAMS 0x000000008b400000, 0x000000008b400000| Complete 
| 181|0x000000008b500000, 0x000000008b600000, 0x000000008b600000|100%| E|CS|TAMS 0x000000008b500000, 0x000000008b500000| Complete 
| 182|0x000000008b600000, 0x000000008b700000, 0x000000008b700000|100%| E|CS|TAMS 0x000000008b600000, 0x000000008b600000| Complete 
| 183|0x000000008b700000, 0x000000008b800000, 0x000000008b800000|100%| E|CS|TAMS 0x000000008b700000, 0x000000008b700000| Complete 
| 184|0x000000008b800000, 0x000000008b900000, 0x000000008b900000|100%| E|CS|TAMS 0x000000008b800000, 0x000000008b800000| Complete 
| 185|0x000000008b900000, 0x000000008ba00000, 0x000000008ba00000|100%| E|CS|TAMS 0x000000008b900000, 0x000000008b900000| Complete 
| 186|0x000000008ba00000, 0x000000008bb00000, 0x000000008bb00000|100%| E|CS|TAMS 0x000000008ba00000, 0x000000008ba00000| Complete 
| 187|0x000000008bb00000, 0x000000008bc00000, 0x000000008bc00000|100%| E|CS|TAMS 0x000000008bb00000, 0x000000008bb00000| Complete 
| 188|0x000000008bc00000, 0x000000008bd00000, 0x000000008bd00000|100%| E|CS|TAMS 0x000000008bc00000, 0x000000008bc00000| Complete 
| 189|0x000000008bd00000, 0x000000008be00000, 0x000000008be00000|100%| E|CS|TAMS 0x000000008bd00000, 0x000000008bd00000| Complete 
| 190|0x000000008be00000, 0x000000008bf00000, 0x000000008bf00000|100%| E|CS|TAMS 0x000000008be00000, 0x000000008be00000| Complete 
| 191|0x000000008bf00000, 0x000000008c000000, 0x000000008c000000|100%| E|CS|TAMS 0x000000008bf00000, 0x000000008bf00000| Complete 
| 192|0x000000008c000000, 0x000000008c100000, 0x000000008c100000|100%| E|CS|TAMS 0x000000008c000000, 0x000000008c000000| Complete 
| 193|0x000000008c100000, 0x000000008c200000, 0x000000008c200000|100%| E|CS|TAMS 0x000000008c100000, 0x000000008c100000| Complete 
| 194|0x000000008c200000, 0x000000008c300000, 0x000000008c300000|100%| E|CS|TAMS 0x000000008c200000, 0x000000008c200000| Complete 
| 195|0x000000008c300000, 0x000000008c400000, 0x000000008c400000|100%| E|CS|TAMS 0x000000008c300000, 0x000000008c300000| Complete 
| 196|0x000000008c400000, 0x000000008c500000, 0x000000008c500000|100%| E|CS|TAMS 0x000000008c400000, 0x000000008c400000| Complete 
| 197|0x000000008c500000, 0x000000008c600000, 0x000000008c600000|100%| E|CS|TAMS 0x000000008c500000, 0x000000008c500000| Complete 
| 198|0x000000008c600000, 0x000000008c700000, 0x000000008c700000|100%| E|CS|TAMS 0x000000008c600000, 0x000000008c600000| Complete 
| 199|0x000000008c700000, 0x000000008c800000, 0x000000008c800000|100%| E|CS|TAMS 0x000000008c700000, 0x000000008c700000| Complete 
| 200|0x000000008c800000, 0x000000008c900000, 0x000000008c900000|100%| E|CS|TAMS 0x000000008c800000, 0x000000008c800000| Complete 
| 201|0x000000008c900000, 0x000000008ca00000, 0x000000008ca00000|100%| E|CS|TAMS 0x000000008c900000, 0x000000008c900000| Complete 
| 202|0x000000008ca00000, 0x000000008cb00000, 0x000000008cb00000|100%| E|CS|TAMS 0x000000008ca00000, 0x000000008ca00000| Complete 
| 203|0x000000008cb00000, 0x000000008cc00000, 0x000000008cc00000|100%| E|CS|TAMS 0x000000008cb00000, 0x000000008cb00000| Complete 
| 204|0x000000008cc00000, 0x000000008cd00000, 0x000000008cd00000|100%| E|CS|TAMS 0x000000008cc00000, 0x000000008cc00000| Complete 
| 205|0x000000008cd00000, 0x000000008ce00000, 0x000000008ce00000|100%| E|CS|TAMS 0x000000008cd00000, 0x000000008cd00000| Complete 
| 206|0x000000008ce00000, 0x000000008cf00000, 0x000000008cf00000|100%| E|CS|TAMS 0x000000008ce00000, 0x000000008ce00000| Complete 
| 207|0x000000008cf00000, 0x000000008d000000, 0x000000008d000000|100%| E|CS|TAMS 0x000000008cf00000, 0x000000008cf00000| Complete 
| 208|0x000000008d000000, 0x000000008d100000, 0x000000008d100000|100%| E|CS|TAMS 0x000000008d000000, 0x000000008d000000| Complete 
| 209|0x000000008d100000, 0x000000008d200000, 0x000000008d200000|100%| E|CS|TAMS 0x000000008d100000, 0x000000008d100000| Complete 
| 210|0x000000008d200000, 0x000000008d300000, 0x000000008d300000|100%| E|CS|TAMS 0x000000008d200000, 0x000000008d200000| Complete 
| 211|0x000000008d300000, 0x000000008d400000, 0x000000008d400000|100%| E|CS|TAMS 0x000000008d300000, 0x000000008d300000| Complete 
| 212|0x000000008d400000, 0x000000008d500000, 0x000000008d500000|100%| E|CS|TAMS 0x000000008d400000, 0x000000008d400000| Complete 
| 213|0x000000008d500000, 0x000000008d600000, 0x000000008d600000|100%| E|CS|TAMS 0x000000008d500000, 0x000000008d500000| Complete 
| 214|0x000000008d600000, 0x000000008d700000, 0x000000008d700000|100%| E|CS|TAMS 0x000000008d600000, 0x000000008d600000| Complete 
| 215|0x000000008d700000, 0x000000008d800000, 0x000000008d800000|100%| E|CS|TAMS 0x000000008d700000, 0x000000008d700000| Complete 
| 216|0x000000008d800000, 0x000000008d900000, 0x000000008d900000|100%| E|CS|TAMS 0x000000008d800000, 0x000000008d800000| Complete 
| 217|0x000000008d900000, 0x000000008da00000, 0x000000008da00000|100%| E|CS|TAMS 0x000000008d900000, 0x000000008d900000| Complete 
| 218|0x000000008da00000, 0x000000008db00000, 0x000000008db00000|100%| E|CS|TAMS 0x000000008da00000, 0x000000008da00000| Complete 
| 219|0x000000008db00000, 0x000000008dc00000, 0x000000008dc00000|100%| E|CS|TAMS 0x000000008db00000, 0x000000008db00000| Complete 
| 220|0x000000008dc00000, 0x000000008dd00000, 0x000000008dd00000|100%| E|CS|TAMS 0x000000008dc00000, 0x000000008dc00000| Complete 
| 221|0x000000008dd00000, 0x000000008de00000, 0x000000008de00000|100%| E|CS|TAMS 0x000000008dd00000, 0x000000008dd00000| Complete 
| 222|0x000000008de00000, 0x000000008df00000, 0x000000008df00000|100%| E|CS|TAMS 0x000000008de00000, 0x000000008de00000| Complete 
| 223|0x000000008df00000, 0x000000008e000000, 0x000000008e000000|100%| E|CS|TAMS 0x000000008df00000, 0x000000008df00000| Complete 
| 224|0x000000008e000000, 0x000000008e100000, 0x000000008e100000|100%| E|CS|TAMS 0x000000008e000000, 0x000000008e000000| Complete 
| 225|0x000000008e100000, 0x000000008e200000, 0x000000008e200000|100%| E|CS|TAMS 0x000000008e100000, 0x000000008e100000| Complete 
| 226|0x000000008e200000, 0x000000008e300000, 0x000000008e300000|100%| E|CS|TAMS 0x000000008e200000, 0x000000008e200000| Complete 
| 227|0x000000008e300000, 0x000000008e400000, 0x000000008e400000|100%| E|CS|TAMS 0x000000008e300000, 0x000000008e300000| Complete 
| 228|0x000000008e400000, 0x000000008e500000, 0x000000008e500000|100%| E|CS|TAMS 0x000000008e400000, 0x000000008e400000| Complete 
| 229|0x000000008e500000, 0x000000008e600000, 0x000000008e600000|100%| E|CS|TAMS 0x000000008e500000, 0x000000008e500000| Complete 
| 230|0x000000008e600000, 0x000000008e700000, 0x000000008e700000|100%| E|CS|TAMS 0x000000008e600000, 0x000000008e600000| Complete 
| 231|0x000000008e700000, 0x000000008e800000, 0x000000008e800000|100%| E|CS|TAMS 0x000000008e700000, 0x000000008e700000| Complete 
| 232|0x000000008e800000, 0x000000008e900000, 0x000000008e900000|100%| E|CS|TAMS 0x000000008e800000, 0x000000008e800000| Complete 
| 233|0x000000008e900000, 0x000000008ea00000, 0x000000008ea00000|100%| E|CS|TAMS 0x000000008e900000, 0x000000008e900000| Complete 
| 234|0x000000008ea00000, 0x000000008eb00000, 0x000000008eb00000|100%| E|CS|TAMS 0x000000008ea00000, 0x000000008ea00000| Complete 
| 235|0x000000008eb00000, 0x000000008ec00000, 0x000000008ec00000|100%| E|CS|TAMS 0x000000008eb00000, 0x000000008eb00000| Complete 
| 236|0x000000008ec00000, 0x000000008ed00000, 0x000000008ed00000|100%| E|CS|TAMS 0x000000008ec00000, 0x000000008ec00000| Complete 
| 237|0x000000008ed00000, 0x000000008ee00000, 0x000000008ee00000|100%| E|CS|TAMS 0x000000008ed00000, 0x000000008ed00000| Complete 
| 238|0x000000008ee00000, 0x000000008ef00000, 0x000000008ef00000|100%| E|CS|TAMS 0x000000008ee00000, 0x000000008ee00000| Complete 
| 239|0x000000008ef00000, 0x000000008f000000, 0x000000008f000000|100%| E|CS|TAMS 0x000000008ef00000, 0x000000008ef00000| Complete 
| 240|0x000000008f000000, 0x000000008f100000, 0x000000008f100000|100%| E|CS|TAMS 0x000000008f000000, 0x000000008f000000| Complete 
| 241|0x000000008f100000, 0x000000008f200000, 0x000000008f200000|100%| E|CS|TAMS 0x000000008f100000, 0x000000008f100000| Complete 
| 242|0x000000008f200000, 0x000000008f300000, 0x000000008f300000|100%| E|CS|TAMS 0x000000008f200000, 0x000000008f200000| Complete 
| 243|0x000000008f300000, 0x000000008f400000, 0x000000008f400000|100%| E|CS|TAMS 0x000000008f300000, 0x000000008f300000| Complete 
| 244|0x000000008f400000, 0x000000008f500000, 0x000000008f500000|100%| E|CS|TAMS 0x000000008f400000, 0x000000008f400000| Complete 
| 245|0x000000008f500000, 0x000000008f600000, 0x000000008f600000|100%| E|CS|TAMS 0x000000008f500000, 0x000000008f500000| Complete 
| 246|0x000000008f600000, 0x000000008f700000, 0x000000008f700000|100%| E|CS|TAMS 0x000000008f600000, 0x000000008f600000| Complete 
| 247|0x000000008f700000, 0x000000008f800000, 0x000000008f800000|100%| E|CS|TAMS 0x000000008f700000, 0x000000008f700000| Complete 
| 248|0x000000008f800000, 0x000000008f900000, 0x000000008f900000|100%| E|CS|TAMS 0x000000008f800000, 0x000000008f800000| Complete 
| 249|0x000000008f900000, 0x000000008fa00000, 0x000000008fa00000|100%| E|CS|TAMS 0x000000008f900000, 0x000000008f900000| Complete 
| 250|0x000000008fa00000, 0x000000008fb00000, 0x000000008fb00000|100%| E|CS|TAMS 0x000000008fa00000, 0x000000008fa00000| Complete 
| 251|0x000000008fb00000, 0x000000008fc00000, 0x000000008fc00000|100%| E|CS|TAMS 0x000000008fb00000, 0x000000008fb00000| Complete 
| 252|0x000000008fc00000, 0x000000008fd00000, 0x000000008fd00000|100%| E|CS|TAMS 0x000000008fc00000, 0x000000008fc00000| Complete 
| 253|0x000000008fd00000, 0x000000008fe00000, 0x000000008fe00000|100%| E|CS|TAMS 0x000000008fd00000, 0x000000008fd00000| Complete 
| 254|0x000000008fe00000, 0x000000008ff00000, 0x000000008ff00000|100%| E|CS|TAMS 0x000000008fe00000, 0x000000008fe00000| Complete 
| 255|0x000000008ff00000, 0x0000000090000000, 0x0000000090000000|100%| E|CS|TAMS 0x000000008ff00000, 0x000000008ff00000| Complete 
| 256|0x0000000090000000, 0x0000000090100000, 0x0000000090100000|100%| E|CS|TAMS 0x0000000090000000, 0x0000000090000000| Complete 
| 257|0x0000000090100000, 0x0000000090200000, 0x0000000090200000|100%| E|CS|TAMS 0x0000000090100000, 0x0000000090100000| Complete 
| 258|0x0000000090200000, 0x0000000090300000, 0x0000000090300000|100%| E|CS|TAMS 0x0000000090200000, 0x0000000090200000| Complete 
| 259|0x0000000090300000, 0x0000000090400000, 0x0000000090400000|100%| E|CS|TAMS 0x0000000090300000, 0x0000000090300000| Complete 
| 260|0x0000000090400000, 0x0000000090500000, 0x0000000090500000|100%| E|CS|TAMS 0x0000000090400000, 0x0000000090400000| Complete 
| 261|0x0000000090500000, 0x0000000090600000, 0x0000000090600000|100%| E|CS|TAMS 0x0000000090500000, 0x0000000090500000| Complete 
| 262|0x0000000090600000, 0x0000000090700000, 0x0000000090700000|100%| E|CS|TAMS 0x0000000090600000, 0x0000000090600000| Complete 
| 263|0x0000000090700000, 0x0000000090800000, 0x0000000090800000|100%| E|CS|TAMS 0x0000000090700000, 0x0000000090700000| Complete 
| 264|0x0000000090800000, 0x0000000090900000, 0x0000000090900000|100%| E|CS|TAMS 0x0000000090800000, 0x0000000090800000| Complete 
| 265|0x0000000090900000, 0x0000000090a00000, 0x0000000090a00000|100%| E|CS|TAMS 0x0000000090900000, 0x0000000090900000| Complete 
| 266|0x0000000090a00000, 0x0000000090b00000, 0x0000000090b00000|100%| E|CS|TAMS 0x0000000090a00000, 0x0000000090a00000| Complete 

Card table byte_map: [0x000001ec77fb0000,0x000001ec783b0000] _byte_map_base: 0x000001ec77bb0000

Marking Bits (Prev, Next): (CMBitMap*) 0x000001ec64f299e0, (CMBitMap*) 0x000001ec64f299a8
 Prev Bits: [0x000001ec7a7b0000, 0x000001ec7c7b0000)
 Next Bits: [0x000001ec787b0000, 0x000001ec7a7b0000)

Polling page: 0x000001ec646d0000

Metaspace:

Usage:
  Non-class:     71.62 MB capacity,    70.27 MB ( 98%) used,     1.13 MB (  2%) free+waste,   228.63 KB ( <1%) overhead. 
      Class:     11.21 MB capacity,    10.43 MB ( 93%) used,   703.50 KB (  6%) free+waste,   103.69 KB ( <1%) overhead. 
       Both:     82.84 MB capacity,    80.70 MB ( 97%) used,     1.81 MB (  2%) free+waste,   332.31 KB ( <1%) overhead. 

Virtual space:
  Non-class space:       72.00 MB reserved,      71.83 MB (>99%) committed 
      Class space:        1.00 GB reserved,      11.32 MB (  1%) committed 
             Both:        1.07 GB reserved,      83.15 MB (  8%) committed 

Chunk freelists:
   Non-Class:  18.00 KB
       Class:  37.00 KB
        Both:  55.00 KB

MaxMetaspaceSize: 17179869184.00 GB
CompressedClassSpaceSize: 1.00 GB

CodeHeap 'non-profiled nmethods': size=120000Kb used=6049Kb max_used=6049Kb free=113950Kb
 bounds [0x000001ec70340000, 0x000001ec70930000, 0x000001ec77870000]
CodeHeap 'profiled nmethods': size=120000Kb used=27497Kb max_used=27497Kb free=92502Kb
 bounds [0x000001ec68e10000, 0x000001ec6a8f0000, 0x000001ec70340000]
CodeHeap 'non-nmethods': size=5760Kb used=2272Kb max_used=2313Kb free=3487Kb
 bounds [0x000001ec68870000, 0x000001ec68ae0000, 0x000001ec68e10000]
 total_blobs=12472 nmethods=11606 adapters=776
 compilation: enabled
              stopped_count=0, restarted_count=0
 full_count=0

Compilation events (20 events):
Event: 23.077 Thread 0x000001ec7fb7c000 nmethod 12256 0x000001ec6a8c4d90 code [0x000001ec6a8c4f40, 0x000001ec6a8c5038]
Event: 23.089 Thread 0x000001ec7fb7c000 12257       2       com.android.tools.r8.ir.analysis.type.f::a (220 bytes)
Event: 23.090 Thread 0x000001ec7fb7c000 nmethod 12257 0x000001ec6a8c5110 code [0x000001ec6a8c5360, 0x000001ec6a8c5798]
Event: 23.095 Thread 0x000001ec7fb7c000 12258       2       com.android.tools.r8.ir.conversion.N::a (91 bytes)
Event: 23.096 Thread 0x000001ec7fb7c000 nmethod 12258 0x000001ec6a8c5a90 code [0x000001ec6a8c5ca0, 0x000001ec6a8c5f68]
Event: 23.106 Thread 0x000001ec7fb7c000 12259       2       com.android.tools.r8.graph.C::a (75 bytes)
Event: 23.107 Thread 0x000001ec7fb7c000 nmethod 12259 0x000001ec6a8c6110 code [0x000001ec6a8c6360, 0x000001ec6a8c66f8]
Event: 23.114 Thread 0x000001ec7fb7c000 12260       1       com.android.tools.r8.s.a.a.b.I::size (5 bytes)
Event: 23.114 Thread 0x000001ec7fb7c000 nmethod 12260 0x000001ec7091c310 code [0x000001ec7091c4c0, 0x000001ec7091c578]
Event: 23.114 Thread 0x000001ec7fb7c000 12261       2       com.android.tools.r8.ir.conversion.K::b (66 bytes)
Event: 23.115 Thread 0x000001ec7fb7c000 nmethod 12261 0x000001ec6a8c6910 code [0x000001ec6a8c6b40, 0x000001ec6a8c6ef8]
Event: 23.141 Thread 0x000001ec7fb7c000 12263       2       com.android.tools.r8.s.a.a.b.t0$a::a (6 bytes)
Event: 23.142 Thread 0x000001ec7fb7c000 nmethod 12263 0x000001ec6a8c7190 code [0x000001ec6a8c7340, 0x000001ec6a8c7468]
Event: 23.147 Thread 0x000001ec7fb7c000 12265       1       com.android.tools.r8.u.b.G0::B2 (3 bytes)
Event: 23.147 Thread 0x000001ec7fb7c000 nmethod 12265 0x000001ec7091c610 code [0x000001ec7091c7c0, 0x000001ec7091c878]
Event: 23.147 Thread 0x000001ec7fb7c000 12264       2       com.android.tools.r8.u.b.G0::<init> (10 bytes)
Event: 23.148 Thread 0x000001ec7fb7c000 nmethod 12264 0x000001ec6a8c7510 code [0x000001ec6a8c76c0, 0x000001ec6a8c77c8]
Event: 23.152 Thread 0x000001ec7fb7c000 12266       2       java.util.IdentityHashMap$EntryIterator$Entry::getKey (20 bytes)
Event: 23.153 Thread 0x000001ec7fb7c000 nmethod 12266 0x000001ec6a8c7890 code [0x000001ec6a8c7a60, 0x000001ec6a8c7c88]
Event: 23.153 Thread 0x000001ec7fb7c000 12267       2       java.util.IdentityHashMap$EntryIterator$Entry::getValue (19 bytes)

GC Heap History (20 events):
Event: 19.815 GC heap before
{Heap before GC invocations=26 (full 0):
 garbage-first heap   total 189440K, used 152041K [0x0000000080000000, 0x0000000100000000)
  region size 1024K, 53 young (54272K), 3 survivors (3072K)
 Metaspace       used 80646K, capacity 82705K, committed 83228K, reserved 1122304K
  class space    used 10527K, capacity 11267K, committed 11468K, reserved 1048576K
}
Event: 19.824 GC heap after
{Heap after GC invocations=27 (full 0):
 garbage-first heap   total 189440K, used 101518K [0x0000000080000000, 0x0000000100000000)
  region size 1024K, 4 young (4096K), 4 survivors (4096K)
 Metaspace       used 80646K, capacity 82705K, committed 83228K, reserved 1122304K
  class space    used 10527K, capacity 11267K, committed 11468K, reserved 1048576K
}
Event: 20.035 GC heap before
{Heap before GC invocations=27 (full 0):
 garbage-first heap   total 189440K, used 153742K [0x0000000080000000, 0x0000000100000000)
  region size 1024K, 55 young (56320K), 4 survivors (4096K)
 Metaspace       used 80649K, capacity 82705K, committed 83228K, reserved 1122304K
  class space    used 10527K, capacity 11267K, committed 11468K, reserved 1048576K
}
Event: 20.045 GC heap after
{Heap after GC invocations=28 (full 0):
 garbage-first heap   total 189440K, used 101841K [0x0000000080000000, 0x0000000100000000)
  region size 1024K, 4 young (4096K), 4 survivors (4096K)
 Metaspace       used 80649K, capacity 82705K, committed 83228K, reserved 1122304K
  class space    used 10527K, capacity 11267K, committed 11468K, reserved 1048576K
}
Event: 20.501 GC heap before
{Heap before GC invocations=29 (full 0):
 garbage-first heap   total 189440K, used 155089K [0x0000000080000000, 0x0000000100000000)
  region size 1024K, 56 young (57344K), 4 survivors (4096K)
 Metaspace       used 80653K, capacity 82705K, committed 83228K, reserved 1122304K
  class space    used 10527K, capacity 11267K, committed 11468K, reserved 1048576K
}
Event: 20.516 GC heap after
{Heap after GC invocations=30 (full 0):
 garbage-first heap   total 227328K, used 101726K [0x0000000080000000, 0x0000000100000000)
  region size 1024K, 3 young (3072K), 3 survivors (3072K)
 Metaspace       used 80653K, capacity 82705K, committed 83228K, reserved 1122304K
  class space    used 10527K, capacity 11267K, committed 11468K, reserved 1048576K
}
Event: 20.867 GC heap before
{Heap before GC invocations=30 (full 0):
 garbage-first heap   total 227328K, used 175454K [0x0000000080000000, 0x0000000100000000)
  region size 1024K, 75 young (76800K), 3 survivors (3072K)
 Metaspace       used 80745K, capacity 82786K, committed 83228K, reserved 1122304K
  class space    used 10531K, capacity 11271K, committed 11468K, reserved 1048576K
}
Event: 20.873 GC heap after
{Heap after GC invocations=31 (full 0):
 garbage-first heap   total 227328K, used 101857K [0x0000000080000000, 0x0000000100000000)
  region size 1024K, 3 young (3072K), 3 survivors (3072K)
 Metaspace       used 80745K, capacity 82786K, committed 83228K, reserved 1122304K
  class space    used 10531K, capacity 11271K, committed 11468K, reserved 1048576K
}
Event: 21.179 GC heap before
{Heap before GC invocations=31 (full 0):
 garbage-first heap   total 227328K, used 179681K [0x0000000080000000, 0x0000000100000000)
  region size 1024K, 79 young (80896K), 3 survivors (3072K)
 Metaspace       used 80890K, capacity 82921K, committed 83484K, reserved 1122304K
  class space    used 10534K, capacity 11272K, committed 11468K, reserved 1048576K
}
Event: 21.186 GC heap after
{Heap after GC invocations=32 (full 0):
 garbage-first heap   total 227328K, used 102858K [0x0000000080000000, 0x0000000100000000)
  region size 1024K, 4 young (4096K), 4 survivors (4096K)
 Metaspace       used 80890K, capacity 82921K, committed 83484K, reserved 1122304K
  class space    used 10534K, capacity 11272K, committed 11468K, reserved 1048576K
}
Event: 21.459 GC heap before
{Heap before GC invocations=32 (full 0):
 garbage-first heap   total 227328K, used 181706K [0x0000000080000000, 0x0000000100000000)
  region size 1024K, 82 young (83968K), 4 survivors (4096K)
 Metaspace       used 81135K, capacity 83249K, committed 83740K, reserved 1122304K
  class space    used 10534K, capacity 11272K, committed 11468K, reserved 1048576K
}
Event: 21.468 GC heap after
{Heap after GC invocations=33 (full 0):
 garbage-first heap   total 227328K, used 104591K [0x0000000080000000, 0x0000000100000000)
  region size 1024K, 6 young (6144K), 6 survivors (6144K)
 Metaspace       used 81135K, capacity 83249K, committed 83740K, reserved 1122304K
  class space    used 10534K, capacity 11272K, committed 11468K, reserved 1048576K
}
Event: 21.733 GC heap before
{Heap before GC invocations=33 (full 0):
 garbage-first heap   total 227328K, used 185487K [0x0000000080000000, 0x0000000100000000)
  region size 1024K, 85 young (87040K), 6 survivors (6144K)
 Metaspace       used 81267K, capacity 83383K, committed 83740K, reserved 1122304K
  class space    used 10534K, capacity 11272K, committed 11468K, reserved 1048576K
}
Event: 21.740 GC heap after
{Heap after GC invocations=34 (full 0):
 garbage-first heap   total 227328K, used 103982K [0x0000000080000000, 0x0000000100000000)
  region size 1024K, 5 young (5120K), 5 survivors (5120K)
 Metaspace       used 81267K, capacity 83383K, committed 83740K, reserved 1122304K
  class space    used 10534K, capacity 11272K, committed 11468K, reserved 1048576K
}
Event: 22.007 GC heap before
{Heap before GC invocations=34 (full 0):
 garbage-first heap   total 227328K, used 189998K [0x0000000080000000, 0x0000000100000000)
  region size 1024K, 89 young (91136K), 5 survivors (5120K)
 Metaspace       used 81356K, capacity 83470K, committed 83996K, reserved 1122304K
  class space    used 10536K, capacity 11276K, committed 11468K, reserved 1048576K
}
Event: 22.020 GC heap after
{Heap after GC invocations=35 (full 0):
 garbage-first heap   total 273408K, used 104656K [0x0000000080000000, 0x0000000100000000)
  region size 1024K, 6 young (6144K), 6 survivors (6144K)
 Metaspace       used 81356K, capacity 83470K, committed 83996K, reserved 1122304K
  class space    used 10536K, capacity 11276K, committed 11468K, reserved 1048576K
}
Event: 22.463 GC heap before
{Heap before GC invocations=35 (full 0):
 garbage-first heap   total 273408K, used 218320K [0x0000000080000000, 0x0000000100000000)
  region size 1024K, 117 young (119808K), 6 survivors (6144K)
 Metaspace       used 82099K, capacity 84224K, committed 84508K, reserved 1122304K
  class space    used 10618K, capacity 11372K, committed 11468K, reserved 1048576K
}
Event: 22.475 GC heap after
{Heap after GC invocations=36 (full 0):
 garbage-first heap   total 273408K, used 105993K [0x0000000080000000, 0x0000000100000000)
  region size 1024K, 7 young (7168K), 7 survivors (7168K)
 Metaspace       used 82099K, capacity 84224K, committed 84508K, reserved 1122304K
  class space    used 10618K, capacity 11372K, committed 11468K, reserved 1048576K
}
Event: 22.956 GC heap before
{Heap before GC invocations=36 (full 0):
 garbage-first heap   total 273408K, used 229897K [0x0000000080000000, 0x0000000100000000)
  region size 1024K, 129 young (132096K), 7 survivors (7168K)
 Metaspace       used 82596K, capacity 84729K, committed 84892K, reserved 1122304K
  class space    used 10671K, capacity 11451K, committed 11596K, reserved 1048576K
}
Event: 22.968 GC heap after
{Heap after GC invocations=37 (full 0):
 garbage-first heap   total 273408K, used 106633K [0x0000000080000000, 0x0000000100000000)
  region size 1024K, 8 young (8192K), 8 survivors (8192K)
 Metaspace       used 82596K, capacity 84729K, committed 84892K, reserved 1122304K
  class space    used 10671K, capacity 11451K, committed 11596K, reserved 1048576K
}

Deoptimization events (20 events):
Event: 22.535 Thread 0x000001ec0279e000 Uncommon trap: trap_request=0xffffff4d fr.pc=0x000001ec7089023c relative=0x00000000000001fc
Event: 22.535 Thread 0x000001ec0279e000 Uncommon trap: reason=unstable_if action=reinterpret pc=0x000001ec7089023c method=com.android.tools.r8.graph.g0.equals(Ljava/lang/Object;)Z @ 28 c2
Event: 22.535 Thread 0x000001ec0279e000 DEOPT PACKING pc=0x000001ec7089023c sp=0x000000046bcfa4f0
Event: 22.535 Thread 0x000001ec0279e000 DEOPT UNPACKING pc=0x000001ec688974af sp=0x000000046bcfa490 mode 2
Event: 22.561 Thread 0x000001ec0279a000 DEOPT PACKING pc=0x000001ec6a54bce3 sp=0x000000046bff9f20
Event: 22.561 Thread 0x000001ec0279a000 DEOPT UNPACKING pc=0x000001ec688972ce sp=0x000000046bff96a8 mode 0
Event: 22.593 Thread 0x000001ec04b91800 DEOPT PACKING pc=0x000001ec6a5b708b sp=0x000000046c1f9b30
Event: 22.593 Thread 0x000001ec04b91800 DEOPT UNPACKING pc=0x000001ec688972ce sp=0x000000046c1f9040 mode 0
Event: 22.943 Thread 0x000001ec0279a000 Uncommon trap: trap_request=0xffffff4d fr.pc=0x000001ec70854924 relative=0x0000000000000524
Event: 22.943 Thread 0x000001ec0279a000 Uncommon trap: reason=unstable_if action=reinterpret pc=0x000001ec70854924 method=com.android.tools.r8.graph.g0.equals(Ljava/lang/Object;)Z @ 28 c2
Event: 22.943 Thread 0x000001ec0279a000 DEOPT PACKING pc=0x000001ec70854924 sp=0x000000046bff9e00
Event: 22.944 Thread 0x000001ec0279a000 DEOPT UNPACKING pc=0x000001ec688974af sp=0x000000046bff9c68 mode 2
Event: 22.981 Thread 0x000001ec04b92800 Uncommon trap: trap_request=0xffffff4d fr.pc=0x000001ec7088f86c relative=0x00000000000004ac
Event: 22.981 Thread 0x000001ec04b92800 Uncommon trap: reason=unstable_if action=reinterpret pc=0x000001ec7088f86c method=com.android.tools.r8.graph.c0.computeEquals(Ljava/lang/Object;)Z @ 37 c2
Event: 22.981 Thread 0x000001ec04b92800 DEOPT PACKING pc=0x000001ec7088f86c sp=0x000000046c2f9c00
Event: 22.982 Thread 0x000001ec04b92800 DEOPT UNPACKING pc=0x000001ec688974af sp=0x000000046c2f9ba0 mode 2
Event: 23.129 Thread 0x000001ec04b91800 Uncommon trap: trap_request=0xffffffde fr.pc=0x000001ec708bfc08 relative=0x00000000000014e8
Event: 23.129 Thread 0x000001ec04b91800 Uncommon trap: reason=class_check action=maybe_recompile pc=0x000001ec708bfc08 method=com.android.tools.r8.u.a.i.e.b(Lcom/android/tools/r8/u/b/h0;)V @ 379 c2
Event: 23.129 Thread 0x000001ec04b91800 DEOPT PACKING pc=0x000001ec708bfc08 sp=0x000000046c1fa260
Event: 23.129 Thread 0x000001ec04b91800 DEOPT UNPACKING pc=0x000001ec688974af sp=0x000000046c1fa260 mode 2

Classes redefined (0 events):
No events

Internal exceptions (20 events):
Event: 17.913 Thread 0x000001ec04b91800 Exception <a 'java/lang/NoSuchMethodError'{0x0000000088fe7b60}: 'void java.lang.invoke.DirectMethodHandle$Holder.invokeSpecial(java.lang.Object, java.lang.Object, int, java.lang.Object)'> (0x0000000088fe7b60) thrown at [./src/hotspot/share/interpreter/linkResolver.cpp, line 773]
Event: 17.914 Thread 0x000001ec0279a000 Exception <a 'java/lang/NoSuchMethodError'{0x0000000088f2b960}: 'void java.lang.invoke.DirectMethodHandle$Holder.invokeSpecial(java.lang.Object, java.lang.Object, int, java.lang.Object)'> (0x0000000088f2b960) thrown at [./src/hotspot/share/interpreter/linkResolver.cpp, line 773]
Event: 18.043 Thread 0x000001ec0279e000 Exception <a 'java/lang/NoSuchMethodError'{0x000000008b5efe88}: 'java.lang.Object java.lang.invoke.DirectMethodHandle$Holder.invokeVirtual(java.lang.Object, java.lang.Object, int, java.lang.Object)'> (0x000000008b5efe88) thrown at [./src/hotspot/share/interpreter/linkResolver.cpp, line 773]
Event: 18.043 Thread 0x000001ec04b92800 Exception <a 'java/lang/NoSuchMethodError'{0x000000008b158770}: 'java.lang.Object java.lang.invoke.DirectMethodHandle$Holder.invokeVirtual(java.lang.Object, java.lang.Object, int, java.lang.Object)'> (0x000000008b158770) thrown at [./src/hotspot/share/interpreter/linkResolver.cpp, line 773]
Event: 18.043 Thread 0x000001ec04b91800 Exception <a 'java/lang/NoSuchMethodError'{0x000000008b4fe8c8}: 'java.lang.Object java.lang.invoke.DirectMethodHandle$Holder.invokeVirtual(java.lang.Object, java.lang.Object, int, java.lang.Object)'> (0x000000008b4fe8c8) thrown at [./src/hotspot/share/interpreter/linkResolver.cpp, line 773]
Event: 18.044 Thread 0x000001ec0279a000 Exception <a 'java/lang/NoSuchMethodError'{0x000000008b2442c8}: 'java.lang.Object java.lang.invoke.DirectMethodHandle$Holder.invokeVirtual(java.lang.Object, java.lang.Object, int, java.lang.Object)'> (0x000000008b2442c8) thrown at [./src/hotspot/share/interpreter/linkResolver.cpp, line 773]
Event: 18.078 Thread 0x000001ec0279a000 Exception <a 'java/lang/NoSuchMethodError'{0x000000008af2cd60}: 'void java.lang.invoke.DirectMethodHandle$Holder.invokeVirtual(java.lang.Object, java.lang.Object, int, java.lang.Object)'> (0x000000008af2cd60) thrown at [./src/hotspot/share/interpreter/linkResolver.cpp, line 773]
Event: 18.078 Thread 0x000001ec04b91800 Exception <a 'java/lang/NoSuchMethodError'{0x000000008b02a5e0}: 'void java.lang.invoke.DirectMethodHandle$Holder.invokeVirtual(java.lang.Object, java.lang.Object, int, java.lang.Object)'> (0x000000008b02a5e0) thrown at [./src/hotspot/share/interpreter/linkResolver.cpp, line 773]
Event: 18.170 Thread 0x000001ec04b91800 Exception <a 'java/lang/NoSuchMethodError'{0x000000008ab53d08}: 'int java.lang.invoke.DirectMethodHandle$Holder.invokeSpecial(java.lang.Object, java.lang.Object, java.lang.Object, int, java.lang.Object)'> (0x000000008ab53d08) thrown at [./src/hotspot/share/interpreter/linkResolver.cpp, line 773]
Event: 18.192 Thread 0x000001ec02798800 Exception <a 'java/lang/NoSuchMethodError'{0x000000008ab71a40}: 'java.lang.Object java.lang.invoke.DirectMethodHandle$Holder.newInvokeSpecial(java.lang.Object, int)'> (0x000000008ab71a40) thrown at [./src/hotspot/share/interpreter/linkResolver.cpp, line 773]
Event: 18.192 Thread 0x000001ec0279e000 Exception <a 'java/lang/NoSuchMethodError'{0x000000008ab84150}: 'java.lang.Object java.lang.invoke.DirectMethodHandle$Holder.newInvokeSpecial(java.lang.Object, int)'> (0x000000008ab84150) thrown at [./src/hotspot/share/interpreter/linkResolver.cpp, line 773]
Event: 18.192 Thread 0x000001ec04b91800 Exception <a 'java/lang/NoSuchMethodError'{0x000000008aa21818}: 'java.lang.Object java.lang.invoke.DirectMethodHandle$Holder.newInvokeSpecial(java.lang.Object, int)'> (0x000000008aa21818) thrown at [./src/hotspot/share/interpreter/linkResolver.cpp, line 773]
Event: 18.192 Thread 0x000001ec04b92800 Exception <a 'java/lang/NoSuchMethodError'{0x000000008aba84d0}: 'java.lang.Object java.lang.invoke.DirectMethodHandle$Holder.newInvokeSpecial(java.lang.Object, int)'> (0x000000008aba84d0) thrown at [./src/hotspot/share/interpreter/linkResolver.cpp, line 773]
Event: 18.193 Thread 0x000001ec0279a000 Exception <a 'java/lang/NoSuchMethodError'{0x000000008ab14e10}: 'java.lang.Object java.lang.invoke.DirectMethodHandle$Holder.newInvokeSpecial(java.lang.Object, int)'> (0x000000008ab14e10) thrown at [./src/hotspot/share/interpreter/linkResolver.cpp, line 773]
Event: 18.365 Thread 0x000001ec04b91800 Exception <a 'java/lang/NoSuchMethodError'{0x0000000089f40050}: 'java.lang.Object java.lang.invoke.DirectMethodHandle$Holder.invokeInterface(java.lang.Object, java.lang.Object, int)'> (0x0000000089f40050) thrown at [./src/hotspot/share/interpreter/linkResolver.cpp, line 773]
Event: 19.306 Thread 0x000001ec04b91800 Exception <a 'java/lang/NoSuchMethodError'{0x00000000899f5f08}: 'int java.lang.invoke.DirectMethodHandle$Holder.invokeInterface(java.lang.Object, java.lang.Object, int)'> (0x00000000899f5f08) thrown at [./src/hotspot/share/interpreter/linkResolver.cpp, line 773]
Event: 20.821 Thread 0x000001ec0279a000 Implicit null exception at 0x000001ec708c3f50 to 0x000001ec708c478c
Event: 21.914 Thread 0x000001ec04b92800 Implicit null exception at 0x000001ec708efa74 to 0x000001ec708f56dc
Event: 22.584 Thread 0x000001ec0279e000 Exception <a 'java/lang/NoSuchMethodError'{0x000000008f0de960}: 'void java.lang.invoke.DirectMethodHandle$Holder.invokeVirtual(java.lang.Object, java.lang.Object, int)'> (0x000000008f0de960) thrown at [./src/hotspot/share/interpreter/linkResolver.cpp, line 773]
Event: 22.693 Thread 0x000001ec0279e000 Exception <a 'sun/nio/fs/WindowsException'{0x000000008dc85ab8}> (0x000000008dc85ab8) thrown at [./src/hotspot/share/prims/jni.cpp, line 615]

Events (20 events):
Event: 22.697 loading class sun/nio/fs/WindowsChannelFactory$2
Event: 22.697 loading class sun/nio/fs/WindowsChannelFactory$2 done
Event: 22.711 loading class java/nio/channels/Channels$1
Event: 22.712 loading class java/nio/channels/Channels$1 done
Event: 22.724 loading class com/google/wireless/android/sdk/stats/GradleTransformExecution$1
Event: 22.724 loading class com/google/wireless/android/sdk/stats/GradleTransformExecution$1 done
Event: 22.725 loading class com/google/wireless/android/sdk/stats/GradleTransformExecution$Builder
Event: 22.725 loading class com/google/wireless/android/sdk/stats/GradleTransformExecution$Builder done
Event: 22.730 loading class org/gradle/api/internal/artifacts/transform/DefaultTransformerInvocationFactory$TransformerExecution
Event: 22.730 loading class org/gradle/api/internal/artifacts/transform/DefaultTransformerInvocationFactory$TransformerExecution done
Event: 22.780 loading class org/gradle/internal/snapshot/FileSystemSnapshot
Event: 22.780 loading class org/gradle/internal/snapshot/FileSystemSnapshot done
Event: 22.780 loading class org/gradle/internal/snapshot/FileSystemSnapshot
Event: 22.780 loading class org/gradle/internal/snapshot/FileSystemSnapshot done
Event: 22.780 loading class org/gradle/api/internal/artifacts/transform/DefaultTransformerInvocationFactory$TransformerExecution
Event: 22.780 loading class org/gradle/api/internal/artifacts/transform/DefaultTransformerInvocationFactory$TransformerExecution done
Event: 22.870 Executing VM operation: ICBufferFull
Event: 22.870 Executing VM operation: ICBufferFull done
Event: 22.956 Executing VM operation: G1CollectForAllocation
Event: 22.968 Executing VM operation: G1CollectForAllocation done


Dynamic libraries:
0x00007ff638110000 - 0x00007ff63811a000 	C:\Program Files\Android\Android Studio1\jre\bin\java.exe
0x00007ffda6f50000 - 0x00007ffda7145000 	C:\WINDOWS\SYSTEM32\ntdll.dll
0x00007ffda5300000 - 0x00007ffda53bd000 	C:\WINDOWS\System32\KERNEL32.DLL
0x00007ffda4c90000 - 0x00007ffda4f58000 	C:\WINDOWS\System32\KERNELBASE.dll
0x00007ffda4ae0000 - 0x00007ffda4be0000 	C:\WINDOWS\System32\ucrtbase.dll
0x00007ffd9f270000 - 0x00007ffd9f289000 	C:\Program Files\Android\Android Studio1\jre\bin\jli.dll
0x00007ffd9f250000 - 0x00007ffd9f267000 	C:\Program Files\Android\Android Studio1\jre\bin\VCRUNTIME140.dll
0x00007ffda6220000 - 0x00007ffda63c0000 	C:\WINDOWS\System32\USER32.dll
0x00007ffda49e0000 - 0x00007ffda4a02000 	C:\WINDOWS\System32\win32u.dll
0x00007ffda50e0000 - 0x00007ffda510a000 	C:\WINDOWS\System32\GDI32.dll
0x00007ffda4690000 - 0x00007ffda479b000 	C:\WINDOWS\System32\gdi32full.dll
0x00007ffda4a40000 - 0x00007ffda4add000 	C:\WINDOWS\System32\msvcp_win.dll
0x00007ffd8ef00000 - 0x00007ffd8f19a000 	C:\WINDOWS\WinSxS\amd64_microsoft.windows.common-controls_6595b64144ccf1df_6.0.19041.1052_none_60b8f8fd71f5e8cb\COMCTL32.dll
0x00007ffda6e70000 - 0x00007ffda6f0e000 	C:\WINDOWS\System32\msvcrt.dll
0x00007ffda5bd0000 - 0x00007ffda5c00000 	C:\WINDOWS\System32\IMM32.DLL
0x00007ffd717d0000 - 0x00007ffd7186d000 	C:\Program Files\Android\Android Studio1\jre\bin\msvcp140.dll
0x00007ffd58db0000 - 0x00007ffd5986c000 	C:\Program Files\Android\Android Studio1\jre\bin\server\jvm.dll
0x00007ffda63c0000 - 0x00007ffda646c000 	C:\WINDOWS\System32\ADVAPI32.dll
0x00007ffda4fc0000 - 0x00007ffda505b000 	C:\WINDOWS\System32\sechost.dll
0x00007ffda5830000 - 0x00007ffda595b000 	C:\WINDOWS\System32\RPCRT4.dll
0x00007ffda6e50000 - 0x00007ffda6e58000 	C:\WINDOWS\System32\PSAPI.DLL
0x00007ffda19e0000 - 0x00007ffda19e9000 	C:\WINDOWS\SYSTEM32\WSOCK32.dll
0x00007ffda59e0000 - 0x00007ffda5a4b000 	C:\WINDOWS\System32\WS2_32.dll
0x00007ffd936e0000 - 0x00007ffd93707000 	C:\WINDOWS\SYSTEM32\WINMM.dll
0x00007ffda4310000 - 0x00007ffda431a000 	C:\WINDOWS\SYSTEM32\VERSION.dll
0x00007ffda2570000 - 0x00007ffda2582000 	C:\WINDOWS\SYSTEM32\kernel.appcore.dll
0x00007ffd9f1e0000 - 0x00007ffd9f1f1000 	C:\Program Files\Android\Android Studio1\jre\bin\verify.dll
0x00007ffd8c330000 - 0x00007ffd8c514000 	C:\WINDOWS\SYSTEM32\DBGHELP.DLL
0x00007ffd8bf90000 - 0x00007ffd8bfbc000 	C:\WINDOWS\SYSTEM32\dbgcore.DLL
0x00007ffda4950000 - 0x00007ffda49d3000 	C:\WINDOWS\System32\bcryptPrimitives.dll
0x00007ffd9e0e0000 - 0x00007ffd9e109000 	C:\Program Files\Android\Android Studio1\jre\bin\java.dll
0x00007ffd9e0d0000 - 0x00007ffd9e0db000 	C:\Program Files\Android\Android Studio1\jre\bin\jimage.dll
0x00007ffd9d610000 - 0x00007ffd9d628000 	C:\Program Files\Android\Android Studio1\jre\bin\zip.dll
0x00007ffda6470000 - 0x00007ffda6baf000 	C:\WINDOWS\System32\SHELL32.dll
0x00007ffda2770000 - 0x00007ffda2f00000 	C:\WINDOWS\SYSTEM32\windows.storage.dll
0x00007ffda5c60000 - 0x00007ffda5fb5000 	C:\WINDOWS\System32\combase.dll
0x00007ffda3fc0000 - 0x00007ffda3fec000 	C:\WINDOWS\SYSTEM32\Wldp.dll
0x00007ffda5fc0000 - 0x00007ffda606e000 	C:\WINDOWS\System32\SHCORE.dll
0x00007ffda6df0000 - 0x00007ffda6e45000 	C:\WINDOWS\System32\shlwapi.dll
0x00007ffda45d0000 - 0x00007ffda45ef000 	C:\WINDOWS\SYSTEM32\profapi.dll
0x00007ffd9d5f0000 - 0x00007ffd9d60a000 	C:\Program Files\Android\Android Studio1\jre\bin\net.dll
0x00007ffd99e40000 - 0x00007ffd99f4b000 	C:\WINDOWS\SYSTEM32\WINHTTP.dll
0x00007ffda3d30000 - 0x00007ffda3d9a000 	C:\WINDOWS\system32\mswsock.dll
0x00007ffd9d2b0000 - 0x00007ffd9d2c4000 	C:\Program Files\Android\Android Studio1\jre\bin\nio.dll
0x00007ffd9c7f0000 - 0x00007ffd9c816000 	C:\Users\Tayba\.gradle\native\31\windows-amd64\native-platform.dll
0x00007ffd9d5e0000 - 0x00007ffd9d5ea000 	C:\Program Files\Android\Android Studio1\jre\bin\management.dll
0x00007ffd9d2a0000 - 0x00007ffd9d2ac000 	C:\Program Files\Android\Android Studio1\jre\bin\management_ext.dll
0x00007ffda3f00000 - 0x00007ffda3f18000 	C:\WINDOWS\SYSTEM32\CRYPTSP.dll
0x00007ffda36d0000 - 0x00007ffda3704000 	C:\WINDOWS\system32\rsaenh.dll
0x00007ffda4a10000 - 0x00007ffda4a37000 	C:\WINDOWS\System32\bcrypt.dll
0x00007ffda4550000 - 0x00007ffda457e000 	C:\WINDOWS\SYSTEM32\USERENV.dll
0x00007ffda3f20000 - 0x00007ffda3f2c000 	C:\WINDOWS\SYSTEM32\CRYPTBASE.dll
0x00007ffda3a20000 - 0x00007ffda3a5b000 	C:\WINDOWS\SYSTEM32\IPHLPAPI.DLL
0x00007ffda6e60000 - 0x00007ffda6e68000 	C:\WINDOWS\System32\NSI.dll
0x00007ffd9d8d0000 - 0x00007ffd9d8e7000 	C:\WINDOWS\SYSTEM32\dhcpcsvc6.DLL
0x00007ffd9d5c0000 - 0x00007ffd9d5dd000 	C:\WINDOWS\SYSTEM32\dhcpcsvc.DLL
0x00007ffda3a60000 - 0x00007ffda3b2c000 	C:\WINDOWS\SYSTEM32\DNSAPI.dll

dbghelp: loaded successfully - version: 4.0.5 - missing functions: none
symbol engine: initialized successfully - sym options: 0x614 - pdb path: .;C:\Program Files\Android\Android Studio1\jre\bin;C:\WINDOWS\SYSTEM32;C:\WINDOWS\WinSxS\amd64_microsoft.windows.common-controls_6595b64144ccf1df_6.0.19041.1052_none_60b8f8fd71f5e8cb;C:\Program Files\Android\Android Studio1\jre\bin\server;C:\Users\Tayba\.gradle\native\31\windows-amd64

VM Arguments:
jvm_args: --add-opens=java.base/java.util=ALL-UNNAMED --add-opens=java.base/java.lang=ALL-UNNAMED --add-opens=java.base/java.lang.invoke=ALL-UNNAMED --add-opens=java.prefs/java.util.prefs=ALL-UNNAMED -Xmx2048m -Dfile.encoding=windows-1252 -Duser.country=US -Duser.language=en -Duser.variant 
java_command: org.gradle.launcher.daemon.bootstrap.GradleDaemon 6.1.1
java_class_path (initial): C:\Users\Tayba\.gradle\wrapper\dists\gradle-6.1.1-all\cfmwm155h49vnt3hynmlrsdst\gradle-6.1.1\lib\gradle-launcher-6.1.1.jar
Launcher Type: SUN_STANDARD

[Global flags]
     intx CICompilerCount                          = 4                                         {product} {ergonomic}
     uint ConcGCThreads                            = 2                                         {product} {ergonomic}
     uint G1ConcRefinementThreads                  = 8                                         {product} {ergonomic}
   size_t G1HeapRegionSize                         = 1048576                                   {product} {ergonomic}
    uintx GCDrainStackTargetSize                   = 64                                        {product} {ergonomic}
   size_t InitialHeapSize                          = 134217728                                 {product} {ergonomic}
   size_t MarkStackSize                            = 4194304                                   {product} {ergonomic}
   size_t MaxHeapSize                              = 2147483648                                {product} {command line}
   size_t MaxNewSize                               = 1287651328                                {product} {ergonomic}
   size_t MinHeapDeltaBytes                        = 1048576                                   {product} {ergonomic}
    uintx NonNMethodCodeHeapSize                   = 5836300                                {pd product} {ergonomic}
    uintx NonProfiledCodeHeapSize                  = 122910970                              {pd product} {ergonomic}
    uintx ProfiledCodeHeapSize                     = 122910970                              {pd product} {ergonomic}
    uintx ReservedCodeCacheSize                    = 251658240                              {pd product} {ergonomic}
     bool SegmentedCodeCache                       = true                                      {product} {ergonomic}
     bool UseCompressedClassPointers               = true                                 {lp64_product} {ergonomic}
     bool UseCompressedOops                        = true                                 {lp64_product} {ergonomic}
     bool UseG1GC                                  = true                                      {product} {ergonomic}
     bool UseLargePagesIndividualAllocation        = false                                  {pd product} {ergonomic}

Logging:
Log output configuration:
 #0: stdout all=warning uptime,level,tags
 #1: stderr all=off uptime,level,tags

Environment Variables:
PATH=F:\app\Tayba\product\11.2.0\client_1;F:\app\Tayba\product\11.2.0\client_1\bin;F:\app\Tayba\product\11.2.0\dbhome_1\bin;C:\WINDOWS\system32;C:\WINDOWS;C:\WINDOWS\System32\Wbem;C:\WINDOWS\System32\WindowsPowerShell\v1.0\;C:\WINDOWS\System32\OpenSSH\;C:\Program Files\dotnet\;C:\Program Files (x86)\dotnet\;C:\Program Files (x86)\Rational\Common;%USERPROFILE%\AppData\Local\Microsoft\WindowsApps;
USERNAME=Tayba
LD_LIBRARY_PATH=C:\Oracle\Middleware\Oracle_FRHome2\lib
OS=Windows_NT
PROCESSOR_IDENTIFIER=Intel64 Family 6 Model 142 Stepping 10, GenuineIntel



---------------  S Y S T E M  ---------------

OS: Windows 10 , 64 bit Build 19041 (10.0.19041.1023)
OS uptime: 10 days 9:09 hours

CPU:total 8 (initial active 8) (4 cores per cpu, 2 threads per core) family 6 model 142 stepping 10, cmov, cx8, fxsr, mmx, sse, sse2, sse3, ssse3, sse4.1, sse4.2, popcnt, avx, avx2, aes, clmul, erms, 3dnowpref, lzcnt, ht, tsc, tscinvbit, bmi1, bmi2, adx, fma

Memory: 4k page, system-wide physical 8101M (1465M free)
TotalPageFile size 9601M (AvailPageFile size 11M)
current process WorkingSet (physical memory assigned to process): 585M, peak: 590M
current process commit charge ("private bytes"): 636M, peak: 641M

vm_info: OpenJDK 64-Bit Server VM (11.0.8+10-b944.6842174) for windows-amd64 JRE (11.0.8+10-b944.6842174), built on Sep 19 2020 01:11:42 by "builder" with MS VC++ 14.0 (VS2015)

END.
