#
# There is insufficient memory for the Java Runtime Environment to continue.
# Native memory allocation (mmap) failed to map 101711872 bytes for Failed to commit area from 0x0000000090b00000 to 0x0000000096c00000 of length 101711872.
# Possible reasons:
#   The system is out of physical RAM or swap space
#   The process is running with CompressedOops enabled, and the Java Heap may be blocking the growth of the native heap
# Possible solutions:
#   Reduce memory load on the system
#   Increase physical memory or swap space
#   Check if swap backing store is full
#   Decrease Java heap size (-Xmx/-Xms)
#   Decrease number of Java threads
#   Decrease Java thread stack sizes (-Xss)
#   Set larger code cache with -XX:ReservedCodeCacheSize=
#   JVM is running with Unscaled Compressed Oops mode in which the Java heap is
#     placed in the first 4GB address space. The Java Heap base address is the
#     maximum limit for the native heap growth. Please use -XX:HeapBaseMinAddress
#     to set the Java Heap base and to place the Java Heap above 4GB virtual address.
# This output file may be truncated or incomplete.
#
#  Out of Memory Error (./src/hotspot/os/windows/os_windows.cpp:3303), pid=13868, tid=7744
#
# JRE version: OpenJDK Runtime Environment (11.0.8+10) (build 11.0.8+10-b944.6842174)
# Java VM: OpenJDK 64-Bit Server VM (11.0.8+10-b944.6842174, mixed mode, tiered, compressed oops, g1 gc, windows-amd64)
# No core dump will be written. Minidumps are not enabled by default on client versions of Windows
#

---------------  S U M M A R Y ------------

Command Line: --add-opens=java.base/java.util=ALL-UNNAMED --add-opens=java.base/java.lang=ALL-UNNAMED --add-opens=java.base/java.lang.invoke=ALL-UNNAMED --add-opens=java.prefs/java.util.prefs=ALL-UNNAMED -Xmx2048m -Dfile.encoding=windows-1252 -Duser.country=US -Duser.language=en -Duser.variant org.gradle.launcher.daemon.bootstrap.GradleDaemon 6.1.1

Host: Intel(R) Core(TM) i5-8250U CPU @ 1.60GHz, 8 cores, 7G,  Windows 10 , 64 bit Build 19041 (10.0.19041.1023)
Time: Thu Jul  8 03:50:42 2021 Egypt Standard Time elapsed time: 22 seconds (0d 0h 0m 22s)

---------------  T H R E A D  ---------------

Current thread (0x00000263e82d9800):  VMThread "VM Thread" [stack: 0x0000007d46000000,0x0000007d46100000] [id=7744]

Stack: [0x0000007d46000000,0x0000007d46100000]
[error occurred during error reporting (printing stack bounds), id 0xc0000005, EXCEPTION_ACCESS_VIOLATION (0xc0000005) at pc=0x00000263d0950dad]

Native frames: (J=compiled Java code, j=interpreted, Vv=VM code, C=native code)
V  [jvm.dll+0x5de50a]
V  [jvm.dll+0x7122f5]
V  [jvm.dll+0x71384d]
V  [jvm.dll+0x713e65]
V  [jvm.dll+0x713e1b]
V  [jvm.dll+0x5dd958]
V  [jvm.dll+0x5de0f8]
C  [ntdll.dll+0xa217f]
C  [ntdll.dll+0x51454]
C  [ntdll.dll+0xa0cae]
C  0x00000263d0950dad

VM_Operation (0x0000007d495f96d0): G1CollectForAllocation, mode: safepoint, requested by thread 0x00000263eecc0000


---------------  P R O C E S S  ---------------

Threads class SMR info:
_java_thread_list=0x00000263ec3ac4d0, length=53, elements={
0x00000263ccfca000, 0x00000263e7abd000, 0x00000263e7ac0800, 0x00000263e8326800,
0x00000263e8327800, 0x00000263e832b800, 0x00000263e832d800, 0x00000263e8330800,
0x00000263e84b9800, 0x00000263e84db800, 0x00000263ea5d4800, 0x00000263e8f55800,
0x00000263e9082800, 0x00000263ea1fc800, 0x00000263ea1b4800, 0x00000263e96f8800,
0x00000263e96f9800, 0x00000263e9402000, 0x00000263e92ab000, 0x00000263e9d5f800,
0x00000263ea6ac000, 0x00000263ea6aa800, 0x00000263ea6a8800, 0x00000263e8ebb000,
0x00000263ea6ab000, 0x00000263ea6af000, 0x00000263ea6ad000, 0x00000263ea6ad800,
0x00000263ea6a9800, 0x00000263eecb8800, 0x00000263eecb7000, 0x00000263eecb4800,
0x00000263eecb3800, 0x00000263eecb6000, 0x00000263eecb7800, 0x00000263eecba000,
0x00000263eecb9800, 0x00000263eecbb000, 0x00000263eecb5800, 0x00000263eecc1800,
0x00000263eecbf000, 0x00000263ecbb7000, 0x00000263eecc0800, 0x00000263eecbc800,
0x00000263eecc0000, 0x00000263eecbe000, 0x00000263eecbd800, 0x00000263eecbc000,
0x00000263eecc2800, 0x00000263eb155800, 0x00000263eb158000, 0x00000263eb156800,
0x00000263eb153000
}

Java Threads: ( => current thread )
  0x00000263ccfca000 JavaThread "main" [_thread_blocked, id=1424, stack(0x0000007d45a00000,0x0000007d45b00000)]
  0x00000263e7abd000 JavaThread "Reference Handler" daemon [_thread_blocked, id=11200, stack(0x0000007d46100000,0x0000007d46200000)]
  0x00000263e7ac0800 JavaThread "Finalizer" daemon [_thread_blocked, id=1848, stack(0x0000007d46200000,0x0000007d46300000)]
  0x00000263e8326800 JavaThread "Signal Dispatcher" daemon [_thread_blocked, id=7148, stack(0x0000007d46300000,0x0000007d46400000)]
  0x00000263e8327800 JavaThread "Attach Listener" daemon [_thread_blocked, id=10872, stack(0x0000007d46400000,0x0000007d46500000)]
  0x00000263e832b800 JavaThread "C2 CompilerThread0" daemon [_thread_in_native, id=11980, stack(0x0000007d46500000,0x0000007d46600000)]
  0x00000263e832d800 JavaThread "C1 CompilerThread0" daemon [_thread_blocked, id=19332, stack(0x0000007d46600000,0x0000007d46700000)]
  0x00000263e8330800 JavaThread "Sweeper thread" daemon [_thread_blocked, id=18292, stack(0x0000007d46700000,0x0000007d46800000)]
  0x00000263e84b9800 JavaThread "Common-Cleaner" daemon [_thread_blocked, id=18084, stack(0x0000007d46800000,0x0000007d46900000)]
  0x00000263e84db800 JavaThread "Service Thread" daemon [_thread_blocked, id=12804, stack(0x0000007d46900000,0x0000007d46a00000)]
  0x00000263ea5d4800 JavaThread "Daemon health stats" [_thread_blocked, id=1408, stack(0x0000007d46f00000,0x0000007d47000000)]
  0x00000263e8f55800 JavaThread "Incoming local TCP Connector on port 64324" [_thread_in_native, id=2948, stack(0x0000007d46b00000,0x0000007d46c00000)]
  0x00000263e9082800 JavaThread "Daemon periodic checks" [_thread_blocked, id=10220, stack(0x0000007d46e00000,0x0000007d46f00000)]
  0x00000263ea1fc800 JavaThread "Daemon" [_thread_blocked, id=19440, stack(0x0000007d47000000,0x0000007d47100000)]
  0x00000263ea1b4800 JavaThread "Handler for socket connection from /127.0.0.1:64324 to /127.0.0.1:64325" [_thread_in_native, id=14256, stack(0x0000007d47100000,0x0000007d47200000)]
  0x00000263e96f8800 JavaThread "Cancel handler" [_thread_blocked, id=17892, stack(0x0000007d47200000,0x0000007d47300000)]
  0x00000263e96f9800 JavaThread "Daemon worker" [_thread_blocked, id=11396, stack(0x0000007d47300000,0x0000007d47400000)]
  0x00000263e9402000 JavaThread "Asynchronous log dispatcher for DefaultDaemonConnection: socket connection from /127.0.0.1:64324 to /127.0.0.1:64325" [_thread_blocked, id=16428, stack(0x0000007d47400000,0x0000007d47500000)]
  0x00000263e92ab000 JavaThread "Stdin handler" [_thread_blocked, id=6444, stack(0x0000007d47500000,0x0000007d47600000)]
  0x00000263e9d5f800 JavaThread "Thread-8" [_thread_blocked, id=8612, stack(0x0000007d47600000,0x0000007d47700000)]
  0x00000263ea6ac000 JavaThread "Cache worker for journal cache (C:\Users\Tayba\.gradle\caches\journal-1)" [_thread_blocked, id=12492, stack(0x0000007d47700000,0x0000007d47800000)]
  0x00000263ea6aa800 JavaThread "File lock request listener" [_thread_in_native, id=7880, stack(0x0000007d47800000,0x0000007d47900000)]
  0x00000263ea6a8800 JavaThread "Cache worker for file hash cache (C:\Users\Tayba\.gradle\caches\6.1.1\fileHashes)" [_thread_blocked, id=16260, stack(0x0000007d47e00000,0x0000007d47f00000)]
  0x00000263e8ebb000 JavaThread "C2 CompilerThread1" daemon [_thread_blocked, id=16340, stack(0x0000007d48000000,0x0000007d48100000)]
  0x00000263ea6ab000 JavaThread "Cache worker for checksums cache (C:\Users\Tayba\AndroidStudioProjects\newfitnessApp\.gradle\checksums)" [_thread_blocked, id=8972, stack(0x0000007d48100000,0x0000007d48200000)]
  0x00000263ea6af000 JavaThread "Cache worker for file hash cache (C:\Users\Tayba\AndroidStudioProjects\newfitnessApp\.gradle\6.1.1\fileHashes)" [_thread_blocked, id=17144, stack(0x0000007d48200000,0x0000007d48300000)]
  0x00000263ea6ad000 JavaThread "Cache worker for cache directory md-supplier (C:\Users\Tayba\.gradle\caches\6.1.1\md-supplier)" [_thread_blocked, id=14476, stack(0x0000007d48300000,0x0000007d48400000)]
  0x00000263ea6ad800 JavaThread "Cache worker for cache directory md-rule (C:\Users\Tayba\.gradle\caches\6.1.1\md-rule)" [_thread_blocked, id=1984, stack(0x0000007d48400000,0x0000007d48500000)]
  0x00000263ea6a9800 JavaThread "Cache worker for execution history cache (C:\Users\Tayba\.gradle\caches\6.1.1\executionHistory)" [_thread_blocked, id=16376, stack(0x0000007d48500000,0x0000007d48600000)]
  0x00000263eecb8800 JavaThread "Build operations" [_thread_blocked, id=7504, stack(0x0000007d48700000,0x0000007d48800000)]
  0x00000263eecb7000 JavaThread "Build operations Thread 2" [_thread_blocked, id=9932, stack(0x0000007d48800000,0x0000007d48900000)]
  0x00000263eecb4800 JavaThread "Build operations Thread 3" [_thread_blocked, id=9420, stack(0x0000007d48900000,0x0000007d48a00000)]
  0x00000263eecb3800 JavaThread "Build operations Thread 4" [_thread_blocked, id=380, stack(0x0000007d48a00000,0x0000007d48b00000)]
  0x00000263eecb6000 JavaThread "Build operations Thread 5" [_thread_blocked, id=4212, stack(0x0000007d48b00000,0x0000007d48c00000)]
  0x00000263eecb7800 JavaThread "Build operations Thread 6" [_thread_blocked, id=16660, stack(0x0000007d48c00000,0x0000007d48d00000)]
  0x00000263eecba000 JavaThread "Build operations Thread 7" [_thread_blocked, id=14632, stack(0x0000007d48d00000,0x0000007d48e00000)]
  0x00000263eecb9800 JavaThread "Build operations Thread 8" [_thread_blocked, id=10880, stack(0x0000007d48e00000,0x0000007d48f00000)]
  0x00000263eecbb000 JavaThread "Cache worker for Build Output Cleanup Cache (C:\Users\Tayba\AndroidStudioProjects\newfitnessApp\.gradle\buildOutputCleanup)" [_thread_blocked, id=7388, stack(0x0000007d48f00000,0x0000007d49000000)]
  0x00000263eecb5800 JavaThread "Memory manager" [_thread_blocked, id=11676, stack(0x0000007d49000000,0x0000007d49100000)]
  0x00000263eecc1800 JavaThread "Cache worker for file content cache (C:\Users\Tayba\.gradle\caches\6.1.1\fileContent)" [_thread_blocked, id=1088, stack(0x0000007d49100000,0x0000007d49200000)]
  0x00000263eecbf000 JavaThread "Cache worker for file content cache (C:\Users\Tayba\AndroidStudioProjects\newfitnessApp\.gradle\6.1.1\fileContent)" [_thread_blocked, id=4696, stack(0x0000007d49200000,0x0000007d49300000)]
  0x00000263ecbb7000 JavaThread "C2 CompilerThread2" daemon [_thread_in_native, id=12120, stack(0x0000007d48600000,0x0000007d48700000)]
  0x00000263eecc0800 JavaThread "Execution worker for ':'" [_thread_blocked, id=4656, stack(0x0000007d49300000,0x0000007d49400000)]
  0x00000263eecbc800 JavaThread "Execution worker for ':' Thread 2" [_thread_blocked, id=16820, stack(0x0000007d49400000,0x0000007d49500000)]
  0x00000263eecc0000 JavaThread "Execution worker for ':' Thread 3" [_thread_blocked, id=14596, stack(0x0000007d49500000,0x0000007d49600000)]
  0x00000263eecbe000 JavaThread "Execution worker for ':' Thread 4" [_thread_blocked, id=19092, stack(0x0000007d49600000,0x0000007d49700000)]
  0x00000263eecbd800 JavaThread "Execution worker for ':' Thread 5" [_thread_blocked, id=10748, stack(0x0000007d49700000,0x0000007d49800000)]
  0x00000263eecbc000 JavaThread "Execution worker for ':' Thread 6" [_thread_blocked, id=17800, stack(0x0000007d49800000,0x0000007d49900000)]
  0x00000263eecc2800 JavaThread "Execution worker for ':' Thread 7" [_thread_blocked, id=17032, stack(0x0000007d49900000,0x0000007d49a00000)]
  0x00000263eb155800 JavaThread "Cache worker for execution history cache (C:\Users\Tayba\AndroidStudioProjects\newfitnessApp\.gradle\6.1.1\executionHistory)" [_thread_blocked, id=10604, stack(0x0000007d49a00000,0x0000007d49b00000)]
  0x00000263eb158000 JavaThread "pool-2-thread-1" [_thread_blocked, id=11760, stack(0x0000007d49b00000,0x0000007d49c00000)]
  0x00000263eb156800 JavaThread "stderr" [_thread_blocked, id=11700, stack(0x0000007d49c00000,0x0000007d49d00000)]
  0x00000263eb153000 JavaThread "stdout" [_thread_in_native, id=2360, stack(0x0000007d49d00000,0x0000007d49e00000)]

Other Threads:
=>0x00000263e82d9800 VMThread "VM Thread" [stack: 0x0000007d46000000,0x0000007d46100000] [id=7744]
  0x00000263e84dc000 WatcherThread [stack: 0x0000007d46a00000,0x0000007d46b00000] [id=10128]
  0x00000263ccfe2800 GCTaskThread "GC Thread#0" [stack: 0x0000007d45b00000,0x0000007d45c00000] [id=1340]
  0x00000263e8fbe000 GCTaskThread "GC Thread#1" [stack: 0x0000007d46c00000,0x0000007d46d00000] [id=5600]
  0x00000263e90c7000 GCTaskThread "GC Thread#2" [stack: 0x0000007d46d00000,0x0000007d46e00000] [id=3992]
  0x00000263e905f800 GCTaskThread "GC Thread#3" [stack: 0x0000007d47900000,0x0000007d47a00000] [id=13960]
  0x00000263ea5f9800 GCTaskThread "GC Thread#4" [stack: 0x0000007d47a00000,0x0000007d47b00000] [id=8756]
  0x00000263e95d8000 GCTaskThread "GC Thread#5" [stack: 0x0000007d47b00000,0x0000007d47c00000] [id=18044]
  0x00000263e9403000 GCTaskThread "GC Thread#6" [stack: 0x0000007d47c00000,0x0000007d47d00000] [id=15852]
  0x00000263ea46a000 GCTaskThread "GC Thread#7" [stack: 0x0000007d47d00000,0x0000007d47e00000] [id=9348]
  0x00000263cd013000 ConcurrentGCThread "G1 Main Marker" [stack: 0x0000007d45c00000,0x0000007d45d00000] [id=9176]
  0x00000263cd015000 ConcurrentGCThread "G1 Conc#0" [stack: 0x0000007d45d00000,0x0000007d45e00000] [id=6668]
  0x00000263e9bc0800 ConcurrentGCThread "G1 Conc#1" [stack: 0x0000007d47f00000,0x0000007d48000000] [id=14884]
  0x00000263e7910800 ConcurrentGCThread "G1 Refine#0" [stack: 0x0000007d45e00000,0x0000007d45f00000] [id=15184]
  0x00000263e7911000 ConcurrentGCThread "G1 Young RemSet Sampling" [stack: 0x0000007d45f00000,0x0000007d46000000] [id=16292]

Threads with active compile tasks:
C2 CompilerThread0  22594 10131 %     4       com.android.tools.r8.ir.regalloc.a::a @ 2151 (3993 bytes)
C2 CompilerThread1  22594 11292       4       com.android.tools.r8.ir.conversion.o::a (366 bytes)
C2 CompilerThread2  22594 10976       4       com.android.tools.r8.ir.conversion.o::a (270 bytes)

VM state:at safepoint (normal execution)

VM Mutex/Monitor currently owned by a thread:  ([mutex/lock_event])
[0x00000263ccfc5f90] Threads_lock - owner thread: 0x00000263e82d9800
[0x00000263ccfc5600] Heap_lock - owner thread: 0x00000263eecc0000

Heap address: 0x0000000080000000, size: 2048 MB, Compressed Oops mode: 32-bit
Narrow klass base: 0x0000000000000000, Narrow klass shift: 3
Compressed class space size: 1073741824 Address: 0x0000000100000000

Heap:
 garbage-first heap   total 372736K, used 109054K [0x0000000080000000, 0x0000000100000000)
  region size 1024K, 10 young (10240K), 10 survivors (10240K)
 Metaspace       used 80469K, capacity 82440K, committed 83100K, reserved 1122304K
  class space    used 10415K, capacity 11110K, committed 11340K, reserved 1048576K
Heap Regions: E=young(eden), S=young(survivor), O=old, HS=humongous(starts), HC=humongous(continues), CS=collection set, F=free, A=archive, TAMS=top-at-mark-start (previous, next)
|   0|0x0000000080000000, 0x0000000080100000, 0x0000000080100000|100%| O|  |TAMS 0x0000000080100000, 0x0000000080000000| Untracked 
|   1|0x0000000080100000, 0x0000000080200000, 0x0000000080200000|100%| O|  |TAMS 0x0000000080200000, 0x0000000080100000| Untracked 
|   2|0x0000000080200000, 0x0000000080300000, 0x0000000080300000|100%| O|  |TAMS 0x0000000080300000, 0x0000000080200000| Untracked 
|   3|0x0000000080300000, 0x0000000080400000, 0x0000000080400000|100%|HS|  |TAMS 0x0000000080400000, 0x0000000080300000| Complete 
|   4|0x0000000080400000, 0x0000000080500000, 0x0000000080500000|100%|HC|  |TAMS 0x0000000080500000, 0x0000000080400000| Complete 
|   5|0x0000000080500000, 0x0000000080600000, 0x0000000080600000|100%|HC|  |TAMS 0x0000000080600000, 0x0000000080500000| Complete 
|   6|0x0000000080600000, 0x0000000080700000, 0x0000000080700000|100%| O|  |TAMS 0x0000000080700000, 0x0000000080600000| Untracked 
|   7|0x0000000080700000, 0x0000000080800000, 0x0000000080800000|100%| O|  |TAMS 0x0000000080800000, 0x0000000080700000| Untracked 
|   8|0x0000000080800000, 0x0000000080900000, 0x0000000080900000|100%| O|  |TAMS 0x0000000080900000, 0x0000000080800000| Untracked 
|   9|0x0000000080900000, 0x0000000080a00000, 0x0000000080a00000|100%| O|  |TAMS 0x0000000080a00000, 0x0000000080900000| Untracked 
|  10|0x0000000080a00000, 0x0000000080b00000, 0x0000000080b00000|100%| O|  |TAMS 0x0000000080b00000, 0x0000000080a00000| Untracked 
|  11|0x0000000080b00000, 0x0000000080c00000, 0x0000000080c00000|100%| O|  |TAMS 0x0000000080c00000, 0x0000000080b00000| Untracked 
|  12|0x0000000080c00000, 0x0000000080d00000, 0x0000000080d00000|100%| O|  |TAMS 0x0000000080d00000, 0x0000000080c00000| Untracked 
|  13|0x0000000080d00000, 0x0000000080e00000, 0x0000000080e00000|100%| O|  |TAMS 0x0000000080e00000, 0x0000000080d00000| Untracked 
|  14|0x0000000080e00000, 0x0000000080f00000, 0x0000000080f00000|100%| O|  |TAMS 0x0000000080f00000, 0x0000000080e00000| Untracked 
|  15|0x0000000080f00000, 0x0000000081000000, 0x0000000081000000|100%|HS|  |TAMS 0x0000000081000000, 0x0000000080f00000| Complete 
|  16|0x0000000081000000, 0x0000000081100000, 0x0000000081100000|100%|HC|  |TAMS 0x0000000081100000, 0x0000000081000000| Complete 
|  17|0x0000000081100000, 0x0000000081200000, 0x0000000081200000|100%|HS|  |TAMS 0x0000000081200000, 0x0000000081100000| Complete 
|  18|0x0000000081200000, 0x0000000081300000, 0x0000000081300000|100%|HC|  |TAMS 0x0000000081300000, 0x0000000081200000| Complete 
|  19|0x0000000081300000, 0x0000000081400000, 0x0000000081400000|100%|HC|  |TAMS 0x0000000081400000, 0x0000000081300000| Complete 
|  20|0x0000000081400000, 0x0000000081500000, 0x0000000081500000|100%|HS|  |TAMS 0x0000000081500000, 0x0000000081400000| Complete 
|  21|0x0000000081500000, 0x0000000081600000, 0x0000000081600000|100%|HC|  |TAMS 0x0000000081600000, 0x0000000081500000| Complete 
|  22|0x0000000081600000, 0x0000000081700000, 0x0000000081700000|100%|HC|  |TAMS 0x0000000081700000, 0x0000000081600000| Complete 
|  23|0x0000000081700000, 0x0000000081800000, 0x0000000081800000|100%|HC|  |TAMS 0x0000000081800000, 0x0000000081700000| Complete 
|  24|0x0000000081800000, 0x0000000081900000, 0x0000000081900000|100%| O|  |TAMS 0x0000000081900000, 0x0000000081800000| Untracked 
|  25|0x0000000081900000, 0x0000000081a00000, 0x0000000081a00000|100%| O|  |TAMS 0x0000000081a00000, 0x0000000081900000| Untracked 
|  26|0x0000000081a00000, 0x0000000081b00000, 0x0000000081b00000|100%| O|  |TAMS 0x0000000081b00000, 0x0000000081a00000| Untracked 
|  27|0x0000000081b00000, 0x0000000081c00000, 0x0000000081c00000|100%| O|  |TAMS 0x0000000081c00000, 0x0000000081b00000| Untracked 
|  28|0x0000000081c00000, 0x0000000081d00000, 0x0000000081d00000|100%|HS|  |TAMS 0x0000000081d00000, 0x0000000081c00000| Complete 
|  29|0x0000000081d00000, 0x0000000081e00000, 0x0000000081e00000|100%|HC|  |TAMS 0x0000000081e00000, 0x0000000081d00000| Complete 
|  30|0x0000000081e00000, 0x0000000081f00000, 0x0000000081f00000|100%|HC|  |TAMS 0x0000000081f00000, 0x0000000081e00000| Complete 
|  31|0x0000000081f00000, 0x0000000082000000, 0x0000000082000000|100%|HS|  |TAMS 0x0000000082000000, 0x0000000081f00000| Complete 
|  32|0x0000000082000000, 0x0000000082100000, 0x0000000082100000|100%|HC|  |TAMS 0x0000000082100000, 0x0000000082000000| Complete 
|  33|0x0000000082100000, 0x0000000082200000, 0x0000000082200000|100%| O|  |TAMS 0x0000000082200000, 0x0000000082100000| Untracked 
|  34|0x0000000082200000, 0x0000000082300000, 0x0000000082300000|100%| O|  |TAMS 0x0000000082300000, 0x0000000082200000| Untracked 
|  35|0x0000000082300000, 0x0000000082400000, 0x0000000082400000|100%| O|  |TAMS 0x0000000082400000, 0x0000000082300000| Untracked 
|  36|0x0000000082400000, 0x0000000082500000, 0x0000000082500000|100%| O|  |TAMS 0x0000000082500000, 0x0000000082400000| Untracked 
|  37|0x0000000082500000, 0x0000000082600000, 0x0000000082600000|100%| O|  |TAMS 0x0000000082600000, 0x0000000082500000| Untracked 
|  38|0x0000000082600000, 0x0000000082700000, 0x0000000082700000|100%| O|  |TAMS 0x0000000082700000, 0x0000000082600000| Untracked 
|  39|0x0000000082700000, 0x0000000082800000, 0x0000000082800000|100%| O|  |TAMS 0x0000000082800000, 0x0000000082700000| Untracked 
|  40|0x0000000082800000, 0x0000000082900000, 0x0000000082900000|100%| O|  |TAMS 0x0000000082900000, 0x0000000082800000| Untracked 
|  41|0x0000000082900000, 0x0000000082a00000, 0x0000000082a00000|100%| O|  |TAMS 0x0000000082a00000, 0x0000000082900000| Untracked 
|  42|0x0000000082a00000, 0x0000000082b00000, 0x0000000082b00000|100%| O|  |TAMS 0x0000000082b00000, 0x0000000082a00000| Untracked 
|  43|0x0000000082b00000, 0x0000000082c00000, 0x0000000082c00000|100%| O|  |TAMS 0x0000000082c00000, 0x0000000082b00000| Untracked 
|  44|0x0000000082c00000, 0x0000000082d00000, 0x0000000082d00000|100%| O|  |TAMS 0x0000000082d00000, 0x0000000082c00000| Untracked 
|  45|0x0000000082d00000, 0x0000000082e00000, 0x0000000082e00000|100%| O|  |TAMS 0x0000000082e00000, 0x0000000082d00000| Untracked 
|  46|0x0000000082e00000, 0x0000000082f00000, 0x0000000082f00000|100%| O|  |TAMS 0x0000000082f00000, 0x0000000082e00000| Untracked 
|  47|0x0000000082f00000, 0x0000000083000000, 0x0000000083000000|100%| O|  |TAMS 0x0000000083000000, 0x0000000082f00000| Untracked 
|  48|0x0000000083000000, 0x0000000083100000, 0x0000000083100000|100%| O|  |TAMS 0x0000000083100000, 0x0000000083000000| Untracked 
|  49|0x0000000083100000, 0x0000000083200000, 0x0000000083200000|100%| O|  |TAMS 0x0000000083200000, 0x0000000083100000| Untracked 
|  50|0x0000000083200000, 0x0000000083300000, 0x0000000083300000|100%| O|  |TAMS 0x0000000083300000, 0x0000000083200000| Untracked 
|  51|0x0000000083300000, 0x0000000083400000, 0x0000000083400000|100%| O|  |TAMS 0x0000000083400000, 0x0000000083300000| Untracked 
|  52|0x0000000083400000, 0x0000000083500000, 0x0000000083500000|100%| O|  |TAMS 0x0000000083500000, 0x0000000083400000| Untracked 
|  53|0x0000000083500000, 0x0000000083600000, 0x0000000083600000|100%| O|  |TAMS 0x0000000083600000, 0x0000000083500000| Untracked 
|  54|0x0000000083600000, 0x0000000083700000, 0x0000000083700000|100%| O|  |TAMS 0x0000000083700000, 0x0000000083600000| Untracked 
|  55|0x0000000083700000, 0x0000000083800000, 0x0000000083800000|100%| O|  |TAMS 0x0000000083800000, 0x0000000083700000| Untracked 
|  56|0x0000000083800000, 0x0000000083900000, 0x0000000083900000|100%| O|  |TAMS 0x0000000083900000, 0x0000000083800000| Untracked 
|  57|0x0000000083900000, 0x0000000083a00000, 0x0000000083a00000|100%| O|  |TAMS 0x0000000083a00000, 0x0000000083900000| Untracked 
|  58|0x0000000083a00000, 0x0000000083b00000, 0x0000000083b00000|100%| O|  |TAMS 0x0000000083b00000, 0x0000000083a00000| Untracked 
|  59|0x0000000083b00000, 0x0000000083c00000, 0x0000000083c00000|100%| O|  |TAMS 0x0000000083c00000, 0x0000000083b00000| Untracked 
|  60|0x0000000083c00000, 0x0000000083d00000, 0x0000000083d00000|100%| O|  |TAMS 0x0000000083d00000, 0x0000000083c00000| Untracked 
|  61|0x0000000083d00000, 0x0000000083e00000, 0x0000000083e00000|100%| O|  |TAMS 0x0000000083e00000, 0x0000000083d00000| Untracked 
|  62|0x0000000083e00000, 0x0000000083f00000, 0x0000000083f00000|100%| O|  |TAMS 0x0000000083f00000, 0x0000000083e00000| Untracked 
|  63|0x0000000083f00000, 0x0000000084000000, 0x0000000084000000|100%| O|  |TAMS 0x0000000084000000, 0x0000000083f00000| Untracked 
|  64|0x0000000084000000, 0x0000000084100000, 0x0000000084100000|100%| O|  |TAMS 0x0000000084100000, 0x0000000084000000| Untracked 
|  65|0x0000000084100000, 0x0000000084200000, 0x0000000084200000|100%| O|  |TAMS 0x0000000084200000, 0x0000000084100000| Untracked 
|  66|0x0000000084200000, 0x0000000084300000, 0x0000000084300000|100%| O|  |TAMS 0x0000000084300000, 0x0000000084200000| Untracked 
|  67|0x0000000084300000, 0x0000000084400000, 0x0000000084400000|100%| O|  |TAMS 0x0000000084400000, 0x0000000084300000| Untracked 
|  68|0x0000000084400000, 0x0000000084500000, 0x0000000084500000|100%| O|  |TAMS 0x0000000084500000, 0x0000000084400000| Untracked 
|  69|0x0000000084500000, 0x0000000084600000, 0x0000000084600000|100%| O|  |TAMS 0x0000000084600000, 0x0000000084500000| Untracked 
|  70|0x0000000084600000, 0x0000000084700000, 0x0000000084700000|100%| O|  |TAMS 0x0000000084700000, 0x0000000084600000| Untracked 
|  71|0x0000000084700000, 0x0000000084800000, 0x0000000084800000|100%| O|  |TAMS 0x0000000084800000, 0x0000000084700000| Untracked 
|  72|0x0000000084800000, 0x0000000084900000, 0x0000000084900000|100%| O|  |TAMS 0x0000000084900000, 0x0000000084800000| Untracked 
|  73|0x0000000084900000, 0x0000000084a00000, 0x0000000084a00000|100%| O|  |TAMS 0x0000000084a00000, 0x0000000084900000| Untracked 
|  74|0x0000000084a00000, 0x0000000084b00000, 0x0000000084b00000|100%| O|  |TAMS 0x0000000084b00000, 0x0000000084a00000| Untracked 
|  75|0x0000000084b00000, 0x0000000084c00000, 0x0000000084c00000|100%| O|  |TAMS 0x0000000084c00000, 0x0000000084b00000| Untracked 
|  76|0x0000000084c00000, 0x0000000084d00000, 0x0000000084d00000|100%| O|  |TAMS 0x0000000084d00000, 0x0000000084c00000| Untracked 
|  77|0x0000000084d00000, 0x0000000084e00000, 0x0000000084e00000|100%| O|  |TAMS 0x0000000084e00000, 0x0000000084d00000| Untracked 
|  78|0x0000000084e00000, 0x0000000084f00000, 0x0000000084f00000|100%| O|  |TAMS 0x0000000084f00000, 0x0000000084e00000| Untracked 
|  79|0x0000000084f00000, 0x0000000085000000, 0x0000000085000000|100%| O|  |TAMS 0x0000000085000000, 0x0000000084f00000| Untracked 
|  80|0x0000000085000000, 0x0000000085100000, 0x0000000085100000|100%| O|  |TAMS 0x0000000085100000, 0x0000000085000000| Untracked 
|  81|0x0000000085100000, 0x0000000085200000, 0x0000000085200000|100%| O|  |TAMS 0x0000000085200000, 0x0000000085100000| Untracked 
|  82|0x0000000085200000, 0x0000000085300000, 0x0000000085300000|100%| O|  |TAMS 0x0000000085300000, 0x0000000085200000| Untracked 
|  83|0x0000000085300000, 0x0000000085400000, 0x0000000085400000|100%| O|  |TAMS 0x0000000085400000, 0x0000000085300000| Untracked 
|  84|0x0000000085400000, 0x0000000085500000, 0x0000000085500000|100%| O|  |TAMS 0x0000000085500000, 0x0000000085400000| Untracked 
|  85|0x0000000085500000, 0x0000000085600000, 0x0000000085600000|100%| O|  |TAMS 0x0000000085600000, 0x0000000085500000| Untracked 
|  86|0x0000000085600000, 0x0000000085700000, 0x0000000085700000|100%| O|  |TAMS 0x0000000085700000, 0x0000000085600000| Untracked 
|  87|0x0000000085700000, 0x0000000085800000, 0x0000000085800000|100%| O|  |TAMS 0x0000000085800000, 0x0000000085700000| Untracked 
|  88|0x0000000085800000, 0x0000000085900000, 0x0000000085900000|100%| O|  |TAMS 0x0000000085900000, 0x0000000085800000| Untracked 
|  89|0x0000000085900000, 0x0000000085a00000, 0x0000000085a00000|100%| O|  |TAMS 0x0000000085a00000, 0x0000000085900000| Untracked 
|  90|0x0000000085a00000, 0x0000000085b00000, 0x0000000085b00000|100%| O|  |TAMS 0x0000000085b00000, 0x0000000085a00000| Untracked 
|  91|0x0000000085b00000, 0x0000000085c00000, 0x0000000085c00000|100%| O|  |TAMS 0x0000000085c00000, 0x0000000085b00000| Untracked 
|  92|0x0000000085c00000, 0x0000000085d00000, 0x0000000085d00000|100%| O|  |TAMS 0x0000000085d00000, 0x0000000085c00000| Untracked 
|  93|0x0000000085d00000, 0x0000000085e00000, 0x0000000085e00000|100%| O|  |TAMS 0x0000000085e00000, 0x0000000085d00000| Untracked 
|  94|0x0000000085e00000, 0x0000000085f00000, 0x0000000085f00000|100%| O|  |TAMS 0x0000000085f00000, 0x0000000085e00000| Untracked 
|  95|0x0000000085f00000, 0x0000000086000000, 0x0000000086000000|100%| O|  |TAMS 0x0000000086000000, 0x0000000085f00000| Untracked 
|  96|0x0000000086000000, 0x00000000860c4800, 0x0000000086100000| 76%| O|  |TAMS 0x00000000860c4800, 0x0000000086000000| Untracked 
|  97|0x0000000086100000, 0x0000000086100000, 0x0000000086200000|  0%| F|  |TAMS 0x0000000086100000, 0x0000000086100000| Untracked 
|  98|0x0000000086200000, 0x0000000086200000, 0x0000000086300000|  0%| F|  |TAMS 0x0000000086200000, 0x0000000086200000| Untracked 
|  99|0x0000000086300000, 0x0000000086300000, 0x0000000086400000|  0%| F|  |TAMS 0x0000000086300000, 0x0000000086300000| Untracked 
| 100|0x0000000086400000, 0x0000000086400000, 0x0000000086500000|  0%| F|  |TAMS 0x0000000086400000, 0x0000000086400000| Untracked 
| 101|0x0000000086500000, 0x0000000086500000, 0x0000000086600000|  0%| F|  |TAMS 0x0000000086500000, 0x0000000086500000| Untracked 
| 102|0x0000000086600000, 0x0000000086600000, 0x0000000086700000|  0%| F|  |TAMS 0x0000000086600000, 0x0000000086600000| Untracked 
| 103|0x0000000086700000, 0x0000000086700000, 0x0000000086800000|  0%| F|  |TAMS 0x0000000086700000, 0x0000000086700000| Untracked 
| 104|0x0000000086800000, 0x0000000086800000, 0x0000000086900000|  0%| F|  |TAMS 0x0000000086800000, 0x0000000086800000| Untracked 
| 105|0x0000000086900000, 0x0000000086900000, 0x0000000086a00000|  0%| F|  |TAMS 0x0000000086900000, 0x0000000086900000| Untracked 
| 106|0x0000000086a00000, 0x0000000086a00000, 0x0000000086b00000|  0%| F|  |TAMS 0x0000000086a00000, 0x0000000086a00000| Untracked 
| 107|0x0000000086b00000, 0x0000000086b00000, 0x0000000086c00000|  0%| F|  |TAMS 0x0000000086b00000, 0x0000000086b00000| Untracked 
| 108|0x0000000086c00000, 0x0000000086c00000, 0x0000000086d00000|  0%| F|  |TAMS 0x0000000086c00000, 0x0000000086c00000| Untracked 
| 109|0x0000000086d00000, 0x0000000086d00000, 0x0000000086e00000|  0%| F|  |TAMS 0x0000000086d00000, 0x0000000086d00000| Untracked 
| 110|0x0000000086e00000, 0x0000000086e00000, 0x0000000086f00000|  0%| F|  |TAMS 0x0000000086e00000, 0x0000000086e00000| Untracked 
| 111|0x0000000086f00000, 0x0000000086f00000, 0x0000000087000000|  0%| F|  |TAMS 0x0000000086f00000, 0x0000000086f00000| Untracked 
| 112|0x0000000087000000, 0x0000000087000000, 0x0000000087100000|  0%| F|  |TAMS 0x0000000087000000, 0x0000000087000000| Untracked 
| 113|0x0000000087100000, 0x0000000087100000, 0x0000000087200000|  0%| F|  |TAMS 0x0000000087100000, 0x0000000087100000| Untracked 
| 114|0x0000000087200000, 0x0000000087200000, 0x0000000087300000|  0%| F|  |TAMS 0x0000000087200000, 0x0000000087200000| Untracked 
| 115|0x0000000087300000, 0x0000000087300000, 0x0000000087400000|  0%| F|  |TAMS 0x0000000087300000, 0x0000000087300000| Untracked 
| 116|0x0000000087400000, 0x0000000087400000, 0x0000000087500000|  0%| F|  |TAMS 0x0000000087400000, 0x0000000087400000| Untracked 
| 117|0x0000000087500000, 0x0000000087500000, 0x0000000087600000|  0%| F|  |TAMS 0x0000000087500000, 0x0000000087500000| Untracked 
| 118|0x0000000087600000, 0x0000000087600000, 0x0000000087700000|  0%| F|  |TAMS 0x0000000087600000, 0x0000000087600000| Untracked 
| 119|0x0000000087700000, 0x0000000087700000, 0x0000000087800000|  0%| F|  |TAMS 0x0000000087700000, 0x0000000087700000| Untracked 
| 120|0x0000000087800000, 0x0000000087800000, 0x0000000087900000|  0%| F|  |TAMS 0x0000000087800000, 0x0000000087800000| Untracked 
| 121|0x0000000087900000, 0x0000000087900000, 0x0000000087a00000|  0%| F|  |TAMS 0x0000000087900000, 0x0000000087900000| Untracked 
| 122|0x0000000087a00000, 0x0000000087a00000, 0x0000000087b00000|  0%| F|  |TAMS 0x0000000087a00000, 0x0000000087a00000| Untracked 
| 123|0x0000000087b00000, 0x0000000087b00000, 0x0000000087c00000|  0%| F|  |TAMS 0x0000000087b00000, 0x0000000087b00000| Untracked 
| 124|0x0000000087c00000, 0x0000000087c00000, 0x0000000087d00000|  0%| F|  |TAMS 0x0000000087c00000, 0x0000000087c00000| Untracked 
| 125|0x0000000087d00000, 0x0000000087dbb240, 0x0000000087e00000| 73%| S|CS|TAMS 0x0000000087d00000, 0x0000000087d00000| Complete 
| 126|0x0000000087e00000, 0x0000000087f00000, 0x0000000087f00000|100%| S|CS|TAMS 0x0000000087e00000, 0x0000000087e00000| Complete 
| 127|0x0000000087f00000, 0x0000000088000000, 0x0000000088000000|100%| S|CS|TAMS 0x0000000087f00000, 0x0000000087f00000| Complete 
| 128|0x0000000088000000, 0x0000000088000000, 0x0000000088100000|  0%| F|  |TAMS 0x0000000088000000, 0x0000000088000000| Untracked 
| 129|0x0000000088100000, 0x0000000088100000, 0x0000000088200000|  0%| F|  |TAMS 0x0000000088100000, 0x0000000088100000| Untracked 
| 130|0x0000000088200000, 0x0000000088200000, 0x0000000088300000|  0%| F|  |TAMS 0x0000000088200000, 0x0000000088200000| Untracked 
| 131|0x0000000088300000, 0x0000000088400000, 0x0000000088400000|100%| S|CS|TAMS 0x0000000088300000, 0x0000000088300000| Complete 
| 132|0x0000000088400000, 0x0000000088500000, 0x0000000088500000|100%| S|CS|TAMS 0x0000000088400000, 0x0000000088400000| Complete 
| 133|0x0000000088500000, 0x0000000088600000, 0x0000000088600000|100%| S|CS|TAMS 0x0000000088500000, 0x0000000088500000| Complete 
| 134|0x0000000088600000, 0x0000000088700000, 0x0000000088700000|100%| S|CS|TAMS 0x0000000088600000, 0x0000000088600000| Complete 
| 135|0x0000000088700000, 0x0000000088800000, 0x0000000088800000|100%| S|CS|TAMS 0x0000000088700000, 0x0000000088700000| Complete 
| 136|0x0000000088800000, 0x0000000088900000, 0x0000000088900000|100%| S|CS|TAMS 0x0000000088800000, 0x0000000088800000| Complete 
| 137|0x0000000088900000, 0x0000000088a00000, 0x0000000088a00000|100%| S|CS|TAMS 0x0000000088900000, 0x0000000088900000| Complete 
| 138|0x0000000088a00000, 0x0000000088a00000, 0x0000000088b00000|  0%| F|  |TAMS 0x0000000088a00000, 0x0000000088a00000| Untracked 
| 139|0x0000000088b00000, 0x0000000088b00000, 0x0000000088c00000|  0%| F|  |TAMS 0x0000000088b00000, 0x0000000088b00000| Untracked 
| 140|0x0000000088c00000, 0x0000000088c00000, 0x0000000088d00000|  0%| F|  |TAMS 0x0000000088c00000, 0x0000000088c00000| Untracked 
| 141|0x0000000088d00000, 0x0000000088d00000, 0x0000000088e00000|  0%| F|  |TAMS 0x0000000088d00000, 0x0000000088d00000| Untracked 
| 142|0x0000000088e00000, 0x0000000088e00000, 0x0000000088f00000|  0%| F|  |TAMS 0x0000000088e00000, 0x0000000088e00000| Untracked 
| 143|0x0000000088f00000, 0x0000000088f00000, 0x0000000089000000|  0%| F|  |TAMS 0x0000000088f00000, 0x0000000088f00000| Untracked 
| 144|0x0000000089000000, 0x0000000089000000, 0x0000000089100000|  0%| F|  |TAMS 0x0000000089000000, 0x0000000089000000| Untracked 
| 145|0x0000000089100000, 0x0000000089100000, 0x0000000089200000|  0%| F|  |TAMS 0x0000000089100000, 0x0000000089100000| Untracked 
| 146|0x0000000089200000, 0x0000000089200000, 0x0000000089300000|  0%| F|  |TAMS 0x0000000089200000, 0x0000000089200000| Untracked 
| 147|0x0000000089300000, 0x0000000089300000, 0x0000000089400000|  0%| F|  |TAMS 0x0000000089300000, 0x0000000089300000| Untracked 
| 148|0x0000000089400000, 0x0000000089400000, 0x0000000089500000|  0%| F|  |TAMS 0x0000000089400000, 0x0000000089400000| Untracked 
| 149|0x0000000089500000, 0x0000000089500000, 0x0000000089600000|  0%| F|  |TAMS 0x0000000089500000, 0x0000000089500000| Untracked 
| 150|0x0000000089600000, 0x0000000089600000, 0x0000000089700000|  0%| F|  |TAMS 0x0000000089600000, 0x0000000089600000| Untracked 
| 151|0x0000000089700000, 0x0000000089700000, 0x0000000089800000|  0%| F|  |TAMS 0x0000000089700000, 0x0000000089700000| Untracked 
| 152|0x0000000089800000, 0x0000000089800000, 0x0000000089900000|  0%| F|  |TAMS 0x0000000089800000, 0x0000000089800000| Untracked 
| 153|0x0000000089900000, 0x0000000089900000, 0x0000000089a00000|  0%| F|  |TAMS 0x0000000089900000, 0x0000000089900000| Untracked 
| 154|0x0000000089a00000, 0x0000000089a00000, 0x0000000089b00000|  0%| F|  |TAMS 0x0000000089a00000, 0x0000000089a00000| Untracked 
| 155|0x0000000089b00000, 0x0000000089b00000, 0x0000000089c00000|  0%| F|  |TAMS 0x0000000089b00000, 0x0000000089b00000| Untracked 
| 156|0x0000000089c00000, 0x0000000089c00000, 0x0000000089d00000|  0%| F|  |TAMS 0x0000000089c00000, 0x0000000089c00000| Untracked 
| 157|0x0000000089d00000, 0x0000000089d00000, 0x0000000089e00000|  0%| F|  |TAMS 0x0000000089d00000, 0x0000000089d00000| Untracked 
| 158|0x0000000089e00000, 0x0000000089e00000, 0x0000000089f00000|  0%| F|  |TAMS 0x0000000089e00000, 0x0000000089e00000| Untracked 
| 159|0x0000000089f00000, 0x0000000089f00000, 0x000000008a000000|  0%| F|  |TAMS 0x0000000089f00000, 0x0000000089f00000| Untracked 
| 160|0x000000008a000000, 0x000000008a000000, 0x000000008a100000|  0%| F|  |TAMS 0x000000008a000000, 0x000000008a000000| Untracked 
| 161|0x000000008a100000, 0x000000008a100000, 0x000000008a200000|  0%| F|  |TAMS 0x000000008a100000, 0x000000008a100000| Untracked 
| 162|0x000000008a200000, 0x000000008a200000, 0x000000008a300000|  0%| F|  |TAMS 0x000000008a200000, 0x000000008a200000| Untracked 
| 163|0x000000008a300000, 0x000000008a300000, 0x000000008a400000|  0%| F|  |TAMS 0x000000008a300000, 0x000000008a300000| Untracked 
| 164|0x000000008a400000, 0x000000008a400000, 0x000000008a500000|  0%| F|  |TAMS 0x000000008a400000, 0x000000008a400000| Untracked 
| 165|0x000000008a500000, 0x000000008a500000, 0x000000008a600000|  0%| F|  |TAMS 0x000000008a500000, 0x000000008a500000| Untracked 
| 166|0x000000008a600000, 0x000000008a600000, 0x000000008a700000|  0%| F|  |TAMS 0x000000008a600000, 0x000000008a600000| Untracked 
| 167|0x000000008a700000, 0x000000008a700000, 0x000000008a800000|  0%| F|  |TAMS 0x000000008a700000, 0x000000008a700000| Untracked 
| 168|0x000000008a800000, 0x000000008a800000, 0x000000008a900000|  0%| F|  |TAMS 0x000000008a800000, 0x000000008a800000| Untracked 
| 169|0x000000008a900000, 0x000000008a900000, 0x000000008aa00000|  0%| F|  |TAMS 0x000000008a900000, 0x000000008a900000| Untracked 
| 170|0x000000008aa00000, 0x000000008aa00000, 0x000000008ab00000|  0%| F|  |TAMS 0x000000008aa00000, 0x000000008aa00000| Untracked 
| 171|0x000000008ab00000, 0x000000008ab00000, 0x000000008ac00000|  0%| F|  |TAMS 0x000000008ab00000, 0x000000008ab00000| Untracked 
| 172|0x000000008ac00000, 0x000000008ac00000, 0x000000008ad00000|  0%| F|  |TAMS 0x000000008ac00000, 0x000000008ac00000| Untracked 
| 173|0x000000008ad00000, 0x000000008ad00000, 0x000000008ae00000|  0%| F|  |TAMS 0x000000008ad00000, 0x000000008ad00000| Untracked 
| 174|0x000000008ae00000, 0x000000008ae00000, 0x000000008af00000|  0%| F|  |TAMS 0x000000008ae00000, 0x000000008ae00000| Untracked 
| 175|0x000000008af00000, 0x000000008af00000, 0x000000008b000000|  0%| F|  |TAMS 0x000000008af00000, 0x000000008af00000| Untracked 
| 176|0x000000008b000000, 0x000000008b000000, 0x000000008b100000|  0%| F|  |TAMS 0x000000008b000000, 0x000000008b000000| Untracked 
| 177|0x000000008b100000, 0x000000008b100000, 0x000000008b200000|  0%| F|  |TAMS 0x000000008b100000, 0x000000008b100000| Untracked 
| 178|0x000000008b200000, 0x000000008b200000, 0x000000008b300000|  0%| F|  |TAMS 0x000000008b200000, 0x000000008b200000| Untracked 
| 179|0x000000008b300000, 0x000000008b300000, 0x000000008b400000|  0%| F|  |TAMS 0x000000008b300000, 0x000000008b300000| Untracked 
| 180|0x000000008b400000, 0x000000008b400000, 0x000000008b500000|  0%| F|  |TAMS 0x000000008b400000, 0x000000008b400000| Untracked 
| 181|0x000000008b500000, 0x000000008b500000, 0x000000008b600000|  0%| F|  |TAMS 0x000000008b500000, 0x000000008b500000| Untracked 
| 182|0x000000008b600000, 0x000000008b600000, 0x000000008b700000|  0%| F|  |TAMS 0x000000008b600000, 0x000000008b600000| Untracked 
| 183|0x000000008b700000, 0x000000008b700000, 0x000000008b800000|  0%| F|  |TAMS 0x000000008b700000, 0x000000008b700000| Untracked 
| 184|0x000000008b800000, 0x000000008b800000, 0x000000008b900000|  0%| F|  |TAMS 0x000000008b800000, 0x000000008b800000| Untracked 
| 185|0x000000008b900000, 0x000000008b900000, 0x000000008ba00000|  0%| F|  |TAMS 0x000000008b900000, 0x000000008b900000| Untracked 
| 186|0x000000008ba00000, 0x000000008ba00000, 0x000000008bb00000|  0%| F|  |TAMS 0x000000008ba00000, 0x000000008ba00000| Untracked 
| 187|0x000000008bb00000, 0x000000008bb00000, 0x000000008bc00000|  0%| F|  |TAMS 0x000000008bb00000, 0x000000008bb00000| Untracked 
| 188|0x000000008bc00000, 0x000000008bc00000, 0x000000008bd00000|  0%| F|  |TAMS 0x000000008bc00000, 0x000000008bc00000| Untracked 
| 189|0x000000008bd00000, 0x000000008bd00000, 0x000000008be00000|  0%| F|  |TAMS 0x000000008bd00000, 0x000000008bd00000| Untracked 
| 190|0x000000008be00000, 0x000000008be00000, 0x000000008bf00000|  0%| F|  |TAMS 0x000000008be00000, 0x000000008be00000| Untracked 
| 191|0x000000008bf00000, 0x000000008bf00000, 0x000000008c000000|  0%| F|  |TAMS 0x000000008bf00000, 0x000000008bf00000| Untracked 
| 192|0x000000008c000000, 0x000000008c000000, 0x000000008c100000|  0%| F|  |TAMS 0x000000008c000000, 0x000000008c000000| Untracked 
| 193|0x000000008c100000, 0x000000008c100000, 0x000000008c200000|  0%| F|  |TAMS 0x000000008c100000, 0x000000008c100000| Untracked 
| 194|0x000000008c200000, 0x000000008c200000, 0x000000008c300000|  0%| F|  |TAMS 0x000000008c200000, 0x000000008c200000| Untracked 
| 195|0x000000008c300000, 0x000000008c300000, 0x000000008c400000|  0%| F|  |TAMS 0x000000008c300000, 0x000000008c300000| Untracked 
| 196|0x000000008c400000, 0x000000008c400000, 0x000000008c500000|  0%| F|  |TAMS 0x000000008c400000, 0x000000008c400000| Untracked 
| 197|0x000000008c500000, 0x000000008c500000, 0x000000008c600000|  0%| F|  |TAMS 0x000000008c500000, 0x000000008c500000| Untracked 
| 198|0x000000008c600000, 0x000000008c600000, 0x000000008c700000|  0%| F|  |TAMS 0x000000008c600000, 0x000000008c600000| Untracked 
| 199|0x000000008c700000, 0x000000008c700000, 0x000000008c800000|  0%| F|  |TAMS 0x000000008c700000, 0x000000008c700000| Untracked 
| 200|0x000000008c800000, 0x000000008c800000, 0x000000008c900000|  0%| F|  |TAMS 0x000000008c800000, 0x000000008c800000| Untracked 
| 201|0x000000008c900000, 0x000000008c900000, 0x000000008ca00000|  0%| F|  |TAMS 0x000000008c900000, 0x000000008c900000| Untracked 
| 202|0x000000008ca00000, 0x000000008ca00000, 0x000000008cb00000|  0%| F|  |TAMS 0x000000008ca00000, 0x000000008ca00000| Untracked 
| 203|0x000000008cb00000, 0x000000008cb00000, 0x000000008cc00000|  0%| F|  |TAMS 0x000000008cb00000, 0x000000008cb00000| Untracked 
| 204|0x000000008cc00000, 0x000000008cc00000, 0x000000008cd00000|  0%| F|  |TAMS 0x000000008cc00000, 0x000000008cc00000| Untracked 
| 205|0x000000008cd00000, 0x000000008cd00000, 0x000000008ce00000|  0%| F|  |TAMS 0x000000008cd00000, 0x000000008cd00000| Untracked 
| 206|0x000000008ce00000, 0x000000008ce00000, 0x000000008cf00000|  0%| F|  |TAMS 0x000000008ce00000, 0x000000008ce00000| Untracked 
| 207|0x000000008cf00000, 0x000000008cf00000, 0x000000008d000000|  0%| F|  |TAMS 0x000000008cf00000, 0x000000008cf00000| Untracked 
| 208|0x000000008d000000, 0x000000008d000000, 0x000000008d100000|  0%| F|  |TAMS 0x000000008d000000, 0x000000008d000000| Untracked 
| 209|0x000000008d100000, 0x000000008d100000, 0x000000008d200000|  0%| F|  |TAMS 0x000000008d100000, 0x000000008d100000| Untracked 
| 210|0x000000008d200000, 0x000000008d200000, 0x000000008d300000|  0%| F|  |TAMS 0x000000008d200000, 0x000000008d200000| Untracked 
| 211|0x000000008d300000, 0x000000008d300000, 0x000000008d400000|  0%| F|  |TAMS 0x000000008d300000, 0x000000008d300000| Untracked 
| 212|0x000000008d400000, 0x000000008d400000, 0x000000008d500000|  0%| F|  |TAMS 0x000000008d400000, 0x000000008d400000| Untracked 
| 213|0x000000008d500000, 0x000000008d500000, 0x000000008d600000|  0%| F|  |TAMS 0x000000008d500000, 0x000000008d500000| Untracked 
| 214|0x000000008d600000, 0x000000008d600000, 0x000000008d700000|  0%| F|  |TAMS 0x000000008d600000, 0x000000008d600000| Untracked 
| 215|0x000000008d700000, 0x000000008d700000, 0x000000008d800000|  0%| F|  |TAMS 0x000000008d700000, 0x000000008d700000| Untracked 
| 216|0x000000008d800000, 0x000000008d800000, 0x000000008d900000|  0%| F|  |TAMS 0x000000008d800000, 0x000000008d800000| Untracked 
| 217|0x000000008d900000, 0x000000008d900000, 0x000000008da00000|  0%| F|  |TAMS 0x000000008d900000, 0x000000008d900000| Untracked 
| 218|0x000000008da00000, 0x000000008da00000, 0x000000008db00000|  0%| F|  |TAMS 0x000000008da00000, 0x000000008da00000| Untracked 
| 219|0x000000008db00000, 0x000000008db00000, 0x000000008dc00000|  0%| F|  |TAMS 0x000000008db00000, 0x000000008db00000| Untracked 
| 220|0x000000008dc00000, 0x000000008dc00000, 0x000000008dd00000|  0%| F|  |TAMS 0x000000008dc00000, 0x000000008dc00000| Untracked 
| 221|0x000000008dd00000, 0x000000008dd00000, 0x000000008de00000|  0%| F|  |TAMS 0x000000008dd00000, 0x000000008dd00000| Untracked 
| 222|0x000000008de00000, 0x000000008de00000, 0x000000008df00000|  0%| F|  |TAMS 0x000000008de00000, 0x000000008de00000| Untracked 
| 223|0x000000008df00000, 0x000000008df00000, 0x000000008e000000|  0%| F|  |TAMS 0x000000008df00000, 0x000000008df00000| Untracked 
| 224|0x000000008e000000, 0x000000008e000000, 0x000000008e100000|  0%| F|  |TAMS 0x000000008e000000, 0x000000008e000000| Untracked 
| 225|0x000000008e100000, 0x000000008e100000, 0x000000008e200000|  0%| F|  |TAMS 0x000000008e100000, 0x000000008e100000| Untracked 
| 226|0x000000008e200000, 0x000000008e200000, 0x000000008e300000|  0%| F|  |TAMS 0x000000008e200000, 0x000000008e200000| Untracked 
| 227|0x000000008e300000, 0x000000008e300000, 0x000000008e400000|  0%| F|  |TAMS 0x000000008e300000, 0x000000008e300000| Untracked 
| 228|0x000000008e400000, 0x000000008e400000, 0x000000008e500000|  0%| F|  |TAMS 0x000000008e400000, 0x000000008e400000| Untracked 
| 229|0x000000008e500000, 0x000000008e500000, 0x000000008e600000|  0%| F|  |TAMS 0x000000008e500000, 0x000000008e500000| Untracked 
| 230|0x000000008e600000, 0x000000008e600000, 0x000000008e700000|  0%| F|  |TAMS 0x000000008e600000, 0x000000008e600000| Untracked 
| 231|0x000000008e700000, 0x000000008e700000, 0x000000008e800000|  0%| F|  |TAMS 0x000000008e700000, 0x000000008e700000| Untracked 
| 232|0x000000008e800000, 0x000000008e800000, 0x000000008e900000|  0%| F|  |TAMS 0x000000008e800000, 0x000000008e800000| Untracked 
| 233|0x000000008e900000, 0x000000008e900000, 0x000000008ea00000|  0%| F|  |TAMS 0x000000008e900000, 0x000000008e900000| Untracked 
| 234|0x000000008ea00000, 0x000000008ea00000, 0x000000008eb00000|  0%| F|  |TAMS 0x000000008ea00000, 0x000000008ea00000| Untracked 
| 235|0x000000008eb00000, 0x000000008eb00000, 0x000000008ec00000|  0%| F|  |TAMS 0x000000008eb00000, 0x000000008eb00000| Untracked 
| 236|0x000000008ec00000, 0x000000008ec00000, 0x000000008ed00000|  0%| F|  |TAMS 0x000000008ec00000, 0x000000008ec00000| Untracked 
| 237|0x000000008ed00000, 0x000000008ed00000, 0x000000008ee00000|  0%| F|  |TAMS 0x000000008ed00000, 0x000000008ed00000| Untracked 
| 238|0x000000008ee00000, 0x000000008ee00000, 0x000000008ef00000|  0%| F|  |TAMS 0x000000008ee00000, 0x000000008ee00000| Untracked 
| 239|0x000000008ef00000, 0x000000008ef00000, 0x000000008f000000|  0%| F|  |TAMS 0x000000008ef00000, 0x000000008ef00000| Untracked 
| 240|0x000000008f000000, 0x000000008f000000, 0x000000008f100000|  0%| F|  |TAMS 0x000000008f000000, 0x000000008f000000| Untracked 
| 241|0x000000008f100000, 0x000000008f100000, 0x000000008f200000|  0%| F|  |TAMS 0x000000008f100000, 0x000000008f100000| Untracked 
| 242|0x000000008f200000, 0x000000008f200000, 0x000000008f300000|  0%| F|  |TAMS 0x000000008f200000, 0x000000008f200000| Untracked 
| 243|0x000000008f300000, 0x000000008f300000, 0x000000008f400000|  0%| F|  |TAMS 0x000000008f300000, 0x000000008f300000| Untracked 
| 244|0x000000008f400000, 0x000000008f400000, 0x000000008f500000|  0%| F|  |TAMS 0x000000008f400000, 0x000000008f400000| Untracked 
| 245|0x000000008f500000, 0x000000008f500000, 0x000000008f600000|  0%| F|  |TAMS 0x000000008f500000, 0x000000008f500000| Untracked 
| 246|0x000000008f600000, 0x000000008f600000, 0x000000008f700000|  0%| F|  |TAMS 0x000000008f600000, 0x000000008f600000| Untracked 
| 247|0x000000008f700000, 0x000000008f700000, 0x000000008f800000|  0%| F|  |TAMS 0x000000008f700000, 0x000000008f700000| Untracked 
| 248|0x000000008f800000, 0x000000008f800000, 0x000000008f900000|  0%| F|  |TAMS 0x000000008f800000, 0x000000008f800000| Untracked 
| 249|0x000000008f900000, 0x000000008f900000, 0x000000008fa00000|  0%| F|  |TAMS 0x000000008f900000, 0x000000008f900000| Untracked 
| 250|0x000000008fa00000, 0x000000008fa00000, 0x000000008fb00000|  0%| F|  |TAMS 0x000000008fa00000, 0x000000008fa00000| Untracked 
| 251|0x000000008fb00000, 0x000000008fb00000, 0x000000008fc00000|  0%| F|  |TAMS 0x000000008fb00000, 0x000000008fb00000| Untracked 
| 252|0x000000008fc00000, 0x000000008fc00000, 0x000000008fd00000|  0%| F|  |TAMS 0x000000008fc00000, 0x000000008fc00000| Untracked 
| 253|0x000000008fd00000, 0x000000008fd00000, 0x000000008fe00000|  0%| F|  |TAMS 0x000000008fd00000, 0x000000008fd00000| Untracked 
| 254|0x000000008fe00000, 0x000000008fe00000, 0x000000008ff00000|  0%| F|  |TAMS 0x000000008fe00000, 0x000000008fe00000| Untracked 
| 255|0x000000008ff00000, 0x000000008ff00000, 0x0000000090000000|  0%| F|  |TAMS 0x000000008ff00000, 0x000000008ff00000| Untracked 
| 256|0x0000000090000000, 0x0000000090000000, 0x0000000090100000|  0%| F|  |TAMS 0x0000000090000000, 0x0000000090000000| Untracked 
| 257|0x0000000090100000, 0x0000000090100000, 0x0000000090200000|  0%| F|  |TAMS 0x0000000090100000, 0x0000000090100000| Untracked 
| 258|0x0000000090200000, 0x0000000090200000, 0x0000000090300000|  0%| F|  |TAMS 0x0000000090200000, 0x0000000090200000| Untracked 
| 259|0x0000000090300000, 0x0000000090300000, 0x0000000090400000|  0%| F|  |TAMS 0x0000000090300000, 0x0000000090300000| Untracked 
| 260|0x0000000090400000, 0x0000000090400000, 0x0000000090500000|  0%| F|  |TAMS 0x0000000090400000, 0x0000000090400000| Untracked 
| 261|0x0000000090500000, 0x0000000090500000, 0x0000000090600000|  0%| F|  |TAMS 0x0000000090500000, 0x0000000090500000| Untracked 
| 262|0x0000000090600000, 0x0000000090600000, 0x0000000090700000|  0%| F|  |TAMS 0x0000000090600000, 0x0000000090600000| Untracked 
| 263|0x0000000090700000, 0x0000000090700000, 0x0000000090800000|  0%| F|  |TAMS 0x0000000090700000, 0x0000000090700000| Untracked 
| 264|0x0000000090800000, 0x0000000090800000, 0x0000000090900000|  0%| F|  |TAMS 0x0000000090800000, 0x0000000090800000| Untracked 
| 265|0x0000000090900000, 0x0000000090900000, 0x0000000090a00000|  0%| F|  |TAMS 0x0000000090900000, 0x0000000090900000| Untracked 
| 266|0x0000000090a00000, 0x0000000090a00000, 0x0000000090b00000|  0%| F|  |TAMS 0x0000000090a00000, 0x0000000090a00000| Untracked 

Card table byte_map: [0x00000263e07b0000,0x00000263e0bb0000] _byte_map_base: 0x00000263e03b0000

Marking Bits (Prev, Next): (CMBitMap*) 0x00000263cd00a450, (CMBitMap*) 0x00000263cd00a418
 Prev Bits: [0x00000263e2fb0000, 0x00000263e4fb0000)
 Next Bits: [0x00000263e0fb0000, 0x00000263e2fb0000)

Polling page: 0x00000263cb770000

Metaspace:

Usage:
  Non-class:     69.66 MB capacity,    68.41 MB ( 98%) used,     1.04 MB (  1%) free+waste,   210.69 KB ( <1%) overhead. 
      Class:     10.85 MB capacity,    10.17 MB ( 94%) used,   598.91 KB (  5%) free+waste,    95.88 KB ( <1%) overhead. 
       Both:     80.51 MB capacity,    78.58 MB ( 98%) used,     1.62 MB (  2%) free+waste,   306.56 KB ( <1%) overhead. 

Virtual space:
  Non-class space:       72.00 MB reserved,      70.08 MB ( 97%) committed 
      Class space:        1.00 GB reserved,      11.07 MB (  1%) committed 
             Both:        1.07 GB reserved,      81.15 MB (  7%) committed 

Chunk freelists:
   Non-Class:  238.00 KB
       Class:  154.00 KB
        Both:  392.00 KB

MaxMetaspaceSize: 17179869184.00 GB
CompressedClassSpaceSize: 1.00 GB

CodeHeap 'non-profiled nmethods': size=120000Kb used=5784Kb max_used=5784Kb free=114215Kb
 bounds [0x00000263d8420000, 0x00000263d89d0000, 0x00000263df950000]
CodeHeap 'profiled nmethods': size=120000Kb used=25626Kb max_used=25626Kb free=94373Kb
 bounds [0x00000263d0ef0000, 0x00000263d2800000, 0x00000263d8420000]
CodeHeap 'non-nmethods': size=5760Kb used=2266Kb max_used=2312Kb free=3493Kb
 bounds [0x00000263d0950000, 0x00000263d0bc0000, 0x00000263d0ef0000]
 total_blobs=11519 nmethods=10659 adapters=770
 compilation: enabled
              stopped_count=0, restarted_count=0
 full_count=0

Compilation events (20 events):
Event: 22.504 Thread 0x00000263e832d800 11324       2       com.android.tools.r8.utils.N0$$Lambda$935/0x0000000100a49440::<init> (10 bytes)
Event: 22.504 Thread 0x00000263e832d800 nmethod 11324 0x00000263d27f5090 code [0x00000263d27f5240, 0x00000263d27f5378]
Event: 22.504 Thread 0x00000263e832d800 11320       2       com.google.common.util.concurrent.AbstractFuture::get (167 bytes)
Event: 22.506 Thread 0x00000263e832d800 nmethod 11320 0x00000263d27f5410 code [0x00000263d27f5680, 0x00000263d27f5f48]
Event: 22.506 Thread 0x00000263e832d800 11321       2       com.google.common.util.concurrent.FluentFuture$TrustedFuture::get (5 bytes)
Event: 22.506 Thread 0x00000263e832d800 nmethod 11321 0x00000263d27f6210 code [0x00000263d27f63c0, 0x00000263d27f64c8]
Event: 22.506 Thread 0x00000263e832d800 11316       2       com.android.tools.r8.ir.analysis.type.f::a (55 bytes)
Event: 22.506 Thread 0x00000263e832d800 nmethod 11316 0x00000263d27f6590 code [0x00000263d27f6740, 0x00000263d27f68c8]
Event: 22.506 Thread 0x00000263e832d800 11318       2       com.android.tools.r8.code.W0::<init> (42 bytes)
Event: 22.507 Thread 0x00000263e832d800 nmethod 11318 0x00000263d27f6990 code [0x00000263d27f6b40, 0x00000263d27f6c38]
Event: 22.507 Thread 0x00000263e832d800 11327       2       java.util.concurrent.ConcurrentHashMap$KeyIterator::next (34 bytes)
Event: 22.508 Thread 0x00000263e832d800 nmethod 11327 0x00000263d27f6d10 code [0x00000263d27f6ee0, 0x00000263d27f7118]
Event: 22.508 Thread 0x00000263e832d800 11328       2       com.android.tools.r8.dex.B::a (123 bytes)
Event: 22.509 Thread 0x00000263e832d800 nmethod 11328 0x00000263d27f7290 code [0x00000263d27f7500, 0x00000263d27f7aa8]
Event: 22.515 Thread 0x00000263e832d800 11329       2       com.android.tools.r8.u.b.A::a (26 bytes)
Event: 22.515 Thread 0x00000263e832d800 nmethod 11329 0x00000263d27f7e90 code [0x00000263d27f8040, 0x00000263d27f8178]
Event: 22.533 Thread 0x00000263e832d800 11330       2       java.util.HashMap$TreeNode::treeify (221 bytes)
Event: 22.534 Thread 0x00000263e832d800 nmethod 11330 0x00000263d27f8210 code [0x00000263d27f8420, 0x00000263d27f8a48]
Event: 22.534 Thread 0x00000263e832d800 11331       2       java.util.HashMap::treeifyBin (110 bytes)
Event: 22.535 Thread 0x00000263e832d800 nmethod 11331 0x00000263d27f8d90 code [0x00000263d27f8fa0, 0x00000263d27f9428]

GC Heap History (20 events):
Event: 19.451 GC heap after
{Heap after GC invocations=29 (full 0):
 garbage-first heap   total 189440K, used 101823K [0x0000000080000000, 0x0000000100000000)
  region size 1024K, 3 young (3072K), 3 survivors (3072K)
 Metaspace       used 79352K, capacity 81329K, committed 82076K, reserved 1120256K
  class space    used 10377K, capacity 11098K, committed 11340K, reserved 1048576K
}
Event: 19.849 GC heap before
{Heap before GC invocations=30 (full 0):
 garbage-first heap   total 189440K, used 156095K [0x0000000080000000, 0x0000000100000000)
  region size 1024K, 56 young (57344K), 3 survivors (3072K)
 Metaspace       used 79397K, capacity 81406K, committed 82076K, reserved 1120256K
  class space    used 10380K, capacity 11102K, committed 11340K, reserved 1048576K
}
Event: 19.857 GC heap after
{Heap after GC invocations=31 (full 0):
 garbage-first heap   total 189440K, used 101721K [0x0000000080000000, 0x0000000100000000)
  region size 1024K, 3 young (3072K), 3 survivors (3072K)
 Metaspace       used 79397K, capacity 81406K, committed 82076K, reserved 1120256K
  class space    used 10380K, capacity 11102K, committed 11340K, reserved 1048576K
}
Event: 20.052 GC heap before
{Heap before GC invocations=31 (full 0):
 garbage-first heap   total 189440K, used 157017K [0x0000000080000000, 0x0000000100000000)
  region size 1024K, 57 young (58368K), 3 survivors (3072K)
 Metaspace       used 79457K, capacity 81411K, committed 82076K, reserved 1120256K
  class space    used 10380K, capacity 11102K, committed 11340K, reserved 1048576K
}
Event: 20.063 GC heap after
{Heap after GC invocations=32 (full 0):
 garbage-first heap   total 227328K, used 102146K [0x0000000080000000, 0x0000000100000000)
  region size 1024K, 3 young (3072K), 3 survivors (3072K)
 Metaspace       used 79457K, capacity 81411K, committed 82076K, reserved 1120256K
  class space    used 10380K, capacity 11102K, committed 11340K, reserved 1048576K
}
Event: 20.508 GC heap before
{Heap before GC invocations=33 (full 0):
 garbage-first heap   total 227328K, used 178946K [0x0000000080000000, 0x0000000100000000)
  region size 1024K, 78 young (79872K), 3 survivors (3072K)
 Metaspace       used 79731K, capacity 81683K, committed 82332K, reserved 1120256K
  class space    used 10381K, capacity 11105K, committed 11340K, reserved 1048576K
}
Event: 20.519 GC heap after
{Heap after GC invocations=34 (full 0):
 garbage-first heap   total 227328K, used 102990K [0x0000000080000000, 0x0000000100000000)
  region size 1024K, 4 young (4096K), 4 survivors (4096K)
 Metaspace       used 79731K, capacity 81683K, committed 82332K, reserved 1120256K
  class space    used 10381K, capacity 11105K, committed 11340K, reserved 1048576K
}
Event: 20.744 GC heap before
{Heap before GC invocations=34 (full 0):
 garbage-first heap   total 227328K, used 180814K [0x0000000080000000, 0x0000000100000000)
  region size 1024K, 80 young (81920K), 4 survivors (4096K)
 Metaspace       used 79855K, capacity 81880K, committed 82588K, reserved 1120256K
  class space    used 10381K, capacity 11105K, committed 11340K, reserved 1048576K
}
Event: 20.753 GC heap after
{Heap after GC invocations=35 (full 0):
 garbage-first heap   total 227328K, used 103123K [0x0000000080000000, 0x0000000100000000)
  region size 1024K, 4 young (4096K), 4 survivors (4096K)
 Metaspace       used 79855K, capacity 81880K, committed 82588K, reserved 1120256K
  class space    used 10381K, capacity 11105K, committed 11340K, reserved 1048576K
}
Event: 21.018 GC heap before
{Heap before GC invocations=35 (full 0):
 garbage-first heap   total 227328K, used 181971K [0x0000000080000000, 0x0000000100000000)
  region size 1024K, 82 young (83968K), 4 survivors (4096K)
 Metaspace       used 80009K, capacity 82024K, committed 82588K, reserved 1120256K
  class space    used 10382K, capacity 11105K, committed 11340K, reserved 1048576K
}
Event: 21.029 GC heap after
{Heap after GC invocations=36 (full 0):
 garbage-first heap   total 227328K, used 104760K [0x0000000080000000, 0x0000000100000000)
  region size 1024K, 6 young (6144K), 6 survivors (6144K)
 Metaspace       used 80009K, capacity 82024K, committed 82588K, reserved 1120256K
  class space    used 10382K, capacity 11105K, committed 11340K, reserved 1048576K
}
Event: 21.276 GC heap before
{Heap before GC invocations=36 (full 0):
 garbage-first heap   total 227328K, used 184632K [0x0000000080000000, 0x0000000100000000)
  region size 1024K, 84 young (86016K), 6 survivors (6144K)
 Metaspace       used 80069K, capacity 82092K, committed 82588K, reserved 1120256K
  class space    used 10389K, capacity 11106K, committed 11340K, reserved 1048576K
}
Event: 21.293 GC heap after
{Heap after GC invocations=37 (full 0):
 garbage-first heap   total 273408K, used 105234K [0x0000000080000000, 0x0000000100000000)
  region size 1024K, 6 young (6144K), 6 survivors (6144K)
 Metaspace       used 80069K, capacity 82092K, committed 82588K, reserved 1120256K
  class space    used 10389K, capacity 11106K, committed 11340K, reserved 1048576K
}
Event: 21.587 GC heap before
{Heap before GC invocations=37 (full 0):
 garbage-first heap   total 273408K, used 201490K [0x0000000080000000, 0x0000000100000000)
  region size 1024K, 101 young (103424K), 6 survivors (6144K)
 Metaspace       used 80151K, capacity 82164K, committed 82844K, reserved 1120256K
  class space    used 10389K, capacity 11107K, committed 11340K, reserved 1048576K
}
Event: 21.600 GC heap after
{Heap after GC invocations=38 (full 0):
 garbage-first heap   total 273408K, used 105907K [0x0000000080000000, 0x0000000100000000)
  region size 1024K, 7 young (7168K), 7 survivors (7168K)
 Metaspace       used 80151K, capacity 82164K, committed 82844K, reserved 1120256K
  class space    used 10389K, capacity 11107K, committed 11340K, reserved 1048576K
}
Event: 21.913 GC heap before
{Heap before GC invocations=38 (full 0):
 garbage-first heap   total 273408K, used 229811K [0x0000000080000000, 0x0000000100000000)
  region size 1024K, 128 young (131072K), 7 survivors (7168K)
 Metaspace       used 80215K, capacity 82169K, committed 82844K, reserved 1120256K
  class space    used 10390K, capacity 11107K, committed 11340K, reserved 1048576K
}
Event: 21.927 GC heap after
{Heap after GC invocations=39 (full 0):
 garbage-first heap   total 273408K, used 106699K [0x0000000080000000, 0x0000000100000000)
  region size 1024K, 8 young (8192K), 8 survivors (8192K)
 Metaspace       used 80215K, capacity 82169K, committed 82844K, reserved 1120256K
  class space    used 10390K, capacity 11107K, committed 11340K, reserved 1048576K
}
Event: 22.205 GC heap before
{Heap before GC invocations=39 (full 0):
 garbage-first heap   total 273408K, used 231627K [0x0000000080000000, 0x0000000100000000)
  region size 1024K, 130 young (133120K), 8 survivors (8192K)
 Metaspace       used 80242K, capacity 82236K, committed 82844K, reserved 1120256K
  class space    used 10390K, capacity 11107K, committed 11340K, reserved 1048576K
}
Event: 22.220 GC heap after
{Heap after GC invocations=40 (full 0):
 garbage-first heap   total 273408K, used 107454K [0x0000000080000000, 0x0000000100000000)
  region size 1024K, 9 young (9216K), 9 survivors (9216K)
 Metaspace       used 80242K, capacity 82236K, committed 82844K, reserved 1120256K
  class space    used 10390K, capacity 11107K, committed 11340K, reserved 1048576K
}
Event: 22.539 GC heap before
{Heap before GC invocations=40 (full 0):
 garbage-first heap   total 273408K, used 233406K [0x0000000080000000, 0x0000000100000000)
  region size 1024K, 132 young (135168K), 9 survivors (9216K)
 Metaspace       used 80469K, capacity 82440K, committed 83100K, reserved 1122304K
  class space    used 10415K, capacity 11110K, committed 11340K, reserved 1048576K
}

Deoptimization events (20 events):
Event: 21.349 Thread 0x00000263eecbc000 Uncommon trap: trap_request=0xffffffc6 fr.pc=0x00000263d897ea94 relative=0x0000000000001974
Event: 21.349 Thread 0x00000263eecbc000 Uncommon trap: reason=bimorphic_or_optimized_type_check action=maybe_recompile pc=0x00000263d897ea94 method=com.android.tools.r8.u.a.i.e.b(Lcom/android/tools/r8/u/b/h0;)V @ 43 c2
Event: 21.349 Thread 0x00000263eecbc000 DEOPT PACKING pc=0x00000263d897ea94 sp=0x0000007d498fa080
Event: 21.349 Thread 0x00000263eecbc000 DEOPT UNPACKING pc=0x00000263d09774af sp=0x0000007d498fa068 mode 2
Event: 21.456 Thread 0x00000263eecbc000 Uncommon trap: trap_request=0xffffff76 fr.pc=0x00000263d89938e8 relative=0x0000000000004ea8
Event: 21.457 Thread 0x00000263eecbc000 Uncommon trap: reason=loop_limit_check action=maybe_recompile pc=0x00000263d89938e8 method=com.android.tools.r8.v.a.a.a.f.e0.a(I)Z @ 49 c2
Event: 21.457 Thread 0x00000263eecbc000 DEOPT PACKING pc=0x00000263d89938e8 sp=0x0000007d498f9b40
Event: 21.457 Thread 0x00000263eecbc000 DEOPT UNPACKING pc=0x00000263d09774af sp=0x0000007d498f9aa0 mode 2
Event: 21.538 Thread 0x00000263eecbe000 DEOPT PACKING pc=0x00000263d258ef15 sp=0x0000007d496f9f90
Event: 21.538 Thread 0x00000263eecbe000 DEOPT UNPACKING pc=0x00000263d09772ce sp=0x0000007d496f9430 mode 0
Event: 21.558 Thread 0x00000263eecbd800 Uncommon trap: trap_request=0xffffff4d fr.pc=0x00000263d89287b4 relative=0x0000000000000254
Event: 21.558 Thread 0x00000263eecbd800 Uncommon trap: reason=unstable_if action=reinterpret pc=0x00000263d89287b4 method=com.android.tools.r8.ir.regalloc.b.compareTo(Ljava/lang/Object;)I @ 81 c2
Event: 21.558 Thread 0x00000263eecbd800 DEOPT PACKING pc=0x00000263d89287b4 sp=0x0000007d497f9390
Event: 21.558 Thread 0x00000263eecbd800 DEOPT UNPACKING pc=0x00000263d09774af sp=0x0000007d497f9328 mode 2
Event: 21.747 Thread 0x00000263eecbc000 DEOPT PACKING pc=0x00000263d2551ea5 sp=0x0000007d498f9b40
Event: 21.747 Thread 0x00000263eecbc000 DEOPT UNPACKING pc=0x00000263d09772ce sp=0x0000007d498f9060 mode 0
Event: 21.868 Thread 0x00000263e96f9800 DEOPT PACKING pc=0x00000263d26c2000 sp=0x0000007d473f8020
Event: 21.868 Thread 0x00000263e96f9800 DEOPT UNPACKING pc=0x00000263d09772ce sp=0x0000007d473f75b0 mode 0
Event: 22.025 Thread 0x00000263eecbc000 DEOPT PACKING pc=0x00000263d26283ed sp=0x0000007d498f9300
Event: 22.025 Thread 0x00000263eecbc000 DEOPT UNPACKING pc=0x00000263d09772ce sp=0x0000007d498f8838 mode 0

Classes redefined (0 events):
No events

Internal exceptions (20 events):
Event: 17.383 Thread 0x00000263eecbc000 Exception <a 'java/lang/NoSuchMethodError'{0x0000000089feb640}: 'long java.lang.invoke.DirectMethodHandle$Holder.invokeStatic(java.lang.Object, java.lang.Object)'> (0x0000000089feb640) thrown at [./src/hotspot/share/interpreter/linkResolver.cpp, line 773]
Event: 17.387 Thread 0x00000263eecc0000 Exception <a 'java/lang/NoSuchMethodError'{0x0000000089ed0c50}: 'void java.lang.invoke.DirectMethodHandle$Holder.invokeSpecial(java.lang.Object, java.lang.Object, int, java.lang.Object)'> (0x0000000089ed0c50) thrown at [./src/hotspot/share/interpreter/linkResolver.cpp, line 773]
Event: 17.388 Thread 0x00000263eecbc000 Exception <a 'java/lang/NoSuchMethodError'{0x0000000089ff7868}: 'void java.lang.invoke.DirectMethodHandle$Holder.invokeSpecial(java.lang.Object, java.lang.Object, int, java.lang.Object)'> (0x0000000089ff7868) thrown at [./src/hotspot/share/interpreter/linkResolver.cpp, line 773]
Event: 17.388 Thread 0x00000263eecc0800 Exception <a 'java/lang/NoSuchMethodError'{0x0000000089d82d78}: 'void java.lang.invoke.DirectMethodHandle$Holder.invokeSpecial(java.lang.Object, java.lang.Object, int, java.lang.Object)'> (0x0000000089d82d78) thrown at [./src/hotspot/share/interpreter/linkResolver.cpp, line 773]
Event: 17.499 Thread 0x00000263eecc0800 Exception <a 'java/lang/NoSuchMethodError'{0x0000000089dbf4b8}: 'java.lang.Object java.lang.invoke.DirectMethodHandle$Holder.invokeVirtual(java.lang.Object, java.lang.Object, int, java.lang.Object)'> (0x0000000089dbf4b8) thrown at [./src/hotspot/share/interpreter/linkResolver.cpp, line 773]
Event: 17.499 Thread 0x00000263eecc0000 Exception <a 'java/lang/NoSuchMethodError'{0x0000000088c9c810}: 'java.lang.Object java.lang.invoke.DirectMethodHandle$Holder.invokeVirtual(java.lang.Object, java.lang.Object, int, java.lang.Object)'> (0x0000000088c9c810) thrown at [./src/hotspot/share/interpreter/linkResolver.cpp, line 773]
Event: 17.499 Thread 0x00000263eecbd800 Exception <a 'java/lang/NoSuchMethodError'{0x0000000088bca458}: 'java.lang.Object java.lang.invoke.DirectMethodHandle$Holder.invokeVirtual(java.lang.Object, java.lang.Object, int, java.lang.Object)'> (0x0000000088bca458) thrown at [./src/hotspot/share/interpreter/linkResolver.cpp, line 773]
Event: 17.501 Thread 0x00000263eecbc000 Exception <a 'java/lang/NoSuchMethodError'{0x0000000088dc93d8}: 'java.lang.Object java.lang.invoke.DirectMethodHandle$Holder.invokeVirtual(java.lang.Object, java.lang.Object, int, java.lang.Object)'> (0x0000000088dc93d8) thrown at [./src/hotspot/share/interpreter/linkResolver.cpp, line 773]
Event: 17.537 Thread 0x00000263eecbc000 Exception <a 'java/lang/NoSuchMethodError'{0x00000000888bab30}: 'void java.lang.invoke.DirectMethodHandle$Holder.invokeVirtual(java.lang.Object, java.lang.Object, int, java.lang.Object)'> (0x00000000888bab30) thrown at [./src/hotspot/share/interpreter/linkResolver.cpp, line 773]
Event: 17.650 Thread 0x00000263eecbe000 Exception <a 'java/lang/NoSuchMethodError'{0x000000008b51ef20}: 'int java.lang.invoke.DirectMethodHandle$Holder.invokeSpecial(java.lang.Object, java.lang.Object, java.lang.Object, int, java.lang.Object)'> (0x000000008b51ef20) thrown at [./src/hotspot/share/interpreter/linkResolver.cpp, line 773]
Event: 17.650 Thread 0x00000263eecbc000 Exception <a 'java/lang/NoSuchMethodError'{0x000000008b5a9900}: 'int java.lang.invoke.DirectMethodHandle$Holder.invokeSpecial(java.lang.Object, java.lang.Object, java.lang.Object, int, java.lang.Object)'> (0x000000008b5a9900) thrown at [./src/hotspot/share/interpreter/linkResolver.cpp, line 773]
Event: 17.665 Thread 0x00000263eecbc000 Exception <a 'java/lang/NoSuchMethodError'{0x000000008b5bd2b8}: 'java.lang.Object java.lang.invoke.DirectMethodHandle$Holder.newInvokeSpecial(java.lang.Object, int)'> (0x000000008b5bd2b8) thrown at [./src/hotspot/share/interpreter/linkResolver.cpp, line 773]
Event: 17.665 Thread 0x00000263eecc0800 Exception <a 'java/lang/NoSuchMethodError'{0x000000008b516068}: 'java.lang.Object java.lang.invoke.DirectMethodHandle$Holder.newInvokeSpecial(java.lang.Object, int)'> (0x000000008b516068) thrown at [./src/hotspot/share/interpreter/linkResolver.cpp, line 773]
Event: 17.665 Thread 0x00000263eecbd800 Exception <a 'java/lang/NoSuchMethodError'{0x000000008b561ac0}: 'java.lang.Object java.lang.invoke.DirectMethodHandle$Holder.newInvokeSpecial(java.lang.Object, int)'> (0x000000008b561ac0) thrown at [./src/hotspot/share/interpreter/linkResolver.cpp, line 773]
Event: 17.665 Thread 0x00000263eecbe000 Exception <a 'java/lang/NoSuchMethodError'{0x000000008b5fc938}: 'java.lang.Object java.lang.invoke.DirectMethodHandle$Holder.newInvokeSpecial(java.lang.Object, int)'> (0x000000008b5fc938) thrown at [./src/hotspot/share/interpreter/linkResolver.cpp, line 773]
Event: 17.665 Thread 0x00000263eecc0000 Exception <a 'java/lang/NoSuchMethodError'{0x000000008b58b9d0}: 'java.lang.Object java.lang.invoke.DirectMethodHandle$Holder.newInvokeSpecial(java.lang.Object, int)'> (0x000000008b58b9d0) thrown at [./src/hotspot/share/interpreter/linkResolver.cpp, line 773]
Event: 17.776 Thread 0x00000263eecbc000 Exception <a 'java/lang/NoSuchMethodError'{0x000000008ae5f258}: 'java.lang.Object java.lang.invoke.DirectMethodHandle$Holder.invokeInterface(java.lang.Object, java.lang.Object, int)'> (0x000000008ae5f258) thrown at [./src/hotspot/share/interpreter/linkResolver.cpp, line 773]
Event: 18.323 Thread 0x00000263eecbe000 Exception <a 'java/lang/NoSuchMethodError'{0x000000008a7b99b8}: 'java.lang.Object java.lang.invoke.DirectMethodHandle$Holder.invokeSpecial(java.lang.Object, java.lang.Object, java.lang.Object, java.lang.Object, java.lang.Object, int)'> (0x000000008a7b99b8) thrown at [./src/hotspot/share/interpreter/linkResolver.cpp, line 773]
Event: 18.323 Thread 0x00000263eecbe000 Exception <a 'java/lang/NoSuchMethodError'{0x000000008a7bdaa8}: 'java.lang.Object java.lang.invoke.Invokers$Holder.linkToTargetMethod(java.lang.Object, java.lang.Object, java.lang.Object, int, java.lang.Object)'> (0x000000008a7bdaa8) thrown at [./src/hotspot/share/interpreter/linkResolver.cpp, line 773]
Event: 18.434 Thread 0x00000263eecbc000 Exception <a 'java/lang/NoSuchMethodError'{0x0000000089e07fe0}: 'int java.lang.invoke.DirectMethodHandle$Holder.invokeInterface(java.lang.Object, java.lang.Object, int)'> (0x0000000089e07fe0) thrown at [./src/hotspot/share/interpreter/linkResolver.cpp, line 773]

Events (20 events):
Event: 22.525 loading class com/android/tools/r8/dex/P$e done
Event: 22.527 loading class com/android/tools/r8/dex/E
Event: 22.527 loading class com/android/tools/r8/dex/E done
Event: 22.527 loading class com/android/tools/r8/dex/D
Event: 22.527 loading class com/android/tools/r8/dex/D done
Event: 22.528 loading class com/android/tools/r8/dex/C
Event: 22.528 loading class com/android/tools/r8/dex/C done
Event: 22.530 loading class com/android/tools/r8/dex/i
Event: 22.530 loading class com/android/tools/r8/dex/i done
Event: 22.530 loading class com/android/tools/r8/dex/h
Event: 22.530 loading class com/android/tools/r8/dex/h done
Event: 22.531 loading class com/android/tools/r8/dex/g
Event: 22.531 loading class com/android/tools/r8/dex/g done
Event: 22.533 loading class com/android/tools/r8/s/a/b/e
Event: 22.533 loading class com/android/tools/r8/s/a/b/e done
Event: 22.533 loading class com/android/tools/r8/s/a/b/e
Event: 22.533 loading class com/android/tools/r8/s/a/b/e done
Event: 22.534 loading class com/android/tools/r8/s/a/b/m/c
Event: 22.534 loading class com/android/tools/r8/s/a/b/m/c done
Event: 22.538 Executing VM operation: G1CollectForAllocation


Dynamic libraries:
0x00007ff638110000 - 0x00007ff63811a000 	C:\Program Files\Android\Android Studio1\jre\bin\java.exe
0x00007ffda6f50000 - 0x00007ffda7145000 	C:\WINDOWS\SYSTEM32\ntdll.dll
0x00007ffda5300000 - 0x00007ffda53bd000 	C:\WINDOWS\System32\KERNEL32.DLL
0x00007ffda4c90000 - 0x00007ffda4f58000 	C:\WINDOWS\System32\KERNELBASE.dll
0x00007ffda4ae0000 - 0x00007ffda4be0000 	C:\WINDOWS\System32\ucrtbase.dll
0x00007ffd95400000 - 0x00007ffd95417000 	C:\Program Files\Android\Android Studio1\jre\bin\VCRUNTIME140.dll
0x00007ffd95330000 - 0x00007ffd95349000 	C:\Program Files\Android\Android Studio1\jre\bin\jli.dll
0x00007ffda6220000 - 0x00007ffda63c0000 	C:\WINDOWS\System32\USER32.dll
0x00007ffda49e0000 - 0x00007ffda4a02000 	C:\WINDOWS\System32\win32u.dll
0x00007ffda50e0000 - 0x00007ffda510a000 	C:\WINDOWS\System32\GDI32.dll
0x00007ffda4690000 - 0x00007ffda479b000 	C:\WINDOWS\System32\gdi32full.dll
0x00007ffda4a40000 - 0x00007ffda4add000 	C:\WINDOWS\System32\msvcp_win.dll
0x00007ffd8ef00000 - 0x00007ffd8f19a000 	C:\WINDOWS\WinSxS\amd64_microsoft.windows.common-controls_6595b64144ccf1df_6.0.19041.1052_none_60b8f8fd71f5e8cb\COMCTL32.dll
0x00007ffda6e70000 - 0x00007ffda6f0e000 	C:\WINDOWS\System32\msvcrt.dll
0x00007ffda5bd0000 - 0x00007ffda5c00000 	C:\WINDOWS\System32\IMM32.DLL
0x00007ffd6f3f0000 - 0x00007ffd6f48d000 	C:\Program Files\Android\Android Studio1\jre\bin\msvcp140.dll
0x00007ffd58db0000 - 0x00007ffd5986c000 	C:\Program Files\Android\Android Studio1\jre\bin\server\jvm.dll
0x00007ffda63c0000 - 0x00007ffda646c000 	C:\WINDOWS\System32\ADVAPI32.dll
0x00007ffda4fc0000 - 0x00007ffda505b000 	C:\WINDOWS\System32\sechost.dll
0x00007ffda5830000 - 0x00007ffda595b000 	C:\WINDOWS\System32\RPCRT4.dll
0x00007ffda6e50000 - 0x00007ffda6e58000 	C:\WINDOWS\System32\PSAPI.DLL
0x00007ffda19e0000 - 0x00007ffda19e9000 	C:\WINDOWS\SYSTEM32\WSOCK32.dll
0x00007ffda59e0000 - 0x00007ffda5a4b000 	C:\WINDOWS\System32\WS2_32.dll
0x00007ffda4310000 - 0x00007ffda431a000 	C:\WINDOWS\SYSTEM32\VERSION.dll
0x00007ffd936e0000 - 0x00007ffd93707000 	C:\WINDOWS\SYSTEM32\WINMM.dll
0x00007ffda2570000 - 0x00007ffda2582000 	C:\WINDOWS\SYSTEM32\kernel.appcore.dll
0x00007ffd9f1e0000 - 0x00007ffd9f1f1000 	C:\Program Files\Android\Android Studio1\jre\bin\verify.dll
0x00007ffd8c330000 - 0x00007ffd8c514000 	C:\WINDOWS\SYSTEM32\DBGHELP.DLL
0x00007ffd8bf90000 - 0x00007ffd8bfbc000 	C:\WINDOWS\SYSTEM32\dbgcore.DLL
0x00007ffda4950000 - 0x00007ffda49d3000 	C:\WINDOWS\System32\bcryptPrimitives.dll
0x00007ffd9e0e0000 - 0x00007ffd9e109000 	C:\Program Files\Android\Android Studio1\jre\bin\java.dll
0x00007ffd9e0d0000 - 0x00007ffd9e0db000 	C:\Program Files\Android\Android Studio1\jre\bin\jimage.dll
0x00007ffd9d610000 - 0x00007ffd9d628000 	C:\Program Files\Android\Android Studio1\jre\bin\zip.dll
0x00007ffda6470000 - 0x00007ffda6baf000 	C:\WINDOWS\System32\SHELL32.dll
0x00007ffda2770000 - 0x00007ffda2f00000 	C:\WINDOWS\SYSTEM32\windows.storage.dll
0x00007ffda5c60000 - 0x00007ffda5fb5000 	C:\WINDOWS\System32\combase.dll
0x00007ffda3fc0000 - 0x00007ffda3fec000 	C:\WINDOWS\SYSTEM32\Wldp.dll
0x00007ffda5fc0000 - 0x00007ffda606e000 	C:\WINDOWS\System32\SHCORE.dll
0x00007ffda6df0000 - 0x00007ffda6e45000 	C:\WINDOWS\System32\shlwapi.dll
0x00007ffda45d0000 - 0x00007ffda45ef000 	C:\WINDOWS\SYSTEM32\profapi.dll
0x00007ffd9d5f0000 - 0x00007ffd9d60a000 	C:\Program Files\Android\Android Studio1\jre\bin\net.dll
0x00007ffd99e40000 - 0x00007ffd99f4b000 	C:\WINDOWS\SYSTEM32\WINHTTP.dll
0x00007ffda3d30000 - 0x00007ffda3d9a000 	C:\WINDOWS\system32\mswsock.dll
0x00007ffd9d2b0000 - 0x00007ffd9d2c4000 	C:\Program Files\Android\Android Studio1\jre\bin\nio.dll
0x00007ffd9c7f0000 - 0x00007ffd9c816000 	C:\Users\Tayba\.gradle\native\31\windows-amd64\native-platform.dll
0x00007ffd9d5e0000 - 0x00007ffd9d5ea000 	C:\Program Files\Android\Android Studio1\jre\bin\management.dll
0x00007ffd9d2a0000 - 0x00007ffd9d2ac000 	C:\Program Files\Android\Android Studio1\jre\bin\management_ext.dll
0x00007ffda3f00000 - 0x00007ffda3f18000 	C:\WINDOWS\SYSTEM32\CRYPTSP.dll
0x00007ffda36d0000 - 0x00007ffda3704000 	C:\WINDOWS\system32\rsaenh.dll
0x00007ffda4a10000 - 0x00007ffda4a37000 	C:\WINDOWS\System32\bcrypt.dll
0x00007ffda4550000 - 0x00007ffda457e000 	C:\WINDOWS\SYSTEM32\USERENV.dll
0x00007ffda3f20000 - 0x00007ffda3f2c000 	C:\WINDOWS\SYSTEM32\CRYPTBASE.dll
0x00007ffda3a20000 - 0x00007ffda3a5b000 	C:\WINDOWS\SYSTEM32\IPHLPAPI.DLL
0x00007ffda6e60000 - 0x00007ffda6e68000 	C:\WINDOWS\System32\NSI.dll
0x00007ffd9d8d0000 - 0x00007ffd9d8e7000 	C:\WINDOWS\SYSTEM32\dhcpcsvc6.DLL
0x00007ffd9d5c0000 - 0x00007ffd9d5dd000 	C:\WINDOWS\SYSTEM32\dhcpcsvc.DLL
0x00007ffda3a60000 - 0x00007ffda3b2c000 	C:\WINDOWS\SYSTEM32\DNSAPI.dll

dbghelp: loaded successfully - version: 4.0.5 - missing functions: none
symbol engine: initialized successfully - sym options: 0x614 - pdb path: .;C:\Program Files\Android\Android Studio1\jre\bin;C:\WINDOWS\SYSTEM32;C:\WINDOWS\WinSxS\amd64_microsoft.windows.common-controls_6595b64144ccf1df_6.0.19041.1052_none_60b8f8fd71f5e8cb;C:\Program Files\Android\Android Studio1\jre\bin\server;C:\Users\Tayba\.gradle\native\31\windows-amd64

VM Arguments:
jvm_args: --add-opens=java.base/java.util=ALL-UNNAMED --add-opens=java.base/java.lang=ALL-UNNAMED --add-opens=java.base/java.lang.invoke=ALL-UNNAMED --add-opens=java.prefs/java.util.prefs=ALL-UNNAMED -Xmx2048m -Dfile.encoding=windows-1252 -Duser.country=US -Duser.language=en -Duser.variant 
java_command: org.gradle.launcher.daemon.bootstrap.GradleDaemon 6.1.1
java_class_path (initial): C:\Users\Tayba\.gradle\wrapper\dists\gradle-6.1.1-all\cfmwm155h49vnt3hynmlrsdst\gradle-6.1.1\lib\gradle-launcher-6.1.1.jar
Launcher Type: SUN_STANDARD

[Global flags]
     intx CICompilerCount                          = 4                                         {product} {ergonomic}
     uint ConcGCThreads                            = 2                                         {product} {ergonomic}
     uint G1ConcRefinementThreads                  = 8                                         {product} {ergonomic}
   size_t G1HeapRegionSize                         = 1048576                                   {product} {ergonomic}
    uintx GCDrainStackTargetSize                   = 64                                        {product} {ergonomic}
   size_t InitialHeapSize                          = 134217728                                 {product} {ergonomic}
   size_t MarkStackSize                            = 4194304                                   {product} {ergonomic}
   size_t MaxHeapSize                              = 2147483648                                {product} {command line}
   size_t MaxNewSize                               = 1287651328                                {product} {ergonomic}
   size_t MinHeapDeltaBytes                        = 1048576                                   {product} {ergonomic}
    uintx NonNMethodCodeHeapSize                   = 5836300                                {pd product} {ergonomic}
    uintx NonProfiledCodeHeapSize                  = 122910970                              {pd product} {ergonomic}
    uintx ProfiledCodeHeapSize                     = 122910970                              {pd product} {ergonomic}
    uintx ReservedCodeCacheSize                    = 251658240                              {pd product} {ergonomic}
     bool SegmentedCodeCache                       = true                                      {product} {ergonomic}
     bool UseCompressedClassPointers               = true                                 {lp64_product} {ergonomic}
     bool UseCompressedOops                        = true                                 {lp64_product} {ergonomic}
     bool UseG1GC                                  = true                                      {product} {ergonomic}
     bool UseLargePagesIndividualAllocation        = false                                  {pd product} {ergonomic}

Logging:
Log output configuration:
 #0: stdout all=warning uptime,level,tags
 #1: stderr all=off uptime,level,tags

Environment Variables:
PATH=F:\app\Tayba\product\11.2.0\client_1;F:\app\Tayba\product\11.2.0\client_1\bin;F:\app\Tayba\product\11.2.0\dbhome_1\bin;C:\WINDOWS\system32;C:\WINDOWS;C:\WINDOWS\System32\Wbem;C:\WINDOWS\System32\WindowsPowerShell\v1.0\;C:\WINDOWS\System32\OpenSSH\;C:\Program Files\dotnet\;C:\Program Files (x86)\dotnet\;C:\Program Files (x86)\Rational\Common;%USERPROFILE%\AppData\Local\Microsoft\WindowsApps;
USERNAME=Tayba
LD_LIBRARY_PATH=C:\Oracle\Middleware\Oracle_FRHome2\lib
OS=Windows_NT
PROCESSOR_IDENTIFIER=Intel64 Family 6 Model 142 Stepping 10, GenuineIntel



---------------  S Y S T E M  ---------------

OS: Windows 10 , 64 bit Build 19041 (10.0.19041.1023)
OS uptime: 10 days 9:08 hours

CPU:total 8 (initial active 8) (4 cores per cpu, 2 threads per core) family 6 model 142 stepping 10, cmov, cx8, fxsr, mmx, sse, sse2, sse3, ssse3, sse4.1, sse4.2, popcnt, avx, avx2, aes, clmul, erms, 3dnowpref, lzcnt, ht, tsc, tscinvbit, bmi1, bmi2, adx, fma

Memory: 4k page, system-wide physical 8101M (1460M free)
TotalPageFile size 9601M (AvailPageFile size 16M)
current process WorkingSet (physical memory assigned to process): 576M, peak: 577M
current process commit charge ("private bytes"): 629M, peak: 726M

vm_info: OpenJDK 64-Bit Server VM (11.0.8+10-b944.6842174) for windows-amd64 JRE (11.0.8+10-b944.6842174), built on Sep 19 2020 01:11:42 by "builder" with MS VC++ 14.0 (VS2015)

END.
