#
# There is insufficient memory for the Java Runtime Environment to continue.
# Native memory allocation (mmap) failed to map 56623104 bytes for Failed to commit area from 0x0000000090b00000 to 0x0000000094100000 of length 56623104.
# Possible reasons:
#   The system is out of physical RAM or swap space
#   The process is running with CompressedOops enabled, and the Java Heap may be blocking the growth of the native heap
# Possible solutions:
#   Reduce memory load on the system
#   Increase physical memory or swap space
#   Check if swap backing store is full
#   Decrease Java heap size (-Xmx/-Xms)
#   Decrease number of Java threads
#   Decrease Java thread stack sizes (-Xss)
#   Set larger code cache with -XX:ReservedCodeCacheSize=
#   JVM is running with Unscaled Compressed Oops mode in which the Java heap is
#     placed in the first 4GB address space. The Java Heap base address is the
#     maximum limit for the native heap growth. Please use -XX:HeapBaseMinAddress
#     to set the Java Heap base and to place the Java Heap above 4GB virtual address.
# This output file may be truncated or incomplete.
#
#  Out of Memory Error (./src/hotspot/os/windows/os_windows.cpp:3303), pid=13408, tid=18660
#
# JRE version: OpenJDK Runtime Environment (11.0.8+10) (build 11.0.8+10-b944.6842174)
# Java VM: OpenJDK 64-Bit Server VM (11.0.8+10-b944.6842174, mixed mode, tiered, compressed oops, g1 gc, windows-amd64)
# No core dump will be written. Minidumps are not enabled by default on client versions of Windows
#

---------------  S U M M A R Y ------------

Command Line: --add-opens=java.base/java.util=ALL-UNNAMED --add-opens=java.base/java.lang=ALL-UNNAMED --add-opens=java.base/java.lang.invoke=ALL-UNNAMED --add-opens=java.prefs/java.util.prefs=ALL-UNNAMED -Xmx2048m -Dfile.encoding=windows-1252 -Duser.country=US -Duser.language=en -Duser.variant org.gradle.launcher.daemon.bootstrap.GradleDaemon 6.1.1

Host: Intel(R) Core(TM) i5-8250U CPU @ 1.60GHz, 8 cores, 7G,  Windows 10 , 64 bit Build 19041 (10.0.19041.1023)
Time: Thu Jul  8 03:49:45 2021 Egypt Standard Time elapsed time: 21 seconds (0d 0h 0m 21s)

---------------  T H R E A D  ---------------

Current thread (0x0000022c7e82e800):  VMThread "VM Thread" [stack: 0x000000f164f00000,0x000000f165000000] [id=18660]

Stack: [0x000000f164f00000,0x000000f165000000]
[error occurred during error reporting (printing stack bounds), id 0xc0000005, EXCEPTION_ACCESS_VIOLATION (0xc0000005) at pc=0x0000022c67eb0dad]

Native frames: (J=compiled Java code, j=interpreted, Vv=VM code, C=native code)
V  [jvm.dll+0x5de50a]
V  [jvm.dll+0x7122f5]
V  [jvm.dll+0x71384d]
V  [jvm.dll+0x713e65]
V  [jvm.dll+0x713e1b]
V  [jvm.dll+0x5dd958]
V  [jvm.dll+0x5de0f8]
C  [ntdll.dll+0xa217f]
C  [ntdll.dll+0x51454]
C  [ntdll.dll+0xa0cae]
C  0x0000022c67eb0dad

VM_Operation (0x000000f1684f93f0): G1CollectForAllocation, mode: safepoint, requested by thread 0x0000022c062b7800


---------------  P R O C E S S  ---------------

Threads class SMR info:
_java_thread_list=0x0000022c0a5cae30, length=50, elements={
0x0000022c6452e800, 0x0000022c7e832800, 0x0000022c7e83d800, 0x0000022c7f1b4000,
0x0000022c7f1b5000, 0x0000022c7f1b7000, 0x0000022c7f1bb000, 0x0000022c7f1bc000,
0x0000022c7f30f800, 0x0000022c7f330000, 0x0000022c007d3800, 0x0000022c006cf800,
0x0000022c004b2800, 0x0000022c0065a800, 0x0000022c00879800, 0x0000022c013f0800,
0x0000022c0081a800, 0x0000022c006b9000, 0x0000022c006a7000, 0x0000022c002be800,
0x0000022c01446000, 0x0000022c01445800, 0x0000022c01440800, 0x0000022c01443000,
0x0000022c01444800, 0x0000022c01442000, 0x0000022c01447000, 0x0000022c01444000,
0x0000022c062b2800, 0x0000022c062b3800, 0x0000022c062af800, 0x0000022c062b2000,
0x0000022c062b4800, 0x0000022c062b5000, 0x0000022c062b6000, 0x0000022c062b0000,
0x0000022c062b6800, 0x0000022c06b8a800, 0x0000022c062b1000, 0x0000022c062b9000,
0x0000022c062bb800, 0x0000022c062ba000, 0x0000022c062bd000, 0x0000022c062b7800,
0x0000022c062be000, 0x0000022c062b8800, 0x0000022c062bb000, 0x0000022c0154b000,
0x0000022c01549000, 0x0000022c06888800
}

Java Threads: ( => current thread )
  0x0000022c6452e800 JavaThread "main" [_thread_blocked, id=18440, stack(0x000000f164900000,0x000000f164a00000)]
  0x0000022c7e832800 JavaThread "Reference Handler" daemon [_thread_blocked, id=12024, stack(0x000000f165000000,0x000000f165100000)]
  0x0000022c7e83d800 JavaThread "Finalizer" daemon [_thread_blocked, id=18620, stack(0x000000f165100000,0x000000f165200000)]
  0x0000022c7f1b4000 JavaThread "Signal Dispatcher" daemon [_thread_blocked, id=10328, stack(0x000000f165200000,0x000000f165300000)]
  0x0000022c7f1b5000 JavaThread "Attach Listener" daemon [_thread_blocked, id=17064, stack(0x000000f165300000,0x000000f165400000)]
  0x0000022c7f1b7000 JavaThread "C2 CompilerThread0" daemon [_thread_in_native, id=12752, stack(0x000000f165400000,0x000000f165500000)]
  0x0000022c7f1bb000 JavaThread "C1 CompilerThread0" daemon [_thread_blocked, id=4512, stack(0x000000f165500000,0x000000f165600000)]
  0x0000022c7f1bc000 JavaThread "Sweeper thread" daemon [_thread_blocked, id=16776, stack(0x000000f165600000,0x000000f165700000)]
  0x0000022c7f30f800 JavaThread "Common-Cleaner" daemon [_thread_blocked, id=8208, stack(0x000000f165700000,0x000000f165800000)]
  0x0000022c7f330000 JavaThread "Service Thread" daemon [_thread_blocked, id=10336, stack(0x000000f165800000,0x000000f165900000)]
  0x0000022c007d3800 JavaThread "Daemon health stats" [_thread_blocked, id=9764, stack(0x000000f165e00000,0x000000f165f00000)]
  0x0000022c006cf800 JavaThread "Incoming local TCP Connector on port 64316" [_thread_in_native, id=16328, stack(0x000000f165a00000,0x000000f165b00000)]
  0x0000022c004b2800 JavaThread "Daemon periodic checks" [_thread_blocked, id=15392, stack(0x000000f165d00000,0x000000f165e00000)]
  0x0000022c0065a800 JavaThread "Daemon" [_thread_blocked, id=17632, stack(0x000000f165f00000,0x000000f166000000)]
  0x0000022c00879800 JavaThread "Handler for socket connection from /127.0.0.1:64316 to /127.0.0.1:64317" [_thread_in_native, id=18208, stack(0x000000f166000000,0x000000f166100000)]
  0x0000022c013f0800 JavaThread "Cancel handler" [_thread_blocked, id=12976, stack(0x000000f166100000,0x000000f166200000)]
  0x0000022c0081a800 JavaThread "Daemon worker" [_thread_blocked, id=7696, stack(0x000000f166200000,0x000000f166300000)]
  0x0000022c006b9000 JavaThread "Asynchronous log dispatcher for DefaultDaemonConnection: socket connection from /127.0.0.1:64316 to /127.0.0.1:64317" [_thread_blocked, id=16588, stack(0x000000f166300000,0x000000f166400000)]
  0x0000022c006a7000 JavaThread "Stdin handler" [_thread_blocked, id=14928, stack(0x000000f166400000,0x000000f166500000)]
  0x0000022c002be800 JavaThread "Thread-8" [_thread_blocked, id=13780, stack(0x000000f166500000,0x000000f166600000)]
  0x0000022c01446000 JavaThread "Cache worker for journal cache (C:\Users\Tayba\.gradle\caches\journal-1)" [_thread_blocked, id=2868, stack(0x000000f166600000,0x000000f166700000)]
  0x0000022c01445800 JavaThread "File lock request listener" [_thread_in_native, id=14948, stack(0x000000f166c00000,0x000000f166d00000)]
  0x0000022c01440800 JavaThread "Cache worker for file hash cache (C:\Users\Tayba\.gradle\caches\6.1.1\fileHashes)" [_thread_blocked, id=3648, stack(0x000000f166d00000,0x000000f166e00000)]
  0x0000022c01443000 JavaThread "Cache worker for checksums cache (C:\Users\Tayba\AndroidStudioProjects\newfitnessApp\.gradle\checksums)" [_thread_blocked, id=16936, stack(0x000000f167000000,0x000000f167100000)]
  0x0000022c01444800 JavaThread "Cache worker for file hash cache (C:\Users\Tayba\AndroidStudioProjects\newfitnessApp\.gradle\6.1.1\fileHashes)" [_thread_blocked, id=10796, stack(0x000000f167100000,0x000000f167200000)]
  0x0000022c01442000 JavaThread "Cache worker for cache directory md-supplier (C:\Users\Tayba\.gradle\caches\6.1.1\md-supplier)" [_thread_blocked, id=18740, stack(0x000000f167300000,0x000000f167400000)]
  0x0000022c01447000 JavaThread "Cache worker for cache directory md-rule (C:\Users\Tayba\.gradle\caches\6.1.1\md-rule)" [_thread_blocked, id=4052, stack(0x000000f167400000,0x000000f167500000)]
  0x0000022c01444000 JavaThread "Cache worker for execution history cache (C:\Users\Tayba\.gradle\caches\6.1.1\executionHistory)" [_thread_blocked, id=17244, stack(0x000000f167500000,0x000000f167600000)]
  0x0000022c062b2800 JavaThread "Build operations" [_thread_blocked, id=18484, stack(0x000000f167600000,0x000000f167700000)]
  0x0000022c062b3800 JavaThread "Build operations Thread 2" [_thread_blocked, id=14548, stack(0x000000f167700000,0x000000f167800000)]
  0x0000022c062af800 JavaThread "Build operations Thread 3" [_thread_blocked, id=16220, stack(0x000000f167800000,0x000000f167900000)]
  0x0000022c062b2000 JavaThread "Build operations Thread 4" [_thread_blocked, id=16728, stack(0x000000f167900000,0x000000f167a00000)]
  0x0000022c062b4800 JavaThread "Build operations Thread 5" [_thread_blocked, id=7900, stack(0x000000f167a00000,0x000000f167b00000)]
  0x0000022c062b5000 JavaThread "Build operations Thread 6" [_thread_blocked, id=8576, stack(0x000000f167b00000,0x000000f167c00000)]
  0x0000022c062b6000 JavaThread "Build operations Thread 7" [_thread_blocked, id=6792, stack(0x000000f167c00000,0x000000f167d00000)]
  0x0000022c062b0000 JavaThread "Build operations Thread 8" [_thread_blocked, id=14052, stack(0x000000f167d00000,0x000000f167e00000)]
  0x0000022c062b6800 JavaThread "Cache worker for Build Output Cleanup Cache (C:\Users\Tayba\AndroidStudioProjects\newfitnessApp\.gradle\buildOutputCleanup)" [_thread_blocked, id=8316, stack(0x000000f167200000,0x000000f167300000)]
  0x0000022c06b8a800 JavaThread "C2 CompilerThread1" daemon [_thread_in_native, id=16284, stack(0x000000f166f00000,0x000000f167000000)]
  0x0000022c062b1000 JavaThread "Memory manager" [_thread_blocked, id=7348, stack(0x000000f167f00000,0x000000f168000000)]
  0x0000022c062b9000 JavaThread "Cache worker for file content cache (C:\Users\Tayba\.gradle\caches\6.1.1\fileContent)" [_thread_blocked, id=14812, stack(0x000000f168000000,0x000000f168100000)]
  0x0000022c062bb800 JavaThread "Cache worker for file content cache (C:\Users\Tayba\AndroidStudioProjects\newfitnessApp\.gradle\6.1.1\fileContent)" [_thread_blocked, id=12156, stack(0x000000f168100000,0x000000f168200000)]
  0x0000022c062ba000 JavaThread "Execution worker for ':'" [_thread_blocked, id=13660, stack(0x000000f168200000,0x000000f168300000)]
  0x0000022c062bd000 JavaThread "Execution worker for ':' Thread 2" [_thread_blocked, id=12788, stack(0x000000f168300000,0x000000f168400000)]
  0x0000022c062b7800 JavaThread "Execution worker for ':' Thread 3" [_thread_blocked, id=15924, stack(0x000000f168400000,0x000000f168500000)]
  0x0000022c062be000 JavaThread "Execution worker for ':' Thread 4" [_thread_blocked, id=400, stack(0x000000f168500000,0x000000f168600000)]
  0x0000022c062b8800 JavaThread "Execution worker for ':' Thread 5" [_thread_blocked, id=15952, stack(0x000000f168600000,0x000000f168700000)]
  0x0000022c062bb000 JavaThread "Execution worker for ':' Thread 6" [_thread_blocked, id=7324, stack(0x000000f168700000,0x000000f168800000)]
  0x0000022c0154b000 JavaThread "Execution worker for ':' Thread 7" [_thread_blocked, id=2692, stack(0x000000f168800000,0x000000f168900000)]
  0x0000022c01549000 JavaThread "Cache worker for execution history cache (C:\Users\Tayba\AndroidStudioProjects\newfitnessApp\.gradle\6.1.1\executionHistory)" [_thread_blocked, id=1348, stack(0x000000f168900000,0x000000f168a00000)]
  0x0000022c06888800 JavaThread "C2 CompilerThread2" daemon [_thread_in_native, id=11356, stack(0x000000f167e00000,0x000000f167f00000)]

Other Threads:
=>0x0000022c7e82e800 VMThread "VM Thread" [stack: 0x000000f164f00000,0x000000f165000000] [id=18660]
  0x0000022c7f351000 WatcherThread [stack: 0x000000f165900000,0x000000f165a00000] [id=13384]
  0x0000022c64542800 GCTaskThread "GC Thread#0" [stack: 0x000000f164a00000,0x000000f164b00000] [id=16872]
  0x0000022c7fc9c000 GCTaskThread "GC Thread#1" [stack: 0x000000f165b00000,0x000000f165c00000] [id=17692]
  0x0000022c7fcb3000 GCTaskThread "GC Thread#2" [stack: 0x000000f165c00000,0x000000f165d00000] [id=3068]
  0x0000022c00c39800 GCTaskThread "GC Thread#3" [stack: 0x000000f166700000,0x000000f166800000] [id=16312]
  0x0000022c0106b000 GCTaskThread "GC Thread#4" [stack: 0x000000f166800000,0x000000f166900000] [id=13872]
  0x0000022c011cb800 GCTaskThread "GC Thread#5" [stack: 0x000000f166900000,0x000000f166a00000] [id=4600]
  0x0000022c002bf800 GCTaskThread "GC Thread#6" [stack: 0x000000f166a00000,0x000000f166b00000] [id=9564]
  0x0000022c015d4000 GCTaskThread "GC Thread#7" [stack: 0x000000f166b00000,0x000000f166c00000] [id=4344]
  0x0000022c64573800 ConcurrentGCThread "G1 Main Marker" [stack: 0x000000f164b00000,0x000000f164c00000] [id=17472]
  0x0000022c64574800 ConcurrentGCThread "G1 Conc#0" [stack: 0x000000f164c00000,0x000000f164d00000] [id=10052]
  0x0000022c00d38800 ConcurrentGCThread "G1 Conc#1" [stack: 0x000000f166e00000,0x000000f166f00000] [id=16740]
  0x0000022c64609000 ConcurrentGCThread "G1 Refine#0" [stack: 0x000000f164d00000,0x000000f164e00000] [id=10364]
  0x0000022c7e680800 ConcurrentGCThread "G1 Young RemSet Sampling" [stack: 0x000000f164e00000,0x000000f164f00000] [id=6436]

Threads with active compile tasks:
C2 CompilerThread0  21262 11623       4       com.android.tools.r8.ir.conversion.o::a (270 bytes)
C2 CompilerThread1  21262 11576 %     4       com.android.tools.r8.ir.regalloc.a::a @ 2151 (3993 bytes)
C2 CompilerThread2  21262 11606       4       com.android.tools.r8.u.b.Q0::a (376 bytes)

VM state:at safepoint (normal execution)

VM Mutex/Monitor currently owned by a thread:  ([mutex/lock_event])
[0x0000022c6452bde0] Threads_lock - owner thread: 0x0000022c7e82e800
[0x0000022c6452c020] Heap_lock - owner thread: 0x0000022c062b7800

Heap address: 0x0000000080000000, size: 2048 MB, Compressed Oops mode: 32-bit
Narrow klass base: 0x0000000000000000, Narrow klass shift: 3
Compressed class space size: 1073741824 Address: 0x0000000100000000

Heap:
 garbage-first heap   total 328704K, used 108791K [0x0000000080000000, 0x0000000100000000)
  region size 1024K, 9 young (9216K), 9 survivors (9216K)
 Metaspace       used 80890K, capacity 82947K, committed 83740K, reserved 1122304K
  class space    used 10464K, capacity 11227K, committed 11468K, reserved 1048576K
Heap Regions: E=young(eden), S=young(survivor), O=old, HS=humongous(starts), HC=humongous(continues), CS=collection set, F=free, A=archive, TAMS=top-at-mark-start (previous, next)
|   0|0x0000000080000000, 0x0000000080100000, 0x0000000080100000|100%| O|  |TAMS 0x0000000080100000, 0x0000000080000000| Untracked 
|   1|0x0000000080100000, 0x0000000080200000, 0x0000000080200000|100%| O|  |TAMS 0x0000000080200000, 0x0000000080100000| Untracked 
|   2|0x0000000080200000, 0x0000000080300000, 0x0000000080300000|100%| O|  |TAMS 0x0000000080300000, 0x0000000080200000| Untracked 
|   3|0x0000000080300000, 0x0000000080400000, 0x0000000080400000|100%|HS|  |TAMS 0x0000000080400000, 0x0000000080300000| Complete 
|   4|0x0000000080400000, 0x0000000080500000, 0x0000000080500000|100%|HC|  |TAMS 0x0000000080500000, 0x0000000080400000| Complete 
|   5|0x0000000080500000, 0x0000000080600000, 0x0000000080600000|100%|HC|  |TAMS 0x0000000080600000, 0x0000000080500000| Complete 
|   6|0x0000000080600000, 0x0000000080700000, 0x0000000080700000|100%| O|  |TAMS 0x0000000080700000, 0x0000000080600000| Untracked 
|   7|0x0000000080700000, 0x0000000080800000, 0x0000000080800000|100%| O|  |TAMS 0x0000000080800000, 0x0000000080700000| Untracked 
|   8|0x0000000080800000, 0x0000000080900000, 0x0000000080900000|100%| O|  |TAMS 0x0000000080900000, 0x0000000080800000| Untracked 
|   9|0x0000000080900000, 0x0000000080a00000, 0x0000000080a00000|100%| O|  |TAMS 0x0000000080a00000, 0x0000000080900000| Untracked 
|  10|0x0000000080a00000, 0x0000000080b00000, 0x0000000080b00000|100%| O|  |TAMS 0x0000000080b00000, 0x0000000080a00000| Untracked 
|  11|0x0000000080b00000, 0x0000000080c00000, 0x0000000080c00000|100%| O|  |TAMS 0x0000000080c00000, 0x0000000080b00000| Untracked 
|  12|0x0000000080c00000, 0x0000000080d00000, 0x0000000080d00000|100%| O|  |TAMS 0x0000000080d00000, 0x0000000080c00000| Untracked 
|  13|0x0000000080d00000, 0x0000000080e00000, 0x0000000080e00000|100%| O|  |TAMS 0x0000000080e00000, 0x0000000080d00000| Untracked 
|  14|0x0000000080e00000, 0x0000000080f00000, 0x0000000080f00000|100%| O|  |TAMS 0x0000000080f00000, 0x0000000080e00000| Untracked 
|  15|0x0000000080f00000, 0x0000000081000000, 0x0000000081000000|100%| O|  |TAMS 0x0000000081000000, 0x0000000080f00000| Untracked 
|  16|0x0000000081000000, 0x0000000081100000, 0x0000000081100000|100%|HS|  |TAMS 0x0000000081100000, 0x0000000081000000| Complete 
|  17|0x0000000081100000, 0x0000000081200000, 0x0000000081200000|100%|HC|  |TAMS 0x0000000081200000, 0x0000000081100000| Complete 
|  18|0x0000000081200000, 0x0000000081300000, 0x0000000081300000|100%|HS|  |TAMS 0x0000000081300000, 0x0000000081200000| Complete 
|  19|0x0000000081300000, 0x0000000081400000, 0x0000000081400000|100%|HC|  |TAMS 0x0000000081400000, 0x0000000081300000| Complete 
|  20|0x0000000081400000, 0x0000000081500000, 0x0000000081500000|100%|HC|  |TAMS 0x0000000081500000, 0x0000000081400000| Complete 
|  21|0x0000000081500000, 0x0000000081600000, 0x0000000081600000|100%|HS|  |TAMS 0x0000000081600000, 0x0000000081500000| Complete 
|  22|0x0000000081600000, 0x0000000081700000, 0x0000000081700000|100%|HC|  |TAMS 0x0000000081700000, 0x0000000081600000| Complete 
|  23|0x0000000081700000, 0x0000000081800000, 0x0000000081800000|100%|HC|  |TAMS 0x0000000081800000, 0x0000000081700000| Complete 
|  24|0x0000000081800000, 0x0000000081900000, 0x0000000081900000|100%|HC|  |TAMS 0x0000000081900000, 0x0000000081800000| Complete 
|  25|0x0000000081900000, 0x0000000081a00000, 0x0000000081a00000|100%| O|  |TAMS 0x0000000081a00000, 0x0000000081900000| Untracked 
|  26|0x0000000081a00000, 0x0000000081b00000, 0x0000000081b00000|100%| O|  |TAMS 0x0000000081b00000, 0x0000000081a00000| Untracked 
|  27|0x0000000081b00000, 0x0000000081c00000, 0x0000000081c00000|100%| O|  |TAMS 0x0000000081c00000, 0x0000000081b00000| Untracked 
|  28|0x0000000081c00000, 0x0000000081d00000, 0x0000000081d00000|100%|HS|  |TAMS 0x0000000081d00000, 0x0000000081c00000| Complete 
|  29|0x0000000081d00000, 0x0000000081e00000, 0x0000000081e00000|100%|HC|  |TAMS 0x0000000081e00000, 0x0000000081d00000| Complete 
|  30|0x0000000081e00000, 0x0000000081f00000, 0x0000000081f00000|100%|HC|  |TAMS 0x0000000081f00000, 0x0000000081e00000| Complete 
|  31|0x0000000081f00000, 0x0000000082000000, 0x0000000082000000|100%|HS|  |TAMS 0x0000000082000000, 0x0000000081f00000| Complete 
|  32|0x0000000082000000, 0x0000000082100000, 0x0000000082100000|100%|HC|  |TAMS 0x0000000082100000, 0x0000000082000000| Complete 
|  33|0x0000000082100000, 0x0000000082200000, 0x0000000082200000|100%| O|  |TAMS 0x0000000082200000, 0x0000000082100000| Untracked 
|  34|0x0000000082200000, 0x0000000082300000, 0x0000000082300000|100%| O|  |TAMS 0x0000000082300000, 0x0000000082200000| Untracked 
|  35|0x0000000082300000, 0x0000000082400000, 0x0000000082400000|100%| O|  |TAMS 0x0000000082400000, 0x0000000082300000| Untracked 
|  36|0x0000000082400000, 0x0000000082500000, 0x0000000082500000|100%| O|  |TAMS 0x0000000082500000, 0x0000000082400000| Untracked 
|  37|0x0000000082500000, 0x0000000082600000, 0x0000000082600000|100%| O|  |TAMS 0x0000000082600000, 0x0000000082500000| Untracked 
|  38|0x0000000082600000, 0x0000000082700000, 0x0000000082700000|100%| O|  |TAMS 0x0000000082700000, 0x0000000082600000| Untracked 
|  39|0x0000000082700000, 0x0000000082800000, 0x0000000082800000|100%| O|  |TAMS 0x0000000082800000, 0x0000000082700000| Untracked 
|  40|0x0000000082800000, 0x0000000082900000, 0x0000000082900000|100%| O|  |TAMS 0x0000000082900000, 0x0000000082800000| Untracked 
|  41|0x0000000082900000, 0x0000000082a00000, 0x0000000082a00000|100%| O|  |TAMS 0x0000000082a00000, 0x0000000082900000| Untracked 
|  42|0x0000000082a00000, 0x0000000082b00000, 0x0000000082b00000|100%| O|  |TAMS 0x0000000082b00000, 0x0000000082a00000| Untracked 
|  43|0x0000000082b00000, 0x0000000082c00000, 0x0000000082c00000|100%| O|  |TAMS 0x0000000082c00000, 0x0000000082b00000| Untracked 
|  44|0x0000000082c00000, 0x0000000082d00000, 0x0000000082d00000|100%| O|  |TAMS 0x0000000082d00000, 0x0000000082c00000| Untracked 
|  45|0x0000000082d00000, 0x0000000082e00000, 0x0000000082e00000|100%| O|  |TAMS 0x0000000082e00000, 0x0000000082d00000| Untracked 
|  46|0x0000000082e00000, 0x0000000082f00000, 0x0000000082f00000|100%| O|  |TAMS 0x0000000082f00000, 0x0000000082e00000| Untracked 
|  47|0x0000000082f00000, 0x0000000083000000, 0x0000000083000000|100%| O|  |TAMS 0x0000000083000000, 0x0000000082f00000| Untracked 
|  48|0x0000000083000000, 0x0000000083100000, 0x0000000083100000|100%| O|  |TAMS 0x0000000083100000, 0x0000000083000000| Untracked 
|  49|0x0000000083100000, 0x0000000083200000, 0x0000000083200000|100%| O|  |TAMS 0x0000000083200000, 0x0000000083100000| Untracked 
|  50|0x0000000083200000, 0x0000000083300000, 0x0000000083300000|100%| O|  |TAMS 0x0000000083300000, 0x0000000083200000| Untracked 
|  51|0x0000000083300000, 0x0000000083400000, 0x0000000083400000|100%| O|  |TAMS 0x0000000083400000, 0x0000000083300000| Untracked 
|  52|0x0000000083400000, 0x0000000083500000, 0x0000000083500000|100%| O|  |TAMS 0x0000000083500000, 0x0000000083400000| Untracked 
|  53|0x0000000083500000, 0x0000000083600000, 0x0000000083600000|100%| O|  |TAMS 0x0000000083600000, 0x0000000083500000| Untracked 
|  54|0x0000000083600000, 0x0000000083700000, 0x0000000083700000|100%| O|  |TAMS 0x0000000083700000, 0x0000000083600000| Untracked 
|  55|0x0000000083700000, 0x0000000083800000, 0x0000000083800000|100%| O|  |TAMS 0x0000000083800000, 0x0000000083700000| Untracked 
|  56|0x0000000083800000, 0x0000000083900000, 0x0000000083900000|100%| O|  |TAMS 0x0000000083900000, 0x0000000083800000| Untracked 
|  57|0x0000000083900000, 0x0000000083a00000, 0x0000000083a00000|100%| O|  |TAMS 0x0000000083a00000, 0x0000000083900000| Untracked 
|  58|0x0000000083a00000, 0x0000000083b00000, 0x0000000083b00000|100%| O|  |TAMS 0x0000000083b00000, 0x0000000083a00000| Untracked 
|  59|0x0000000083b00000, 0x0000000083c00000, 0x0000000083c00000|100%| O|  |TAMS 0x0000000083c00000, 0x0000000083b00000| Untracked 
|  60|0x0000000083c00000, 0x0000000083d00000, 0x0000000083d00000|100%| O|  |TAMS 0x0000000083d00000, 0x0000000083c00000| Untracked 
|  61|0x0000000083d00000, 0x0000000083e00000, 0x0000000083e00000|100%| O|  |TAMS 0x0000000083e00000, 0x0000000083d00000| Untracked 
|  62|0x0000000083e00000, 0x0000000083f00000, 0x0000000083f00000|100%| O|  |TAMS 0x0000000083f00000, 0x0000000083e00000| Untracked 
|  63|0x0000000083f00000, 0x0000000084000000, 0x0000000084000000|100%| O|  |TAMS 0x0000000084000000, 0x0000000083f00000| Untracked 
|  64|0x0000000084000000, 0x0000000084100000, 0x0000000084100000|100%| O|  |TAMS 0x0000000084100000, 0x0000000084000000| Untracked 
|  65|0x0000000084100000, 0x0000000084200000, 0x0000000084200000|100%| O|  |TAMS 0x0000000084200000, 0x0000000084100000| Untracked 
|  66|0x0000000084200000, 0x0000000084300000, 0x0000000084300000|100%| O|  |TAMS 0x0000000084300000, 0x0000000084200000| Untracked 
|  67|0x0000000084300000, 0x0000000084400000, 0x0000000084400000|100%| O|  |TAMS 0x0000000084400000, 0x0000000084300000| Untracked 
|  68|0x0000000084400000, 0x0000000084500000, 0x0000000084500000|100%| O|  |TAMS 0x0000000084500000, 0x0000000084400000| Untracked 
|  69|0x0000000084500000, 0x0000000084600000, 0x0000000084600000|100%| O|  |TAMS 0x0000000084600000, 0x0000000084500000| Untracked 
|  70|0x0000000084600000, 0x0000000084700000, 0x0000000084700000|100%| O|  |TAMS 0x0000000084700000, 0x0000000084600000| Untracked 
|  71|0x0000000084700000, 0x0000000084800000, 0x0000000084800000|100%| O|  |TAMS 0x0000000084800000, 0x0000000084700000| Untracked 
|  72|0x0000000084800000, 0x0000000084900000, 0x0000000084900000|100%| O|  |TAMS 0x0000000084900000, 0x0000000084800000| Untracked 
|  73|0x0000000084900000, 0x0000000084a00000, 0x0000000084a00000|100%| O|  |TAMS 0x0000000084a00000, 0x0000000084900000| Untracked 
|  74|0x0000000084a00000, 0x0000000084b00000, 0x0000000084b00000|100%| O|  |TAMS 0x0000000084b00000, 0x0000000084a00000| Untracked 
|  75|0x0000000084b00000, 0x0000000084c00000, 0x0000000084c00000|100%| O|  |TAMS 0x0000000084c00000, 0x0000000084b00000| Untracked 
|  76|0x0000000084c00000, 0x0000000084d00000, 0x0000000084d00000|100%| O|  |TAMS 0x0000000084d00000, 0x0000000084c00000| Untracked 
|  77|0x0000000084d00000, 0x0000000084e00000, 0x0000000084e00000|100%| O|  |TAMS 0x0000000084e00000, 0x0000000084d00000| Untracked 
|  78|0x0000000084e00000, 0x0000000084f00000, 0x0000000084f00000|100%| O|  |TAMS 0x0000000084f00000, 0x0000000084e00000| Untracked 
|  79|0x0000000084f00000, 0x0000000085000000, 0x0000000085000000|100%| O|  |TAMS 0x0000000085000000, 0x0000000084f00000| Untracked 
|  80|0x0000000085000000, 0x0000000085100000, 0x0000000085100000|100%| O|  |TAMS 0x0000000085100000, 0x0000000085000000| Untracked 
|  81|0x0000000085100000, 0x0000000085200000, 0x0000000085200000|100%| O|  |TAMS 0x0000000085200000, 0x0000000085100000| Untracked 
|  82|0x0000000085200000, 0x0000000085300000, 0x0000000085300000|100%| O|  |TAMS 0x0000000085300000, 0x0000000085200000| Untracked 
|  83|0x0000000085300000, 0x0000000085400000, 0x0000000085400000|100%| O|  |TAMS 0x0000000085400000, 0x0000000085300000| Untracked 
|  84|0x0000000085400000, 0x0000000085500000, 0x0000000085500000|100%| O|  |TAMS 0x0000000085500000, 0x0000000085400000| Untracked 
|  85|0x0000000085500000, 0x0000000085600000, 0x0000000085600000|100%| O|  |TAMS 0x0000000085600000, 0x0000000085500000| Untracked 
|  86|0x0000000085600000, 0x0000000085700000, 0x0000000085700000|100%| O|  |TAMS 0x0000000085700000, 0x0000000085600000| Untracked 
|  87|0x0000000085700000, 0x0000000085800000, 0x0000000085800000|100%| O|  |TAMS 0x0000000085800000, 0x0000000085700000| Untracked 
|  88|0x0000000085800000, 0x0000000085900000, 0x0000000085900000|100%| O|  |TAMS 0x0000000085900000, 0x0000000085800000| Untracked 
|  89|0x0000000085900000, 0x0000000085a00000, 0x0000000085a00000|100%| O|  |TAMS 0x0000000085a00000, 0x0000000085900000| Untracked 
|  90|0x0000000085a00000, 0x0000000085b00000, 0x0000000085b00000|100%| O|  |TAMS 0x0000000085b00000, 0x0000000085a00000| Untracked 
|  91|0x0000000085b00000, 0x0000000085c00000, 0x0000000085c00000|100%| O|  |TAMS 0x0000000085c00000, 0x0000000085b00000| Untracked 
|  92|0x0000000085c00000, 0x0000000085d00000, 0x0000000085d00000|100%| O|  |TAMS 0x0000000085d00000, 0x0000000085c00000| Untracked 
|  93|0x0000000085d00000, 0x0000000085e00000, 0x0000000085e00000|100%| O|  |TAMS 0x0000000085e00000, 0x0000000085d00000| Untracked 
|  94|0x0000000085e00000, 0x0000000085f00000, 0x0000000085f00000|100%| O|  |TAMS 0x0000000085e98400, 0x0000000085e00000| Untracked 
|  95|0x0000000085f00000, 0x0000000086000000, 0x0000000086000000|100%| O|  |TAMS 0x0000000085f00000, 0x0000000085f00000| Untracked 
|  96|0x0000000086000000, 0x0000000086100000, 0x0000000086100000|100%| O|  |TAMS 0x0000000086000000, 0x0000000086000000| Untracked 
|  97|0x0000000086100000, 0x000000008615b000, 0x0000000086200000| 35%| O|  |TAMS 0x0000000086100000, 0x0000000086100000| Untracked 
|  98|0x0000000086200000, 0x0000000086200000, 0x0000000086300000|  0%| F|  |TAMS 0x0000000086200000, 0x0000000086200000| Untracked 
|  99|0x0000000086300000, 0x0000000086300000, 0x0000000086400000|  0%| F|  |TAMS 0x0000000086300000, 0x0000000086300000| Untracked 
| 100|0x0000000086400000, 0x0000000086400000, 0x0000000086500000|  0%| F|  |TAMS 0x0000000086400000, 0x0000000086400000| Untracked 
| 101|0x0000000086500000, 0x0000000086500000, 0x0000000086600000|  0%| F|  |TAMS 0x0000000086500000, 0x0000000086500000| Untracked 
| 102|0x0000000086600000, 0x0000000086600000, 0x0000000086700000|  0%| F|  |TAMS 0x0000000086600000, 0x0000000086600000| Untracked 
| 103|0x0000000086700000, 0x0000000086700000, 0x0000000086800000|  0%| F|  |TAMS 0x0000000086700000, 0x0000000086700000| Untracked 
| 104|0x0000000086800000, 0x0000000086800000, 0x0000000086900000|  0%| F|  |TAMS 0x0000000086800000, 0x0000000086800000| Untracked 
| 105|0x0000000086900000, 0x0000000086900000, 0x0000000086a00000|  0%| F|  |TAMS 0x0000000086900000, 0x0000000086900000| Untracked 
| 106|0x0000000086a00000, 0x0000000086a00000, 0x0000000086b00000|  0%| F|  |TAMS 0x0000000086a00000, 0x0000000086a00000| Untracked 
| 107|0x0000000086b00000, 0x0000000086b00000, 0x0000000086c00000|  0%| F|  |TAMS 0x0000000086b00000, 0x0000000086b00000| Untracked 
| 108|0x0000000086c00000, 0x0000000086c00000, 0x0000000086d00000|  0%| F|  |TAMS 0x0000000086c00000, 0x0000000086c00000| Untracked 
| 109|0x0000000086d00000, 0x0000000086d00000, 0x0000000086e00000|  0%| F|  |TAMS 0x0000000086d00000, 0x0000000086d00000| Untracked 
| 110|0x0000000086e00000, 0x0000000086e00000, 0x0000000086f00000|  0%| F|  |TAMS 0x0000000086e00000, 0x0000000086e00000| Untracked 
| 111|0x0000000086f00000, 0x0000000086f00000, 0x0000000087000000|  0%| F|  |TAMS 0x0000000086f00000, 0x0000000086f00000| Untracked 
| 112|0x0000000087000000, 0x0000000087000000, 0x0000000087100000|  0%| F|  |TAMS 0x0000000087000000, 0x0000000087000000| Untracked 
| 113|0x0000000087100000, 0x0000000087100000, 0x0000000087200000|  0%| F|  |TAMS 0x0000000087100000, 0x0000000087100000| Untracked 
| 114|0x0000000087200000, 0x0000000087200000, 0x0000000087300000|  0%| F|  |TAMS 0x0000000087200000, 0x0000000087200000| Untracked 
| 115|0x0000000087300000, 0x0000000087300000, 0x0000000087400000|  0%| F|  |TAMS 0x0000000087300000, 0x0000000087300000| Untracked 
| 116|0x0000000087400000, 0x0000000087400000, 0x0000000087500000|  0%| F|  |TAMS 0x0000000087400000, 0x0000000087400000| Untracked 
| 117|0x0000000087500000, 0x0000000087500000, 0x0000000087600000|  0%| F|  |TAMS 0x0000000087500000, 0x0000000087500000| Untracked 
| 118|0x0000000087600000, 0x0000000087600000, 0x0000000087700000|  0%| F|  |TAMS 0x0000000087600000, 0x0000000087600000| Untracked 
| 119|0x0000000087700000, 0x0000000087700000, 0x0000000087800000|  0%| F|  |TAMS 0x0000000087700000, 0x0000000087700000| Untracked 
| 120|0x0000000087800000, 0x0000000087800000, 0x0000000087900000|  0%| F|  |TAMS 0x0000000087800000, 0x0000000087800000| Untracked 
| 121|0x0000000087900000, 0x0000000087900000, 0x0000000087a00000|  0%| F|  |TAMS 0x0000000087900000, 0x0000000087900000| Untracked 
| 122|0x0000000087a00000, 0x0000000087a00000, 0x0000000087b00000|  0%| F|  |TAMS 0x0000000087a00000, 0x0000000087a00000| Untracked 
| 123|0x0000000087b00000, 0x0000000087b00000, 0x0000000087c00000|  0%| F|  |TAMS 0x0000000087b00000, 0x0000000087b00000| Untracked 
| 124|0x0000000087c00000, 0x0000000087c00000, 0x0000000087d00000|  0%| F|  |TAMS 0x0000000087c00000, 0x0000000087c00000| Untracked 
| 125|0x0000000087d00000, 0x0000000087d00000, 0x0000000087e00000|  0%| F|  |TAMS 0x0000000087d00000, 0x0000000087d00000| Untracked 
| 126|0x0000000087e00000, 0x0000000087e00000, 0x0000000087f00000|  0%| F|  |TAMS 0x0000000087e00000, 0x0000000087e00000| Untracked 
| 127|0x0000000087f00000, 0x0000000087f00000, 0x0000000088000000|  0%| F|  |TAMS 0x0000000087f00000, 0x0000000087f00000| Untracked 
| 128|0x0000000088000000, 0x0000000088000000, 0x0000000088100000|  0%| F|  |TAMS 0x0000000088000000, 0x0000000088000000| Untracked 
| 129|0x0000000088100000, 0x0000000088100000, 0x0000000088200000|  0%| F|  |TAMS 0x0000000088100000, 0x0000000088100000| Untracked 
| 130|0x0000000088200000, 0x0000000088200000, 0x0000000088300000|  0%| F|  |TAMS 0x0000000088200000, 0x0000000088200000| Untracked 
| 131|0x0000000088300000, 0x0000000088300000, 0x0000000088400000|  0%| F|  |TAMS 0x0000000088300000, 0x0000000088300000| Untracked 
| 132|0x0000000088400000, 0x0000000088400000, 0x0000000088500000|  0%| F|  |TAMS 0x0000000088400000, 0x0000000088400000| Untracked 
| 133|0x0000000088500000, 0x0000000088500000, 0x0000000088600000|  0%| F|  |TAMS 0x0000000088500000, 0x0000000088500000| Untracked 
| 134|0x0000000088600000, 0x0000000088600000, 0x0000000088700000|  0%| F|  |TAMS 0x0000000088600000, 0x0000000088600000| Untracked 
| 135|0x0000000088700000, 0x00000000887e2f68, 0x0000000088800000| 88%| S|CS|TAMS 0x0000000088700000, 0x0000000088700000| Complete 
| 136|0x0000000088800000, 0x0000000088900000, 0x0000000088900000|100%| S|CS|TAMS 0x0000000088800000, 0x0000000088800000| Complete 
| 137|0x0000000088900000, 0x0000000088a00000, 0x0000000088a00000|100%| S|CS|TAMS 0x0000000088900000, 0x0000000088900000| Complete 
| 138|0x0000000088a00000, 0x0000000088b00000, 0x0000000088b00000|100%| S|CS|TAMS 0x0000000088a00000, 0x0000000088a00000| Complete 
| 139|0x0000000088b00000, 0x0000000088c00000, 0x0000000088c00000|100%| S|CS|TAMS 0x0000000088b00000, 0x0000000088b00000| Complete 
| 140|0x0000000088c00000, 0x0000000088d00000, 0x0000000088d00000|100%| S|CS|TAMS 0x0000000088c00000, 0x0000000088c00000| Complete 
| 141|0x0000000088d00000, 0x0000000088e00000, 0x0000000088e00000|100%| S|CS|TAMS 0x0000000088d00000, 0x0000000088d00000| Complete 
| 142|0x0000000088e00000, 0x0000000088e00000, 0x0000000088f00000|  0%| F|  |TAMS 0x0000000088e00000, 0x0000000088e00000| Untracked 
| 143|0x0000000088f00000, 0x0000000088f00000, 0x0000000089000000|  0%| F|  |TAMS 0x0000000088f00000, 0x0000000088f00000| Untracked 
| 144|0x0000000089000000, 0x0000000089000000, 0x0000000089100000|  0%| F|  |TAMS 0x0000000089000000, 0x0000000089000000| Untracked 
| 145|0x0000000089100000, 0x0000000089100000, 0x0000000089200000|  0%| F|  |TAMS 0x0000000089100000, 0x0000000089100000| Untracked 
| 146|0x0000000089200000, 0x0000000089200000, 0x0000000089300000|  0%| F|  |TAMS 0x0000000089200000, 0x0000000089200000| Untracked 
| 147|0x0000000089300000, 0x0000000089300000, 0x0000000089400000|  0%| F|  |TAMS 0x0000000089300000, 0x0000000089300000| Untracked 
| 148|0x0000000089400000, 0x0000000089500000, 0x0000000089500000|100%| S|CS|TAMS 0x0000000089400000, 0x0000000089400000| Complete 
| 149|0x0000000089500000, 0x0000000089600000, 0x0000000089600000|100%| S|CS|TAMS 0x0000000089500000, 0x0000000089500000| Complete 
| 150|0x0000000089600000, 0x0000000089600000, 0x0000000089700000|  0%| F|  |TAMS 0x0000000089600000, 0x0000000089600000| Untracked 
| 151|0x0000000089700000, 0x0000000089700000, 0x0000000089800000|  0%| F|  |TAMS 0x0000000089700000, 0x0000000089700000| Untracked 
| 152|0x0000000089800000, 0x0000000089800000, 0x0000000089900000|  0%| F|  |TAMS 0x0000000089800000, 0x0000000089800000| Untracked 
| 153|0x0000000089900000, 0x0000000089900000, 0x0000000089a00000|  0%| F|  |TAMS 0x0000000089900000, 0x0000000089900000| Untracked 
| 154|0x0000000089a00000, 0x0000000089a00000, 0x0000000089b00000|  0%| F|  |TAMS 0x0000000089a00000, 0x0000000089a00000| Untracked 
| 155|0x0000000089b00000, 0x0000000089b00000, 0x0000000089c00000|  0%| F|  |TAMS 0x0000000089b00000, 0x0000000089b00000| Untracked 
| 156|0x0000000089c00000, 0x0000000089c00000, 0x0000000089d00000|  0%| F|  |TAMS 0x0000000089c00000, 0x0000000089c00000| Untracked 
| 157|0x0000000089d00000, 0x0000000089d00000, 0x0000000089e00000|  0%| F|  |TAMS 0x0000000089d00000, 0x0000000089d00000| Untracked 
| 158|0x0000000089e00000, 0x0000000089e00000, 0x0000000089f00000|  0%| F|  |TAMS 0x0000000089e00000, 0x0000000089e00000| Untracked 
| 159|0x0000000089f00000, 0x0000000089f00000, 0x000000008a000000|  0%| F|  |TAMS 0x0000000089f00000, 0x0000000089f00000| Untracked 
| 160|0x000000008a000000, 0x000000008a000000, 0x000000008a100000|  0%| F|  |TAMS 0x000000008a000000, 0x000000008a000000| Untracked 
| 161|0x000000008a100000, 0x000000008a100000, 0x000000008a200000|  0%| F|  |TAMS 0x000000008a100000, 0x000000008a100000| Untracked 
| 162|0x000000008a200000, 0x000000008a200000, 0x000000008a300000|  0%| F|  |TAMS 0x000000008a200000, 0x000000008a200000| Untracked 
| 163|0x000000008a300000, 0x000000008a300000, 0x000000008a400000|  0%| F|  |TAMS 0x000000008a300000, 0x000000008a300000| Untracked 
| 164|0x000000008a400000, 0x000000008a400000, 0x000000008a500000|  0%| F|  |TAMS 0x000000008a400000, 0x000000008a400000| Untracked 
| 165|0x000000008a500000, 0x000000008a500000, 0x000000008a600000|  0%| F|  |TAMS 0x000000008a500000, 0x000000008a500000| Untracked 
| 166|0x000000008a600000, 0x000000008a600000, 0x000000008a700000|  0%| F|  |TAMS 0x000000008a600000, 0x000000008a600000| Untracked 
| 167|0x000000008a700000, 0x000000008a700000, 0x000000008a800000|  0%| F|  |TAMS 0x000000008a700000, 0x000000008a700000| Untracked 
| 168|0x000000008a800000, 0x000000008a800000, 0x000000008a900000|  0%| F|  |TAMS 0x000000008a800000, 0x000000008a800000| Untracked 
| 169|0x000000008a900000, 0x000000008a900000, 0x000000008aa00000|  0%| F|  |TAMS 0x000000008a900000, 0x000000008a900000| Untracked 
| 170|0x000000008aa00000, 0x000000008aa00000, 0x000000008ab00000|  0%| F|  |TAMS 0x000000008aa00000, 0x000000008aa00000| Untracked 
| 171|0x000000008ab00000, 0x000000008ab00000, 0x000000008ac00000|  0%| F|  |TAMS 0x000000008ab00000, 0x000000008ab00000| Untracked 
| 172|0x000000008ac00000, 0x000000008ac00000, 0x000000008ad00000|  0%| F|  |TAMS 0x000000008ac00000, 0x000000008ac00000| Untracked 
| 173|0x000000008ad00000, 0x000000008ad00000, 0x000000008ae00000|  0%| F|  |TAMS 0x000000008ad00000, 0x000000008ad00000| Untracked 
| 174|0x000000008ae00000, 0x000000008ae00000, 0x000000008af00000|  0%| F|  |TAMS 0x000000008ae00000, 0x000000008ae00000| Untracked 
| 175|0x000000008af00000, 0x000000008af00000, 0x000000008b000000|  0%| F|  |TAMS 0x000000008af00000, 0x000000008af00000| Untracked 
| 176|0x000000008b000000, 0x000000008b000000, 0x000000008b100000|  0%| F|  |TAMS 0x000000008b000000, 0x000000008b000000| Untracked 
| 177|0x000000008b100000, 0x000000008b100000, 0x000000008b200000|  0%| F|  |TAMS 0x000000008b100000, 0x000000008b100000| Untracked 
| 178|0x000000008b200000, 0x000000008b200000, 0x000000008b300000|  0%| F|  |TAMS 0x000000008b200000, 0x000000008b200000| Untracked 
| 179|0x000000008b300000, 0x000000008b300000, 0x000000008b400000|  0%| F|  |TAMS 0x000000008b300000, 0x000000008b300000| Untracked 
| 180|0x000000008b400000, 0x000000008b400000, 0x000000008b500000|  0%| F|  |TAMS 0x000000008b400000, 0x000000008b400000| Untracked 
| 181|0x000000008b500000, 0x000000008b500000, 0x000000008b600000|  0%| F|  |TAMS 0x000000008b500000, 0x000000008b500000| Untracked 
| 182|0x000000008b600000, 0x000000008b600000, 0x000000008b700000|  0%| F|  |TAMS 0x000000008b600000, 0x000000008b600000| Untracked 
| 183|0x000000008b700000, 0x000000008b700000, 0x000000008b800000|  0%| F|  |TAMS 0x000000008b700000, 0x000000008b700000| Untracked 
| 184|0x000000008b800000, 0x000000008b800000, 0x000000008b900000|  0%| F|  |TAMS 0x000000008b800000, 0x000000008b800000| Untracked 
| 185|0x000000008b900000, 0x000000008b900000, 0x000000008ba00000|  0%| F|  |TAMS 0x000000008b900000, 0x000000008b900000| Untracked 
| 186|0x000000008ba00000, 0x000000008ba00000, 0x000000008bb00000|  0%| F|  |TAMS 0x000000008ba00000, 0x000000008ba00000| Untracked 
| 187|0x000000008bb00000, 0x000000008bb00000, 0x000000008bc00000|  0%| F|  |TAMS 0x000000008bb00000, 0x000000008bb00000| Untracked 
| 188|0x000000008bc00000, 0x000000008bc00000, 0x000000008bd00000|  0%| F|  |TAMS 0x000000008bc00000, 0x000000008bc00000| Untracked 
| 189|0x000000008bd00000, 0x000000008bd00000, 0x000000008be00000|  0%| F|  |TAMS 0x000000008bd00000, 0x000000008bd00000| Untracked 
| 190|0x000000008be00000, 0x000000008be00000, 0x000000008bf00000|  0%| F|  |TAMS 0x000000008be00000, 0x000000008be00000| Untracked 
| 191|0x000000008bf00000, 0x000000008bf00000, 0x000000008c000000|  0%| F|  |TAMS 0x000000008bf00000, 0x000000008bf00000| Untracked 
| 192|0x000000008c000000, 0x000000008c000000, 0x000000008c100000|  0%| F|  |TAMS 0x000000008c000000, 0x000000008c000000| Untracked 
| 193|0x000000008c100000, 0x000000008c100000, 0x000000008c200000|  0%| F|  |TAMS 0x000000008c100000, 0x000000008c100000| Untracked 
| 194|0x000000008c200000, 0x000000008c200000, 0x000000008c300000|  0%| F|  |TAMS 0x000000008c200000, 0x000000008c200000| Untracked 
| 195|0x000000008c300000, 0x000000008c300000, 0x000000008c400000|  0%| F|  |TAMS 0x000000008c300000, 0x000000008c300000| Untracked 
| 196|0x000000008c400000, 0x000000008c400000, 0x000000008c500000|  0%| F|  |TAMS 0x000000008c400000, 0x000000008c400000| Untracked 
| 197|0x000000008c500000, 0x000000008c500000, 0x000000008c600000|  0%| F|  |TAMS 0x000000008c500000, 0x000000008c500000| Untracked 
| 198|0x000000008c600000, 0x000000008c600000, 0x000000008c700000|  0%| F|  |TAMS 0x000000008c600000, 0x000000008c600000| Untracked 
| 199|0x000000008c700000, 0x000000008c700000, 0x000000008c800000|  0%| F|  |TAMS 0x000000008c700000, 0x000000008c700000| Untracked 
| 200|0x000000008c800000, 0x000000008c800000, 0x000000008c900000|  0%| F|  |TAMS 0x000000008c800000, 0x000000008c800000| Untracked 
| 201|0x000000008c900000, 0x000000008c900000, 0x000000008ca00000|  0%| F|  |TAMS 0x000000008c900000, 0x000000008c900000| Untracked 
| 202|0x000000008ca00000, 0x000000008ca00000, 0x000000008cb00000|  0%| F|  |TAMS 0x000000008ca00000, 0x000000008ca00000| Untracked 
| 203|0x000000008cb00000, 0x000000008cb00000, 0x000000008cc00000|  0%| F|  |TAMS 0x000000008cb00000, 0x000000008cb00000| Untracked 
| 204|0x000000008cc00000, 0x000000008cc00000, 0x000000008cd00000|  0%| F|  |TAMS 0x000000008cc00000, 0x000000008cc00000| Untracked 
| 205|0x000000008cd00000, 0x000000008cd00000, 0x000000008ce00000|  0%| F|  |TAMS 0x000000008cd00000, 0x000000008cd00000| Untracked 
| 206|0x000000008ce00000, 0x000000008ce00000, 0x000000008cf00000|  0%| F|  |TAMS 0x000000008ce00000, 0x000000008ce00000| Untracked 
| 207|0x000000008cf00000, 0x000000008cf00000, 0x000000008d000000|  0%| F|  |TAMS 0x000000008cf00000, 0x000000008cf00000| Untracked 
| 208|0x000000008d000000, 0x000000008d000000, 0x000000008d100000|  0%| F|  |TAMS 0x000000008d000000, 0x000000008d000000| Untracked 
| 209|0x000000008d100000, 0x000000008d100000, 0x000000008d200000|  0%| F|  |TAMS 0x000000008d100000, 0x000000008d100000| Untracked 
| 210|0x000000008d200000, 0x000000008d200000, 0x000000008d300000|  0%| F|  |TAMS 0x000000008d200000, 0x000000008d200000| Untracked 
| 211|0x000000008d300000, 0x000000008d300000, 0x000000008d400000|  0%| F|  |TAMS 0x000000008d300000, 0x000000008d300000| Untracked 
| 212|0x000000008d400000, 0x000000008d400000, 0x000000008d500000|  0%| F|  |TAMS 0x000000008d400000, 0x000000008d400000| Untracked 
| 213|0x000000008d500000, 0x000000008d500000, 0x000000008d600000|  0%| F|  |TAMS 0x000000008d500000, 0x000000008d500000| Untracked 
| 214|0x000000008d600000, 0x000000008d600000, 0x000000008d700000|  0%| F|  |TAMS 0x000000008d600000, 0x000000008d600000| Untracked 
| 215|0x000000008d700000, 0x000000008d700000, 0x000000008d800000|  0%| F|  |TAMS 0x000000008d700000, 0x000000008d700000| Untracked 
| 216|0x000000008d800000, 0x000000008d800000, 0x000000008d900000|  0%| F|  |TAMS 0x000000008d800000, 0x000000008d800000| Untracked 
| 217|0x000000008d900000, 0x000000008d900000, 0x000000008da00000|  0%| F|  |TAMS 0x000000008d900000, 0x000000008d900000| Untracked 
| 218|0x000000008da00000, 0x000000008da00000, 0x000000008db00000|  0%| F|  |TAMS 0x000000008da00000, 0x000000008da00000| Untracked 
| 219|0x000000008db00000, 0x000000008db00000, 0x000000008dc00000|  0%| F|  |TAMS 0x000000008db00000, 0x000000008db00000| Untracked 
| 220|0x000000008dc00000, 0x000000008dc00000, 0x000000008dd00000|  0%| F|  |TAMS 0x000000008dc00000, 0x000000008dc00000| Untracked 
| 221|0x000000008dd00000, 0x000000008dd00000, 0x000000008de00000|  0%| F|  |TAMS 0x000000008dd00000, 0x000000008dd00000| Untracked 
| 222|0x000000008de00000, 0x000000008de00000, 0x000000008df00000|  0%| F|  |TAMS 0x000000008de00000, 0x000000008de00000| Untracked 
| 223|0x000000008df00000, 0x000000008df00000, 0x000000008e000000|  0%| F|  |TAMS 0x000000008df00000, 0x000000008df00000| Untracked 
| 224|0x000000008e000000, 0x000000008e000000, 0x000000008e100000|  0%| F|  |TAMS 0x000000008e000000, 0x000000008e000000| Untracked 
| 225|0x000000008e100000, 0x000000008e100000, 0x000000008e200000|  0%| F|  |TAMS 0x000000008e100000, 0x000000008e100000| Untracked 
| 226|0x000000008e200000, 0x000000008e200000, 0x000000008e300000|  0%| F|  |TAMS 0x000000008e200000, 0x000000008e200000| Untracked 
| 227|0x000000008e300000, 0x000000008e300000, 0x000000008e400000|  0%| F|  |TAMS 0x000000008e300000, 0x000000008e300000| Untracked 
| 228|0x000000008e400000, 0x000000008e400000, 0x000000008e500000|  0%| F|  |TAMS 0x000000008e400000, 0x000000008e400000| Untracked 
| 229|0x000000008e500000, 0x000000008e500000, 0x000000008e600000|  0%| F|  |TAMS 0x000000008e500000, 0x000000008e500000| Untracked 
| 230|0x000000008e600000, 0x000000008e600000, 0x000000008e700000|  0%| F|  |TAMS 0x000000008e600000, 0x000000008e600000| Untracked 
| 231|0x000000008e700000, 0x000000008e700000, 0x000000008e800000|  0%| F|  |TAMS 0x000000008e700000, 0x000000008e700000| Untracked 
| 232|0x000000008e800000, 0x000000008e800000, 0x000000008e900000|  0%| F|  |TAMS 0x000000008e800000, 0x000000008e800000| Untracked 
| 233|0x000000008e900000, 0x000000008e900000, 0x000000008ea00000|  0%| F|  |TAMS 0x000000008e900000, 0x000000008e900000| Untracked 
| 234|0x000000008ea00000, 0x000000008ea00000, 0x000000008eb00000|  0%| F|  |TAMS 0x000000008ea00000, 0x000000008ea00000| Untracked 
| 235|0x000000008eb00000, 0x000000008eb00000, 0x000000008ec00000|  0%| F|  |TAMS 0x000000008eb00000, 0x000000008eb00000| Untracked 
| 236|0x000000008ec00000, 0x000000008ec00000, 0x000000008ed00000|  0%| F|  |TAMS 0x000000008ec00000, 0x000000008ec00000| Untracked 
| 237|0x000000008ed00000, 0x000000008ed00000, 0x000000008ee00000|  0%| F|  |TAMS 0x000000008ed00000, 0x000000008ed00000| Untracked 
| 238|0x000000008ee00000, 0x000000008ee00000, 0x000000008ef00000|  0%| F|  |TAMS 0x000000008ee00000, 0x000000008ee00000| Untracked 
| 239|0x000000008ef00000, 0x000000008ef00000, 0x000000008f000000|  0%| F|  |TAMS 0x000000008ef00000, 0x000000008ef00000| Untracked 
| 240|0x000000008f000000, 0x000000008f000000, 0x000000008f100000|  0%| F|  |TAMS 0x000000008f000000, 0x000000008f000000| Untracked 
| 241|0x000000008f100000, 0x000000008f100000, 0x000000008f200000|  0%| F|  |TAMS 0x000000008f100000, 0x000000008f100000| Untracked 
| 242|0x000000008f200000, 0x000000008f200000, 0x000000008f300000|  0%| F|  |TAMS 0x000000008f200000, 0x000000008f200000| Untracked 
| 243|0x000000008f300000, 0x000000008f300000, 0x000000008f400000|  0%| F|  |TAMS 0x000000008f300000, 0x000000008f300000| Untracked 
| 244|0x000000008f400000, 0x000000008f400000, 0x000000008f500000|  0%| F|  |TAMS 0x000000008f400000, 0x000000008f400000| Untracked 
| 245|0x000000008f500000, 0x000000008f500000, 0x000000008f600000|  0%| F|  |TAMS 0x000000008f500000, 0x000000008f500000| Untracked 
| 246|0x000000008f600000, 0x000000008f600000, 0x000000008f700000|  0%| F|  |TAMS 0x000000008f600000, 0x000000008f600000| Untracked 
| 247|0x000000008f700000, 0x000000008f700000, 0x000000008f800000|  0%| F|  |TAMS 0x000000008f700000, 0x000000008f700000| Untracked 
| 248|0x000000008f800000, 0x000000008f800000, 0x000000008f900000|  0%| F|  |TAMS 0x000000008f800000, 0x000000008f800000| Untracked 
| 249|0x000000008f900000, 0x000000008f900000, 0x000000008fa00000|  0%| F|  |TAMS 0x000000008f900000, 0x000000008f900000| Untracked 
| 250|0x000000008fa00000, 0x000000008fa00000, 0x000000008fb00000|  0%| F|  |TAMS 0x000000008fa00000, 0x000000008fa00000| Untracked 
| 251|0x000000008fb00000, 0x000000008fb00000, 0x000000008fc00000|  0%| F|  |TAMS 0x000000008fb00000, 0x000000008fb00000| Untracked 
| 252|0x000000008fc00000, 0x000000008fc00000, 0x000000008fd00000|  0%| F|  |TAMS 0x000000008fc00000, 0x000000008fc00000| Untracked 
| 253|0x000000008fd00000, 0x000000008fd00000, 0x000000008fe00000|  0%| F|  |TAMS 0x000000008fd00000, 0x000000008fd00000| Untracked 
| 254|0x000000008fe00000, 0x000000008fe00000, 0x000000008ff00000|  0%| F|  |TAMS 0x000000008fe00000, 0x000000008fe00000| Untracked 
| 255|0x000000008ff00000, 0x000000008ff00000, 0x0000000090000000|  0%| F|  |TAMS 0x000000008ff00000, 0x000000008ff00000| Untracked 
| 256|0x0000000090000000, 0x0000000090000000, 0x0000000090100000|  0%| F|  |TAMS 0x0000000090000000, 0x0000000090000000| Untracked 
| 257|0x0000000090100000, 0x0000000090100000, 0x0000000090200000|  0%| F|  |TAMS 0x0000000090100000, 0x0000000090100000| Untracked 
| 258|0x0000000090200000, 0x0000000090200000, 0x0000000090300000|  0%| F|  |TAMS 0x0000000090200000, 0x0000000090200000| Untracked 
| 259|0x0000000090300000, 0x0000000090300000, 0x0000000090400000|  0%| F|  |TAMS 0x0000000090300000, 0x0000000090300000| Untracked 
| 260|0x0000000090400000, 0x0000000090400000, 0x0000000090500000|  0%| F|  |TAMS 0x0000000090400000, 0x0000000090400000| Untracked 
| 261|0x0000000090500000, 0x0000000090500000, 0x0000000090600000|  0%| F|  |TAMS 0x0000000090500000, 0x0000000090500000| Untracked 
| 262|0x0000000090600000, 0x0000000090600000, 0x0000000090700000|  0%| F|  |TAMS 0x0000000090600000, 0x0000000090600000| Untracked 
| 263|0x0000000090700000, 0x0000000090700000, 0x0000000090800000|  0%| F|  |TAMS 0x0000000090700000, 0x0000000090700000| Untracked 
| 264|0x0000000090800000, 0x0000000090800000, 0x0000000090900000|  0%| F|  |TAMS 0x0000000090800000, 0x0000000090800000| Untracked 
| 265|0x0000000090900000, 0x0000000090900000, 0x0000000090a00000|  0%| F|  |TAMS 0x0000000090900000, 0x0000000090900000| Untracked 
| 266|0x0000000090a00000, 0x0000000090a00000, 0x0000000090b00000|  0%| F|  |TAMS 0x0000000090a00000, 0x0000000090a00000| Untracked 

Card table byte_map: [0x0000022c775e0000,0x0000022c779e0000] _byte_map_base: 0x0000022c771e0000

Marking Bits (Prev, Next): (CMBitMap*) 0x0000022c6456a8c0, (CMBitMap*) 0x0000022c6456a888
 Prev Bits: [0x0000022c79de0000, 0x0000022c7bde0000)
 Next Bits: [0x0000022c77de0000, 0x0000022c79de0000)

Polling page: 0x0000022c63d10000

Metaspace:

Usage:
  Non-class:     70.04 MB capacity,    68.77 MB ( 98%) used,     1.05 MB (  2%) free+waste,   214.81 KB ( <1%) overhead. 
      Class:     10.96 MB capacity,    10.22 MB ( 93%) used,   664.66 KB (  6%) free+waste,    97.38 KB ( <1%) overhead. 
       Both:     81.00 MB capacity,    78.99 MB ( 98%) used,     1.70 MB (  2%) free+waste,   312.19 KB ( <1%) overhead. 

Virtual space:
  Non-class space:       72.00 MB reserved,      70.58 MB ( 98%) committed 
      Class space:        1.00 GB reserved,      11.20 MB (  1%) committed 
             Both:        1.07 GB reserved,      81.78 MB (  7%) committed 

Chunk freelists:
   Non-Class:  360.00 KB
       Class:  229.00 KB
        Both:  589.00 KB

MaxMetaspaceSize: 17179869184.00 GB
CompressedClassSpaceSize: 1.00 GB

CodeHeap 'non-profiled nmethods': size=120000Kb used=5752Kb max_used=5752Kb free=114247Kb
 bounds [0x0000022c6f980000, 0x0000022c6ff20000, 0x0000022c76eb0000]
CodeHeap 'profiled nmethods': size=120000Kb used=26357Kb max_used=26357Kb free=93642Kb
 bounds [0x0000022c68450000, 0x0000022c69e10000, 0x0000022c6f980000]
CodeHeap 'non-nmethods': size=5760Kb used=2265Kb max_used=2313Kb free=3494Kb
 bounds [0x0000022c67eb0000, 0x0000022c68120000, 0x0000022c68450000]
 total_blobs=11813 nmethods=10955 adapters=768
 compilation: enabled
              stopped_count=0, restarted_count=0
 full_count=0

Compilation events (20 events):
Event: 21.151 Thread 0x0000022c7f1bb000 11814       3       com.android.tools.r8.ir.optimize.C::doHash (129 bytes)
Event: 21.153 Thread 0x0000022c7f1bb000 nmethod 11814 0x0000022c69e07e90 code [0x0000022c69e08140, 0x0000022c69e09138]
Event: 21.153 Thread 0x0000022c7f1bb000 11816       2       com.android.tools.r8.u.b.A::M2 (30 bytes)
Event: 21.154 Thread 0x0000022c7f1bb000 nmethod 11816 0x0000022c69e09590 code [0x0000022c69e09740, 0x0000022c69e09878]
Event: 21.154 Thread 0x0000022c7f1bb000 11815       2       com.android.tools.r8.code.W0::<init> (42 bytes)
Event: 21.154 Thread 0x0000022c7f1bb000 nmethod 11815 0x0000022c69e09910 code [0x0000022c69e09ac0, 0x0000022c69e09bb8]
Event: 21.156 Thread 0x0000022c7f1bb000 11817       2       com.android.tools.r8.ir.analysis.type.f::a (220 bytes)
Event: 21.158 Thread 0x0000022c7f1bb000 nmethod 11817 0x0000022c69e09c90 code [0x0000022c69e09ee0, 0x0000022c69e0a318]
Event: 21.161 Thread 0x0000022c7f1bb000 11819       2       com.android.tools.r8.u.b.v::a (4 bytes)
Event: 21.162 Thread 0x0000022c7f1bb000 nmethod 11819 0x0000022c69e0a610 code [0x0000022c69e0a7c0, 0x0000022c69e0a8b8]
Event: 21.165 Thread 0x0000022c7f1bb000 11820       2       com.android.tools.r8.r.n.f::a (49 bytes)
Event: 21.167 Thread 0x0000022c7f1bb000 nmethod 11820 0x0000022c69e0a990 code [0x0000022c69e0ac20, 0x0000022c69e0b7f8]
Event: 21.167 Thread 0x0000022c7f1bb000 11822       2       com.android.tools.r8.ir.optimize.l$c::<init> (11 bytes)
Event: 21.168 Thread 0x0000022c7f1bb000 nmethod 11822 0x0000022c69e0bd10 code [0x0000022c69e0bec0, 0x0000022c69e0c058]
Event: 21.168 Thread 0x0000022c7f1bb000 11821       2       com.android.tools.r8.ir.conversion.N::a (84 bytes)
Event: 21.168 Thread 0x0000022c7f1bb000 nmethod 11821 0x0000022c69e0c110 code [0x0000022c69e0c320, 0x0000022c69e0c668]
Event: 21.168 Thread 0x0000022c7f1bb000 11823       2       com.android.tools.r8.u.b.v::a (356 bytes)
Event: 21.171 Thread 0x0000022c7f1bb000 nmethod 11823 0x0000022c69e0c890 code [0x0000022c69e0cb60, 0x0000022c69e0d568]
Event: 21.180 Thread 0x0000022c7f1bb000 11824       2       com.android.tools.r8.u.b.W::y (210 bytes)
Event: 21.185 Thread 0x0000022c7f1bb000 nmethod 11824 0x0000022c69e0dc90 code [0x0000022c69e0e000, 0x0000022c69e0f048]

GC Heap History (20 events):
Event: 18.122 GC heap after
{Heap after GC invocations=29 (full 0):
 garbage-first heap   total 227328K, used 99590K [0x0000000080000000, 0x0000000100000000)
  region size 1024K, 3 young (3072K), 3 survivors (3072K)
 Metaspace       used 79886K, capacity 81909K, committed 82716K, reserved 1120256K
  class space    used 10448K, capacity 11179K, committed 11468K, reserved 1048576K
}
Event: 18.504 GC heap before
{Heap before GC invocations=29 (full 0):
 garbage-first heap   total 227328K, used 170246K [0x0000000080000000, 0x0000000100000000)
  region size 1024K, 72 young (73728K), 3 survivors (3072K)
 Metaspace       used 79913K, capacity 81986K, committed 82716K, reserved 1120256K
  class space    used 10450K, capacity 11183K, committed 11468K, reserved 1048576K
}
Event: 18.512 GC heap after
{Heap after GC invocations=30 (full 0):
 garbage-first heap   total 227328K, used 100273K [0x0000000080000000, 0x0000000100000000)
  region size 1024K, 4 young (4096K), 4 survivors (4096K)
 Metaspace       used 79913K, capacity 81986K, committed 82716K, reserved 1120256K
  class space    used 10450K, capacity 11183K, committed 11468K, reserved 1048576K
}
Event: 18.830 GC heap before
{Heap before GC invocations=30 (full 0):
 garbage-first heap   total 227328K, used 172977K [0x0000000080000000, 0x0000000100000000)
  region size 1024K, 76 young (77824K), 4 survivors (4096K)
 Metaspace       used 80023K, capacity 82067K, committed 82972K, reserved 1120256K
  class space    used 10452K, capacity 11186K, committed 11468K, reserved 1048576K
}
Event: 18.838 GC heap after
{Heap after GC invocations=31 (full 0):
 garbage-first heap   total 227328K, used 100680K [0x0000000080000000, 0x0000000100000000)
  region size 1024K, 4 young (4096K), 4 survivors (4096K)
 Metaspace       used 80023K, capacity 82067K, committed 82972K, reserved 1120256K
  class space    used 10452K, capacity 11186K, committed 11468K, reserved 1048576K
}
Event: 19.104 GC heap before
{Heap before GC invocations=31 (full 0):
 garbage-first heap   total 227328K, used 176456K [0x0000000080000000, 0x0000000100000000)
  region size 1024K, 79 young (80896K), 4 survivors (4096K)
 Metaspace       used 80196K, capacity 82272K, committed 82972K, reserved 1120256K
  class space    used 10454K, capacity 11189K, committed 11468K, reserved 1048576K
}
Event: 19.114 GC heap after
{Heap after GC invocations=32 (full 0):
 garbage-first heap   total 227328K, used 105395K [0x0000000080000000, 0x0000000100000000)
  region size 1024K, 9 young (9216K), 9 survivors (9216K)
 Metaspace       used 80196K, capacity 82272K, committed 82972K, reserved 1120256K
  class space    used 10454K, capacity 11189K, committed 11468K, reserved 1048576K
}
Event: 19.351 GC heap before
{Heap before GC invocations=32 (full 0):
 garbage-first heap   total 227328K, used 181171K [0x0000000080000000, 0x0000000100000000)
  region size 1024K, 83 young (84992K), 9 survivors (9216K)
 Metaspace       used 80421K, capacity 82474K, committed 83228K, reserved 1122304K
  class space    used 10454K, capacity 11190K, committed 11468K, reserved 1048576K
}
Event: 19.360 GC heap after
{Heap after GC invocations=33 (full 0):
 garbage-first heap   total 227328K, used 104421K [0x0000000080000000, 0x0000000100000000)
  region size 1024K, 5 young (5120K), 5 survivors (5120K)
 Metaspace       used 80421K, capacity 82474K, committed 83228K, reserved 1122304K
  class space    used 10454K, capacity 11190K, committed 11468K, reserved 1048576K
}
Event: 19.648 GC heap before
{Heap before GC invocations=33 (full 0):
 garbage-first heap   total 227328K, used 182245K [0x0000000080000000, 0x0000000100000000)
  region size 1024K, 81 young (82944K), 5 survivors (5120K)
 Metaspace       used 80607K, capacity 82684K, committed 83484K, reserved 1122304K
  class space    used 10455K, capacity 11190K, committed 11468K, reserved 1048576K
}
Event: 19.655 GC heap after
{Heap after GC invocations=34 (full 0):
 garbage-first heap   total 227328K, used 104589K [0x0000000080000000, 0x0000000100000000)
  region size 1024K, 5 young (5120K), 5 survivors (5120K)
 Metaspace       used 80607K, capacity 82684K, committed 83484K, reserved 1122304K
  class space    used 10455K, capacity 11190K, committed 11468K, reserved 1048576K
}
Event: 19.895 GC heap before
{Heap before GC invocations=34 (full 0):
 garbage-first heap   total 227328K, used 184461K [0x0000000080000000, 0x0000000100000000)
  region size 1024K, 84 young (86016K), 5 survivors (5120K)
 Metaspace       used 80666K, capacity 82753K, committed 83484K, reserved 1122304K
  class space    used 10455K, capacity 11190K, committed 11468K, reserved 1048576K
}
Event: 19.908 GC heap after
{Heap after GC invocations=35 (full 0):
 garbage-first heap   total 273408K, used 105399K [0x0000000080000000, 0x0000000100000000)
  region size 1024K, 6 young (6144K), 6 survivors (6144K)
 Metaspace       used 80666K, capacity 82753K, committed 83484K, reserved 1122304K
  class space    used 10455K, capacity 11190K, committed 11468K, reserved 1048576K
}
Event: 20.179 GC heap before
{Heap before GC invocations=35 (full 0):
 garbage-first heap   total 273408K, used 200631K [0x0000000080000000, 0x0000000100000000)
  region size 1024K, 99 young (101376K), 6 survivors (6144K)
 Metaspace       used 80752K, capacity 82858K, committed 83484K, reserved 1122304K
  class space    used 10462K, capacity 11223K, committed 11468K, reserved 1048576K
}
Event: 20.188 GC heap after
{Heap after GC invocations=36 (full 0):
 garbage-first heap   total 273408K, used 106768K [0x0000000080000000, 0x0000000100000000)
  region size 1024K, 7 young (7168K), 7 survivors (7168K)
 Metaspace       used 80752K, capacity 82858K, committed 83484K, reserved 1122304K
  class space    used 10462K, capacity 11223K, committed 11468K, reserved 1048576K
}
Event: 20.500 GC heap before
{Heap before GC invocations=36 (full 0):
 garbage-first heap   total 273408K, used 214288K [0x0000000080000000, 0x0000000100000000)
  region size 1024K, 112 young (114688K), 7 survivors (7168K)
 Metaspace       used 80808K, capacity 82873K, committed 83484K, reserved 1122304K
  class space    used 10463K, capacity 11225K, committed 11468K, reserved 1048576K
}
Event: 20.510 GC heap after
{Heap after GC invocations=37 (full 0):
 garbage-first heap   total 273408K, used 106607K [0x0000000080000000, 0x0000000100000000)
  region size 1024K, 7 young (7168K), 7 survivors (7168K)
 Metaspace       used 80808K, capacity 82873K, committed 83484K, reserved 1122304K
  class space    used 10463K, capacity 11225K, committed 11468K, reserved 1048576K
}
Event: 20.808 GC heap before
{Heap before GC invocations=37 (full 0):
 garbage-first heap   total 273408K, used 218223K [0x0000000080000000, 0x0000000100000000)
  region size 1024K, 117 young (119808K), 7 survivors (7168K)
 Metaspace       used 80849K, capacity 82940K, committed 83740K, reserved 1122304K
  class space    used 10464K, capacity 11226K, committed 11468K, reserved 1048576K
}
Event: 20.820 GC heap after
{Heap after GC invocations=38 (full 0):
 garbage-first heap   total 273408K, used 107809K [0x0000000080000000, 0x0000000100000000)
  region size 1024K, 8 young (8192K), 8 survivors (8192K)
 Metaspace       used 80849K, capacity 82940K, committed 83740K, reserved 1122304K
  class space    used 10464K, capacity 11226K, committed 11468K, reserved 1048576K
}
Event: 21.202 GC heap before
{Heap before GC invocations=38 (full 0):
 garbage-first heap   total 273408K, used 225569K [0x0000000080000000, 0x0000000100000000)
  region size 1024K, 123 young (125952K), 8 survivors (8192K)
 Metaspace       used 80890K, capacity 82947K, committed 83740K, reserved 1122304K
  class space    used 10464K, capacity 11227K, committed 11468K, reserved 1048576K
}

Deoptimization events (20 events):
Event: 20.377 Thread 0x0000022c062bb000 DEOPT PACKING pc=0x0000022c69b4e5a5 sp=0x000000f1687f9fe0
Event: 20.377 Thread 0x0000022c062bb000 DEOPT UNPACKING pc=0x0000022c67ed72ce sp=0x000000f1687f9500 mode 0
Event: 20.403 Thread 0x0000022c062b8800 Uncommon trap: trap_request=0xffffff4d fr.pc=0x0000022c6fe6d644 relative=0x0000000000000164
Event: 20.403 Thread 0x0000022c062b8800 Uncommon trap: reason=unstable_if action=reinterpret pc=0x0000022c6fe6d644 method=com.android.tools.r8.ir.regalloc.b.compareTo(Ljava/lang/Object;)I @ 52 c2
Event: 20.403 Thread 0x0000022c062b8800 DEOPT PACKING pc=0x0000022c6fe6d644 sp=0x000000f1686f9490
Event: 20.403 Thread 0x0000022c062b8800 DEOPT UNPACKING pc=0x0000022c67ed74af sp=0x000000f1686f9428 mode 2
Event: 20.461 Thread 0x0000022c062ba000 Uncommon trap: trap_request=0xffffff76 fr.pc=0x0000022c6fef8370 relative=0x00000000000050b0
Event: 20.461 Thread 0x0000022c062ba000 Uncommon trap: reason=loop_limit_check action=maybe_recompile pc=0x0000022c6fef8370 method=com.android.tools.r8.v.a.a.a.f.e0.d(I)I @ 10 c2
Event: 20.461 Thread 0x0000022c062ba000 DEOPT PACKING pc=0x0000022c6fef8370 sp=0x000000f1682f9aa0
Event: 20.461 Thread 0x0000022c062ba000 DEOPT UNPACKING pc=0x0000022c67ed74af sp=0x000000f1682f9968 mode 2
Event: 20.847 Thread 0x0000022c062b8800 DEOPT PACKING pc=0x0000022c69ae0e63 sp=0x000000f1686f9e00
Event: 20.847 Thread 0x0000022c062b8800 DEOPT UNPACKING pc=0x0000022c67ed72ce sp=0x000000f1686f9588 mode 0
Event: 20.877 Thread 0x0000022c062be000 DEOPT PACKING pc=0x0000022c690b1367 sp=0x000000f1685fd170
Event: 20.877 Thread 0x0000022c062be000 DEOPT UNPACKING pc=0x0000022c67ed72ce sp=0x000000f1685fc6b8 mode 0
Event: 20.903 Thread 0x0000022c062bb000 DEOPT PACKING pc=0x0000022c6954bb07 sp=0x000000f1687f99a0
Event: 20.903 Thread 0x0000022c062bb000 DEOPT UNPACKING pc=0x0000022c67ed72ce sp=0x000000f1687f9128 mode 0
Event: 21.003 Thread 0x0000022c062b8800 DEOPT PACKING pc=0x0000022c6978cff6 sp=0x000000f1686f9ea0
Event: 21.003 Thread 0x0000022c062b8800 DEOPT UNPACKING pc=0x0000022c67ed72ce sp=0x000000f1686f92e0 mode 0
Event: 21.013 Thread 0x0000022c0154b000 DEOPT PACKING pc=0x0000022c690b130e sp=0x000000f1688fd1d0
Event: 21.013 Thread 0x0000022c0154b000 DEOPT UNPACKING pc=0x0000022c67ed72ce sp=0x000000f1688fc718 mode 0

Classes redefined (0 events):
No events

Internal exceptions (20 events):
Event: 16.674 Thread 0x0000022c0154b000 Exception <a 'sun/nio/fs/WindowsException'{0x000000008ab3da00}> (0x000000008ab3da00) thrown at [./src/hotspot/share/prims/jni.cpp, line 615]
Event: 16.676 Thread 0x0000022c062be000 Exception <a 'sun/nio/fs/WindowsException'{0x000000008aab5510}> (0x000000008aab5510) thrown at [./src/hotspot/share/prims/jni.cpp, line 615]
Event: 16.889 Thread 0x0000022c062bd000 Exception <a 'java/lang/NoSuchMethodError'{0x00000000895048e0}: 'int java.lang.invoke.DirectMethodHandle$Holder.invokeInterface(java.lang.Object, java.lang.Object, int)'> (0x00000000895048e0) thrown at [./src/hotspot/share/interpreter/linkResolver.cpp, line 773]
Event: 17.032 Thread 0x0000022c062b8800 Exception <a 'java/lang/NoSuchMethodError'{0x000000008b4bf5a0}: 'java.lang.Object java.lang.invoke.DirectMethodHandle$Holder.invokeSpecial(java.lang.Object, java.lang.Object, java.lang.Object, java.lang.Object, java.lang.Object, int)'> (0x000000008b4bf5a0) thrown at [./src/hotspot/share/interpreter/linkResolver.cpp, line 773]
Event: 17.033 Thread 0x0000022c062b8800 Exception <a 'java/lang/NoSuchMethodError'{0x000000008b4c3690}: 'java.lang.Object java.lang.invoke.Invokers$Holder.linkToTargetMethod(java.lang.Object, java.lang.Object, java.lang.Object, int, java.lang.Object)'> (0x000000008b4c3690) thrown at [./src/hotspot/share/interpreter/linkResolver.cpp, line 773]
Event: 17.294 Thread 0x0000022c0154b000 Exception <a 'sun/nio/fs/WindowsException'{0x0000000088e36ea8}> (0x0000000088e36ea8) thrown at [./src/hotspot/share/prims/jni.cpp, line 615]
Event: 17.338 Thread 0x0000022c062bb000 Exception <a 'sun/nio/fs/WindowsException'{0x000000008b727c00}> (0x000000008b727c00) thrown at [./src/hotspot/share/prims/jni.cpp, line 615]
Event: 17.340 Thread 0x0000022c062be000 Exception <a 'sun/nio/fs/WindowsException'{0x000000008b7a8280}> (0x000000008b7a8280) thrown at [./src/hotspot/share/prims/jni.cpp, line 615]
Event: 17.433 Thread 0x0000022c0154b000 Exception <a 'sun/nio/fs/WindowsException'{0x000000008addb5f0}> (0x000000008addb5f0) thrown at [./src/hotspot/share/prims/jni.cpp, line 615]
Event: 17.623 Thread 0x0000022c062bb000 Exception <a 'sun/nio/fs/WindowsException'{0x0000000089731358}> (0x0000000089731358) thrown at [./src/hotspot/share/prims/jni.cpp, line 615]
Event: 17.894 Thread 0x0000022c0154b000 Exception <a 'sun/nio/fs/WindowsException'{0x000000008c5be478}> (0x000000008c5be478) thrown at [./src/hotspot/share/prims/jni.cpp, line 615]
Event: 17.899 Thread 0x0000022c062be000 Exception <a 'sun/nio/fs/WindowsException'{0x000000008c5ae538}> (0x000000008c5ae538) thrown at [./src/hotspot/share/prims/jni.cpp, line 615]
Event: 17.969 Thread 0x0000022c0154b000 Exception <a 'sun/nio/fs/WindowsException'{0x000000008ba9e8a0}> (0x000000008ba9e8a0) thrown at [./src/hotspot/share/prims/jni.cpp, line 615]
Event: 18.059 Thread 0x0000022c062bb000 Exception <a 'sun/nio/fs/WindowsException'{0x000000008a615c30}> (0x000000008a615c30) thrown at [./src/hotspot/share/prims/jni.cpp, line 615]
Event: 18.239 Thread 0x0000022c062bb000 Exception <a 'sun/nio/fs/WindowsException'{0x000000008cadd868}> (0x000000008cadd868) thrown at [./src/hotspot/share/prims/jni.cpp, line 615]
Event: 18.616 Thread 0x0000022c0154b000 Exception <a 'sun/nio/fs/WindowsException'{0x000000008caee998}> (0x000000008caee998) thrown at [./src/hotspot/share/prims/jni.cpp, line 615]
Event: 18.748 Thread 0x0000022c062be000 Exception <a 'sun/nio/fs/WindowsException'{0x000000008abf8808}> (0x000000008abf8808) thrown at [./src/hotspot/share/prims/jni.cpp, line 615]
Event: 18.887 Thread 0x0000022c062bb000 Exception <a 'sun/nio/fs/WindowsException'{0x000000008d310540}> (0x000000008d310540) thrown at [./src/hotspot/share/prims/jni.cpp, line 615]
Event: 18.921 Thread 0x0000022c0154b000 Exception <a 'sun/nio/fs/WindowsException'{0x000000008cff1a28}> (0x000000008cff1a28) thrown at [./src/hotspot/share/prims/jni.cpp, line 615]
Event: 19.046 Thread 0x0000022c062be000 Exception <a 'sun/nio/fs/WindowsException'{0x000000008a21c6a8}> (0x000000008a21c6a8) thrown at [./src/hotspot/share/prims/jni.cpp, line 615]

Events (20 events):
Event: 20.053 loading class com/android/tools/r8/code/T3 done
Event: 20.054 loading class com/android/tools/r8/code/Q3
Event: 20.054 loading class com/android/tools/r8/code/Q3 done
Event: 20.179 Executing VM operation: G1CollectForAllocation
Event: 20.188 Executing VM operation: G1CollectForAllocation done
Event: 20.500 Executing VM operation: G1CollectForAllocation
Event: 20.510 Executing VM operation: G1CollectForAllocation done
Event: 20.543 loading class com/android/tools/r8/u/b/h0
Event: 20.543 loading class com/android/tools/r8/u/b/h0 done
Event: 20.543 loading class com/android/tools/r8/u/b/h0
Event: 20.543 loading class com/android/tools/r8/u/b/h0 done
Event: 20.543 loading class com/android/tools/r8/u/b/h0
Event: 20.543 loading class com/android/tools/r8/u/b/h0 done
Event: 20.777 loading class com/android/tools/r8/ir/conversion/p
Event: 20.777 loading class com/android/tools/r8/ir/conversion/p done
Event: 20.806 Executing VM operation: G1CollectForAllocation
Event: 20.820 Executing VM operation: G1CollectForAllocation done
Event: 21.035 Executing VM operation: RevokeBias
Event: 21.036 Executing VM operation: RevokeBias done
Event: 21.200 Executing VM operation: G1CollectForAllocation


Dynamic libraries:
0x00007ff638110000 - 0x00007ff63811a000 	C:\Program Files\Android\Android Studio1\jre\bin\java.exe
0x00007ffda6f50000 - 0x00007ffda7145000 	C:\WINDOWS\SYSTEM32\ntdll.dll
0x00007ffda5300000 - 0x00007ffda53bd000 	C:\WINDOWS\System32\KERNEL32.DLL
0x00007ffda4c90000 - 0x00007ffda4f58000 	C:\WINDOWS\System32\KERNELBASE.dll
0x00007ffda4ae0000 - 0x00007ffda4be0000 	C:\WINDOWS\System32\ucrtbase.dll
0x00007ffd95400000 - 0x00007ffd95419000 	C:\Program Files\Android\Android Studio1\jre\bin\jli.dll
0x00007ffd95330000 - 0x00007ffd95347000 	C:\Program Files\Android\Android Studio1\jre\bin\VCRUNTIME140.dll
0x00007ffda6220000 - 0x00007ffda63c0000 	C:\WINDOWS\System32\USER32.dll
0x00007ffda49e0000 - 0x00007ffda4a02000 	C:\WINDOWS\System32\win32u.dll
0x00007ffda50e0000 - 0x00007ffda510a000 	C:\WINDOWS\System32\GDI32.dll
0x00007ffda4690000 - 0x00007ffda479b000 	C:\WINDOWS\System32\gdi32full.dll
0x00007ffda4a40000 - 0x00007ffda4add000 	C:\WINDOWS\System32\msvcp_win.dll
0x00007ffd8ef00000 - 0x00007ffd8f19a000 	C:\WINDOWS\WinSxS\amd64_microsoft.windows.common-controls_6595b64144ccf1df_6.0.19041.1052_none_60b8f8fd71f5e8cb\COMCTL32.dll
0x00007ffda6e70000 - 0x00007ffda6f0e000 	C:\WINDOWS\System32\msvcrt.dll
0x00007ffda5bd0000 - 0x00007ffda5c00000 	C:\WINDOWS\System32\IMM32.DLL
0x00007ffd6f3f0000 - 0x00007ffd6f48d000 	C:\Program Files\Android\Android Studio1\jre\bin\msvcp140.dll
0x00007ffd58db0000 - 0x00007ffd5986c000 	C:\Program Files\Android\Android Studio1\jre\bin\server\jvm.dll
0x00007ffda63c0000 - 0x00007ffda646c000 	C:\WINDOWS\System32\ADVAPI32.dll
0x00007ffda4fc0000 - 0x00007ffda505b000 	C:\WINDOWS\System32\sechost.dll
0x00007ffda5830000 - 0x00007ffda595b000 	C:\WINDOWS\System32\RPCRT4.dll
0x00007ffda6e50000 - 0x00007ffda6e58000 	C:\WINDOWS\System32\PSAPI.DLL
0x00007ffda19e0000 - 0x00007ffda19e9000 	C:\WINDOWS\SYSTEM32\WSOCK32.dll
0x00007ffda59e0000 - 0x00007ffda5a4b000 	C:\WINDOWS\System32\WS2_32.dll
0x00007ffd936e0000 - 0x00007ffd93707000 	C:\WINDOWS\SYSTEM32\WINMM.dll
0x00007ffda4310000 - 0x00007ffda431a000 	C:\WINDOWS\SYSTEM32\VERSION.dll
0x00007ffda2570000 - 0x00007ffda2582000 	C:\WINDOWS\SYSTEM32\kernel.appcore.dll
0x00007ffd9f1e0000 - 0x00007ffd9f1f1000 	C:\Program Files\Android\Android Studio1\jre\bin\verify.dll
0x00007ffd8c330000 - 0x00007ffd8c514000 	C:\WINDOWS\SYSTEM32\DBGHELP.DLL
0x00007ffd8bf90000 - 0x00007ffd8bfbc000 	C:\WINDOWS\SYSTEM32\dbgcore.DLL
0x00007ffda4950000 - 0x00007ffda49d3000 	C:\WINDOWS\System32\bcryptPrimitives.dll
0x00007ffd9e0e0000 - 0x00007ffd9e109000 	C:\Program Files\Android\Android Studio1\jre\bin\java.dll
0x00007ffd9e0d0000 - 0x00007ffd9e0db000 	C:\Program Files\Android\Android Studio1\jre\bin\jimage.dll
0x00007ffd9d610000 - 0x00007ffd9d628000 	C:\Program Files\Android\Android Studio1\jre\bin\zip.dll
0x00007ffda6470000 - 0x00007ffda6baf000 	C:\WINDOWS\System32\SHELL32.dll
0x00007ffda2770000 - 0x00007ffda2f00000 	C:\WINDOWS\SYSTEM32\windows.storage.dll
0x00007ffda5c60000 - 0x00007ffda5fb5000 	C:\WINDOWS\System32\combase.dll
0x00007ffda3fc0000 - 0x00007ffda3fec000 	C:\WINDOWS\SYSTEM32\Wldp.dll
0x00007ffda5fc0000 - 0x00007ffda606e000 	C:\WINDOWS\System32\SHCORE.dll
0x00007ffda6df0000 - 0x00007ffda6e45000 	C:\WINDOWS\System32\shlwapi.dll
0x00007ffda45d0000 - 0x00007ffda45ef000 	C:\WINDOWS\SYSTEM32\profapi.dll
0x00007ffd9d5f0000 - 0x00007ffd9d60a000 	C:\Program Files\Android\Android Studio1\jre\bin\net.dll
0x00007ffd99e40000 - 0x00007ffd99f4b000 	C:\WINDOWS\SYSTEM32\WINHTTP.dll
0x00007ffda3d30000 - 0x00007ffda3d9a000 	C:\WINDOWS\system32\mswsock.dll
0x00007ffd9d2b0000 - 0x00007ffd9d2c4000 	C:\Program Files\Android\Android Studio1\jre\bin\nio.dll
0x00007ffd9c7f0000 - 0x00007ffd9c816000 	C:\Users\Tayba\.gradle\native\31\windows-amd64\native-platform.dll
0x00007ffd9d5e0000 - 0x00007ffd9d5ea000 	C:\Program Files\Android\Android Studio1\jre\bin\management.dll
0x00007ffd9d2a0000 - 0x00007ffd9d2ac000 	C:\Program Files\Android\Android Studio1\jre\bin\management_ext.dll
0x00007ffda3f00000 - 0x00007ffda3f18000 	C:\WINDOWS\SYSTEM32\CRYPTSP.dll
0x00007ffda36d0000 - 0x00007ffda3704000 	C:\WINDOWS\system32\rsaenh.dll
0x00007ffda4a10000 - 0x00007ffda4a37000 	C:\WINDOWS\System32\bcrypt.dll
0x00007ffda4550000 - 0x00007ffda457e000 	C:\WINDOWS\SYSTEM32\USERENV.dll
0x00007ffda3f20000 - 0x00007ffda3f2c000 	C:\WINDOWS\SYSTEM32\CRYPTBASE.dll
0x00007ffda3a20000 - 0x00007ffda3a5b000 	C:\WINDOWS\SYSTEM32\IPHLPAPI.DLL
0x00007ffda6e60000 - 0x00007ffda6e68000 	C:\WINDOWS\System32\NSI.dll
0x00007ffd9d8d0000 - 0x00007ffd9d8e7000 	C:\WINDOWS\SYSTEM32\dhcpcsvc6.DLL
0x00007ffd9d5c0000 - 0x00007ffd9d5dd000 	C:\WINDOWS\SYSTEM32\dhcpcsvc.DLL
0x00007ffda3a60000 - 0x00007ffda3b2c000 	C:\WINDOWS\SYSTEM32\DNSAPI.dll

dbghelp: loaded successfully - version: 4.0.5 - missing functions: none
symbol engine: initialized successfully - sym options: 0x614 - pdb path: .;C:\Program Files\Android\Android Studio1\jre\bin;C:\WINDOWS\SYSTEM32;C:\WINDOWS\WinSxS\amd64_microsoft.windows.common-controls_6595b64144ccf1df_6.0.19041.1052_none_60b8f8fd71f5e8cb;C:\Program Files\Android\Android Studio1\jre\bin\server;C:\Users\Tayba\.gradle\native\31\windows-amd64

VM Arguments:
jvm_args: --add-opens=java.base/java.util=ALL-UNNAMED --add-opens=java.base/java.lang=ALL-UNNAMED --add-opens=java.base/java.lang.invoke=ALL-UNNAMED --add-opens=java.prefs/java.util.prefs=ALL-UNNAMED -Xmx2048m -Dfile.encoding=windows-1252 -Duser.country=US -Duser.language=en -Duser.variant 
java_command: org.gradle.launcher.daemon.bootstrap.GradleDaemon 6.1.1
java_class_path (initial): C:\Users\Tayba\.gradle\wrapper\dists\gradle-6.1.1-all\cfmwm155h49vnt3hynmlrsdst\gradle-6.1.1\lib\gradle-launcher-6.1.1.jar
Launcher Type: SUN_STANDARD

[Global flags]
     intx CICompilerCount                          = 4                                         {product} {ergonomic}
     uint ConcGCThreads                            = 2                                         {product} {ergonomic}
     uint G1ConcRefinementThreads                  = 8                                         {product} {ergonomic}
   size_t G1HeapRegionSize                         = 1048576                                   {product} {ergonomic}
    uintx GCDrainStackTargetSize                   = 64                                        {product} {ergonomic}
   size_t InitialHeapSize                          = 134217728                                 {product} {ergonomic}
   size_t MarkStackSize                            = 4194304                                   {product} {ergonomic}
   size_t MaxHeapSize                              = 2147483648                                {product} {command line}
   size_t MaxNewSize                               = 1287651328                                {product} {ergonomic}
   size_t MinHeapDeltaBytes                        = 1048576                                   {product} {ergonomic}
    uintx NonNMethodCodeHeapSize                   = 5836300                                {pd product} {ergonomic}
    uintx NonProfiledCodeHeapSize                  = 122910970                              {pd product} {ergonomic}
    uintx ProfiledCodeHeapSize                     = 122910970                              {pd product} {ergonomic}
    uintx ReservedCodeCacheSize                    = 251658240                              {pd product} {ergonomic}
     bool SegmentedCodeCache                       = true                                      {product} {ergonomic}
     bool UseCompressedClassPointers               = true                                 {lp64_product} {ergonomic}
     bool UseCompressedOops                        = true                                 {lp64_product} {ergonomic}
     bool UseG1GC                                  = true                                      {product} {ergonomic}
     bool UseLargePagesIndividualAllocation        = false                                  {pd product} {ergonomic}

Logging:
Log output configuration:
 #0: stdout all=warning uptime,level,tags
 #1: stderr all=off uptime,level,tags

Environment Variables:
PATH=F:\app\Tayba\product\11.2.0\client_1;F:\app\Tayba\product\11.2.0\client_1\bin;F:\app\Tayba\product\11.2.0\dbhome_1\bin;C:\WINDOWS\system32;C:\WINDOWS;C:\WINDOWS\System32\Wbem;C:\WINDOWS\System32\WindowsPowerShell\v1.0\;C:\WINDOWS\System32\OpenSSH\;C:\Program Files\dotnet\;C:\Program Files (x86)\dotnet\;C:\Program Files (x86)\Rational\Common;%USERPROFILE%\AppData\Local\Microsoft\WindowsApps;
USERNAME=Tayba
LD_LIBRARY_PATH=C:\Oracle\Middleware\Oracle_FRHome2\lib
OS=Windows_NT
PROCESSOR_IDENTIFIER=Intel64 Family 6 Model 142 Stepping 10, GenuineIntel



---------------  S Y S T E M  ---------------

OS: Windows 10 , 64 bit Build 19041 (10.0.19041.1023)
OS uptime: 10 days 9:07 hours

CPU:total 8 (initial active 8) (4 cores per cpu, 2 threads per core) family 6 model 142 stepping 10, cmov, cx8, fxsr, mmx, sse, sse2, sse3, ssse3, sse4.1, sse4.2, popcnt, avx, avx2, aes, clmul, erms, 3dnowpref, lzcnt, ht, tsc, tscinvbit, bmi1, bmi2, adx, fma

Memory: 4k page, system-wide physical 8101M (1482M free)
TotalPageFile size 9601M (AvailPageFile size 33M)
current process WorkingSet (physical memory assigned to process): 553M, peak: 572M
current process commit charge ("private bytes"): 607M, peak: 657M

vm_info: OpenJDK 64-Bit Server VM (11.0.8+10-b944.6842174) for windows-amd64 JRE (11.0.8+10-b944.6842174), built on Sep 19 2020 01:11:42 by "builder" with MS VC++ 14.0 (VS2015)

END.
