#
# There is insufficient memory for the Java Runtime Environment to continue.
# Native memory allocation (malloc) failed to allocate 65680 bytes for Chunk::new
# Possible reasons:
#   The system is out of physical RAM or swap space
#   The process is running with CompressedOops enabled, and the Java Heap may be blocking the growth of the native heap
# Possible solutions:
#   Reduce memory load on the system
#   Increase physical memory or swap space
#   Check if swap backing store is full
#   Decrease Java heap size (-Xmx/-Xms)
#   Decrease number of Java threads
#   Decrease Java thread stack sizes (-Xss)
#   Set larger code cache with -XX:ReservedCodeCacheSize=
#   JVM is running with Unscaled Compressed Oops mode in which the Java heap is
#     placed in the first 4GB address space. The Java Heap base address is the
#     maximum limit for the native heap growth. Please use -XX:HeapBaseMinAddress
#     to set the Java Heap base and to place the Java Heap above 4GB virtual address.
# This output file may be truncated or incomplete.
#
#  Out of Memory Error (allocation.cpp:389), pid=10684, tid=0x00000000000034e4
#
# JRE version: OpenJDK Runtime Environment (8.0_242-b01) (build 1.8.0_242-release-1644-b01)
# Java VM: OpenJDK 64-Bit Server VM (25.242-b01 mixed mode windows-amd64 compressed oops)
# Failed to write core dump. Minidumps are not enabled by default on client versions of Windows
#

---------------  T H R E A D  ---------------

Current thread (0x0000000017d1c000):  JavaThread "C2 CompilerThread1" daemon [_thread_in_native, id=13540, stack(0x000000001a4f0000,0x000000001a5f0000)]

Stack: [0x000000001a4f0000,0x000000001a5f0000]
[error occurred during error reporting (printing stack bounds), id 0xc0000005]

Native frames: (J=compiled Java code, j=interpreted, Vv=VM code, C=native code)


Current CompileTask:
C2:  22361 5823       4       java.lang.invoke.MethodType::makeImpl (66 bytes)


---------------  P R O C E S S  ---------------

Java Threads: ( => current thread )
  0x0000000019eba000 JavaThread "Cache worker for file content cache (C:\Users\Tayba\AndroidStudioProjects\newfitnessApp\.gradle\6.1.1\fileContent)" [_thread_blocked, id=19340, stack(0x00000000269d0000,0x0000000026ad0000)]
  0x0000000019eb2800 JavaThread "Cache worker for file content cache (C:\Users\Tayba\.gradle\caches\6.1.1\fileContent)" [_thread_blocked, id=18232, stack(0x00000000268d0000,0x00000000269d0000)]
  0x0000000019eb9000 JavaThread "Memory manager" [_thread_blocked, id=17784, stack(0x00000000261a0000,0x00000000262a0000)]
  0x0000000019eb7000 JavaThread "Cache worker for Build Output Cleanup Cache (C:\Users\Tayba\AndroidStudioProjects\newfitnessApp\.gradle\buildOutputCleanup)" [_thread_blocked, id=8960, stack(0x00000000254e0000,0x00000000255e0000)]
  0x0000000019eb4800 JavaThread "Build operations Thread 8" [_thread_blocked, id=14352, stack(0x0000000025ca0000,0x0000000025da0000)]
  0x0000000019eb6000 JavaThread "Build operations Thread 7" [_thread_blocked, id=18136, stack(0x0000000025ba0000,0x0000000025ca0000)]
  0x0000000019eab000 JavaThread "Build operations Thread 6" [_thread_blocked, id=2260, stack(0x0000000025aa0000,0x0000000025ba0000)]
  0x0000000019eac800 JavaThread "Build operations Thread 5" [_thread_blocked, id=19020, stack(0x00000000259a0000,0x0000000025aa0000)]
  0x0000000019eae800 JavaThread "Build operations Thread 4" [_thread_blocked, id=11140, stack(0x00000000258a0000,0x00000000259a0000)]
  0x0000000019eb1000 JavaThread "Build operations Thread 3" [_thread_blocked, id=16664, stack(0x00000000257a0000,0x00000000258a0000)]
  0x0000000019eaf800 JavaThread "Build operations Thread 2" [_thread_blocked, id=9476, stack(0x00000000256a0000,0x00000000257a0000)]
  0x0000000019eb0000 JavaThread "Build operations" [_thread_blocked, id=16548, stack(0x0000000023200000,0x0000000023300000)]
  0x000000001b50a800 JavaThread "Cache worker for execution history cache (C:\Users\Tayba\.gradle\caches\6.1.1\executionHistory)" [_thread_blocked, id=12736, stack(0x00000000222e0000,0x00000000223e0000)]
  0x000000001b509800 JavaThread "Cache worker for cache directory md-rule (C:\Users\Tayba\.gradle\caches\6.1.1\md-rule)" [_thread_blocked, id=16940, stack(0x00000000221e0000,0x00000000222e0000)]
  0x000000001b510800 JavaThread "Cache worker for cache directory md-supplier (C:\Users\Tayba\.gradle\caches\6.1.1\md-supplier)" [_thread_blocked, id=9864, stack(0x00000000220e0000,0x00000000221e0000)]
  0x000000001b50c000 JavaThread "Cache worker for file hash cache (C:\Users\Tayba\AndroidStudioProjects\newfitnessApp\.gradle\6.1.1\fileHashes)" [_thread_blocked, id=11912, stack(0x0000000021fe0000,0x00000000220e0000)]
  0x000000001b50f800 JavaThread "Cache worker for checksums cache (C:\Users\Tayba\AndroidStudioProjects\newfitnessApp\.gradle\checksums)" [_thread_blocked, id=17860, stack(0x0000000021ee0000,0x0000000021fe0000)]
  0x000000001b50f000 JavaThread "Cache worker for file hash cache (C:\Users\Tayba\.gradle\caches\6.1.1\fileHashes)" [_thread_blocked, id=11432, stack(0x000000001e810000,0x000000001e910000)]
  0x000000001b50e000 JavaThread "File lock request listener" [_thread_in_native, id=16788, stack(0x000000001e710000,0x000000001e810000)]
  0x000000001c5fc000 JavaThread "Cache worker for journal cache (C:\Users\Tayba\.gradle\caches\journal-1)" [_thread_blocked, id=15064, stack(0x000000001e610000,0x000000001e710000)]
  0x000000001c5d1000 JavaThread "Thread-9" [_thread_blocked, id=15024, stack(0x000000001e310000,0x000000001e410000)]
  0x000000001c5d5000 JavaThread "Stdin handler" [_thread_blocked, id=15256, stack(0x000000001e210000,0x000000001e310000)]
  0x000000001c5c4000 JavaThread "Asynchronous log dispatcher for DefaultDaemonConnection: socket connection from /127.0.0.1:52821 to /127.0.0.1:52822" [_thread_blocked, id=15216, stack(0x000000001e110000,0x000000001e210000)]
  0x000000001c59f800 JavaThread "Daemon worker" [_thread_in_native, id=16272, stack(0x000000001e010000,0x000000001e110000)]
  0x000000001c59d800 JavaThread "Cancel handler" [_thread_blocked, id=6752, stack(0x000000001df10000,0x000000001e010000)]
  0x000000001c597800 JavaThread "Handler for socket connection from /127.0.0.1:52821 to /127.0.0.1:52822" [_thread_in_native, id=15144, stack(0x000000001dc10000,0x000000001dd10000)]
  0x000000001c5a4000 JavaThread "Daemon" [_thread_blocked, id=4052, stack(0x000000001db10000,0x000000001dc10000)]
  0x000000001c5a1000 JavaThread "Daemon periodic checks" [_thread_blocked, id=17980, stack(0x000000001da10000,0x000000001db10000)]
  0x000000001c522000 JavaThread "Incoming local TCP Connector on port 52821" [_thread_in_native, id=10596, stack(0x000000001d7d0000,0x000000001d8d0000)]
  0x000000001c4ec800 JavaThread "Daemon health stats" [_thread_blocked, id=9856, stack(0x000000001d190000,0x000000001d290000)]
  0x0000000019bb6800 JavaThread "Service Thread" daemon [_thread_blocked, id=17796, stack(0x000000001a7f0000,0x000000001a8f0000)]
  0x0000000019b31000 JavaThread "C1 CompilerThread3" daemon [_thread_blocked, id=19328, stack(0x000000001a6f0000,0x000000001a7f0000)]
  0x0000000019b2b800 JavaThread "C2 CompilerThread2" daemon [_thread_in_native, id=9284, stack(0x000000001a5f0000,0x000000001a6f0000)]
=>0x0000000017d1c000 JavaThread "C2 CompilerThread1" daemon [_thread_in_native, id=13540, stack(0x000000001a4f0000,0x000000001a5f0000)]
  0x0000000019b23000 JavaThread "C2 CompilerThread0" daemon [_thread_in_native, id=10228, stack(0x000000001a3f0000,0x000000001a4f0000)]
  0x0000000019b21800 JavaThread "Attach Listener" daemon [_thread_blocked, id=13668, stack(0x000000001a2f0000,0x000000001a3f0000)]
  0x0000000019b20800 JavaThread "Signal Dispatcher" daemon [_thread_blocked, id=16220, stack(0x000000001a1f0000,0x000000001a2f0000)]
  0x0000000002c9d800 JavaThread "Finalizer" daemon [_thread_blocked, id=17136, stack(0x0000000019ff0000,0x000000001a0f0000)]
  0x0000000019b10800 JavaThread "Reference Handler" daemon [_thread_blocked, id=3180, stack(0x0000000019ef0000,0x0000000019ff0000)]
  0x0000000002b9e000 JavaThread "main" [_thread_blocked, id=9440, stack(0x0000000002a80000,0x0000000002b80000)]

Other Threads:
  0x0000000017d06800 VMThread [stack: 0x00000000199f0000,0x0000000019af0000] [id=10068]
  0x0000000019bb7000 WatcherThread [stack: 0x000000001a8f0000,0x000000001a9f0000] [id=7200]

VM state:not at safepoint (normal execution)

VM Mutex/Monitor currently owned by a thread: None

heap address: 0x0000000080000000, size: 2048 MB, Compressed Oops mode: 32-bit
Narrow klass base: 0x0000000000000000, Narrow klass shift: 3
Compressed class space size: 1073741824 Address: 0x0000000100000000

Heap:
 PSYoungGen      total 181760K, used 41637K [0x00000000d5580000, 0x00000000e2380000, 0x0000000100000000)
  eden space 163328K, 25% used [0x00000000d5580000,0x00000000d7e294e0,0x00000000df500000)
  from space 18432K, 0% used [0x00000000e0900000,0x00000000e0900000,0x00000000e1b00000)
  to   space 20480K, 0% used [0x00000000df500000,0x00000000df500000,0x00000000e0900000)
 ParOldGen       total 92672K, used 30689K [0x0000000080000000, 0x0000000085a80000, 0x00000000d5580000)
  object space 92672K, 33% used [0x0000000080000000,0x0000000081df8530,0x0000000085a80000)
 Metaspace       used 58747K, capacity 60894K, committed 61096K, reserved 1101824K
  class space    used 8094K, capacity 8590K, committed 8624K, reserved 1048576K

Card table byte_map: [0x0000000012060000,0x0000000012470000] byte_map_base: 0x0000000011c60000

Marking Bits: (ParMarkBitMap*) 0x000000006457f030
 Begin Bits: [0x0000000012f20000, 0x0000000014f20000)
 End Bits:   [0x0000000014f20000, 0x0000000016f20000)

Polling page: 0x00000000011d0000

CodeCache: size=245760Kb used=18112Kb max_used=18112Kb free=227647Kb
 bounds [0x0000000002ca0000, 0x0000000003e60000, 0x0000000011ca0000]
 total_blobs=6139 nmethods=5359 adapters=693
 compilation: enabled

Compilation events (10 events):
Event: 22.326 Thread 0x0000000019b31000 5875       1       com.android.build.api.artifact.impl.SingleInitialProviderRequestImpl::access$getFrom$p (5 bytes)
Event: 22.326 Thread 0x0000000019b31000 nmethod 5875 0x0000000003e5bf90 code [0x0000000003e5c0e0, 0x0000000003e5c1d0]
Event: 22.329 Thread 0x0000000019b31000 5876       3       com.google.common.collect.ImmutableList::subList (7 bytes)
Event: 22.329 Thread 0x0000000019b31000 nmethod 5876 0x0000000003e5c250 code [0x0000000003e5c3c0, 0x0000000003e5c5c8]
Event: 22.329 Thread 0x0000000019b31000 5877       3       org.gradle.internal.component.external.model.DefaultModuleComponentIdentifier::equals (76 bytes)
Event: 22.330 Thread 0x0000000019b31000 nmethod 5877 0x0000000003e5c650 code [0x0000000003e5c800, 0x0000000003e5ced8]
Event: 22.330 Thread 0x0000000019b31000 5878       3       org.gradle.api.internal.tasks.DefaultTaskDependency::getMutableValues (24 bytes)
Event: 22.330 Thread 0x0000000019b31000 nmethod 5878 0x0000000003e5d050 code [0x0000000003e5d200, 0x0000000003e5d8f0]
Event: 22.330 Thread 0x0000000019b31000 5879       1       org.gradle.api.internal.tasks.properties.AbstractPropertyNode::getPropertyName (5 bytes)
Event: 22.330 Thread 0x0000000019b31000 nmethod 5879 0x0000000003e5de50 code [0x0000000003e5dfa0, 0x0000000003e5e0b0]

GC Heap History (10 events):
Event: 11.919 GC heap before
{Heap before GC invocations=11 (full 2):
 PSYoungGen      total 111616K, used 8754K [0x00000000d5580000, 0x00000000df200000, 0x0000000100000000)
  eden space 99328K, 0% used [0x00000000d5580000,0x00000000d5580000,0x00000000db680000)
  from space 12288K, 71% used [0x00000000db680000,0x00000000dbf0c900,0x00000000dc280000)
  to   space 12288K, 0% used [0x00000000de600000,0x00000000de600000,0x00000000df200000)
 ParOldGen       total 61952K, used 9115K [0x0000000080000000, 0x0000000083c80000, 0x00000000d5580000)
  object space 61952K, 14% used [0x0000000080000000,0x00000000808e6fa0,0x0000000083c80000)
 Metaspace       used 34582K, capacity 35394K, committed 35496K, reserved 1079296K
  class space    used 4745K, capacity 4972K, committed 5040K, reserved 1048576K
Event: 12.003 GC heap after
Heap after GC invocations=11 (full 2):
 PSYoungGen      total 111616K, used 0K [0x00000000d5580000, 0x00000000df200000, 0x0000000100000000)
  eden space 99328K, 0% used [0x00000000d5580000,0x00000000d5580000,0x00000000db680000)
  from space 12288K, 0% used [0x00000000db680000,0x00000000db680000,0x00000000dc280000)
  to   space 12288K, 0% used [0x00000000de600000,0x00000000de600000,0x00000000df200000)
 ParOldGen       total 92672K, used 15383K [0x0000000080000000, 0x0000000085a80000, 0x00000000d5580000)
  object space 92672K, 16% used [0x0000000080000000,0x0000000080f05e38,0x0000000085a80000)
 Metaspace       used 34582K, capacity 35394K, committed 35496K, reserved 1079296K
  class space    used 4745K, capacity 4972K, committed 5040K, reserved 1048576K
}
Event: 14.534 GC heap before
{Heap before GC invocations=12 (full 2):
 PSYoungGen      total 111616K, used 99328K [0x00000000d5580000, 0x00000000df200000, 0x0000000100000000)
  eden space 99328K, 100% used [0x00000000d5580000,0x00000000db680000,0x00000000db680000)
  from space 12288K, 0% used [0x00000000db680000,0x00000000db680000,0x00000000dc280000)
  to   space 12288K, 0% used [0x00000000de600000,0x00000000de600000,0x00000000df200000)
 ParOldGen       total 92672K, used 15383K [0x0000000080000000, 0x0000000085a80000, 0x00000000d5580000)
  object space 92672K, 16% used [0x0000000080000000,0x0000000080f05e38,0x0000000085a80000)
 Metaspace       used 43056K, capacity 44524K, committed 44712K, reserved 1087488K
  class space    used 5847K, capacity 6198K, committed 6320K, reserved 1048576K
Event: 14.565 GC heap after
Heap after GC invocations=12 (full 2):
 PSYoungGen      total 141312K, used 12105K [0x00000000d5580000, 0x00000000df200000, 0x0000000100000000)
  eden space 129024K, 0% used [0x00000000d5580000,0x00000000d5580000,0x00000000dd380000)
  from space 12288K, 98% used [0x00000000de600000,0x00000000df1d26a8,0x00000000df200000)
  to   space 13824K, 0% used [0x00000000dd700000,0x00000000dd700000,0x00000000de480000)
 ParOldGen       total 92672K, used 15391K [0x0000000080000000, 0x0000000085a80000, 0x00000000d5580000)
  object space 92672K, 16% used [0x0000000080000000,0x0000000080f07e38,0x0000000085a80000)
 Metaspace       used 43056K, capacity 44524K, committed 44712K, reserved 1087488K
  class space    used 5847K, capacity 6198K, committed 6320K, reserved 1048576K
}
Event: 17.707 GC heap before
{Heap before GC invocations=13 (full 2):
 PSYoungGen      total 141312K, used 141129K [0x00000000d5580000, 0x00000000df200000, 0x0000000100000000)
  eden space 129024K, 100% used [0x00000000d5580000,0x00000000dd380000,0x00000000dd380000)
  from space 12288K, 98% used [0x00000000de600000,0x00000000df1d26a8,0x00000000df200000)
  to   space 13824K, 0% used [0x00000000dd700000,0x00000000dd700000,0x00000000de480000)
 ParOldGen       total 92672K, used 15391K [0x0000000080000000, 0x0000000085a80000, 0x00000000d5580000)
  object space 92672K, 16% used [0x0000000080000000,0x0000000080f07e38,0x0000000085a80000)
 Metaspace       used 54100K, capacity 56086K, committed 56232K, reserved 1097728K
  class space    used 7371K, capacity 7818K, committed 7856K, reserved 1048576K
Event: 17.736 GC heap after
Heap after GC invocations=13 (full 2):
 PSYoungGen      total 146432K, used 13820K [0x00000000d5580000, 0x00000000e1b00000, 0x0000000100000000)
  eden space 132608K, 0% used [0x00000000d5580000,0x00000000d5580000,0x00000000dd700000)
  from space 13824K, 99% used [0x00000000dd700000,0x00000000de47f320,0x00000000de480000)
  to   space 18432K, 0% used [0x00000000e0900000,0x00000000e0900000,0x00000000e1b00000)
 ParOldGen       total 92672K, used 23673K [0x0000000080000000, 0x0000000085a80000, 0x00000000d5580000)
  object space 92672K, 25% used [0x0000000080000000,0x000000008171e498,0x0000000085a80000)
 Metaspace       used 54100K, capacity 56086K, committed 56232K, reserved 1097728K
  class space    used 7371K, capacity 7818K, committed 7856K, reserved 1048576K
}
Event: 19.828 GC heap before
{Heap before GC invocations=14 (full 2):
 PSYoungGen      total 146432K, used 52388K [0x00000000d5580000, 0x00000000e1b00000, 0x0000000100000000)
  eden space 132608K, 29% used [0x00000000d5580000,0x00000000d7b29dd0,0x00000000dd700000)
  from space 13824K, 99% used [0x00000000dd700000,0x00000000de47f320,0x00000000de480000)
  to   space 18432K, 0% used [0x00000000e0900000,0x00000000e0900000,0x00000000e1b00000)
 ParOldGen       total 92672K, used 23673K [0x0000000080000000, 0x0000000085a80000, 0x00000000d5580000)
  object space 92672K, 25% used [0x0000000080000000,0x000000008171e498,0x0000000085a80000)
 Metaspace       used 57057K, capacity 59036K, committed 59160K, reserved 1099776K
  class space    used 7828K, capacity 8293K, committed 8368K, reserved 1048576K
Event: 19.853 GC heap after
Heap after GC invocations=14 (full 2):
 PSYoungGen      total 181760K, used 17412K [0x00000000d5580000, 0x00000000e2380000, 0x0000000100000000)
  eden space 163328K, 0% used [0x00000000d5580000,0x00000000d5580000,0x00000000df500000)
  from space 18432K, 94% used [0x00000000e0900000,0x00000000e1a01258,0x00000000e1b00000)
  to   space 20480K, 0% used [0x00000000df500000,0x00000000df500000,0x00000000e0900000)
 ParOldGen       total 92672K, used 23681K [0x0000000080000000, 0x0000000085a80000, 0x00000000d5580000)
  object space 92672K, 25% used [0x0000000080000000,0x0000000081720498,0x0000000085a80000)
 Metaspace       used 57057K, capacity 59036K, committed 59160K, reserved 1099776K
  class space    used 7828K, capacity 8293K, committed 8368K, reserved 1048576K
}
Event: 19.853 GC heap before
{Heap before GC invocations=15 (full 3):
 PSYoungGen      total 181760K, used 17412K [0x00000000d5580000, 0x00000000e2380000, 0x0000000100000000)
  eden space 163328K, 0% used [0x00000000d5580000,0x00000000d5580000,0x00000000df500000)
  from space 18432K, 94% used [0x00000000e0900000,0x00000000e1a01258,0x00000000e1b00000)
  to   space 20480K, 0% used [0x00000000df500000,0x00000000df500000,0x00000000e0900000)
 ParOldGen       total 92672K, used 23681K [0x0000000080000000, 0x0000000085a80000, 0x00000000d5580000)
  object space 92672K, 25% used [0x0000000080000000,0x0000000081720498,0x0000000085a80000)
 Metaspace       used 57057K, capacity 59036K, committed 59160K, reserved 1099776K
  class space    used 7828K, capacity 8293K, committed 8368K, reserved 1048576K
Event: 20.285 GC heap after
Heap after GC invocations=15 (full 3):
 PSYoungGen      total 181760K, used 0K [0x00000000d5580000, 0x00000000e2380000, 0x0000000100000000)
  eden space 163328K, 0% used [0x00000000d5580000,0x00000000d5580000,0x00000000df500000)
  from space 18432K, 0% used [0x00000000e0900000,0x00000000e0900000,0x00000000e1b00000)
  to   space 20480K, 0% used [0x00000000df500000,0x00000000df500000,0x00000000e0900000)
 ParOldGen       total 92672K, used 30689K [0x0000000080000000, 0x0000000085a80000, 0x00000000d5580000)
  object space 92672K, 33% used [0x0000000080000000,0x0000000081df8530,0x0000000085a80000)
 Metaspace       used 57026K, capacity 58928K, committed 59160K, reserved 1099776K
  class space    used 7819K, capacity 8275K, committed 8368K, reserved 1048576K
}

Deoptimization events (10 events):
Event: 19.683 Thread 0x000000001c59f800 Uncommon trap: reason=unstable_if action=reinterpret pc=0x0000000003a71868 method=com.sun.org.apache.xerces.internal.impl.XMLEntityScanner.scanLiteral(ILcom/sun/org/apache/xerces/internal/xni/XMLString;Z)I @ 660
Event: 19.700 Thread 0x000000001c59f800 Uncommon trap: reason=unstable_if action=reinterpret pc=0x0000000003a7f6c0 method=com.sun.org.apache.xerces.internal.util.SymbolTable.addSymbol([CII)Ljava/lang/String; @ 38
Event: 19.810 Thread 0x000000001c59f800 Uncommon trap: reason=unstable_if action=reinterpret pc=0x00000000039d0cd8 method=com.google.gson.stream.JsonReader.doPeek()I @ 315
Event: 20.286 Thread 0x0000000002c9d800 Uncommon trap: reason=unstable_if action=reinterpret pc=0x0000000002dc0dbc method=java.lang.ref.Finalizer.remove()V @ 10
Event: 20.365 Thread 0x000000001c59f800 Uncommon trap: reason=unstable_if action=reinterpret pc=0x000000000305e434 method=java.lang.String.lastIndexOf([CII[CIII)I @ 118
Event: 20.445 Thread 0x000000001c59f800 Uncommon trap: reason=unstable_if action=reinterpret pc=0x00000000038bccb4 method=java.util.concurrent.ConcurrentHashMap.addCount(JI)V @ 110
Event: 20.512 Thread 0x000000001c59f800 Uncommon trap: reason=unstable_if action=reinterpret pc=0x00000000038b3aa4 method=java.util.concurrent.ConcurrentHashMap.addCount(JI)V @ 110
Event: 21.825 Thread 0x000000001c59f800 Uncommon trap: reason=unstable_if action=reinterpret pc=0x0000000003d30c74 method=com.esotericsoftware.kryo.io.Input.readString()Ljava/lang/String; @ 38
Event: 21.830 Thread 0x000000001c59f800 Uncommon trap: reason=unstable_if action=reinterpret pc=0x0000000003d128a4 method=com.esotericsoftware.kryo.io.Input.readString()Ljava/lang/String; @ 38
Event: 21.918 Thread 0x000000001c59f800 Uncommon trap: reason=unstable_if action=reinterpret pc=0x0000000003d5f204 method=com.google.common.base.Objects.equal(Ljava/lang/Object;Ljava/lang/Object;)Z @ 14

Classes redefined (0 events):
No events

Internal exceptions (10 events):
Event: 16.715 Thread 0x000000001c59f800 Exception <a 'java/lang/ClassNotFoundException': org/gradle/api/plugins/internal/DefaultBasePluginConventionCustomizer> (0x00000000dae2f688) thrown at [C:\src\AOSP-openjdk-git\hotspot\src\share\vm\classfile\systemDictionary.cpp, line 210]
Event: 16.728 Thread 0x000000001c59f800 Exception <a 'java/lang/NoSuchMethodError': java.lang.Object.lambda$comparingInt$7b0bb60$1(Ljava/util/function/ToIntFunction;Ljava/lang/Object;Ljava/lang/Object;)I> (0x00000000daea0710) thrown at [C:\src\AOSP-openjdk-git\hotspot\src\share\vm\interpreter\l
Event: 17.439 Thread 0x000000001c59f800 Exception <a 'java/lang/ClassNotFoundException': com/android/build/gradle/internal/api/ApkVariantOutputImpl_DecoratedBeanInfo> (0x00000000dc5bfa30) thrown at [C:\src\AOSP-openjdk-git\hotspot\src\share\vm\classfile\systemDictionary.cpp, line 210]
Event: 17.440 Thread 0x000000001c59f800 Exception <a 'java/lang/ClassNotFoundException': com/android/build/gradle/internal/api/ApkVariantOutputImplBeanInfo> (0x00000000dc5dca80) thrown at [C:\src\AOSP-openjdk-git\hotspot\src\share\vm\classfile\systemDictionary.cpp, line 210]
Event: 17.441 Thread 0x000000001c59f800 Exception <a 'java/lang/ClassNotFoundException': com/android/build/gradle/internal/api/BaseVariantOutputImplBeanInfo> (0x00000000dc5faea8) thrown at [C:\src\AOSP-openjdk-git\hotspot\src\share\vm\classfile\systemDictionary.cpp, line 210]
Event: 17.442 Thread 0x000000001c59f800 Exception <a 'java/lang/ClassNotFoundException': com/android/build/gradle/internal/api/BaseVariantOutputImplCustomizer> (0x00000000dc619828) thrown at [C:\src\AOSP-openjdk-git\hotspot\src\share\vm\classfile\systemDictionary.cpp, line 210]
Event: 17.444 Thread 0x000000001c59f800 Exception <a 'java/lang/ClassNotFoundException': com/android/build/gradle/internal/api/ApkVariantOutputImplCustomizer> (0x00000000dc651dd8) thrown at [C:\src\AOSP-openjdk-git\hotspot\src\share\vm\classfile\systemDictionary.cpp, line 210]
Event: 17.447 Thread 0x000000001c59f800 Exception <a 'java/lang/ClassNotFoundException': com/android/build/gradle/internal/api/ApkVariantOutputImpl_DecoratedCustomizer> (0x00000000dc685948) thrown at [C:\src\AOSP-openjdk-git\hotspot\src\share\vm\classfile\systemDictionary.cpp, line 210]
Event: 18.845 Thread 0x000000001c59f800 Exception <a 'java/lang/ClassNotFoundException': com/sun/org/glassfish/hk2/osgiresourcelocator/ServiceLoader> (0x00000000d60fd420) thrown at [C:\src\AOSP-openjdk-git\hotspot\src\share\vm\classfile\systemDictionary.cpp, line 210]
Event: 18.976 Thread 0x000000001c59f800 Exception <a 'java/lang/NullPointerException'> (0x00000000d6552780) thrown at [C:\src\AOSP-openjdk-git\hotspot\src\share\vm\interpreter\linkResolver.cpp, line 1287]

Events (10 events):
Event: 22.324 loading class com/google/common/collect/Sets$ImprovedAbstractSet
Event: 22.324 loading class com/google/common/collect/Sets$ImprovedAbstractSet done
Event: 22.325 loading class com/google/common/collect/AbstractMapBasedMultimap$KeySet$1
Event: 22.325 loading class com/google/common/collect/AbstractMapBasedMultimap$KeySet$1 done
Event: 22.331 loading class com/android/build/gradle/tasks/MergeSourceSetFolders$MergeShaderSourceFoldersCreationAction$configure$assetDirFunction$1
Event: 22.331 loading class com/android/build/gradle/tasks/MergeSourceSetFolders$MergeShaderSourceFoldersCreationAction$configure$assetDirFunction$1 done
Event: 22.333 loading class com/android/build/gradle/tasks/MergeSourceSetFolders$MergeShaderSourceFoldersCreationAction$configure$1
Event: 22.333 loading class com/android/build/gradle/tasks/MergeSourceSetFolders$MergeShaderSourceFoldersCreationAction$configure$1 done
Event: 22.336 loading class com/android/build/gradle/tasks/MergeSourceSetFolders$MergeShaderSourceFoldersCreationAction$configure$2
Event: 22.336 loading class com/android/build/gradle/tasks/MergeSourceSetFolders$MergeShaderSourceFoldersCreationAction$configure$2 done


Dynamic libraries:
0x00007ff68f670000 - 0x00007ff68f6a1000 	C:\Program Files\Android\Android Studio1\jre\bin\java.exe
0x00007ffda6f50000 - 0x00007ffda7145000 	C:\WINDOWS\SYSTEM32\ntdll.dll
0x00007ffda5300000 - 0x00007ffda53bd000 	C:\WINDOWS\System32\KERNEL32.DLL
0x00007ffda4c90000 - 0x00007ffda4f58000 	C:\WINDOWS\System32\KERNELBASE.dll
0x00007ffda63c0000 - 0x00007ffda646c000 	C:\WINDOWS\System32\ADVAPI32.dll
0x00007ffda6e70000 - 0x00007ffda6f0e000 	C:\WINDOWS\System32\msvcrt.dll
0x00007ffda4fc0000 - 0x00007ffda505b000 	C:\WINDOWS\System32\sechost.dll
0x00007ffda5830000 - 0x00007ffda595b000 	C:\WINDOWS\System32\RPCRT4.dll
0x00007ffda6220000 - 0x00007ffda63c0000 	C:\WINDOWS\System32\USER32.dll
0x00007ffda49e0000 - 0x00007ffda4a02000 	C:\WINDOWS\System32\win32u.dll
0x00007ffda50e0000 - 0x00007ffda510a000 	C:\WINDOWS\System32\GDI32.dll
0x00007ffda4690000 - 0x00007ffda479b000 	C:\WINDOWS\System32\gdi32full.dll
0x00007ffda4a40000 - 0x00007ffda4add000 	C:\WINDOWS\System32\msvcp_win.dll
0x00007ffda4ae0000 - 0x00007ffda4be0000 	C:\WINDOWS\System32\ucrtbase.dll
0x00007ffd8ef00000 - 0x00007ffd8f19a000 	C:\WINDOWS\WinSxS\amd64_microsoft.windows.common-controls_6595b64144ccf1df_6.0.19041.1052_none_60b8f8fd71f5e8cb\COMCTL32.dll
0x00007ffda5bd0000 - 0x00007ffda5c00000 	C:\WINDOWS\System32\IMM32.DLL
0x0000000063cd0000 - 0x0000000063da2000 	C:\Program Files\Android\Android Studio1\jre\jre\bin\msvcr100.dll
0x0000000063db0000 - 0x00000000645fb000 	C:\Program Files\Android\Android Studio1\jre\jre\bin\server\jvm.dll
0x00007ffda6e50000 - 0x00007ffda6e58000 	C:\WINDOWS\System32\PSAPI.DLL
0x00007ffda19e0000 - 0x00007ffda19e9000 	C:\WINDOWS\SYSTEM32\WSOCK32.dll
0x00007ffda59e0000 - 0x00007ffda5a4b000 	C:\WINDOWS\System32\WS2_32.dll
0x00007ffd936e0000 - 0x00007ffd93707000 	C:\WINDOWS\SYSTEM32\WINMM.dll
0x00007ffda4310000 - 0x00007ffda431a000 	C:\WINDOWS\SYSTEM32\VERSION.dll
0x00007ffda00f0000 - 0x00007ffda00ff000 	C:\Program Files\Android\Android Studio1\jre\jre\bin\verify.dll
0x00007ffd9d620000 - 0x00007ffd9d649000 	C:\Program Files\Android\Android Studio1\jre\jre\bin\java.dll
0x00007ffd9d5e0000 - 0x00007ffd9d5f6000 	C:\Program Files\Android\Android Studio1\jre\jre\bin\zip.dll
0x00007ffda6470000 - 0x00007ffda6baf000 	C:\WINDOWS\System32\SHELL32.dll
0x00007ffda2770000 - 0x00007ffda2f00000 	C:\WINDOWS\SYSTEM32\windows.storage.dll
0x00007ffda5c60000 - 0x00007ffda5fb5000 	C:\WINDOWS\System32\combase.dll
0x00007ffda3fc0000 - 0x00007ffda3fec000 	C:\WINDOWS\SYSTEM32\Wldp.dll
0x00007ffda5fc0000 - 0x00007ffda606e000 	C:\WINDOWS\System32\SHCORE.dll
0x00007ffda6df0000 - 0x00007ffda6e45000 	C:\WINDOWS\System32\shlwapi.dll
0x00007ffda45d0000 - 0x00007ffda45ef000 	C:\WINDOWS\SYSTEM32\profapi.dll
0x00007ffd9d320000 - 0x00007ffd9d33a000 	C:\Program Files\Android\Android Studio1\jre\jre\bin\net.dll
0x00007ffda3d30000 - 0x00007ffda3d9a000 	C:\WINDOWS\system32\mswsock.dll
0x00007ffd9d300000 - 0x00007ffd9d313000 	C:\Program Files\Android\Android Studio1\jre\jre\bin\nio.dll
0x00007ffd9bda0000 - 0x00007ffd9bdc6000 	C:\Users\Tayba\.gradle\native\31\windows-amd64\native-platform.dll
0x00007ffd9e0d0000 - 0x00007ffd9e0dd000 	C:\Program Files\Android\Android Studio1\jre\jre\bin\management.dll
0x00007ffda3f00000 - 0x00007ffda3f18000 	C:\WINDOWS\SYSTEM32\CRYPTSP.dll
0x00007ffda36d0000 - 0x00007ffda3704000 	C:\WINDOWS\system32\rsaenh.dll
0x00007ffda4a10000 - 0x00007ffda4a37000 	C:\WINDOWS\System32\bcrypt.dll
0x00007ffda4550000 - 0x00007ffda457e000 	C:\WINDOWS\SYSTEM32\USERENV.dll
0x00007ffda4950000 - 0x00007ffda49d3000 	C:\WINDOWS\System32\bcryptprimitives.dll
0x00007ffda3f20000 - 0x00007ffda3f2c000 	C:\WINDOWS\SYSTEM32\CRYPTBASE.dll
0x00007ffda3a20000 - 0x00007ffda3a5b000 	C:\WINDOWS\SYSTEM32\IPHLPAPI.DLL
0x00007ffda6e60000 - 0x00007ffda6e68000 	C:\WINDOWS\System32\NSI.dll
0x00007ffd9d8d0000 - 0x00007ffd9d8e7000 	C:\WINDOWS\SYSTEM32\dhcpcsvc6.DLL
0x00007ffd9d5c0000 - 0x00007ffd9d5dd000 	C:\WINDOWS\SYSTEM32\dhcpcsvc.DLL
0x00007ffda3a60000 - 0x00007ffda3b2c000 	C:\WINDOWS\SYSTEM32\DNSAPI.dll

VM Arguments:
jvm_args: -Xmx2048m -Dfile.encoding=windows-1252 -Duser.country=US -Duser.language=en -Duser.variant 
java_command: org.gradle.launcher.daemon.bootstrap.GradleDaemon 6.1.1
java_class_path (initial): C:\Users\Tayba\.gradle\wrapper\dists\gradle-6.1.1-all\cfmwm155h49vnt3hynmlrsdst\gradle-6.1.1\lib\gradle-launcher-6.1.1.jar
Launcher Type: SUN_STANDARD

Environment Variables:
PATH=F:\app\Tayba\product\11.2.0\client_1;F:\app\Tayba\product\11.2.0\client_1\bin;F:\app\Tayba\product\11.2.0\dbhome_1\bin;C:\WINDOWS\system32;C:\WINDOWS;C:\WINDOWS\System32\Wbem;C:\WINDOWS\System32\WindowsPowerShell\v1.0\;C:\WINDOWS\System32\OpenSSH\;C:\Program Files\dotnet\;C:\Program Files (x86)\dotnet\;C:\Program Files (x86)\Rational\Common;%USERPROFILE%\AppData\Local\Microsoft\WindowsApps;
USERNAME=Tayba
LD_LIBRARY_PATH=C:\Oracle\Middleware\Oracle_FRHome2\lib
OS=Windows_NT
PROCESSOR_IDENTIFIER=Intel64 Family 6 Model 142 Stepping 10, GenuineIntel



---------------  S Y S T E M  ---------------

OS: Windows 10.0 , 64 bit Build 19041 (10.0.19041.1023)

CPU:total 8 (initial active 8) (4 cores per cpu, 2 threads per core) family 6 model 142 stepping 10, cmov, cx8, fxsr, mmx, sse, sse2, sse3, ssse3, sse4.1, sse4.2, popcnt, avx, avx2, aes, clmul, erms, 3dnowpref, lzcnt, ht, tsc, tscinvbit, bmi1, bmi2, adx

Memory: 4k page, physical 8295652k(1377424k free), swap 9831652k(5196k free)

vm_info: OpenJDK 64-Bit Server VM (25.242-b01) for windows-amd64 JRE (1.8.0_242-release-1644-b01), built by "builder" with MS VC++ 10.0 (VS2010)

time: Tue Jul 06 23:46:41 2021
timezone: Egypt Standard Time
elapsed time: 22 seconds (0d 0h 0m 22s)

